<?xml version="1.0" encoding="UTF-8"?>
<testsuites name="Breadcrumb Navigation Test Suite" time="359.825" tests="4" failures="1" errors="0">
   <testsuite name="Breadcrumb Navigation Test Suite" tests="4" failures="1" errors="0" time="359.825" skipped="0" timestamp="02-01-2024T17:42:30" hostname="USER - DESKTOP-HLRVE9S" id="Test Suites/Create BE CCTV Data/Breadcrumb Navigation Test Suite">
      <properties>
         <property name="deviceName" value=""/>
         <property name="devicePlatform" value=""/>
         <property name="logFolder" value="C:\\Users\\USER\\git\\Kecilin-Automation-Test\\Reports\\20240102_174144\\Create BE CCTV Data\\Breadcrumb Navigation Test Suite\\20240102_174147"/>
         <property name="logFiles" value="C:\\Users\\USER\\git\\Kecilin-Automation-Test\\Reports\\20240102_174144\\Create BE CCTV Data\\Breadcrumb Navigation Test Suite\\20240102_174147\\execution0.log"/>
         <property name="attachments" value=""/>
         <property name="hostName" value="USER - DESKTOP-HLRVE9S"/>
         <property name="os" value="Windows 10 64bit"/>
         <property name="katalonVersion" value="9.2.0.212"/>
         <property name="browser" value="Chrome 120.0.0.0"/>
         <property name="hostAddress" value="192.168.100.189"/>
         <property name="sessionId" value="4150cdb343b271f975af1d2cfbc9af69"/>
         <property name="seleniumVersion" value="3.141.59"/>
         <property name="proxyInformation" value="ProxyInformation { proxyOption=NO_PROXY, proxyServerType=HTTP, username=, password=********, proxyServerAddress=, proxyServerPort=0, executionList=&quot;&quot;, isApplyToDesiredCapabilities=true }"/>
         <property name="platform" value="Windows 10"/>
      </properties>
      <testcase name="Test Cases/Offline PSSI Dashboard Function/Create BE CCTV Data/Breadcrumb Navigation/PSSIBreadcrumbInAddCCTVPage" time="209.461" classname="Test Cases/Offline PSSI Dashboard Function/Create BE CCTV Data/Breadcrumb Navigation/PSSIBreadcrumbInAddCCTVPage" status="PASSED">
         <system-out><![CDATA[02-01-2024T17:42:31 - [TEST_CASE][PASSED] - Test Cases/Offline PSSI Dashboard Function/Create BE CCTV Data/Breadcrumb Navigation/PSSIBreadcrumbInAddCCTVPage: Test Cases/Offline PSSI Dashboard Function/Create BE CCTV Data/Breadcrumb Navigation/PSSIBreadcrumbInAddCCTVPage

02-01-2024T17:42:34 - [TEST_STEP][PASSED] - failureHandling = STOP_ON_FAILURE: null

02-01-2024T17:42:34 - [TEST_STEP][PASSED] - baseUrl = offline_pssi_dashboard_url: null

02-01-2024T17:42:37 - [TEST_STEP][PASSED] - callTestCase(findTestCase("Offline PSSI Dashboard Function/Create BE CCTV Data/View CCTV Table/PSSIViewCCTVData"), [:], failureHandling): Call Test Case 'Test Cases/Offline PSSI Dashboard Function/Create BE CCTV Data/View CCTV Table/PSSIViewCCTVData' successfully

02-01-2024T17:42:38 - [TEST_CASE][PASSED] - Test Cases/Offline PSSI Dashboard Function/Create BE CCTV Data/View CCTV Table/PSSIViewCCTVData: Test Cases/Offline PSSI Dashboard Function/Create BE CCTV Data/View CCTV Table/PSSIViewCCTVData

02-01-2024T17:42:39 - [TEST_STEP][PASSED] - failureHandling = STOP_ON_FAILURE: null

02-01-2024T17:42:39 - [TEST_STEP][PASSED] - baseUrl = offline_pssi_dashboard_url: null

02-01-2024T17:42:39 - [TEST_STEP][PASSED] - callTestCase(findTestCase("Offline PSSI Dashboard Function/Create BE CCTV Data/View Stadium/PSSIViewStadiumData"), [:], failureHandling): Call Test Case 'Test Cases/Offline PSSI Dashboard Function/Create BE CCTV Data/View Stadium/PSSIViewStadiumData' successfully

02-01-2024T17:42:39 - [TEST_CASE][PASSED] - Test Cases/Offline PSSI Dashboard Function/Create BE CCTV Data/View Stadium/PSSIViewStadiumData: Test Cases/Offline PSSI Dashboard Function/Create BE CCTV Data/View Stadium/PSSIViewStadiumData

02-01-2024T17:42:40 - [TEST_STEP][PASSED] - failureHandling = STOP_ON_FAILURE: null

02-01-2024T17:42:40 - [TEST_STEP][PASSED] - baseUrl = offline_pssi_dashboard_url: null

02-01-2024T17:42:40 - [TEST_STEP][PASSED] - callTestCase(findTestCase("Offline PSSI Dashboard Function/Create BE CCTV Data/Sign In/PSSISignInValidData"), [:], failureHandling): Call Test Case 'Test Cases/Offline PSSI Dashboard Function/Create BE CCTV Data/Sign In/PSSISignInValidData' successfully

02-01-2024T17:42:41 - [TEST_CASE][PASSED] - Test Cases/Offline PSSI Dashboard Function/Create BE CCTV Data/Sign In/PSSISignInValidData: Test Cases/Offline PSSI Dashboard Function/Create BE CCTV Data/Sign In/PSSISignInValidData

02-01-2024T17:42:41 - [TEST_STEP][PASSED] - failureHandling = STOP_ON_FAILURE: null

02-01-2024T17:42:41 - [TEST_STEP][PASSED] - baseUrl = offline_pssi_dashboard_url: null

02-01-2024T17:42:41 - [TEST_STEP][PASSED] - openBrowser(""): Browser is opened with url: ''

02-01-2024T17:42:44 - [MESSAGE][INFO] - Starting 'Chrome' driver

02-01-2024T17:42:44 - [MESSAGE][INFO] - Action delay is set to 0 milliseconds

02-01-2024T17:43:02 - [MESSAGE][PASSED] - Browser is opened with url: ''

02-01-2024T17:43:02 - [TEST_STEP][PASSED] - navigateToUrl(baseUrl): Navigate to 'https://monitoring.pssi-dev.kecilin.id' successfully

02-01-2024T17:43:06 - [MESSAGE][PASSED] - Navigate to 'https://monitoring.pssi-dev.kecilin.id' successfully

02-01-2024T17:43:06 - [TEST_STEP][PASSED] - maximizeWindow(): Current window maximized

02-01-2024T17:43:07 - [MESSAGE][PASSED] - Current window maximized

02-01-2024T17:43:07 - [TEST_STEP][PASSED] - setText(findTestObject("Object Repository/Page_Login/input_email"), "superadmin@app.com"): Text 'superadmin@app.com' is set on object 'Object Repository/Page_Login/input_email'

02-01-2024T17:43:23 - [MESSAGE][PASSED] - Text 'superadmin@app.com' is set on object 'Object Repository/Page_Login/input_email'

02-01-2024T17:43:23 - [TEST_STEP][PASSED] - setEncryptedText(findTestObject("Object Repository/Page_Login/input_password"), "8SQVv/p9jVScEs4/2CZsLw=="): Text ****** has been set on object 'Object Repository/Page_Login/input_password'

02-01-2024T17:43:45 - [MESSAGE][PASSED] - Text ****** has been set on object 'Object Repository/Page_Login/input_password'

02-01-2024T17:43:45 - [TEST_STEP][PASSED] - click(findTestObject("Object Repository/Page_Login/button_Sign In")): Object: 'Object Repository/Page_Login/button_Sign In' is clicked on

02-01-2024T17:44:01 - [MESSAGE][PASSED] - Object: 'Object Repository/Page_Login/button_Sign In' is clicked on

02-01-2024T17:44:01 - [MESSAGE][PASSED] - Call Test Case 'Test Cases/Offline PSSI Dashboard Function/Create BE CCTV Data/Sign In/PSSISignInValidData' successfully

02-01-2024T17:44:01 - [TEST_STEP][PASSED] - navigateToUrl(baseUrl + "/cctv/stadion", failureHandling): Navigate to 'https://monitoring.pssi-dev.kecilin.id/cctv/stadion' successfully

02-01-2024T17:44:04 - [MESSAGE][PASSED] - Navigate to 'https://monitoring.pssi-dev.kecilin.id/cctv/stadion' successfully

02-01-2024T17:44:04 - [MESSAGE][PASSED] - Call Test Case 'Test Cases/Offline PSSI Dashboard Function/Create BE CCTV Data/View Stadium/PSSIViewStadiumData' successfully

02-01-2024T17:44:04 - [TEST_STEP][PASSED] - navigateToUrl(baseUrl + "/cctv/detail/64fea065acbef66fd5476494", failureHandling): Navigate to 'https://monitoring.pssi-dev.kecilin.id/cctv/detail/64fea065acbef66fd5476494' successfully

02-01-2024T17:44:10 - [MESSAGE][PASSED] - Navigate to 'https://monitoring.pssi-dev.kecilin.id/cctv/detail/64fea065acbef66fd5476494' successfully

02-01-2024T17:44:10 - [MESSAGE][PASSED] - Call Test Case 'Test Cases/Offline PSSI Dashboard Function/Create BE CCTV Data/View CCTV Table/PSSIViewCCTVData' successfully

02-01-2024T17:44:10 - [TEST_STEP][PASSED] - navigateToUrl(baseUrl + "/cctv/detail/64fea065acbef66fd5476494/create", failureHandling): Navigate to 'https://monitoring.pssi-dev.kecilin.id/cctv/detail/64fea065acbef66fd5476494/create' successfully

02-01-2024T17:44:21 - [MESSAGE][PASSED] - Navigate to 'https://monitoring.pssi-dev.kecilin.id/cctv/detail/64fea065acbef66fd5476494/create' successfully

02-01-2024T17:44:21 - [TEST_STEP][PASSED] - if (verifyElementPresent(findTestObject("Page_Add new CCTV/CCTV Breadcrumb"), 0, failureHandling)): null

02-01-2024T17:44:21 - [MESSAGE][WARNING] - Timeout '0' is invalid. Using default page load timeout: '1'

02-01-2024T17:44:33 - [MESSAGE][PASSED] - Object 'Object Repository/Page_Add new CCTV/CCTV Breadcrumb' is present

02-01-2024T17:44:33 - [TEST_STEP][PASSED] - verifyElementClickable(findTestObject("Page_Add new CCTV/CCTV Breadcrumb")): Object 'Object Repository/Page_Add new CCTV/CCTV Breadcrumb' is clickable

02-01-2024T17:44:36 - [MESSAGE][PASSED] - Object 'Object Repository/Page_Add new CCTV/CCTV Breadcrumb' is clickable

02-01-2024T17:44:36 - [TEST_STEP][PASSED] - click(findTestObject("Page_Add new CCTV/CCTV Breadcrumb")): Object: 'Object Repository/Page_Add new CCTV/CCTV Breadcrumb' is clicked on

02-01-2024T17:44:43 - [MESSAGE][PASSED] - Object: 'Object Repository/Page_Add new CCTV/CCTV Breadcrumb' is clicked on

02-01-2024T17:44:43 - [TEST_STEP][PASSED] - if (verifyElementPresent(findTestObject("Page_CCTV/CCTV Table Title"), 0, failureHandling)): null

02-01-2024T17:44:43 - [MESSAGE][WARNING] - Timeout '0' is invalid. Using default page load timeout: '1'

02-01-2024T17:44:45 - [MESSAGE][PASSED] - Object 'Object Repository/Page_CCTV/CCTV Table Title' is present

02-01-2024T17:44:45 - [TEST_STEP][PASSED] - markPassed("Test passed because user can navigate through breadcrumb"): Test passed because user can navigate through breadcrumb

02-01-2024T17:44:46 - [MESSAGE][PASSED] - Test passed because user can navigate through breadcrumb

02-01-2024T17:44:46 - [TEST_STEP][PASSED] - navigateToUrl(baseUrl + "/cctv/detail/64fea065acbef66fd5476494/create", failureHandling): Navigate to 'https://monitoring.pssi-dev.kecilin.id/cctv/detail/64fea065acbef66fd5476494/create' successfully

02-01-2024T17:45:11 - [MESSAGE][PASSED] - Navigate to 'https://monitoring.pssi-dev.kecilin.id/cctv/detail/64fea065acbef66fd5476494/create' successfully

02-01-2024T17:45:11 - [TEST_STEP][PASSED] - if (verifyElementPresent(findTestObject("Page_CCTV/Stadium Breadcrumb"), 0, failureHandling)): null

02-01-2024T17:45:12 - [MESSAGE][WARNING] - Timeout '0' is invalid. Using default page load timeout: '1'

02-01-2024T17:45:12 - [MESSAGE][PASSED] - Object 'Object Repository/Page_CCTV/Stadium Breadcrumb' is present

02-01-2024T17:45:12 - [TEST_STEP][PASSED] - verifyElementClickable(findTestObject("Page_CCTV/Stadium Breadcrumb")): Object 'Object Repository/Page_CCTV/Stadium Breadcrumb' is clickable

02-01-2024T17:45:14 - [MESSAGE][PASSED] - Object 'Object Repository/Page_CCTV/Stadium Breadcrumb' is clickable

02-01-2024T17:45:14 - [TEST_STEP][PASSED] - click(findTestObject("Page_CCTV/Stadium Breadcrumb")): Object: 'Object Repository/Page_CCTV/Stadium Breadcrumb' is clicked on

02-01-2024T17:45:25 - [MESSAGE][PASSED] - Object: 'Object Repository/Page_CCTV/Stadium Breadcrumb' is clicked on

02-01-2024T17:45:25 - [TEST_STEP][PASSED] - if (verifyElementPresent(findTestObject("Page_Stadium/Stadium Table Title"), 0, failureHandling)): null

02-01-2024T17:45:25 - [MESSAGE][WARNING] - Timeout '0' is invalid. Using default page load timeout: '1'

02-01-2024T17:45:28 - [MESSAGE][PASSED] - Object 'Object Repository/Page_Stadium/Stadium Table Title' is present

02-01-2024T17:45:28 - [TEST_STEP][PASSED] - markPassed("Test passed because user can navigate through breadcrumb"): Test passed because user can navigate through breadcrumb

02-01-2024T17:45:28 - [MESSAGE][PASSED] - Test passed because user can navigate through breadcrumb

02-01-2024T17:45:28 - [TEST_STEP][PASSED] - closeBrowser(): Browser is closed

02-01-2024T17:46:01 - [MESSAGE][PASSED] - Browser is closed]]></system-out>
         <system-err><![CDATA[]]></system-err>
      </testcase>
      <testcase name="Test Cases/Offline PSSI Dashboard Function/Create BE CCTV Data/Breadcrumb Navigation/PSSIBreadcrumbInCCTVLogs" time="56.692" classname="Test Cases/Offline PSSI Dashboard Function/Create BE CCTV Data/Breadcrumb Navigation/PSSIBreadcrumbInCCTVLogs" status="PASSED">
         <system-out><![CDATA[02-01-2024T17:46:01 - [TEST_CASE][PASSED] - Test Cases/Offline PSSI Dashboard Function/Create BE CCTV Data/Breadcrumb Navigation/PSSIBreadcrumbInCCTVLogs: Test Cases/Offline PSSI Dashboard Function/Create BE CCTV Data/Breadcrumb Navigation/PSSIBreadcrumbInCCTVLogs

02-01-2024T17:46:04 - [TEST_STEP][PASSED] - failureHandling = STOP_ON_FAILURE: null

02-01-2024T17:46:04 - [TEST_STEP][PASSED] - baseUrl = offline_pssi_dashboard_url: null

02-01-2024T17:46:04 - [TEST_STEP][PASSED] - callTestCase(findTestCase("Offline PSSI Dashboard Function/Create BE CCTV Data/View CCTV Table/PSSIViewCCTVData"), [:], failureHandling): Call Test Case 'Test Cases/Offline PSSI Dashboard Function/Create BE CCTV Data/View CCTV Table/PSSIViewCCTVData' successfully

02-01-2024T17:46:04 - [TEST_CASE][PASSED] - Test Cases/Offline PSSI Dashboard Function/Create BE CCTV Data/View CCTV Table/PSSIViewCCTVData: Test Cases/Offline PSSI Dashboard Function/Create BE CCTV Data/View CCTV Table/PSSIViewCCTVData

02-01-2024T17:46:04 - [TEST_STEP][PASSED] - failureHandling = STOP_ON_FAILURE: null

02-01-2024T17:46:04 - [TEST_STEP][PASSED] - baseUrl = offline_pssi_dashboard_url: null

02-01-2024T17:46:04 - [TEST_STEP][PASSED] - callTestCase(findTestCase("Offline PSSI Dashboard Function/Create BE CCTV Data/View Stadium/PSSIViewStadiumData"), [:], failureHandling): Call Test Case 'Test Cases/Offline PSSI Dashboard Function/Create BE CCTV Data/View Stadium/PSSIViewStadiumData' successfully

02-01-2024T17:46:05 - [TEST_CASE][PASSED] - Test Cases/Offline PSSI Dashboard Function/Create BE CCTV Data/View Stadium/PSSIViewStadiumData: Test Cases/Offline PSSI Dashboard Function/Create BE CCTV Data/View Stadium/PSSIViewStadiumData

02-01-2024T17:46:05 - [TEST_STEP][PASSED] - failureHandling = STOP_ON_FAILURE: null

02-01-2024T17:46:05 - [TEST_STEP][PASSED] - baseUrl = offline_pssi_dashboard_url: null

02-01-2024T17:46:05 - [TEST_STEP][PASSED] - callTestCase(findTestCase("Offline PSSI Dashboard Function/Create BE CCTV Data/Sign In/PSSISignInValidData"), [:], failureHandling): Call Test Case 'Test Cases/Offline PSSI Dashboard Function/Create BE CCTV Data/Sign In/PSSISignInValidData' successfully

02-01-2024T17:46:05 - [TEST_CASE][PASSED] - Test Cases/Offline PSSI Dashboard Function/Create BE CCTV Data/Sign In/PSSISignInValidData: Test Cases/Offline PSSI Dashboard Function/Create BE CCTV Data/Sign In/PSSISignInValidData

02-01-2024T17:46:05 - [TEST_STEP][PASSED] - failureHandling = STOP_ON_FAILURE: null

02-01-2024T17:46:05 - [TEST_STEP][PASSED] - baseUrl = offline_pssi_dashboard_url: null

02-01-2024T17:46:05 - [TEST_STEP][PASSED] - openBrowser(""): Browser is opened with url: ''

02-01-2024T17:46:05 - [MESSAGE][INFO] - Starting 'Chrome' driver

02-01-2024T17:46:05 - [MESSAGE][INFO] - Action delay is set to 0 milliseconds

02-01-2024T17:46:20 - [MESSAGE][PASSED] - Browser is opened with url: ''

02-01-2024T17:46:20 - [TEST_STEP][PASSED] - navigateToUrl(baseUrl): Navigate to 'https://monitoring.pssi-dev.kecilin.id' successfully

02-01-2024T17:46:27 - [MESSAGE][PASSED] - Navigate to 'https://monitoring.pssi-dev.kecilin.id' successfully

02-01-2024T17:46:27 - [TEST_STEP][PASSED] - maximizeWindow(): Current window maximized

02-01-2024T17:46:28 - [MESSAGE][PASSED] - Current window maximized

02-01-2024T17:46:28 - [TEST_STEP][PASSED] - setText(findTestObject("Object Repository/Page_Login/input_email"), "superadmin@app.com"): Text 'superadmin@app.com' is set on object 'Object Repository/Page_Login/input_email'

02-01-2024T17:46:31 - [MESSAGE][PASSED] - Text 'superadmin@app.com' is set on object 'Object Repository/Page_Login/input_email'

02-01-2024T17:46:31 - [TEST_STEP][PASSED] - setEncryptedText(findTestObject("Object Repository/Page_Login/input_password"), "8SQVv/p9jVScEs4/2CZsLw=="): Text ****** has been set on object 'Object Repository/Page_Login/input_password'

02-01-2024T17:46:31 - [MESSAGE][PASSED] - Text ****** has been set on object 'Object Repository/Page_Login/input_password'

02-01-2024T17:46:31 - [TEST_STEP][PASSED] - click(findTestObject("Object Repository/Page_Login/button_Sign In")): Object: 'Object Repository/Page_Login/button_Sign In' is clicked on

02-01-2024T17:46:35 - [MESSAGE][PASSED] - Object: 'Object Repository/Page_Login/button_Sign In' is clicked on

02-01-2024T17:46:35 - [MESSAGE][PASSED] - Call Test Case 'Test Cases/Offline PSSI Dashboard Function/Create BE CCTV Data/Sign In/PSSISignInValidData' successfully

02-01-2024T17:46:35 - [TEST_STEP][PASSED] - navigateToUrl(baseUrl + "/cctv/stadion", failureHandling): Navigate to 'https://monitoring.pssi-dev.kecilin.id/cctv/stadion' successfully

02-01-2024T17:46:36 - [MESSAGE][PASSED] - Navigate to 'https://monitoring.pssi-dev.kecilin.id/cctv/stadion' successfully

02-01-2024T17:46:36 - [MESSAGE][PASSED] - Call Test Case 'Test Cases/Offline PSSI Dashboard Function/Create BE CCTV Data/View Stadium/PSSIViewStadiumData' successfully

02-01-2024T17:46:36 - [TEST_STEP][PASSED] - navigateToUrl(baseUrl + "/cctv/detail/64fea065acbef66fd5476494", failureHandling): Navigate to 'https://monitoring.pssi-dev.kecilin.id/cctv/detail/64fea065acbef66fd5476494' successfully

02-01-2024T17:46:37 - [MESSAGE][PASSED] - Navigate to 'https://monitoring.pssi-dev.kecilin.id/cctv/detail/64fea065acbef66fd5476494' successfully

02-01-2024T17:46:37 - [MESSAGE][PASSED] - Call Test Case 'Test Cases/Offline PSSI Dashboard Function/Create BE CCTV Data/View CCTV Table/PSSIViewCCTVData' successfully

02-01-2024T17:46:37 - [TEST_STEP][PASSED] - navigateToUrl(baseUrl + "/cctv/cctv_log/658be0a112ca78ff5334de2d", failureHandling): Navigate to 'https://monitoring.pssi-dev.kecilin.id/cctv/cctv_log/658be0a112ca78ff5334de2d' successfully

02-01-2024T17:46:38 - [MESSAGE][PASSED] - Navigate to 'https://monitoring.pssi-dev.kecilin.id/cctv/cctv_log/658be0a112ca78ff5334de2d' successfully

02-01-2024T17:46:38 - [TEST_STEP][PASSED] - if (verifyElementPresent(findTestObject("Page_Camera Logs/CCTV Breadcrumb"), 0, failureHandling)): null

02-01-2024T17:46:38 - [MESSAGE][WARNING] - Timeout '0' is invalid. Using default page load timeout: '1'

02-01-2024T17:46:39 - [MESSAGE][PASSED] - Object 'Object Repository/Page_Camera Logs/CCTV Breadcrumb' is present

02-01-2024T17:46:39 - [TEST_STEP][PASSED] - verifyElementClickable(findTestObject("Page_Camera Logs/CCTV Breadcrumb"), failureHandling): Object 'Object Repository/Page_Camera Logs/CCTV Breadcrumb' is clickable

02-01-2024T17:46:39 - [MESSAGE][PASSED] - Object 'Object Repository/Page_Camera Logs/CCTV Breadcrumb' is clickable

02-01-2024T17:46:39 - [TEST_STEP][PASSED] - click(findTestObject("Page_Camera Logs/CCTV Breadcrumb"), failureHandling): Object: 'Object Repository/Page_Camera Logs/CCTV Breadcrumb' is clicked on

02-01-2024T17:46:41 - [MESSAGE][PASSED] - Object: 'Object Repository/Page_Camera Logs/CCTV Breadcrumb' is clicked on

02-01-2024T17:46:41 - [TEST_STEP][PASSED] - if (verifyTextPresent("CCTV Data", false)): null

02-01-2024T17:46:42 - [MESSAGE][PASSED] - Text 'CCTV Data' is present on page 

02-01-2024T17:46:42 - [TEST_STEP][PASSED] - markPassed("Test passed because user can navigate through breadcrumb"): Test passed because user can navigate through breadcrumb

02-01-2024T17:46:42 - [MESSAGE][PASSED] - Test passed because user can navigate through breadcrumb

02-01-2024T17:46:42 - [TEST_STEP][PASSED] - navigateToUrl(baseUrl + "/cctv/cctv_log/658be0a112ca78ff5334de2d", failureHandling): Navigate to 'https://monitoring.pssi-dev.kecilin.id/cctv/cctv_log/658be0a112ca78ff5334de2d' successfully

02-01-2024T17:46:43 - [MESSAGE][PASSED] - Navigate to 'https://monitoring.pssi-dev.kecilin.id/cctv/cctv_log/658be0a112ca78ff5334de2d' successfully

02-01-2024T17:46:43 - [TEST_STEP][PASSED] - if (verifyElementPresent(findTestObject("Page_Camera Logs/Stadium Breadcrumb"), 0, failureHandling)): null

02-01-2024T17:46:43 - [MESSAGE][WARNING] - Timeout '0' is invalid. Using default page load timeout: '1'

02-01-2024T17:46:43 - [MESSAGE][PASSED] - Object 'Object Repository/Page_Camera Logs/Stadium Breadcrumb' is present

02-01-2024T17:46:43 - [TEST_STEP][PASSED] - verifyElementClickable(findTestObject("Page_Camera Logs/Stadium Breadcrumb")): Object 'Object Repository/Page_Camera Logs/Stadium Breadcrumb' is clickable

02-01-2024T17:46:44 - [MESSAGE][PASSED] - Object 'Object Repository/Page_Camera Logs/Stadium Breadcrumb' is clickable

02-01-2024T17:46:44 - [TEST_STEP][PASSED] - click(findTestObject("Page_Camera Logs/Stadium Breadcrumb")): Object: 'Object Repository/Page_Camera Logs/Stadium Breadcrumb' is clicked on

02-01-2024T17:46:45 - [MESSAGE][PASSED] - Object: 'Object Repository/Page_Camera Logs/Stadium Breadcrumb' is clicked on

02-01-2024T17:46:45 - [TEST_STEP][PASSED] - if (verifyElementPresent(findTestObject("Page_Stadium/Stadium Table Title"), 0, failureHandling)): null

02-01-2024T17:46:46 - [MESSAGE][WARNING] - Timeout '0' is invalid. Using default page load timeout: '1'

02-01-2024T17:46:47 - [MESSAGE][PASSED] - Object 'Object Repository/Page_Stadium/Stadium Table Title' is present

02-01-2024T17:46:47 - [TEST_STEP][PASSED] - markPassed("Test passed because user can navigate through breadcrumb"): Test passed because user can navigate through breadcrumb

02-01-2024T17:46:47 - [MESSAGE][PASSED] - Test passed because user can navigate through breadcrumb

02-01-2024T17:46:47 - [TEST_STEP][PASSED] - closeBrowser(): Browser is closed

02-01-2024T17:46:58 - [MESSAGE][WARNING] - Browser is not reachable. Browser may have been closed already.

02-01-2024T17:46:58 - [MESSAGE][PASSED] - Browser is closed]]></system-out>
         <system-err><![CDATA[]]></system-err>
      </testcase>
      <testcase name="Test Cases/Offline PSSI Dashboard Function/Create BE CCTV Data/Breadcrumb Navigation/PSSIBreadcrumbInCCTVPage" time="70.254" classname="Test Cases/Offline PSSI Dashboard Function/Create BE CCTV Data/Breadcrumb Navigation/PSSIBreadcrumbInCCTVPage" status="PASSED">
         <system-out><![CDATA[02-01-2024T17:46:58 - [TEST_CASE][PASSED] - Test Cases/Offline PSSI Dashboard Function/Create BE CCTV Data/Breadcrumb Navigation/PSSIBreadcrumbInCCTVPage: Test Cases/Offline PSSI Dashboard Function/Create BE CCTV Data/Breadcrumb Navigation/PSSIBreadcrumbInCCTVPage

02-01-2024T17:46:58 - [TEST_STEP][PASSED] - failureHandling = STOP_ON_FAILURE: null

02-01-2024T17:46:58 - [TEST_STEP][PASSED] - baseUrl = offline_pssi_dashboard_url: null

02-01-2024T17:46:58 - [TEST_STEP][PASSED] - callTestCase(findTestCase("Offline PSSI Dashboard Function/Create BE CCTV Data/View CCTV Table/PSSIViewCCTVData"), [:], failureHandling): Call Test Case 'Test Cases/Offline PSSI Dashboard Function/Create BE CCTV Data/View CCTV Table/PSSIViewCCTVData' successfully

02-01-2024T17:46:58 - [TEST_CASE][PASSED] - Test Cases/Offline PSSI Dashboard Function/Create BE CCTV Data/View CCTV Table/PSSIViewCCTVData: Test Cases/Offline PSSI Dashboard Function/Create BE CCTV Data/View CCTV Table/PSSIViewCCTVData

02-01-2024T17:46:58 - [TEST_STEP][PASSED] - failureHandling = STOP_ON_FAILURE: null

02-01-2024T17:46:58 - [TEST_STEP][PASSED] - baseUrl = offline_pssi_dashboard_url: null

02-01-2024T17:46:58 - [TEST_STEP][PASSED] - callTestCase(findTestCase("Offline PSSI Dashboard Function/Create BE CCTV Data/View Stadium/PSSIViewStadiumData"), [:], failureHandling): Call Test Case 'Test Cases/Offline PSSI Dashboard Function/Create BE CCTV Data/View Stadium/PSSIViewStadiumData' successfully

02-01-2024T17:46:58 - [TEST_CASE][PASSED] - Test Cases/Offline PSSI Dashboard Function/Create BE CCTV Data/View Stadium/PSSIViewStadiumData: Test Cases/Offline PSSI Dashboard Function/Create BE CCTV Data/View Stadium/PSSIViewStadiumData

02-01-2024T17:46:59 - [TEST_STEP][PASSED] - failureHandling = STOP_ON_FAILURE: null

02-01-2024T17:46:59 - [TEST_STEP][PASSED] - baseUrl = offline_pssi_dashboard_url: null

02-01-2024T17:46:59 - [TEST_STEP][PASSED] - callTestCase(findTestCase("Offline PSSI Dashboard Function/Create BE CCTV Data/Sign In/PSSISignInValidData"), [:], failureHandling): Call Test Case 'Test Cases/Offline PSSI Dashboard Function/Create BE CCTV Data/Sign In/PSSISignInValidData' successfully

02-01-2024T17:46:59 - [TEST_CASE][PASSED] - Test Cases/Offline PSSI Dashboard Function/Create BE CCTV Data/Sign In/PSSISignInValidData: Test Cases/Offline PSSI Dashboard Function/Create BE CCTV Data/Sign In/PSSISignInValidData

02-01-2024T17:46:59 - [TEST_STEP][PASSED] - failureHandling = STOP_ON_FAILURE: null

02-01-2024T17:46:59 - [TEST_STEP][PASSED] - baseUrl = offline_pssi_dashboard_url: null

02-01-2024T17:46:59 - [TEST_STEP][PASSED] - openBrowser(""): Browser is opened with url: ''

02-01-2024T17:46:59 - [MESSAGE][INFO] - Starting 'Chrome' driver

02-01-2024T17:46:59 - [MESSAGE][INFO] - Action delay is set to 0 milliseconds

02-01-2024T17:47:12 - [MESSAGE][PASSED] - Browser is opened with url: ''

02-01-2024T17:47:12 - [TEST_STEP][PASSED] - navigateToUrl(baseUrl): Navigate to 'https://monitoring.pssi-dev.kecilin.id' successfully

02-01-2024T17:47:18 - [MESSAGE][PASSED] - Navigate to 'https://monitoring.pssi-dev.kecilin.id' successfully

02-01-2024T17:47:18 - [TEST_STEP][PASSED] - maximizeWindow(): Current window maximized

02-01-2024T17:47:18 - [MESSAGE][PASSED] - Current window maximized

02-01-2024T17:47:18 - [TEST_STEP][PASSED] - setText(findTestObject("Object Repository/Page_Login/input_email"), "superadmin@app.com"): Text 'superadmin@app.com' is set on object 'Object Repository/Page_Login/input_email'

02-01-2024T17:47:22 - [MESSAGE][PASSED] - Text 'superadmin@app.com' is set on object 'Object Repository/Page_Login/input_email'

02-01-2024T17:47:22 - [TEST_STEP][PASSED] - setEncryptedText(findTestObject("Object Repository/Page_Login/input_password"), "8SQVv/p9jVScEs4/2CZsLw=="): Text ****** has been set on object 'Object Repository/Page_Login/input_password'

02-01-2024T17:47:29 - [MESSAGE][PASSED] - Text ****** has been set on object 'Object Repository/Page_Login/input_password'

02-01-2024T17:47:29 - [TEST_STEP][PASSED] - click(findTestObject("Object Repository/Page_Login/button_Sign In")): Object: 'Object Repository/Page_Login/button_Sign In' is clicked on

02-01-2024T17:47:43 - [MESSAGE][PASSED] - Object: 'Object Repository/Page_Login/button_Sign In' is clicked on

02-01-2024T17:47:43 - [MESSAGE][PASSED] - Call Test Case 'Test Cases/Offline PSSI Dashboard Function/Create BE CCTV Data/Sign In/PSSISignInValidData' successfully

02-01-2024T17:47:43 - [TEST_STEP][PASSED] - navigateToUrl(baseUrl + "/cctv/stadion", failureHandling): Navigate to 'https://monitoring.pssi-dev.kecilin.id/cctv/stadion' successfully

02-01-2024T17:47:43 - [MESSAGE][PASSED] - Navigate to 'https://monitoring.pssi-dev.kecilin.id/cctv/stadion' successfully

02-01-2024T17:47:43 - [MESSAGE][PASSED] - Call Test Case 'Test Cases/Offline PSSI Dashboard Function/Create BE CCTV Data/View Stadium/PSSIViewStadiumData' successfully

02-01-2024T17:47:43 - [TEST_STEP][PASSED] - navigateToUrl(baseUrl + "/cctv/detail/64fea065acbef66fd5476494", failureHandling): Navigate to 'https://monitoring.pssi-dev.kecilin.id/cctv/detail/64fea065acbef66fd5476494' successfully

02-01-2024T17:47:46 - [MESSAGE][PASSED] - Navigate to 'https://monitoring.pssi-dev.kecilin.id/cctv/detail/64fea065acbef66fd5476494' successfully

02-01-2024T17:47:46 - [MESSAGE][PASSED] - Call Test Case 'Test Cases/Offline PSSI Dashboard Function/Create BE CCTV Data/View CCTV Table/PSSIViewCCTVData' successfully

02-01-2024T17:47:46 - [TEST_STEP][PASSED] - if (verifyElementPresent(findTestObject("Page_CCTV/Stadium Breadcrumb"), 0, failureHandling)): null

02-01-2024T17:47:46 - [MESSAGE][WARNING] - Timeout '0' is invalid. Using default page load timeout: '1'

02-01-2024T17:47:49 - [MESSAGE][PASSED] - Object 'Object Repository/Page_CCTV/Stadium Breadcrumb' is present

02-01-2024T17:47:49 - [TEST_STEP][PASSED] - verifyElementClickable(findTestObject("Page_CCTV/Stadium Breadcrumb")): Object 'Object Repository/Page_CCTV/Stadium Breadcrumb' is clickable

02-01-2024T17:47:54 - [MESSAGE][PASSED] - Object 'Object Repository/Page_CCTV/Stadium Breadcrumb' is clickable

02-01-2024T17:47:54 - [TEST_STEP][PASSED] - click(findTestObject("Page_CCTV/Stadium Breadcrumb")): Object: 'Object Repository/Page_CCTV/Stadium Breadcrumb' is clicked on

02-01-2024T17:47:57 - [MESSAGE][PASSED] - Object: 'Object Repository/Page_CCTV/Stadium Breadcrumb' is clicked on

02-01-2024T17:47:57 - [TEST_STEP][PASSED] - if (verifyElementPresent(findTestObject("Page_Stadium/Stadium Table Title"), 0, failureHandling)): null

02-01-2024T17:47:57 - [MESSAGE][WARNING] - Timeout '0' is invalid. Using default page load timeout: '1'

02-01-2024T17:47:59 - [MESSAGE][PASSED] - Object 'Object Repository/Page_Stadium/Stadium Table Title' is present

02-01-2024T17:47:59 - [TEST_STEP][PASSED] - markPassed("Test passed because user can navigate through breadcrumb"): Test passed because user can navigate through breadcrumb

02-01-2024T17:47:59 - [MESSAGE][PASSED] - Test passed because user can navigate through breadcrumb

02-01-2024T17:47:59 - [TEST_STEP][PASSED] - closeBrowser(): Browser is closed

02-01-2024T17:48:08 - [MESSAGE][PASSED] - Browser is closed]]></system-out>
         <system-err><![CDATA[]]></system-err>
      </testcase>
      <testcase name="Test Cases/Offline PSSI Dashboard Function/Create BE CCTV Data/Breadcrumb Navigation/PSSIBreadcrumbInEditCCTVPage" time="21.679" classname="Test Cases/Offline PSSI Dashboard Function/Create BE CCTV Data/Breadcrumb Navigation/PSSIBreadcrumbInEditCCTVPage" status="FAILED">
         <failure type="FAILED" message="Test Cases/Offline PSSI Dashboard Function/Create BE CCTV Data/Breadcrumb Navigation/PSSIBreadcrumbInEditCCTVPage FAILED.&#xa;Reason:&#xa;com.kms.katalon.core.exception.StepFailedException: Test failed because breadcrumb doesnot exist&#xa;	at com.kms.katalon.core.util.KeywordUtil.markFailedAndStop(KeywordUtil.java:30)&#xa;	at PSSIBreadcrumbInEditCCTVPage.run(PSSIBreadcrumbInEditCCTVPage:33)&#xa;	at com.kms.katalon.core.main.ScriptEngine.run(ScriptEngine.java:194)&#xa;	at com.kms.katalon.core.main.ScriptEngine.runScriptAsRawText(ScriptEngine.java:119)&#xa;	at com.kms.katalon.core.main.TestCaseExecutor.runScript(TestCaseExecutor.java:448)&#xa;	at com.kms.katalon.core.main.TestCaseExecutor.doExecute(TestCaseExecutor.java:439)&#xa;	at com.kms.katalon.core.main.TestCaseExecutor.processExecutionPhase(TestCaseExecutor.java:418)&#xa;	at com.kms.katalon.core.main.TestCaseExecutor.accessMainPhase(TestCaseExecutor.java:410)&#xa;	at com.kms.katalon.core.main.TestCaseExecutor.execute(TestCaseExecutor.java:285)&#xa;	at com.kms.katalon.core.common.CommonExecutor.accessTestCaseMainPhase(CommonExecutor.java:65)&#xa;	at com.kms.katalon.core.main.TestSuiteExecutor.accessTestSuiteMainPhase(TestSuiteExecutor.java:148)&#xa;	at com.kms.katalon.core.main.TestSuiteExecutor.execute(TestSuiteExecutor.java:106)&#xa;	at com.kms.katalon.core.main.TestCaseMain.startTestSuite(TestCaseMain.java:180)&#xa;	at TempTestSuite1704192107384.run(TempTestSuite1704192107384.groovy:36)&#xa;	at java.base/jdk.internal.reflect.NativeMethodAccessorImpl.invoke0(Native Method)&#xa;	at java.base/jdk.internal.reflect.NativeMethodAccessorImpl.invoke(NativeMethodAccessorImpl.java:77)&#xa;	at java.base/jdk.internal.reflect.DelegatingMethodAccessorImpl.invoke(DelegatingMethodAccessorImpl.java:43)&#xa;"/>
         <system-out><![CDATA[02-01-2024T17:48:08 - [TEST_CASE][FAILED] - Test Cases/Offline PSSI Dashboard Function/Create BE CCTV Data/Breadcrumb Navigation/PSSIBreadcrumbInEditCCTVPage: Test Cases/Offline PSSI Dashboard Function/Create BE CCTV Data/Breadcrumb Navigation/PSSIBreadcrumbInEditCCTVPage FAILED.
Reason:
com.kms.katalon.core.exception.StepFailedException: Test failed because breadcrumb doesnot exist
	at com.kms.katalon.core.util.KeywordUtil.markFailedAndStop(KeywordUtil.java:30)
	at PSSIBreadcrumbInEditCCTVPage.run(PSSIBreadcrumbInEditCCTVPage:33)
	at com.kms.katalon.core.main.ScriptEngine.run(ScriptEngine.java:194)
	at com.kms.katalon.core.main.ScriptEngine.runScriptAsRawText(ScriptEngine.java:119)
	at com.kms.katalon.core.main.TestCaseExecutor.runScript(TestCaseExecutor.java:448)
	at com.kms.katalon.core.main.TestCaseExecutor.doExecute(TestCaseExecutor.java:439)
	at com.kms.katalon.core.main.TestCaseExecutor.processExecutionPhase(TestCaseExecutor.java:418)
	at com.kms.katalon.core.main.TestCaseExecutor.accessMainPhase(TestCaseExecutor.java:410)
	at com.kms.katalon.core.main.TestCaseExecutor.execute(TestCaseExecutor.java:285)
	at com.kms.katalon.core.common.CommonExecutor.accessTestCaseMainPhase(CommonExecutor.java:65)
	at com.kms.katalon.core.main.TestSuiteExecutor.accessTestSuiteMainPhase(TestSuiteExecutor.java:148)
	at com.kms.katalon.core.main.TestSuiteExecutor.execute(TestSuiteExecutor.java:106)
	at com.kms.katalon.core.main.TestCaseMain.startTestSuite(TestCaseMain.java:180)
	at TempTestSuite1704192107384.run(TempTestSuite1704192107384.groovy:36)
	at java.base/jdk.internal.reflect.NativeMethodAccessorImpl.invoke0(Native Method)
	at java.base/jdk.internal.reflect.NativeMethodAccessorImpl.invoke(NativeMethodAccessorImpl.java:77)
	at java.base/jdk.internal.reflect.DelegatingMethodAccessorImpl.invoke(DelegatingMethodAccessorImpl.java:43)


02-01-2024T17:48:09 - [TEST_STEP][PASSED] - failureHandling = STOP_ON_FAILURE: null

02-01-2024T17:48:09 - [TEST_STEP][PASSED] - baseUrl = offline_pssi_dashboard_url: null

02-01-2024T17:48:09 - [TEST_STEP][PASSED] - callTestCase(findTestCase("Offline PSSI Dashboard Function/Create BE CCTV Data/View CCTV Table/PSSIViewCCTVData"), [:], failureHandling): Call Test Case 'Test Cases/Offline PSSI Dashboard Function/Create BE CCTV Data/View CCTV Table/PSSIViewCCTVData' successfully

02-01-2024T17:48:09 - [TEST_CASE][PASSED] - Test Cases/Offline PSSI Dashboard Function/Create BE CCTV Data/View CCTV Table/PSSIViewCCTVData: Test Cases/Offline PSSI Dashboard Function/Create BE CCTV Data/View CCTV Table/PSSIViewCCTVData

02-01-2024T17:48:09 - [TEST_STEP][PASSED] - failureHandling = STOP_ON_FAILURE: null

02-01-2024T17:48:09 - [TEST_STEP][PASSED] - baseUrl = offline_pssi_dashboard_url: null

02-01-2024T17:48:09 - [TEST_STEP][PASSED] - callTestCase(findTestCase("Offline PSSI Dashboard Function/Create BE CCTV Data/View Stadium/PSSIViewStadiumData"), [:], failureHandling): Call Test Case 'Test Cases/Offline PSSI Dashboard Function/Create BE CCTV Data/View Stadium/PSSIViewStadiumData' successfully

02-01-2024T17:48:09 - [TEST_CASE][PASSED] - Test Cases/Offline PSSI Dashboard Function/Create BE CCTV Data/View Stadium/PSSIViewStadiumData: Test Cases/Offline PSSI Dashboard Function/Create BE CCTV Data/View Stadium/PSSIViewStadiumData

02-01-2024T17:48:09 - [TEST_STEP][PASSED] - failureHandling = STOP_ON_FAILURE: null

02-01-2024T17:48:09 - [TEST_STEP][PASSED] - baseUrl = offline_pssi_dashboard_url: null

02-01-2024T17:48:09 - [TEST_STEP][PASSED] - callTestCase(findTestCase("Offline PSSI Dashboard Function/Create BE CCTV Data/Sign In/PSSISignInValidData"), [:], failureHandling): Call Test Case 'Test Cases/Offline PSSI Dashboard Function/Create BE CCTV Data/Sign In/PSSISignInValidData' successfully

02-01-2024T17:48:09 - [TEST_CASE][PASSED] - Test Cases/Offline PSSI Dashboard Function/Create BE CCTV Data/Sign In/PSSISignInValidData: Test Cases/Offline PSSI Dashboard Function/Create BE CCTV Data/Sign In/PSSISignInValidData

02-01-2024T17:48:09 - [TEST_STEP][PASSED] - failureHandling = STOP_ON_FAILURE: null

02-01-2024T17:48:09 - [TEST_STEP][PASSED] - baseUrl = offline_pssi_dashboard_url: null

02-01-2024T17:48:09 - [TEST_STEP][PASSED] - openBrowser(""): Browser is opened with url: ''

02-01-2024T17:48:09 - [MESSAGE][INFO] - Starting 'Chrome' driver

02-01-2024T17:48:09 - [MESSAGE][INFO] - Action delay is set to 0 milliseconds

02-01-2024T17:48:12 - [MESSAGE][PASSED] - Browser is opened with url: ''

02-01-2024T17:48:12 - [TEST_STEP][PASSED] - navigateToUrl(baseUrl): Navigate to 'https://monitoring.pssi-dev.kecilin.id' successfully

02-01-2024T17:48:14 - [MESSAGE][PASSED] - Navigate to 'https://monitoring.pssi-dev.kecilin.id' successfully

02-01-2024T17:48:14 - [TEST_STEP][PASSED] - maximizeWindow(): Current window maximized

02-01-2024T17:48:14 - [MESSAGE][PASSED] - Current window maximized

02-01-2024T17:48:14 - [TEST_STEP][PASSED] - setText(findTestObject("Object Repository/Page_Login/input_email"), "superadmin@app.com"): Text 'superadmin@app.com' is set on object 'Object Repository/Page_Login/input_email'

02-01-2024T17:48:18 - [MESSAGE][PASSED] - Text 'superadmin@app.com' is set on object 'Object Repository/Page_Login/input_email'

02-01-2024T17:48:18 - [TEST_STEP][PASSED] - setEncryptedText(findTestObject("Object Repository/Page_Login/input_password"), "8SQVv/p9jVScEs4/2CZsLw=="): Text ****** has been set on object 'Object Repository/Page_Login/input_password'

02-01-2024T17:48:19 - [MESSAGE][PASSED] - Text ****** has been set on object 'Object Repository/Page_Login/input_password'

02-01-2024T17:48:19 - [TEST_STEP][PASSED] - click(findTestObject("Object Repository/Page_Login/button_Sign In")): Object: 'Object Repository/Page_Login/button_Sign In' is clicked on

02-01-2024T17:48:22 - [MESSAGE][PASSED] - Object: 'Object Repository/Page_Login/button_Sign In' is clicked on

02-01-2024T17:48:22 - [MESSAGE][PASSED] - Call Test Case 'Test Cases/Offline PSSI Dashboard Function/Create BE CCTV Data/Sign In/PSSISignInValidData' successfully

02-01-2024T17:48:22 - [TEST_STEP][PASSED] - navigateToUrl(baseUrl + "/cctv/stadion", failureHandling): Navigate to 'https://monitoring.pssi-dev.kecilin.id/cctv/stadion' successfully

02-01-2024T17:48:23 - [MESSAGE][PASSED] - Navigate to 'https://monitoring.pssi-dev.kecilin.id/cctv/stadion' successfully

02-01-2024T17:48:23 - [MESSAGE][PASSED] - Call Test Case 'Test Cases/Offline PSSI Dashboard Function/Create BE CCTV Data/View Stadium/PSSIViewStadiumData' successfully

02-01-2024T17:48:23 - [TEST_STEP][PASSED] - navigateToUrl(baseUrl + "/cctv/detail/64fea065acbef66fd5476494", failureHandling): Navigate to 'https://monitoring.pssi-dev.kecilin.id/cctv/detail/64fea065acbef66fd5476494' successfully

02-01-2024T17:48:24 - [MESSAGE][PASSED] - Navigate to 'https://monitoring.pssi-dev.kecilin.id/cctv/detail/64fea065acbef66fd5476494' successfully

02-01-2024T17:48:24 - [MESSAGE][PASSED] - Call Test Case 'Test Cases/Offline PSSI Dashboard Function/Create BE CCTV Data/View CCTV Table/PSSIViewCCTVData' successfully

02-01-2024T17:48:24 - [TEST_STEP][PASSED] - navigateToUrl(baseUrl + "/cctv/detail/64fea065acbef66fd5476494/edit/658be0a112ca78ff5334de2d", failureHandling): Navigate to 'https://monitoring.pssi-dev.kecilin.id/cctv/detail/64fea065acbef66fd5476494/edit/658be0a112ca78ff5334de2d' successfully

02-01-2024T17:48:26 - [MESSAGE][PASSED] - Navigate to 'https://monitoring.pssi-dev.kecilin.id/cctv/detail/64fea065acbef66fd5476494/edit/658be0a112ca78ff5334de2d' successfully

02-01-2024T17:48:26 - [TEST_STEP][PASSED] - if (verifyElementNotPresent(findTestObject("Page_Add new CCTV/CCTV Breadcrumb"), 0, failureHandling)): null

02-01-2024T17:48:26 - [MESSAGE][WARNING] - Timeout '0' is invalid. Using default page load timeout: '1'

02-01-2024T17:48:30 - [MESSAGE][PASSED] - Web element with id: 'Object Repository/Page_Add new CCTV/CCTV Breadcrumb' located by 'By.xpath: //nav[@id='navbarBlur']/div/nav/ol/li[3]/a' is not present after '1' second(s)

02-01-2024T17:48:30 - [TEST_STEP][PASSED] - markFailedAndStop("Test failed because breadcrumb doesnot exist"): null]]></system-out>
         <system-err><![CDATA[02-01-2024T17:48:08 - [TEST_CASE][FAILED] - Test Cases/Offline PSSI Dashboard Function/Create BE CCTV Data/Breadcrumb Navigation/PSSIBreadcrumbInEditCCTVPage: Test Cases/Offline PSSI Dashboard Function/Create BE CCTV Data/Breadcrumb Navigation/PSSIBreadcrumbInEditCCTVPage FAILED.
Reason:
com.kms.katalon.core.exception.StepFailedException: Test failed because breadcrumb doesnot exist
	at com.kms.katalon.core.util.KeywordUtil.markFailedAndStop(KeywordUtil.java:30)
	at PSSIBreadcrumbInEditCCTVPage.run(PSSIBreadcrumbInEditCCTVPage:33)
	at com.kms.katalon.core.main.ScriptEngine.run(ScriptEngine.java:194)
	at com.kms.katalon.core.main.ScriptEngine.runScriptAsRawText(ScriptEngine.java:119)
	at com.kms.katalon.core.main.TestCaseExecutor.runScript(TestCaseExecutor.java:448)
	at com.kms.katalon.core.main.TestCaseExecutor.doExecute(TestCaseExecutor.java:439)
	at com.kms.katalon.core.main.TestCaseExecutor.processExecutionPhase(TestCaseExecutor.java:418)
	at com.kms.katalon.core.main.TestCaseExecutor.accessMainPhase(TestCaseExecutor.java:410)
	at com.kms.katalon.core.main.TestCaseExecutor.execute(TestCaseExecutor.java:285)
	at com.kms.katalon.core.common.CommonExecutor.accessTestCaseMainPhase(CommonExecutor.java:65)
	at com.kms.katalon.core.main.TestSuiteExecutor.accessTestSuiteMainPhase(TestSuiteExecutor.java:148)
	at com.kms.katalon.core.main.TestSuiteExecutor.execute(TestSuiteExecutor.java:106)
	at com.kms.katalon.core.main.TestCaseMain.startTestSuite(TestCaseMain.java:180)
	at TempTestSuite1704192107384.run(TempTestSuite1704192107384.groovy:36)
	at java.base/jdk.internal.reflect.NativeMethodAccessorImpl.invoke0(Native Method)
	at java.base/jdk.internal.reflect.NativeMethodAccessorImpl.invoke(NativeMethodAccessorImpl.java:77)
	at java.base/jdk.internal.reflect.DelegatingMethodAccessorImpl.invoke(DelegatingMethodAccessorImpl.java:43)]]></system-err>
      </testcase>
      <system-out><![CDATA[02-01-2024T17:42:30 - [TEST_SUITE][FAILED] - Breadcrumb Navigation Test Suite: Test Cases/Offline PSSI Dashboard Function/Create BE CCTV Data/Breadcrumb Navigation/PSSIBreadcrumbInEditCCTVPage FAILED.
Reason:
com.kms.katalon.core.exception.StepFailedException: Test failed because breadcrumb doesnot exist
	at com.kms.katalon.core.util.KeywordUtil.markFailedAndStop(KeywordUtil.java:30)
	at PSSIBreadcrumbInEditCCTVPage.run(PSSIBreadcrumbInEditCCTVPage:33)
	at com.kms.katalon.core.main.ScriptEngine.run(ScriptEngine.java:194)
	at com.kms.katalon.core.main.ScriptEngine.runScriptAsRawText(ScriptEngine.java:119)
	at com.kms.katalon.core.main.TestCaseExecutor.runScript(TestCaseExecutor.java:448)
	at com.kms.katalon.core.main.TestCaseExecutor.doExecute(TestCaseExecutor.java:439)
	at com.kms.katalon.core.main.TestCaseExecutor.processExecutionPhase(TestCaseExecutor.java:418)
	at com.kms.katalon.core.main.TestCaseExecutor.accessMainPhase(TestCaseExecutor.java:410)
	at com.kms.katalon.core.main.TestCaseExecutor.execute(TestCaseExecutor.java:285)
	at com.kms.katalon.core.common.CommonExecutor.accessTestCaseMainPhase(CommonExecutor.java:65)
	at com.kms.katalon.core.main.TestSuiteExecutor.accessTestSuiteMainPhase(TestSuiteExecutor.java:148)
	at com.kms.katalon.core.main.TestSuiteExecutor.execute(TestSuiteExecutor.java:106)
	at com.kms.katalon.core.main.TestCaseMain.startTestSuite(TestCaseMain.java:180)
	at TempTestSuite1704192107384.run(TempTestSuite1704192107384.groovy:36)
	at java.base/jdk.internal.reflect.NativeMethodAccessorImpl.invoke0(Native Method)
	at java.base/jdk.internal.reflect.NativeMethodAccessorImpl.invoke(NativeMethodAccessorImpl.java:77)
	at java.base/jdk.internal.reflect.DelegatingMethodAccessorImpl.invoke(DelegatingMethodAccessorImpl.java:43)]]></system-out>
      <system-err><![CDATA[02-01-2024T17:42:30 - [TEST_SUITE][FAILED] - Breadcrumb Navigation Test Suite: Test Cases/Offline PSSI Dashboard Function/Create BE CCTV Data/Breadcrumb Navigation/PSSIBreadcrumbInEditCCTVPage FAILED.
Reason:
com.kms.katalon.core.exception.StepFailedException: Test failed because breadcrumb doesnot exist
	at com.kms.katalon.core.util.KeywordUtil.markFailedAndStop(KeywordUtil.java:30)
	at PSSIBreadcrumbInEditCCTVPage.run(PSSIBreadcrumbInEditCCTVPage:33)
	at com.kms.katalon.core.main.ScriptEngine.run(ScriptEngine.java:194)
	at com.kms.katalon.core.main.ScriptEngine.runScriptAsRawText(ScriptEngine.java:119)
	at com.kms.katalon.core.main.TestCaseExecutor.runScript(TestCaseExecutor.java:448)
	at com.kms.katalon.core.main.TestCaseExecutor.doExecute(TestCaseExecutor.java:439)
	at com.kms.katalon.core.main.TestCaseExecutor.processExecutionPhase(TestCaseExecutor.java:418)
	at com.kms.katalon.core.main.TestCaseExecutor.accessMainPhase(TestCaseExecutor.java:410)
	at com.kms.katalon.core.main.TestCaseExecutor.execute(TestCaseExecutor.java:285)
	at com.kms.katalon.core.common.CommonExecutor.accessTestCaseMainPhase(CommonExecutor.java:65)
	at com.kms.katalon.core.main.TestSuiteExecutor.accessTestSuiteMainPhase(TestSuiteExecutor.java:148)
	at com.kms.katalon.core.main.TestSuiteExecutor.execute(TestSuiteExecutor.java:106)
	at com.kms.katalon.core.main.TestCaseMain.startTestSuite(TestCaseMain.java:180)
	at TempTestSuite1704192107384.run(TempTestSuite1704192107384.groovy:36)
	at java.base/jdk.internal.reflect.NativeMethodAccessorImpl.invoke0(Native Method)
	at java.base/jdk.internal.reflect.NativeMethodAccessorImpl.invoke(NativeMethodAccessorImpl.java:77)
	at java.base/jdk.internal.reflect.DelegatingMethodAccessorImpl.invoke(DelegatingMethodAccessorImpl.java:43)]]></system-err>
   </testsuite>
</testsuites>
