<?xml version="1.0" encoding="UTF-8"?>
<testsuites name="Add CCTV Test Suite" time="73.602" tests="6" failures="4" errors="0">
   <testsuite name="Add CCTV Test Suite" tests="6" failures="4" errors="0" time="73.602" skipped="0" timestamp="29-12-2023T11:19:19" hostname="USER - DESKTOP-HLRVE9S" id="Test Suites/Create BE CCTV Data/Add CCTV Test Suite">
      <properties>
         <property name="deviceName" value=""/>
         <property name="devicePlatform" value=""/>
         <property name="logFolder" value="C:\\Users\\USER\\git\\Kecilin-Automation-Test\\Reports\\20231229_111847\\Create BE CCTV Data\\Add CCTV Test Suite\\20231229_111849"/>
         <property name="logFiles" value="C:\\Users\\USER\\git\\Kecilin-Automation-Test\\Reports\\20231229_111847\\Create BE CCTV Data\\Add CCTV Test Suite\\20231229_111849\\execution0.log"/>
         <property name="attachments" value="C:\\Users\\USER\\git\\Kecilin-Automation-Test\\Reports\\20231229_111847\\Create BE CCTV Data\\Add CCTV Test Suite\\20231229_111849\\1703823585797.png"/>
         <property name="hostName" value="USER - DESKTOP-HLRVE9S"/>
         <property name="os" value="Windows 10 64bit"/>
         <property name="katalonVersion" value="9.2.0.212"/>
         <property name="browser" value="Chrome 120.0.0.0"/>
         <property name="hostAddress" value="192.168.100.183"/>
         <property name="sessionId" value="a5717a3c9947d63696663bf86183261b"/>
         <property name="seleniumVersion" value="3.141.59"/>
         <property name="proxyInformation" value="ProxyInformation { proxyOption=NO_PROXY, proxyServerType=HTTP, username=, password=********, proxyServerAddress=, proxyServerPort=0, executionList=&quot;&quot;, isApplyToDesiredCapabilities=true }"/>
         <property name="platform" value="Windows 10"/>
      </properties>
      <testcase name="Test Cases/Offline PSSI Dashboard Function/Create BE CCTV Data/Add CCTV/Negative Test Case/PSSIAddCCTVDuplicateID" time="14.999" classname="Test Cases/Offline PSSI Dashboard Function/Create BE CCTV Data/Add CCTV/Negative Test Case/PSSIAddCCTVDuplicateID" status="FAILED">
         <failure type="FAILED" message="Test Cases/Offline PSSI Dashboard Function/Create BE CCTV Data/Add CCTV/Negative Test Case/PSSIAddCCTVDuplicateID FAILED.&#xa;Reason:&#xa;com.kms.katalon.core.exception.StepFailedException: Test failed because data is added&#xa;	at com.kms.katalon.core.util.KeywordUtil.markFailed(KeywordUtil.java:19)&#xa;	at PSSIAddCCTVDuplicateID.run(PSSIAddCCTVDuplicateID:40)&#xa;	at com.kms.katalon.core.main.ScriptEngine.run(ScriptEngine.java:194)&#xa;	at com.kms.katalon.core.main.ScriptEngine.runScriptAsRawText(ScriptEngine.java:119)&#xa;	at com.kms.katalon.core.main.TestCaseExecutor.runScript(TestCaseExecutor.java:448)&#xa;	at com.kms.katalon.core.main.TestCaseExecutor.doExecute(TestCaseExecutor.java:439)&#xa;	at com.kms.katalon.core.main.TestCaseExecutor.processExecutionPhase(TestCaseExecutor.java:418)&#xa;	at com.kms.katalon.core.main.TestCaseExecutor.accessMainPhase(TestCaseExecutor.java:410)&#xa;	at com.kms.katalon.core.main.TestCaseExecutor.execute(TestCaseExecutor.java:285)&#xa;	at com.kms.katalon.core.common.CommonExecutor.accessTestCaseMainPhase(CommonExecutor.java:65)&#xa;	at com.kms.katalon.core.main.TestSuiteExecutor.accessTestSuiteMainPhase(TestSuiteExecutor.java:148)&#xa;	at com.kms.katalon.core.main.TestSuiteExecutor.execute(TestSuiteExecutor.java:106)&#xa;	at com.kms.katalon.core.main.TestCaseMain.startTestSuite(TestCaseMain.java:180)&#xa;	at TempTestSuite1703823529384.run(TempTestSuite1703823529384.groovy:36)&#xa;	at java.base/jdk.internal.reflect.NativeMethodAccessorImpl.invoke0(Native Method)&#xa;	at java.base/jdk.internal.reflect.NativeMethodAccessorImpl.invoke(NativeMethodAccessorImpl.java:77)&#xa;	at java.base/jdk.internal.reflect.DelegatingMethodAccessorImpl.invoke(DelegatingMethodAccessorImpl.java:43)&#xa;"/>
         <system-out><![CDATA[29-12-2023T11:19:20 - [TEST_CASE][FAILED] - Test Cases/Offline PSSI Dashboard Function/Create BE CCTV Data/Add CCTV/Negative Test Case/PSSIAddCCTVDuplicateID: Test Cases/Offline PSSI Dashboard Function/Create BE CCTV Data/Add CCTV/Negative Test Case/PSSIAddCCTVDuplicateID FAILED.
Reason:
com.kms.katalon.core.exception.StepFailedException: Test failed because data is added
	at com.kms.katalon.core.util.KeywordUtil.markFailed(KeywordUtil.java:19)
	at PSSIAddCCTVDuplicateID.run(PSSIAddCCTVDuplicateID:40)
	at com.kms.katalon.core.main.ScriptEngine.run(ScriptEngine.java:194)
	at com.kms.katalon.core.main.ScriptEngine.runScriptAsRawText(ScriptEngine.java:119)
	at com.kms.katalon.core.main.TestCaseExecutor.runScript(TestCaseExecutor.java:448)
	at com.kms.katalon.core.main.TestCaseExecutor.doExecute(TestCaseExecutor.java:439)
	at com.kms.katalon.core.main.TestCaseExecutor.processExecutionPhase(TestCaseExecutor.java:418)
	at com.kms.katalon.core.main.TestCaseExecutor.accessMainPhase(TestCaseExecutor.java:410)
	at com.kms.katalon.core.main.TestCaseExecutor.execute(TestCaseExecutor.java:285)
	at com.kms.katalon.core.common.CommonExecutor.accessTestCaseMainPhase(CommonExecutor.java:65)
	at com.kms.katalon.core.main.TestSuiteExecutor.accessTestSuiteMainPhase(TestSuiteExecutor.java:148)
	at com.kms.katalon.core.main.TestSuiteExecutor.execute(TestSuiteExecutor.java:106)
	at com.kms.katalon.core.main.TestCaseMain.startTestSuite(TestCaseMain.java:180)
	at TempTestSuite1703823529384.run(TempTestSuite1703823529384.groovy:36)
	at java.base/jdk.internal.reflect.NativeMethodAccessorImpl.invoke0(Native Method)
	at java.base/jdk.internal.reflect.NativeMethodAccessorImpl.invoke(NativeMethodAccessorImpl.java:77)
	at java.base/jdk.internal.reflect.DelegatingMethodAccessorImpl.invoke(DelegatingMethodAccessorImpl.java:43)


29-12-2023T11:19:20 - [TEST_STEP][PASSED] - failureHandling = STOP_ON_FAILURE: null

29-12-2023T11:19:20 - [TEST_STEP][PASSED] - baseUrl = offline_pssi_dashboard_url: null

29-12-2023T11:19:20 - [TEST_STEP][PASSED] - callTestCase(findTestCase("Offline PSSI Dashboard Function/Create BE CCTV Data/View CCTV Table/PSSIViewCCTVData"), [:], failureHandling): Call Test Case 'Test Cases/Offline PSSI Dashboard Function/Create BE CCTV Data/View CCTV Table/PSSIViewCCTVData' successfully

29-12-2023T11:19:21 - [TEST_CASE][PASSED] - Test Cases/Offline PSSI Dashboard Function/Create BE CCTV Data/View CCTV Table/PSSIViewCCTVData: Test Cases/Offline PSSI Dashboard Function/Create BE CCTV Data/View CCTV Table/PSSIViewCCTVData

29-12-2023T11:19:21 - [TEST_STEP][PASSED] - failureHandling = STOP_ON_FAILURE: null

29-12-2023T11:19:21 - [TEST_STEP][PASSED] - baseUrl = offline_pssi_dashboard_url: null

29-12-2023T11:19:21 - [TEST_STEP][PASSED] - callTestCase(findTestCase("Offline PSSI Dashboard Function/Create BE CCTV Data/View Stadium/PSSIViewStadiumData"), [:], failureHandling): Call Test Case 'Test Cases/Offline PSSI Dashboard Function/Create BE CCTV Data/View Stadium/PSSIViewStadiumData' successfully

29-12-2023T11:19:21 - [TEST_CASE][PASSED] - Test Cases/Offline PSSI Dashboard Function/Create BE CCTV Data/View Stadium/PSSIViewStadiumData: Test Cases/Offline PSSI Dashboard Function/Create BE CCTV Data/View Stadium/PSSIViewStadiumData

29-12-2023T11:19:21 - [TEST_STEP][PASSED] - failureHandling = STOP_ON_FAILURE: null

29-12-2023T11:19:21 - [TEST_STEP][PASSED] - baseUrl = offline_pssi_dashboard_url: null

29-12-2023T11:19:21 - [TEST_STEP][PASSED] - callTestCase(findTestCase("Offline PSSI Dashboard Function/Create BE CCTV Data/Sign In/PSSISignInValidData"), [:], failureHandling): Call Test Case 'Test Cases/Offline PSSI Dashboard Function/Create BE CCTV Data/Sign In/PSSISignInValidData' successfully

29-12-2023T11:19:21 - [TEST_CASE][PASSED] - Test Cases/Offline PSSI Dashboard Function/Create BE CCTV Data/Sign In/PSSISignInValidData: Test Cases/Offline PSSI Dashboard Function/Create BE CCTV Data/Sign In/PSSISignInValidData

29-12-2023T11:19:21 - [TEST_STEP][PASSED] - failureHandling = STOP_ON_FAILURE: null

29-12-2023T11:19:21 - [TEST_STEP][PASSED] - baseUrl = offline_pssi_dashboard_url: null

29-12-2023T11:19:21 - [TEST_STEP][PASSED] - openBrowser(""): Browser is opened with url: ''

29-12-2023T11:19:22 - [MESSAGE][INFO] - Starting 'Chrome' driver

29-12-2023T11:19:22 - [MESSAGE][INFO] - Action delay is set to 0 milliseconds

29-12-2023T11:19:24 - [MESSAGE][PASSED] - Browser is opened with url: ''

29-12-2023T11:19:24 - [TEST_STEP][PASSED] - navigateToUrl(baseUrl): Navigate to 'https://monitoring.pssi-dev.kecilin.id' successfully

29-12-2023T11:19:25 - [MESSAGE][PASSED] - Navigate to 'https://monitoring.pssi-dev.kecilin.id' successfully

29-12-2023T11:19:25 - [TEST_STEP][PASSED] - maximizeWindow(): Current window maximized

29-12-2023T11:19:25 - [MESSAGE][PASSED] - Current window maximized

29-12-2023T11:19:25 - [TEST_STEP][PASSED] - setText(findTestObject("Object Repository/Page_Login/input_email"), "superadmin@app.com"): Text 'superadmin@app.com' is set on object 'Object Repository/Page_Login/input_email'

29-12-2023T11:19:26 - [MESSAGE][PASSED] - Text 'superadmin@app.com' is set on object 'Object Repository/Page_Login/input_email'

29-12-2023T11:19:26 - [TEST_STEP][PASSED] - setEncryptedText(findTestObject("Object Repository/Page_Login/input_password"), "8SQVv/p9jVScEs4/2CZsLw=="): Text ****** has been set on object 'Object Repository/Page_Login/input_password'

29-12-2023T11:19:27 - [MESSAGE][PASSED] - Text ****** has been set on object 'Object Repository/Page_Login/input_password'

29-12-2023T11:19:27 - [TEST_STEP][PASSED] - click(findTestObject("Object Repository/Page_Login/button_Sign In")): Object: 'Object Repository/Page_Login/button_Sign In' is clicked on

29-12-2023T11:19:29 - [MESSAGE][PASSED] - Object: 'Object Repository/Page_Login/button_Sign In' is clicked on

29-12-2023T11:19:29 - [MESSAGE][PASSED] - Call Test Case 'Test Cases/Offline PSSI Dashboard Function/Create BE CCTV Data/Sign In/PSSISignInValidData' successfully

29-12-2023T11:19:29 - [TEST_STEP][PASSED] - navigateToUrl(baseUrl + "/cctv/stadion", failureHandling): Navigate to 'https://monitoring.pssi-dev.kecilin.id/cctv/stadion' successfully

29-12-2023T11:19:29 - [MESSAGE][PASSED] - Navigate to 'https://monitoring.pssi-dev.kecilin.id/cctv/stadion' successfully

29-12-2023T11:19:29 - [MESSAGE][PASSED] - Call Test Case 'Test Cases/Offline PSSI Dashboard Function/Create BE CCTV Data/View Stadium/PSSIViewStadiumData' successfully

29-12-2023T11:19:29 - [TEST_STEP][PASSED] - navigateToUrl(baseUrl + "/cctv/detail/64fea065acbef66fd5476494", failureHandling): Navigate to 'https://monitoring.pssi-dev.kecilin.id/cctv/detail/64fea065acbef66fd5476494' successfully

29-12-2023T11:19:29 - [MESSAGE][PASSED] - Navigate to 'https://monitoring.pssi-dev.kecilin.id/cctv/detail/64fea065acbef66fd5476494' successfully

29-12-2023T11:19:29 - [MESSAGE][PASSED] - Call Test Case 'Test Cases/Offline PSSI Dashboard Function/Create BE CCTV Data/View CCTV Table/PSSIViewCCTVData' successfully

29-12-2023T11:19:29 - [TEST_STEP][PASSED] - navigateToUrl(baseUrl + "/cctv/detail/64fea065acbef66fd5476494/create", failureHandling): Navigate to 'https://monitoring.pssi-dev.kecilin.id/cctv/detail/64fea065acbef66fd5476494/create' successfully

29-12-2023T11:19:30 - [MESSAGE][PASSED] - Navigate to 'https://monitoring.pssi-dev.kecilin.id/cctv/detail/64fea065acbef66fd5476494/create' successfully

29-12-2023T11:19:30 - [TEST_STEP][PASSED] - setText(findTestObject("Object Repository/Page Add new CCTV Offline Web/input_Name_name"), "camera2", failureHandling): Text 'camera2' is set on object 'Object Repository/Page Add new CCTV Offline Web/input_Name_name'

29-12-2023T11:19:31 - [MESSAGE][PASSED] - Text 'camera2' is set on object 'Object Repository/Page Add new CCTV Offline Web/input_Name_name'

29-12-2023T11:19:31 - [TEST_STEP][PASSED] - setText(findTestObject("Object Repository/Page Add new CCTV Offline Web/input_CCTV ID_cctv_id"), "1002", failureHandling): Text '1002' is set on object 'Object Repository/Page Add new CCTV Offline Web/input_CCTV ID_cctv_id'

29-12-2023T11:19:32 - [MESSAGE][PASSED] - Text '1002' is set on object 'Object Repository/Page Add new CCTV Offline Web/input_CCTV ID_cctv_id'

29-12-2023T11:19:32 - [TEST_STEP][PASSED] - setText(findTestObject("Object Repository/Page Add new CCTV Offline Web/input_RTSP_rtsp"), "googeru", failureHandling): Text 'googeru' is set on object 'Object Repository/Page Add new CCTV Offline Web/input_RTSP_rtsp'

29-12-2023T11:19:33 - [MESSAGE][PASSED] - Text 'googeru' is set on object 'Object Repository/Page Add new CCTV Offline Web/input_RTSP_rtsp'

29-12-2023T11:19:33 - [TEST_STEP][PASSED] - click(findTestObject("Object Repository/Page Add new CCTV Offline Web/button_Save"), failureHandling): Object: 'Object Repository/Page Add new CCTV Offline Web/button_Save' is clicked on

29-12-2023T11:19:34 - [MESSAGE][PASSED] - Object: 'Object Repository/Page Add new CCTV Offline Web/button_Save' is clicked on

29-12-2023T11:19:34 - [TEST_STEP][PASSED] - if (verifyElementPresent(findTestObject("Page_CCTV/CCTV Data Title"), 0, failureHandling)): null

29-12-2023T11:19:34 - [MESSAGE][WARNING] - Timeout '0' is invalid. Using default page load timeout: '30'

29-12-2023T11:19:34 - [MESSAGE][PASSED] - Object 'Object Repository/Page_CCTV/CCTV Data Title' is present

29-12-2023T11:19:34 - [TEST_STEP][FAILED] - markFailed("Test failed because data is added"): Test failed because data is added

29-12-2023T11:19:34 - [MESSAGE][FAILED] - Test failed because data is added

29-12-2023T11:19:34 - [TEST_STEP][PASSED] - closeBrowser(): Browser is closed

29-12-2023T11:19:35 - [MESSAGE][PASSED] - Browser is closed]]></system-out>
         <system-err><![CDATA[29-12-2023T11:19:20 - [TEST_CASE][FAILED] - Test Cases/Offline PSSI Dashboard Function/Create BE CCTV Data/Add CCTV/Negative Test Case/PSSIAddCCTVDuplicateID: Test Cases/Offline PSSI Dashboard Function/Create BE CCTV Data/Add CCTV/Negative Test Case/PSSIAddCCTVDuplicateID FAILED.
Reason:
com.kms.katalon.core.exception.StepFailedException: Test failed because data is added
	at com.kms.katalon.core.util.KeywordUtil.markFailed(KeywordUtil.java:19)
	at PSSIAddCCTVDuplicateID.run(PSSIAddCCTVDuplicateID:40)
	at com.kms.katalon.core.main.ScriptEngine.run(ScriptEngine.java:194)
	at com.kms.katalon.core.main.ScriptEngine.runScriptAsRawText(ScriptEngine.java:119)
	at com.kms.katalon.core.main.TestCaseExecutor.runScript(TestCaseExecutor.java:448)
	at com.kms.katalon.core.main.TestCaseExecutor.doExecute(TestCaseExecutor.java:439)
	at com.kms.katalon.core.main.TestCaseExecutor.processExecutionPhase(TestCaseExecutor.java:418)
	at com.kms.katalon.core.main.TestCaseExecutor.accessMainPhase(TestCaseExecutor.java:410)
	at com.kms.katalon.core.main.TestCaseExecutor.execute(TestCaseExecutor.java:285)
	at com.kms.katalon.core.common.CommonExecutor.accessTestCaseMainPhase(CommonExecutor.java:65)
	at com.kms.katalon.core.main.TestSuiteExecutor.accessTestSuiteMainPhase(TestSuiteExecutor.java:148)
	at com.kms.katalon.core.main.TestSuiteExecutor.execute(TestSuiteExecutor.java:106)
	at com.kms.katalon.core.main.TestCaseMain.startTestSuite(TestCaseMain.java:180)
	at TempTestSuite1703823529384.run(TempTestSuite1703823529384.groovy:36)
	at java.base/jdk.internal.reflect.NativeMethodAccessorImpl.invoke0(Native Method)
	at java.base/jdk.internal.reflect.NativeMethodAccessorImpl.invoke(NativeMethodAccessorImpl.java:77)
	at java.base/jdk.internal.reflect.DelegatingMethodAccessorImpl.invoke(DelegatingMethodAccessorImpl.java:43)]]></system-err>
      </testcase>
      <testcase name="Test Cases/Offline PSSI Dashboard Function/Create BE CCTV Data/Add CCTV/Negative Test Case/PSSIAddCCTVEmptyMandatoryField" time="10.886" classname="Test Cases/Offline PSSI Dashboard Function/Create BE CCTV Data/Add CCTV/Negative Test Case/PSSIAddCCTVEmptyMandatoryField" status="FAILED">
         <failure type="FAILED" message="Test Cases/Offline PSSI Dashboard Function/Create BE CCTV Data/Add CCTV/Negative Test Case/PSSIAddCCTVEmptyMandatoryField FAILED.&#xa;Reason:&#xa;com.kms.katalon.core.exception.StepFailedException: Test failed because there is additional error message&#xa;	at com.kms.katalon.core.util.KeywordUtil.markFailed(KeywordUtil.java:19)&#xa;	at PSSIAddCCTVEmptyMandatoryField.run(PSSIAddCCTVEmptyMandatoryField:34)&#xa;	at com.kms.katalon.core.main.ScriptEngine.run(ScriptEngine.java:194)&#xa;	at com.kms.katalon.core.main.ScriptEngine.runScriptAsRawText(ScriptEngine.java:119)&#xa;	at com.kms.katalon.core.main.TestCaseExecutor.runScript(TestCaseExecutor.java:448)&#xa;	at com.kms.katalon.core.main.TestCaseExecutor.doExecute(TestCaseExecutor.java:439)&#xa;	at com.kms.katalon.core.main.TestCaseExecutor.processExecutionPhase(TestCaseExecutor.java:418)&#xa;	at com.kms.katalon.core.main.TestCaseExecutor.accessMainPhase(TestCaseExecutor.java:410)&#xa;	at com.kms.katalon.core.main.TestCaseExecutor.execute(TestCaseExecutor.java:285)&#xa;	at com.kms.katalon.core.common.CommonExecutor.accessTestCaseMainPhase(CommonExecutor.java:65)&#xa;	at com.kms.katalon.core.main.TestSuiteExecutor.accessTestSuiteMainPhase(TestSuiteExecutor.java:148)&#xa;	at com.kms.katalon.core.main.TestSuiteExecutor.execute(TestSuiteExecutor.java:106)&#xa;	at com.kms.katalon.core.main.TestCaseMain.startTestSuite(TestCaseMain.java:180)&#xa;	at TempTestSuite1703823529384.run(TempTestSuite1703823529384.groovy:36)&#xa;	at java.base/jdk.internal.reflect.NativeMethodAccessorImpl.invoke0(Native Method)&#xa;	at java.base/jdk.internal.reflect.NativeMethodAccessorImpl.invoke(NativeMethodAccessorImpl.java:77)&#xa;	at java.base/jdk.internal.reflect.DelegatingMethodAccessorImpl.invoke(DelegatingMethodAccessorImpl.java:43)&#xa;"/>
         <system-out><![CDATA[29-12-2023T11:19:35 - [TEST_CASE][FAILED] - Test Cases/Offline PSSI Dashboard Function/Create BE CCTV Data/Add CCTV/Negative Test Case/PSSIAddCCTVEmptyMandatoryField: Test Cases/Offline PSSI Dashboard Function/Create BE CCTV Data/Add CCTV/Negative Test Case/PSSIAddCCTVEmptyMandatoryField FAILED.
Reason:
com.kms.katalon.core.exception.StepFailedException: Test failed because there is additional error message
	at com.kms.katalon.core.util.KeywordUtil.markFailed(KeywordUtil.java:19)
	at PSSIAddCCTVEmptyMandatoryField.run(PSSIAddCCTVEmptyMandatoryField:34)
	at com.kms.katalon.core.main.ScriptEngine.run(ScriptEngine.java:194)
	at com.kms.katalon.core.main.ScriptEngine.runScriptAsRawText(ScriptEngine.java:119)
	at com.kms.katalon.core.main.TestCaseExecutor.runScript(TestCaseExecutor.java:448)
	at com.kms.katalon.core.main.TestCaseExecutor.doExecute(TestCaseExecutor.java:439)
	at com.kms.katalon.core.main.TestCaseExecutor.processExecutionPhase(TestCaseExecutor.java:418)
	at com.kms.katalon.core.main.TestCaseExecutor.accessMainPhase(TestCaseExecutor.java:410)
	at com.kms.katalon.core.main.TestCaseExecutor.execute(TestCaseExecutor.java:285)
	at com.kms.katalon.core.common.CommonExecutor.accessTestCaseMainPhase(CommonExecutor.java:65)
	at com.kms.katalon.core.main.TestSuiteExecutor.accessTestSuiteMainPhase(TestSuiteExecutor.java:148)
	at com.kms.katalon.core.main.TestSuiteExecutor.execute(TestSuiteExecutor.java:106)
	at com.kms.katalon.core.main.TestCaseMain.startTestSuite(TestCaseMain.java:180)
	at TempTestSuite1703823529384.run(TempTestSuite1703823529384.groovy:36)
	at java.base/jdk.internal.reflect.NativeMethodAccessorImpl.invoke0(Native Method)
	at java.base/jdk.internal.reflect.NativeMethodAccessorImpl.invoke(NativeMethodAccessorImpl.java:77)
	at java.base/jdk.internal.reflect.DelegatingMethodAccessorImpl.invoke(DelegatingMethodAccessorImpl.java:43)


29-12-2023T11:19:35 - [TEST_STEP][PASSED] - failureHandling = STOP_ON_FAILURE: null

29-12-2023T11:19:35 - [TEST_STEP][PASSED] - baseUrl = offline_pssi_dashboard_url: null

29-12-2023T11:19:35 - [TEST_STEP][PASSED] - callTestCase(findTestCase("Offline PSSI Dashboard Function/Create BE CCTV Data/View CCTV Table/PSSIViewCCTVData"), [:], failureHandling): Call Test Case 'Test Cases/Offline PSSI Dashboard Function/Create BE CCTV Data/View CCTV Table/PSSIViewCCTVData' successfully

29-12-2023T11:19:35 - [TEST_CASE][PASSED] - Test Cases/Offline PSSI Dashboard Function/Create BE CCTV Data/View CCTV Table/PSSIViewCCTVData: Test Cases/Offline PSSI Dashboard Function/Create BE CCTV Data/View CCTV Table/PSSIViewCCTVData

29-12-2023T11:19:35 - [TEST_STEP][PASSED] - failureHandling = STOP_ON_FAILURE: null

29-12-2023T11:19:35 - [TEST_STEP][PASSED] - baseUrl = offline_pssi_dashboard_url: null

29-12-2023T11:19:35 - [TEST_STEP][PASSED] - callTestCase(findTestCase("Offline PSSI Dashboard Function/Create BE CCTV Data/View Stadium/PSSIViewStadiumData"), [:], failureHandling): Call Test Case 'Test Cases/Offline PSSI Dashboard Function/Create BE CCTV Data/View Stadium/PSSIViewStadiumData' successfully

29-12-2023T11:19:35 - [TEST_CASE][PASSED] - Test Cases/Offline PSSI Dashboard Function/Create BE CCTV Data/View Stadium/PSSIViewStadiumData: Test Cases/Offline PSSI Dashboard Function/Create BE CCTV Data/View Stadium/PSSIViewStadiumData

29-12-2023T11:19:35 - [TEST_STEP][PASSED] - failureHandling = STOP_ON_FAILURE: null

29-12-2023T11:19:35 - [TEST_STEP][PASSED] - baseUrl = offline_pssi_dashboard_url: null

29-12-2023T11:19:35 - [TEST_STEP][PASSED] - callTestCase(findTestCase("Offline PSSI Dashboard Function/Create BE CCTV Data/Sign In/PSSISignInValidData"), [:], failureHandling): Call Test Case 'Test Cases/Offline PSSI Dashboard Function/Create BE CCTV Data/Sign In/PSSISignInValidData' successfully

29-12-2023T11:19:35 - [TEST_CASE][PASSED] - Test Cases/Offline PSSI Dashboard Function/Create BE CCTV Data/Sign In/PSSISignInValidData: Test Cases/Offline PSSI Dashboard Function/Create BE CCTV Data/Sign In/PSSISignInValidData

29-12-2023T11:19:35 - [TEST_STEP][PASSED] - failureHandling = STOP_ON_FAILURE: null

29-12-2023T11:19:35 - [TEST_STEP][PASSED] - baseUrl = offline_pssi_dashboard_url: null

29-12-2023T11:19:35 - [TEST_STEP][PASSED] - openBrowser(""): Browser is opened with url: ''

29-12-2023T11:19:35 - [MESSAGE][INFO] - Starting 'Chrome' driver

29-12-2023T11:19:35 - [MESSAGE][INFO] - Action delay is set to 0 milliseconds

29-12-2023T11:19:37 - [MESSAGE][PASSED] - Browser is opened with url: ''

29-12-2023T11:19:37 - [TEST_STEP][PASSED] - navigateToUrl(baseUrl): Navigate to 'https://monitoring.pssi-dev.kecilin.id' successfully

29-12-2023T11:19:37 - [MESSAGE][PASSED] - Navigate to 'https://monitoring.pssi-dev.kecilin.id' successfully

29-12-2023T11:19:37 - [TEST_STEP][PASSED] - maximizeWindow(): Current window maximized

29-12-2023T11:19:38 - [MESSAGE][PASSED] - Current window maximized

29-12-2023T11:19:38 - [TEST_STEP][PASSED] - setText(findTestObject("Object Repository/Page_Login/input_email"), "superadmin@app.com"): Text 'superadmin@app.com' is set on object 'Object Repository/Page_Login/input_email'

29-12-2023T11:19:39 - [MESSAGE][PASSED] - Text 'superadmin@app.com' is set on object 'Object Repository/Page_Login/input_email'

29-12-2023T11:19:39 - [TEST_STEP][PASSED] - setEncryptedText(findTestObject("Object Repository/Page_Login/input_password"), "8SQVv/p9jVScEs4/2CZsLw=="): Text ****** has been set on object 'Object Repository/Page_Login/input_password'

29-12-2023T11:19:39 - [MESSAGE][PASSED] - Text ****** has been set on object 'Object Repository/Page_Login/input_password'

29-12-2023T11:19:39 - [TEST_STEP][PASSED] - click(findTestObject("Object Repository/Page_Login/button_Sign In")): Object: 'Object Repository/Page_Login/button_Sign In' is clicked on

29-12-2023T11:19:41 - [MESSAGE][PASSED] - Object: 'Object Repository/Page_Login/button_Sign In' is clicked on

29-12-2023T11:19:41 - [MESSAGE][PASSED] - Call Test Case 'Test Cases/Offline PSSI Dashboard Function/Create BE CCTV Data/Sign In/PSSISignInValidData' successfully

29-12-2023T11:19:41 - [TEST_STEP][PASSED] - navigateToUrl(baseUrl + "/cctv/stadion", failureHandling): Navigate to 'https://monitoring.pssi-dev.kecilin.id/cctv/stadion' successfully

29-12-2023T11:19:41 - [MESSAGE][PASSED] - Navigate to 'https://monitoring.pssi-dev.kecilin.id/cctv/stadion' successfully

29-12-2023T11:19:41 - [MESSAGE][PASSED] - Call Test Case 'Test Cases/Offline PSSI Dashboard Function/Create BE CCTV Data/View Stadium/PSSIViewStadiumData' successfully

29-12-2023T11:19:41 - [TEST_STEP][PASSED] - navigateToUrl(baseUrl + "/cctv/detail/64fea065acbef66fd5476494", failureHandling): Navigate to 'https://monitoring.pssi-dev.kecilin.id/cctv/detail/64fea065acbef66fd5476494' successfully

29-12-2023T11:19:42 - [MESSAGE][PASSED] - Navigate to 'https://monitoring.pssi-dev.kecilin.id/cctv/detail/64fea065acbef66fd5476494' successfully

29-12-2023T11:19:42 - [MESSAGE][PASSED] - Call Test Case 'Test Cases/Offline PSSI Dashboard Function/Create BE CCTV Data/View CCTV Table/PSSIViewCCTVData' successfully

29-12-2023T11:19:42 - [TEST_STEP][PASSED] - navigateToUrl(baseUrl + "/cctv/detail/64fea065acbef66fd5476494/create", failureHandling): Navigate to 'https://monitoring.pssi-dev.kecilin.id/cctv/detail/64fea065acbef66fd5476494/create' successfully

29-12-2023T11:19:42 - [MESSAGE][PASSED] - Navigate to 'https://monitoring.pssi-dev.kecilin.id/cctv/detail/64fea065acbef66fd5476494/create' successfully

29-12-2023T11:19:42 - [TEST_STEP][PASSED] - click(findTestObject("Object Repository/Page Add new CCTV Offline Web/button_Save"), failureHandling): Object: 'Object Repository/Page Add new CCTV Offline Web/button_Save' is clicked on

29-12-2023T11:19:43 - [MESSAGE][PASSED] - Object: 'Object Repository/Page Add new CCTV Offline Web/button_Save' is clicked on

29-12-2023T11:19:43 - [TEST_STEP][PASSED] - if (verifyElementPresent(findTestObject("Page_Add new CCTV/Add new CCTV Field Title"), 0, failureHandling)): null

29-12-2023T11:19:43 - [MESSAGE][WARNING] - Timeout '0' is invalid. Using default page load timeout: '30'

29-12-2023T11:19:44 - [MESSAGE][PASSED] - Object 'Object Repository/Page_Add new CCTV/Add new CCTV Field Title' is present

29-12-2023T11:19:44 - [TEST_STEP][PASSED] - if (verifyElementPresent(findTestObject("Page_Add new CCTV/Error Message CCTV ID Invalid value"), 0, failureHandling)): null

29-12-2023T11:19:44 - [MESSAGE][WARNING] - Timeout '0' is invalid. Using default page load timeout: '30'

29-12-2023T11:19:44 - [MESSAGE][PASSED] - Object 'Object Repository/Page_Add new CCTV/Error Message CCTV ID Invalid value' is present

29-12-2023T11:19:44 - [TEST_STEP][FAILED] - markFailed("Test failed because there is additional error message"): Test failed because there is additional error message

29-12-2023T11:19:44 - [MESSAGE][FAILED] - Test failed because there is additional error message

29-12-2023T11:19:44 - [TEST_STEP][PASSED] - setText(findTestObject("Object Repository/Page Add new CCTV Offline Web/input_Name_name"), "camera2", failureHandling): Text 'camera2' is set on object 'Object Repository/Page Add new CCTV Offline Web/input_Name_name'

29-12-2023T11:19:45 - [MESSAGE][PASSED] - Text 'camera2' is set on object 'Object Repository/Page Add new CCTV Offline Web/input_Name_name'

29-12-2023T11:19:45 - [TEST_STEP][FAILED] - click(findTestObject("Object Repository/Page Add new CCTV Offline Web/button_Save"), failureHandling): Unable to click on object 'Object Repository/Page Add new CCTV Offline Web/button_Save' (Root cause: com.kms.katalon.core.exception.StepFailedException: Unable to click on object 'Object Repository/Page Add new CCTV Offline Web/button_Save'
	at com.kms.katalon.core.webui.keyword.internal.WebUIKeywordMain.stepFailed(WebUIKeywordMain.groovy:64)
	at com.kms.katalon.core.webui.keyword.internal.WebUIKeywordMain.runKeyword(WebUIKeywordMain.groovy:26)
	at com.kms.katalon.core.webui.keyword.builtin.ClickKeyword.click(ClickKeyword.groovy:74)
	at com.kms.katalon.core.webui.keyword.builtin.ClickKeyword.execute(ClickKeyword.groovy:40)
	at com.kms.katalon.core.keyword.internal.KeywordExecutor.executeKeywordForPlatform(KeywordExecutor.groovy:74)
	at com.kms.katalon.core.webui.keyword.WebUiBuiltInKeywords.click(WebUiBuiltInKeywords.groovy:647)
	at PSSIAddCCTVEmptyMandatoryField.run(PSSIAddCCTVEmptyMandatoryField:49)
	at com.kms.katalon.core.main.ScriptEngine.run(ScriptEngine.java:194)
	at com.kms.katalon.core.main.ScriptEngine.runScriptAsRawText(ScriptEngine.java:119)
	at com.kms.katalon.core.main.TestCaseExecutor.runScript(TestCaseExecutor.java:448)
	at com.kms.katalon.core.main.TestCaseExecutor.doExecute(TestCaseExecutor.java:439)
	at com.kms.katalon.core.main.TestCaseExecutor.processExecutionPhase(TestCaseExecutor.java:418)
	at com.kms.katalon.core.main.TestCaseExecutor.accessMainPhase(TestCaseExecutor.java:410)
	at com.kms.katalon.core.main.TestCaseExecutor.execute(TestCaseExecutor.java:285)
	at com.kms.katalon.core.common.CommonExecutor.accessTestCaseMainPhase(CommonExecutor.java:65)
	at com.kms.katalon.core.main.TestSuiteExecutor.accessTestSuiteMainPhase(TestSuiteExecutor.java:148)
	at com.kms.katalon.core.main.TestSuiteExecutor.execute(TestSuiteExecutor.java:106)
	at com.kms.katalon.core.main.TestCaseMain.startTestSuite(TestCaseMain.java:180)
	at TempTestSuite1703823529384.run(TempTestSuite1703823529384.groovy:36)
	at java.base/jdk.internal.reflect.NativeMethodAccessorImpl.invoke0(Native Method)
	at java.base/jdk.internal.reflect.NativeMethodAccessorImpl.invoke(NativeMethodAccessorImpl.java:77)
	at java.base/jdk.internal.reflect.DelegatingMethodAccessorImpl.invoke(DelegatingMethodAccessorImpl.java:43)
Caused by: org.openqa.selenium.ElementNotInteractableException: element not interactable
  (Session info: chrome=120.0.6099.130)
Build info: version: '3.141.59', revision: 'e82be7d358', time: '2018-11-14T08:25:53'
System info: host: 'DESKTOP-HLRVE9S', ip: '192.168.100.183', os.name: 'Windows 10', os.arch: 'amd64', os.version: '10.0', java.version: '17.0.7'
Driver info: com.kms.katalon.selenium.driver.CChromeDriver
Capabilities {acceptInsecureCerts: false, browserName: chrome, browserVersion: 120.0.6099.130, chrome: {chromedriverVersion: 120.0.6099.71 (9729082fe617..., userDataDir: C:\Users\USER\AppData\Local...}, fedcm:accounts: true, goog:chromeOptions: {debuggerAddress: localhost:54422}, javascriptEnabled: true, networkConnectionEnabled: false, pageLoadStrategy: normal, platform: WINDOWS, platformName: WINDOWS, proxy: Proxy(), setWindowRect: true, strictFileInteractability: false, timeouts: {implicit: 0, pageLoad: 300000, script: 30000}, unhandledPromptBehavior: dismiss and notify, webauthn:extension:credBlob: true, webauthn:extension:largeBlob: true, webauthn:extension:minPinLength: true, webauthn:extension:prf: true, webauthn:virtualAuthenticators: true}
Session ID: 29a19cb4d9b4cbc4d71b996d4df7e08c
	at java.base/jdk.internal.reflect.NativeConstructorAccessorImpl.newInstance0(Native Method)
	at java.base/jdk.internal.reflect.NativeConstructorAccessorImpl.newInstance(NativeConstructorAccessorImpl.java:77)
	at java.base/jdk.internal.reflect.DelegatingConstructorAccessorImpl.newInstance(DelegatingConstructorAccessorImpl.java:45)
	at org.openqa.selenium.remote.http.W3CHttpResponseCodec.createException(W3CHttpResponseCodec.java:187)
	at org.openqa.selenium.remote.http.W3CHttpResponseCodec.decode(W3CHttpResponseCodec.java:122)
	at org.openqa.selenium.remote.http.W3CHttpResponseCodec.decode(W3CHttpResponseCodec.java:49)
	at org.openqa.selenium.remote.HttpCommandExecutor.execute(HttpCommandExecutor.java:158)
	at org.openqa.selenium.remote.service.DriverCommandExecutor.execute(DriverCommandExecutor.java:83)
	at org.openqa.selenium.remote.RemoteWebDriver.execute(RemoteWebDriver.java:552)
	at com.kms.katalon.selenium.driver.CChromeDriver.execute(CChromeDriver.java:19)
	at org.openqa.selenium.remote.RemoteWebElement.execute(RemoteWebElement.java:285)
	at org.openqa.selenium.remote.RemoteWebElement.click(RemoteWebElement.java:84)
	at java.base/jdk.internal.reflect.NativeMethodAccessorImpl.invoke0(Native Method)
	at java.base/jdk.internal.reflect.NativeMethodAccessorImpl.invoke(NativeMethodAccessorImpl.java:77)
	at java.base/jdk.internal.reflect.DelegatingMethodAccessorImpl.invoke(DelegatingMethodAccessorImpl.java:43)
	at org.openqa.selenium.support.events.EventFiringWebDriver$EventFiringWebElement.lambda$new$0(EventFiringWebDriver.java:404)
	at jdk.proxy2/jdk.proxy2.$Proxy24.click(Unknown Source)
	at org.openqa.selenium.support.events.EventFiringWebDriver$EventFiringWebElement.click(EventFiringWebDriver.java:417)
	at org.openqa.selenium.WebElement$click.call(Unknown Source)
	at com.kms.katalon.core.webui.keyword.builtin.ClickKeyword.clickUntilSuccessWithTimeout(ClickKeyword.groovy:81)
	at com.kms.katalon.core.webui.keyword.builtin.ClickKeyword.clickUntilSuccessWithTimeout(ClickKeyword.groovy)
	at java.base/jdk.internal.reflect.NativeMethodAccessorImpl.invoke0(Native Method)
	at java.base/jdk.internal.reflect.NativeMethodAccessorImpl.invoke(NativeMethodAccessorImpl.java:77)
	at java.base/jdk.internal.reflect.DelegatingMethodAccessorImpl.invoke(DelegatingMethodAccessorImpl.java:43)
	at com.kms.katalon.core.webui.keyword.builtin.ClickKeyword$_click_closure1.doCall(ClickKeyword.groovy:67)
	at com.kms.katalon.core.webui.keyword.builtin.ClickKeyword$_click_closure1.call(ClickKeyword.groovy)
	at com.kms.katalon.core.webui.keyword.internal.WebUIKeywordMain.runKeyword(WebUIKeywordMain.groovy:20)
	at com.kms.katalon.core.webui.keyword.builtin.ClickKeyword.click(ClickKeyword.groovy:74)
	at com.kms.katalon.core.webui.keyword.builtin.ClickKeyword.execute(ClickKeyword.groovy:40)
	at com.kms.katalon.core.keyword.internal.KeywordExecutor.executeKeywordForPlatform(KeywordExecutor.groovy:74)
	at com.kms.katalon.core.webui.keyword.WebUiBuiltInKeywords.click(WebUiBuiltInKeywords.groovy:647)
	at Script1703735314004.run(Script1703735314004.groovy:49)
	... 15 more
)

29-12-2023T11:19:45 - [MESSAGE][FAILED] - Unable to click on object 'Object Repository/Page Add new CCTV Offline Web/button_Save' (Root cause: com.kms.katalon.core.exception.StepFailedException: Unable to click on object 'Object Repository/Page Add new CCTV Offline Web/button_Save'
	at com.kms.katalon.core.webui.keyword.internal.WebUIKeywordMain.stepFailed(WebUIKeywordMain.groovy:64)
	at com.kms.katalon.core.webui.keyword.internal.WebUIKeywordMain.runKeyword(WebUIKeywordMain.groovy:26)
	at com.kms.katalon.core.webui.keyword.builtin.ClickKeyword.click(ClickKeyword.groovy:74)
	at com.kms.katalon.core.webui.keyword.builtin.ClickKeyword.execute(ClickKeyword.groovy:40)
	at com.kms.katalon.core.keyword.internal.KeywordExecutor.executeKeywordForPlatform(KeywordExecutor.groovy:74)
	at com.kms.katalon.core.webui.keyword.WebUiBuiltInKeywords.click(WebUiBuiltInKeywords.groovy:647)
	at PSSIAddCCTVEmptyMandatoryField.run(PSSIAddCCTVEmptyMandatoryField:49)
	at com.kms.katalon.core.main.ScriptEngine.run(ScriptEngine.java:194)
	at com.kms.katalon.core.main.ScriptEngine.runScriptAsRawText(ScriptEngine.java:119)
	at com.kms.katalon.core.main.TestCaseExecutor.runScript(TestCaseExecutor.java:448)
	at com.kms.katalon.core.main.TestCaseExecutor.doExecute(TestCaseExecutor.java:439)
	at com.kms.katalon.core.main.TestCaseExecutor.processExecutionPhase(TestCaseExecutor.java:418)
	at com.kms.katalon.core.main.TestCaseExecutor.accessMainPhase(TestCaseExecutor.java:410)
	at com.kms.katalon.core.main.TestCaseExecutor.execute(TestCaseExecutor.java:285)
	at com.kms.katalon.core.common.CommonExecutor.accessTestCaseMainPhase(CommonExecutor.java:65)
	at com.kms.katalon.core.main.TestSuiteExecutor.accessTestSuiteMainPhase(TestSuiteExecutor.java:148)
	at com.kms.katalon.core.main.TestSuiteExecutor.execute(TestSuiteExecutor.java:106)
	at com.kms.katalon.core.main.TestCaseMain.startTestSuite(TestCaseMain.java:180)
	at TempTestSuite1703823529384.run(TempTestSuite1703823529384.groovy:36)
	at java.base/jdk.internal.reflect.NativeMethodAccessorImpl.invoke0(Native Method)
	at java.base/jdk.internal.reflect.NativeMethodAccessorImpl.invoke(NativeMethodAccessorImpl.java:77)
	at java.base/jdk.internal.reflect.DelegatingMethodAccessorImpl.invoke(DelegatingMethodAccessorImpl.java:43)
Caused by: org.openqa.selenium.ElementNotInteractableException: element not interactable
  (Session info: chrome=120.0.6099.130)
Build info: version: '3.141.59', revision: 'e82be7d358', time: '2018-11-14T08:25:53'
System info: host: 'DESKTOP-HLRVE9S', ip: '192.168.100.183', os.name: 'Windows 10', os.arch: 'amd64', os.version: '10.0', java.version: '17.0.7'
Driver info: com.kms.katalon.selenium.driver.CChromeDriver
Capabilities {acceptInsecureCerts: false, browserName: chrome, browserVersion: 120.0.6099.130, chrome: {chromedriverVersion: 120.0.6099.71 (9729082fe617..., userDataDir: C:\Users\USER\AppData\Local...}, fedcm:accounts: true, goog:chromeOptions: {debuggerAddress: localhost:54422}, javascriptEnabled: true, networkConnectionEnabled: false, pageLoadStrategy: normal, platform: WINDOWS, platformName: WINDOWS, proxy: Proxy(), setWindowRect: true, strictFileInteractability: false, timeouts: {implicit: 0, pageLoad: 300000, script: 30000}, unhandledPromptBehavior: dismiss and notify, webauthn:extension:credBlob: true, webauthn:extension:largeBlob: true, webauthn:extension:minPinLength: true, webauthn:extension:prf: true, webauthn:virtualAuthenticators: true}
Session ID: 29a19cb4d9b4cbc4d71b996d4df7e08c
	at java.base/jdk.internal.reflect.NativeConstructorAccessorImpl.newInstance0(Native Method)
	at java.base/jdk.internal.reflect.NativeConstructorAccessorImpl.newInstance(NativeConstructorAccessorImpl.java:77)
	at java.base/jdk.internal.reflect.DelegatingConstructorAccessorImpl.newInstance(DelegatingConstructorAccessorImpl.java:45)
	at org.openqa.selenium.remote.http.W3CHttpResponseCodec.createException(W3CHttpResponseCodec.java:187)
	at org.openqa.selenium.remote.http.W3CHttpResponseCodec.decode(W3CHttpResponseCodec.java:122)
	at org.openqa.selenium.remote.http.W3CHttpResponseCodec.decode(W3CHttpResponseCodec.java:49)
	at org.openqa.selenium.remote.HttpCommandExecutor.execute(HttpCommandExecutor.java:158)
	at org.openqa.selenium.remote.service.DriverCommandExecutor.execute(DriverCommandExecutor.java:83)
	at org.openqa.selenium.remote.RemoteWebDriver.execute(RemoteWebDriver.java:552)
	at com.kms.katalon.selenium.driver.CChromeDriver.execute(CChromeDriver.java:19)
	at org.openqa.selenium.remote.RemoteWebElement.execute(RemoteWebElement.java:285)
	at org.openqa.selenium.remote.RemoteWebElement.click(RemoteWebElement.java:84)
	at java.base/jdk.internal.reflect.NativeMethodAccessorImpl.invoke0(Native Method)
	at java.base/jdk.internal.reflect.NativeMethodAccessorImpl.invoke(NativeMethodAccessorImpl.java:77)
	at java.base/jdk.internal.reflect.DelegatingMethodAccessorImpl.invoke(DelegatingMethodAccessorImpl.java:43)
	at org.openqa.selenium.support.events.EventFiringWebDriver$EventFiringWebElement.lambda$new$0(EventFiringWebDriver.java:404)
	at jdk.proxy2/jdk.proxy2.$Proxy24.click(Unknown Source)
	at org.openqa.selenium.support.events.EventFiringWebDriver$EventFiringWebElement.click(EventFiringWebDriver.java:417)
	at org.openqa.selenium.WebElement$click.call(Unknown Source)
	at com.kms.katalon.core.webui.keyword.builtin.ClickKeyword.clickUntilSuccessWithTimeout(ClickKeyword.groovy:81)
	at com.kms.katalon.core.webui.keyword.builtin.ClickKeyword.clickUntilSuccessWithTimeout(ClickKeyword.groovy)
	at java.base/jdk.internal.reflect.NativeMethodAccessorImpl.invoke0(Native Method)
	at java.base/jdk.internal.reflect.NativeMethodAccessorImpl.invoke(NativeMethodAccessorImpl.java:77)
	at java.base/jdk.internal.reflect.DelegatingMethodAccessorImpl.invoke(DelegatingMethodAccessorImpl.java:43)
	at com.kms.katalon.core.webui.keyword.builtin.ClickKeyword$_click_closure1.doCall(ClickKeyword.groovy:67)
	at com.kms.katalon.core.webui.keyword.builtin.ClickKeyword$_click_closure1.call(ClickKeyword.groovy)
	at com.kms.katalon.core.webui.keyword.internal.WebUIKeywordMain.runKeyword(WebUIKeywordMain.groovy:20)
	at com.kms.katalon.core.webui.keyword.builtin.ClickKeyword.click(ClickKeyword.groovy:74)
	at com.kms.katalon.core.webui.keyword.builtin.ClickKeyword.execute(ClickKeyword.groovy:40)
	at com.kms.katalon.core.keyword.internal.KeywordExecutor.executeKeywordForPlatform(KeywordExecutor.groovy:74)
	at com.kms.katalon.core.webui.keyword.WebUiBuiltInKeywords.click(WebUiBuiltInKeywords.groovy:647)
	at Script1703735314004.run(Script1703735314004.groovy:49)
	... 15 more
)
[[ATTACHMENT|C:\\Users\\USER\\git\\Kecilin-Automation-Test\\Reports\\20231229_111847\\Create BE CCTV Data\\Add CCTV Test Suite\\20231229_111849\\1703823585797.png]]]]></system-out>
         <system-err><![CDATA[29-12-2023T11:19:35 - [TEST_CASE][FAILED] - Test Cases/Offline PSSI Dashboard Function/Create BE CCTV Data/Add CCTV/Negative Test Case/PSSIAddCCTVEmptyMandatoryField: Test Cases/Offline PSSI Dashboard Function/Create BE CCTV Data/Add CCTV/Negative Test Case/PSSIAddCCTVEmptyMandatoryField FAILED.
Reason:
com.kms.katalon.core.exception.StepFailedException: Test failed because there is additional error message
	at com.kms.katalon.core.util.KeywordUtil.markFailed(KeywordUtil.java:19)
	at PSSIAddCCTVEmptyMandatoryField.run(PSSIAddCCTVEmptyMandatoryField:34)
	at com.kms.katalon.core.main.ScriptEngine.run(ScriptEngine.java:194)
	at com.kms.katalon.core.main.ScriptEngine.runScriptAsRawText(ScriptEngine.java:119)
	at com.kms.katalon.core.main.TestCaseExecutor.runScript(TestCaseExecutor.java:448)
	at com.kms.katalon.core.main.TestCaseExecutor.doExecute(TestCaseExecutor.java:439)
	at com.kms.katalon.core.main.TestCaseExecutor.processExecutionPhase(TestCaseExecutor.java:418)
	at com.kms.katalon.core.main.TestCaseExecutor.accessMainPhase(TestCaseExecutor.java:410)
	at com.kms.katalon.core.main.TestCaseExecutor.execute(TestCaseExecutor.java:285)
	at com.kms.katalon.core.common.CommonExecutor.accessTestCaseMainPhase(CommonExecutor.java:65)
	at com.kms.katalon.core.main.TestSuiteExecutor.accessTestSuiteMainPhase(TestSuiteExecutor.java:148)
	at com.kms.katalon.core.main.TestSuiteExecutor.execute(TestSuiteExecutor.java:106)
	at com.kms.katalon.core.main.TestCaseMain.startTestSuite(TestCaseMain.java:180)
	at TempTestSuite1703823529384.run(TempTestSuite1703823529384.groovy:36)
	at java.base/jdk.internal.reflect.NativeMethodAccessorImpl.invoke0(Native Method)
	at java.base/jdk.internal.reflect.NativeMethodAccessorImpl.invoke(NativeMethodAccessorImpl.java:77)
	at java.base/jdk.internal.reflect.DelegatingMethodAccessorImpl.invoke(DelegatingMethodAccessorImpl.java:43)]]></system-err>
      </testcase>
      <testcase name="Test Cases/Offline PSSI Dashboard Function/Create BE CCTV Data/Add CCTV/Negative Test Case/PSSIAddCCTVInvalidCCTVID" time="12.196" classname="Test Cases/Offline PSSI Dashboard Function/Create BE CCTV Data/Add CCTV/Negative Test Case/PSSIAddCCTVInvalidCCTVID" status="PASSED">
         <system-out><![CDATA[29-12-2023T11:19:45 - [TEST_CASE][PASSED] - Test Cases/Offline PSSI Dashboard Function/Create BE CCTV Data/Add CCTV/Negative Test Case/PSSIAddCCTVInvalidCCTVID: Test Cases/Offline PSSI Dashboard Function/Create BE CCTV Data/Add CCTV/Negative Test Case/PSSIAddCCTVInvalidCCTVID

29-12-2023T11:19:46 - [TEST_STEP][PASSED] - failureHandling = STOP_ON_FAILURE: null

29-12-2023T11:19:46 - [TEST_STEP][PASSED] - baseUrl = offline_pssi_dashboard_url: null

29-12-2023T11:19:46 - [TEST_STEP][PASSED] - callTestCase(findTestCase("Offline PSSI Dashboard Function/Create BE CCTV Data/View CCTV Table/PSSIViewCCTVData"), [:], failureHandling): Call Test Case 'Test Cases/Offline PSSI Dashboard Function/Create BE CCTV Data/View CCTV Table/PSSIViewCCTVData' successfully

29-12-2023T11:19:46 - [TEST_CASE][PASSED] - Test Cases/Offline PSSI Dashboard Function/Create BE CCTV Data/View CCTV Table/PSSIViewCCTVData: Test Cases/Offline PSSI Dashboard Function/Create BE CCTV Data/View CCTV Table/PSSIViewCCTVData

29-12-2023T11:19:46 - [TEST_STEP][PASSED] - failureHandling = STOP_ON_FAILURE: null

29-12-2023T11:19:46 - [TEST_STEP][PASSED] - baseUrl = offline_pssi_dashboard_url: null

29-12-2023T11:19:46 - [TEST_STEP][PASSED] - callTestCase(findTestCase("Offline PSSI Dashboard Function/Create BE CCTV Data/View Stadium/PSSIViewStadiumData"), [:], failureHandling): Call Test Case 'Test Cases/Offline PSSI Dashboard Function/Create BE CCTV Data/View Stadium/PSSIViewStadiumData' successfully

29-12-2023T11:19:46 - [TEST_CASE][PASSED] - Test Cases/Offline PSSI Dashboard Function/Create BE CCTV Data/View Stadium/PSSIViewStadiumData: Test Cases/Offline PSSI Dashboard Function/Create BE CCTV Data/View Stadium/PSSIViewStadiumData

29-12-2023T11:19:46 - [TEST_STEP][PASSED] - failureHandling = STOP_ON_FAILURE: null

29-12-2023T11:19:46 - [TEST_STEP][PASSED] - baseUrl = offline_pssi_dashboard_url: null

29-12-2023T11:19:46 - [TEST_STEP][PASSED] - callTestCase(findTestCase("Offline PSSI Dashboard Function/Create BE CCTV Data/Sign In/PSSISignInValidData"), [:], failureHandling): Call Test Case 'Test Cases/Offline PSSI Dashboard Function/Create BE CCTV Data/Sign In/PSSISignInValidData' successfully

29-12-2023T11:19:46 - [TEST_CASE][PASSED] - Test Cases/Offline PSSI Dashboard Function/Create BE CCTV Data/Sign In/PSSISignInValidData: Test Cases/Offline PSSI Dashboard Function/Create BE CCTV Data/Sign In/PSSISignInValidData

29-12-2023T11:19:46 - [TEST_STEP][PASSED] - failureHandling = STOP_ON_FAILURE: null

29-12-2023T11:19:46 - [TEST_STEP][PASSED] - baseUrl = offline_pssi_dashboard_url: null

29-12-2023T11:19:46 - [TEST_STEP][PASSED] - openBrowser(""): Browser is opened with url: ''

29-12-2023T11:19:46 - [MESSAGE][WARNING] - A browser is already opened. Closing browser and opening a new one

29-12-2023T11:19:46 - [MESSAGE][INFO] - Starting 'Chrome' driver

29-12-2023T11:19:46 - [MESSAGE][INFO] - Action delay is set to 0 milliseconds

29-12-2023T11:19:47 - [MESSAGE][PASSED] - Browser is opened with url: ''

29-12-2023T11:19:47 - [TEST_STEP][PASSED] - navigateToUrl(baseUrl): Navigate to 'https://monitoring.pssi-dev.kecilin.id' successfully

29-12-2023T11:19:48 - [MESSAGE][PASSED] - Navigate to 'https://monitoring.pssi-dev.kecilin.id' successfully

29-12-2023T11:19:48 - [TEST_STEP][PASSED] - maximizeWindow(): Current window maximized

29-12-2023T11:19:48 - [MESSAGE][PASSED] - Current window maximized

29-12-2023T11:19:48 - [TEST_STEP][PASSED] - setText(findTestObject("Object Repository/Page_Login/input_email"), "superadmin@app.com"): Text 'superadmin@app.com' is set on object 'Object Repository/Page_Login/input_email'

29-12-2023T11:19:49 - [MESSAGE][PASSED] - Text 'superadmin@app.com' is set on object 'Object Repository/Page_Login/input_email'

29-12-2023T11:19:49 - [TEST_STEP][PASSED] - setEncryptedText(findTestObject("Object Repository/Page_Login/input_password"), "8SQVv/p9jVScEs4/2CZsLw=="): Text ****** has been set on object 'Object Repository/Page_Login/input_password'

29-12-2023T11:19:50 - [MESSAGE][PASSED] - Text ****** has been set on object 'Object Repository/Page_Login/input_password'

29-12-2023T11:19:50 - [TEST_STEP][PASSED] - click(findTestObject("Object Repository/Page_Login/button_Sign In")): Object: 'Object Repository/Page_Login/button_Sign In' is clicked on

29-12-2023T11:19:51 - [MESSAGE][PASSED] - Object: 'Object Repository/Page_Login/button_Sign In' is clicked on

29-12-2023T11:19:51 - [MESSAGE][PASSED] - Call Test Case 'Test Cases/Offline PSSI Dashboard Function/Create BE CCTV Data/Sign In/PSSISignInValidData' successfully

29-12-2023T11:19:51 - [TEST_STEP][PASSED] - navigateToUrl(baseUrl + "/cctv/stadion", failureHandling): Navigate to 'https://monitoring.pssi-dev.kecilin.id/cctv/stadion' successfully

29-12-2023T11:19:52 - [MESSAGE][PASSED] - Navigate to 'https://monitoring.pssi-dev.kecilin.id/cctv/stadion' successfully

29-12-2023T11:19:52 - [MESSAGE][PASSED] - Call Test Case 'Test Cases/Offline PSSI Dashboard Function/Create BE CCTV Data/View Stadium/PSSIViewStadiumData' successfully

29-12-2023T11:19:52 - [TEST_STEP][PASSED] - navigateToUrl(baseUrl + "/cctv/detail/64fea065acbef66fd5476494", failureHandling): Navigate to 'https://monitoring.pssi-dev.kecilin.id/cctv/detail/64fea065acbef66fd5476494' successfully

29-12-2023T11:19:52 - [MESSAGE][PASSED] - Navigate to 'https://monitoring.pssi-dev.kecilin.id/cctv/detail/64fea065acbef66fd5476494' successfully

29-12-2023T11:19:52 - [MESSAGE][PASSED] - Call Test Case 'Test Cases/Offline PSSI Dashboard Function/Create BE CCTV Data/View CCTV Table/PSSIViewCCTVData' successfully

29-12-2023T11:19:52 - [TEST_STEP][PASSED] - navigateToUrl(baseUrl + "/cctv/detail/64fea065acbef66fd5476494/create", failureHandling): Navigate to 'https://monitoring.pssi-dev.kecilin.id/cctv/detail/64fea065acbef66fd5476494/create' successfully

29-12-2023T11:19:53 - [MESSAGE][PASSED] - Navigate to 'https://monitoring.pssi-dev.kecilin.id/cctv/detail/64fea065acbef66fd5476494/create' successfully

29-12-2023T11:19:53 - [TEST_STEP][PASSED] - setText(findTestObject("Object Repository/Page Add new CCTV Offline Web/input_Name_name"), "camera2", failureHandling): Text 'camera2' is set on object 'Object Repository/Page Add new CCTV Offline Web/input_Name_name'

29-12-2023T11:19:54 - [MESSAGE][PASSED] - Text 'camera2' is set on object 'Object Repository/Page Add new CCTV Offline Web/input_Name_name'

29-12-2023T11:19:54 - [TEST_STEP][PASSED] - setText(findTestObject("Object Repository/Page Add new CCTV Offline Web/input_CCTV ID_cctv_id"), "---", failureHandling): Text '---' is set on object 'Object Repository/Page Add new CCTV Offline Web/input_CCTV ID_cctv_id'

29-12-2023T11:19:55 - [MESSAGE][PASSED] - Text '---' is set on object 'Object Repository/Page Add new CCTV Offline Web/input_CCTV ID_cctv_id'

29-12-2023T11:19:55 - [TEST_STEP][PASSED] - setText(findTestObject("Object Repository/Page Add new CCTV Offline Web/input_RTSP_rtsp"), "googeru", failureHandling): Text 'googeru' is set on object 'Object Repository/Page Add new CCTV Offline Web/input_RTSP_rtsp'

29-12-2023T11:19:56 - [MESSAGE][PASSED] - Text 'googeru' is set on object 'Object Repository/Page Add new CCTV Offline Web/input_RTSP_rtsp'

29-12-2023T11:19:56 - [TEST_STEP][PASSED] - click(findTestObject("Object Repository/Page Add new CCTV Offline Web/button_Save"), failureHandling): Object: 'Object Repository/Page Add new CCTV Offline Web/button_Save' is clicked on

29-12-2023T11:19:56 - [MESSAGE][PASSED] - Object: 'Object Repository/Page Add new CCTV Offline Web/button_Save' is clicked on

29-12-2023T11:19:56 - [TEST_STEP][PASSED] - if (verifyElementNotPresent(findTestObject("Page_CCTV/CCTV Data Title"), 0, failureHandling)): null

29-12-2023T11:19:57 - [MESSAGE][WARNING] - Timeout '0' is invalid. Using default page load timeout: '30'

29-12-2023T11:19:57 - [MESSAGE][PASSED] - Web element with id: 'Object Repository/Page_CCTV/CCTV Data Title' located by 'By.xpath: //div/div/span' is not present after '30' second(s)

29-12-2023T11:19:57 - [TEST_STEP][PASSED] - if (verifyTextPresent("Invalid value", false)): null

29-12-2023T11:19:57 - [MESSAGE][PASSED] - Text 'Invalid value' is present on page 

29-12-2023T11:19:57 - [TEST_STEP][PASSED] - markPassed("Test passed because id is invalid"): Test passed because id is invalid

29-12-2023T11:19:57 - [MESSAGE][PASSED] - Test passed because id is invalid

29-12-2023T11:19:57 - [TEST_STEP][PASSED] - closeBrowser(): Browser is closed

29-12-2023T11:19:58 - [MESSAGE][PASSED] - Browser is closed]]></system-out>
         <system-err><![CDATA[]]></system-err>
      </testcase>
      <testcase name="Test Cases/Offline PSSI Dashboard Function/Create BE CCTV Data/Add CCTV/Negative Test Case/PSSIAddCCTVInvalidDataOfflineWeb" time="11.297" classname="Test Cases/Offline PSSI Dashboard Function/Create BE CCTV Data/Add CCTV/Negative Test Case/PSSIAddCCTVInvalidDataOfflineWeb" status="FAILED">
         <failure type="FAILED" message="Test Cases/Offline PSSI Dashboard Function/Create BE CCTV Data/Add CCTV/Negative Test Case/PSSIAddCCTVInvalidDataOfflineWeb FAILED.&#xa;Reason:&#xa;com.kms.katalon.core.exception.StepFailedException: Test failed because conditionFails is true&#xa;	at com.kms.katalon.core.util.KeywordUtil.markFailed(KeywordUtil.java:19)&#xa;	at PSSIAddCCTVInvalidDataOfflineWeb.run(PSSIAddCCTVInvalidDataOfflineWeb:39)&#xa;	at com.kms.katalon.core.main.ScriptEngine.run(ScriptEngine.java:194)&#xa;	at com.kms.katalon.core.main.ScriptEngine.runScriptAsRawText(ScriptEngine.java:119)&#xa;	at com.kms.katalon.core.main.TestCaseExecutor.runScript(TestCaseExecutor.java:448)&#xa;	at com.kms.katalon.core.main.TestCaseExecutor.doExecute(TestCaseExecutor.java:439)&#xa;	at com.kms.katalon.core.main.TestCaseExecutor.processExecutionPhase(TestCaseExecutor.java:418)&#xa;	at com.kms.katalon.core.main.TestCaseExecutor.accessMainPhase(TestCaseExecutor.java:410)&#xa;	at com.kms.katalon.core.main.TestCaseExecutor.execute(TestCaseExecutor.java:285)&#xa;	at com.kms.katalon.core.common.CommonExecutor.accessTestCaseMainPhase(CommonExecutor.java:65)&#xa;	at com.kms.katalon.core.main.TestSuiteExecutor.accessTestSuiteMainPhase(TestSuiteExecutor.java:148)&#xa;	at com.kms.katalon.core.main.TestSuiteExecutor.execute(TestSuiteExecutor.java:106)&#xa;	at com.kms.katalon.core.main.TestCaseMain.startTestSuite(TestCaseMain.java:180)&#xa;	at TempTestSuite1703823529384.run(TempTestSuite1703823529384.groovy:36)&#xa;	at java.base/jdk.internal.reflect.NativeMethodAccessorImpl.invoke0(Native Method)&#xa;	at java.base/jdk.internal.reflect.NativeMethodAccessorImpl.invoke(NativeMethodAccessorImpl.java:77)&#xa;	at java.base/jdk.internal.reflect.DelegatingMethodAccessorImpl.invoke(DelegatingMethodAccessorImpl.java:43)&#xa;"/>
         <system-out><![CDATA[29-12-2023T11:19:58 - [TEST_CASE][FAILED] - Test Cases/Offline PSSI Dashboard Function/Create BE CCTV Data/Add CCTV/Negative Test Case/PSSIAddCCTVInvalidDataOfflineWeb: Test Cases/Offline PSSI Dashboard Function/Create BE CCTV Data/Add CCTV/Negative Test Case/PSSIAddCCTVInvalidDataOfflineWeb FAILED.
Reason:
com.kms.katalon.core.exception.StepFailedException: Test failed because conditionFails is true
	at com.kms.katalon.core.util.KeywordUtil.markFailed(KeywordUtil.java:19)
	at PSSIAddCCTVInvalidDataOfflineWeb.run(PSSIAddCCTVInvalidDataOfflineWeb:39)
	at com.kms.katalon.core.main.ScriptEngine.run(ScriptEngine.java:194)
	at com.kms.katalon.core.main.ScriptEngine.runScriptAsRawText(ScriptEngine.java:119)
	at com.kms.katalon.core.main.TestCaseExecutor.runScript(TestCaseExecutor.java:448)
	at com.kms.katalon.core.main.TestCaseExecutor.doExecute(TestCaseExecutor.java:439)
	at com.kms.katalon.core.main.TestCaseExecutor.processExecutionPhase(TestCaseExecutor.java:418)
	at com.kms.katalon.core.main.TestCaseExecutor.accessMainPhase(TestCaseExecutor.java:410)
	at com.kms.katalon.core.main.TestCaseExecutor.execute(TestCaseExecutor.java:285)
	at com.kms.katalon.core.common.CommonExecutor.accessTestCaseMainPhase(CommonExecutor.java:65)
	at com.kms.katalon.core.main.TestSuiteExecutor.accessTestSuiteMainPhase(TestSuiteExecutor.java:148)
	at com.kms.katalon.core.main.TestSuiteExecutor.execute(TestSuiteExecutor.java:106)
	at com.kms.katalon.core.main.TestCaseMain.startTestSuite(TestCaseMain.java:180)
	at TempTestSuite1703823529384.run(TempTestSuite1703823529384.groovy:36)
	at java.base/jdk.internal.reflect.NativeMethodAccessorImpl.invoke0(Native Method)
	at java.base/jdk.internal.reflect.NativeMethodAccessorImpl.invoke(NativeMethodAccessorImpl.java:77)
	at java.base/jdk.internal.reflect.DelegatingMethodAccessorImpl.invoke(DelegatingMethodAccessorImpl.java:43)


29-12-2023T11:19:58 - [TEST_STEP][PASSED] - failureHandling = STOP_ON_FAILURE: null

29-12-2023T11:19:58 - [TEST_STEP][PASSED] - baseUrl = offline_pssi_dashboard_url: null

29-12-2023T11:19:58 - [TEST_STEP][PASSED] - callTestCase(findTestCase("Offline PSSI Dashboard Function/Create BE CCTV Data/Sign In/PSSISignInValidData"), [:], failureHandling): Call Test Case 'Test Cases/Offline PSSI Dashboard Function/Create BE CCTV Data/Sign In/PSSISignInValidData' successfully

29-12-2023T11:19:58 - [TEST_CASE][PASSED] - Test Cases/Offline PSSI Dashboard Function/Create BE CCTV Data/Sign In/PSSISignInValidData: Test Cases/Offline PSSI Dashboard Function/Create BE CCTV Data/Sign In/PSSISignInValidData

29-12-2023T11:19:58 - [TEST_STEP][PASSED] - failureHandling = STOP_ON_FAILURE: null

29-12-2023T11:19:58 - [TEST_STEP][PASSED] - baseUrl = offline_pssi_dashboard_url: null

29-12-2023T11:19:58 - [TEST_STEP][PASSED] - openBrowser(""): Browser is opened with url: ''

29-12-2023T11:19:58 - [MESSAGE][INFO] - Starting 'Chrome' driver

29-12-2023T11:19:58 - [MESSAGE][INFO] - Action delay is set to 0 milliseconds

29-12-2023T11:19:59 - [MESSAGE][PASSED] - Browser is opened with url: ''

29-12-2023T11:19:59 - [TEST_STEP][PASSED] - navigateToUrl(baseUrl): Navigate to 'https://monitoring.pssi-dev.kecilin.id' successfully

29-12-2023T11:20:00 - [MESSAGE][PASSED] - Navigate to 'https://monitoring.pssi-dev.kecilin.id' successfully

29-12-2023T11:20:00 - [TEST_STEP][PASSED] - maximizeWindow(): Current window maximized

29-12-2023T11:20:00 - [MESSAGE][PASSED] - Current window maximized

29-12-2023T11:20:00 - [TEST_STEP][PASSED] - setText(findTestObject("Object Repository/Page_Login/input_email"), "superadmin@app.com"): Text 'superadmin@app.com' is set on object 'Object Repository/Page_Login/input_email'

29-12-2023T11:20:01 - [MESSAGE][PASSED] - Text 'superadmin@app.com' is set on object 'Object Repository/Page_Login/input_email'

29-12-2023T11:20:01 - [TEST_STEP][PASSED] - setEncryptedText(findTestObject("Object Repository/Page_Login/input_password"), "8SQVv/p9jVScEs4/2CZsLw=="): Text ****** has been set on object 'Object Repository/Page_Login/input_password'

29-12-2023T11:20:02 - [MESSAGE][PASSED] - Text ****** has been set on object 'Object Repository/Page_Login/input_password'

29-12-2023T11:20:02 - [TEST_STEP][PASSED] - click(findTestObject("Object Repository/Page_Login/button_Sign In")): Object: 'Object Repository/Page_Login/button_Sign In' is clicked on

29-12-2023T11:20:03 - [MESSAGE][PASSED] - Object: 'Object Repository/Page_Login/button_Sign In' is clicked on

29-12-2023T11:20:03 - [MESSAGE][PASSED] - Call Test Case 'Test Cases/Offline PSSI Dashboard Function/Create BE CCTV Data/Sign In/PSSISignInValidData' successfully

29-12-2023T11:20:03 - [TEST_STEP][PASSED] - navigateToUrl(baseUrl + "/cctv/stadion", failureHandling): Navigate to 'https://monitoring.pssi-dev.kecilin.id/cctv/stadion' successfully

29-12-2023T11:20:04 - [MESSAGE][PASSED] - Navigate to 'https://monitoring.pssi-dev.kecilin.id/cctv/stadion' successfully

29-12-2023T11:20:04 - [TEST_STEP][PASSED] - navigateToUrl(baseUrl + "/cctv/detail/64fea065acbef66fd5476494", failureHandling): Navigate to 'https://monitoring.pssi-dev.kecilin.id/cctv/detail/64fea065acbef66fd5476494' successfully

29-12-2023T11:20:04 - [MESSAGE][PASSED] - Navigate to 'https://monitoring.pssi-dev.kecilin.id/cctv/detail/64fea065acbef66fd5476494' successfully

29-12-2023T11:20:04 - [TEST_STEP][PASSED] - navigateToUrl(baseUrl + "/cctv/detail/64fea065acbef66fd5476494/create", failureHandling): Navigate to 'https://monitoring.pssi-dev.kecilin.id/cctv/detail/64fea065acbef66fd5476494/create' successfully

29-12-2023T11:20:04 - [MESSAGE][PASSED] - Navigate to 'https://monitoring.pssi-dev.kecilin.id/cctv/detail/64fea065acbef66fd5476494/create' successfully

29-12-2023T11:20:04 - [TEST_STEP][PASSED] - setText(findTestObject("Object Repository/Page Add new CCTV Offline Web/input_Name_name"), "a", failureHandling): Text 'a' is set on object 'Object Repository/Page Add new CCTV Offline Web/input_Name_name'

29-12-2023T11:20:05 - [MESSAGE][PASSED] - Text 'a' is set on object 'Object Repository/Page Add new CCTV Offline Web/input_Name_name'

29-12-2023T11:20:06 - [TEST_STEP][PASSED] - setText(findTestObject("Object Repository/Page Add new CCTV Offline Web/input_CCTV ID_cctv_id"), "a", failureHandling): Text 'a' is set on object 'Object Repository/Page Add new CCTV Offline Web/input_CCTV ID_cctv_id'

29-12-2023T11:20:06 - [MESSAGE][PASSED] - Text 'a' is set on object 'Object Repository/Page Add new CCTV Offline Web/input_CCTV ID_cctv_id'

29-12-2023T11:20:06 - [TEST_STEP][PASSED] - setText(findTestObject("Object Repository/Page Add new CCTV Offline Web/input_RTSP_rtsp"), "a", failureHandling): Text 'a' is set on object 'Object Repository/Page Add new CCTV Offline Web/input_RTSP_rtsp'

29-12-2023T11:20:07 - [MESSAGE][PASSED] - Text 'a' is set on object 'Object Repository/Page Add new CCTV Offline Web/input_RTSP_rtsp'

29-12-2023T11:20:07 - [TEST_STEP][PASSED] - click(findTestObject("Object Repository/Page Add new CCTV Offline Web/button_Save"), failureHandling): Object: 'Object Repository/Page Add new CCTV Offline Web/button_Save' is clicked on

29-12-2023T11:20:08 - [MESSAGE][PASSED] - Object: 'Object Repository/Page Add new CCTV Offline Web/button_Save' is clicked on

29-12-2023T11:20:08 - [TEST_STEP][PASSED] - if (verifyElementPresent(findTestObject("Object Repository/Page_CCTV/CCTV Data Title"), 0, failureHandling)): null

29-12-2023T11:20:08 - [MESSAGE][WARNING] - Timeout '0' is invalid. Using default page load timeout: '30'

29-12-2023T11:20:09 - [MESSAGE][PASSED] - Object 'Object Repository/Page_CCTV/CCTV Data Title' is present

29-12-2023T11:20:09 - [TEST_STEP][FAILED] - markFailed("Test failed because conditionFails is true"): Test failed because conditionFails is true

29-12-2023T11:20:09 - [MESSAGE][FAILED] - Test failed because conditionFails is true

29-12-2023T11:20:09 - [TEST_STEP][PASSED] - closeBrowser(): Browser is closed

29-12-2023T11:20:09 - [MESSAGE][PASSED] - Browser is closed]]></system-out>
         <system-err><![CDATA[29-12-2023T11:19:58 - [TEST_CASE][FAILED] - Test Cases/Offline PSSI Dashboard Function/Create BE CCTV Data/Add CCTV/Negative Test Case/PSSIAddCCTVInvalidDataOfflineWeb: Test Cases/Offline PSSI Dashboard Function/Create BE CCTV Data/Add CCTV/Negative Test Case/PSSIAddCCTVInvalidDataOfflineWeb FAILED.
Reason:
com.kms.katalon.core.exception.StepFailedException: Test failed because conditionFails is true
	at com.kms.katalon.core.util.KeywordUtil.markFailed(KeywordUtil.java:19)
	at PSSIAddCCTVInvalidDataOfflineWeb.run(PSSIAddCCTVInvalidDataOfflineWeb:39)
	at com.kms.katalon.core.main.ScriptEngine.run(ScriptEngine.java:194)
	at com.kms.katalon.core.main.ScriptEngine.runScriptAsRawText(ScriptEngine.java:119)
	at com.kms.katalon.core.main.TestCaseExecutor.runScript(TestCaseExecutor.java:448)
	at com.kms.katalon.core.main.TestCaseExecutor.doExecute(TestCaseExecutor.java:439)
	at com.kms.katalon.core.main.TestCaseExecutor.processExecutionPhase(TestCaseExecutor.java:418)
	at com.kms.katalon.core.main.TestCaseExecutor.accessMainPhase(TestCaseExecutor.java:410)
	at com.kms.katalon.core.main.TestCaseExecutor.execute(TestCaseExecutor.java:285)
	at com.kms.katalon.core.common.CommonExecutor.accessTestCaseMainPhase(CommonExecutor.java:65)
	at com.kms.katalon.core.main.TestSuiteExecutor.accessTestSuiteMainPhase(TestSuiteExecutor.java:148)
	at com.kms.katalon.core.main.TestSuiteExecutor.execute(TestSuiteExecutor.java:106)
	at com.kms.katalon.core.main.TestCaseMain.startTestSuite(TestCaseMain.java:180)
	at TempTestSuite1703823529384.run(TempTestSuite1703823529384.groovy:36)
	at java.base/jdk.internal.reflect.NativeMethodAccessorImpl.invoke0(Native Method)
	at java.base/jdk.internal.reflect.NativeMethodAccessorImpl.invoke(NativeMethodAccessorImpl.java:77)
	at java.base/jdk.internal.reflect.DelegatingMethodAccessorImpl.invoke(DelegatingMethodAccessorImpl.java:43)]]></system-err>
      </testcase>
      <testcase name="Test Cases/Offline PSSI Dashboard Function/Create BE CCTV Data/Add CCTV/Negative Test Case/PSSIAddCCTVInvalidRTSPFormat" time="11.945" classname="Test Cases/Offline PSSI Dashboard Function/Create BE CCTV Data/Add CCTV/Negative Test Case/PSSIAddCCTVInvalidRTSPFormat" status="FAILED">
         <failure type="FAILED" message="Test Cases/Offline PSSI Dashboard Function/Create BE CCTV Data/Add CCTV/Negative Test Case/PSSIAddCCTVInvalidRTSPFormat FAILED.&#xa;Reason:&#xa;com.kms.katalon.core.exception.StepFailedException: Test failed because data is added&#xa;	at com.kms.katalon.core.util.KeywordUtil.markFailed(KeywordUtil.java:19)&#xa;	at PSSIAddCCTVInvalidRTSPFormat.run(PSSIAddCCTVInvalidRTSPFormat:39)&#xa;	at com.kms.katalon.core.main.ScriptEngine.run(ScriptEngine.java:194)&#xa;	at com.kms.katalon.core.main.ScriptEngine.runScriptAsRawText(ScriptEngine.java:119)&#xa;	at com.kms.katalon.core.main.TestCaseExecutor.runScript(TestCaseExecutor.java:448)&#xa;	at com.kms.katalon.core.main.TestCaseExecutor.doExecute(TestCaseExecutor.java:439)&#xa;	at com.kms.katalon.core.main.TestCaseExecutor.processExecutionPhase(TestCaseExecutor.java:418)&#xa;	at com.kms.katalon.core.main.TestCaseExecutor.accessMainPhase(TestCaseExecutor.java:410)&#xa;	at com.kms.katalon.core.main.TestCaseExecutor.execute(TestCaseExecutor.java:285)&#xa;	at com.kms.katalon.core.common.CommonExecutor.accessTestCaseMainPhase(CommonExecutor.java:65)&#xa;	at com.kms.katalon.core.main.TestSuiteExecutor.accessTestSuiteMainPhase(TestSuiteExecutor.java:148)&#xa;	at com.kms.katalon.core.main.TestSuiteExecutor.execute(TestSuiteExecutor.java:106)&#xa;	at com.kms.katalon.core.main.TestCaseMain.startTestSuite(TestCaseMain.java:180)&#xa;	at TempTestSuite1703823529384.run(TempTestSuite1703823529384.groovy:36)&#xa;	at java.base/jdk.internal.reflect.NativeMethodAccessorImpl.invoke0(Native Method)&#xa;	at java.base/jdk.internal.reflect.NativeMethodAccessorImpl.invoke(NativeMethodAccessorImpl.java:77)&#xa;	at java.base/jdk.internal.reflect.DelegatingMethodAccessorImpl.invoke(DelegatingMethodAccessorImpl.java:43)&#xa;"/>
         <system-out><![CDATA[29-12-2023T11:20:09 - [TEST_CASE][FAILED] - Test Cases/Offline PSSI Dashboard Function/Create BE CCTV Data/Add CCTV/Negative Test Case/PSSIAddCCTVInvalidRTSPFormat: Test Cases/Offline PSSI Dashboard Function/Create BE CCTV Data/Add CCTV/Negative Test Case/PSSIAddCCTVInvalidRTSPFormat FAILED.
Reason:
com.kms.katalon.core.exception.StepFailedException: Test failed because data is added
	at com.kms.katalon.core.util.KeywordUtil.markFailed(KeywordUtil.java:19)
	at PSSIAddCCTVInvalidRTSPFormat.run(PSSIAddCCTVInvalidRTSPFormat:39)
	at com.kms.katalon.core.main.ScriptEngine.run(ScriptEngine.java:194)
	at com.kms.katalon.core.main.ScriptEngine.runScriptAsRawText(ScriptEngine.java:119)
	at com.kms.katalon.core.main.TestCaseExecutor.runScript(TestCaseExecutor.java:448)
	at com.kms.katalon.core.main.TestCaseExecutor.doExecute(TestCaseExecutor.java:439)
	at com.kms.katalon.core.main.TestCaseExecutor.processExecutionPhase(TestCaseExecutor.java:418)
	at com.kms.katalon.core.main.TestCaseExecutor.accessMainPhase(TestCaseExecutor.java:410)
	at com.kms.katalon.core.main.TestCaseExecutor.execute(TestCaseExecutor.java:285)
	at com.kms.katalon.core.common.CommonExecutor.accessTestCaseMainPhase(CommonExecutor.java:65)
	at com.kms.katalon.core.main.TestSuiteExecutor.accessTestSuiteMainPhase(TestSuiteExecutor.java:148)
	at com.kms.katalon.core.main.TestSuiteExecutor.execute(TestSuiteExecutor.java:106)
	at com.kms.katalon.core.main.TestCaseMain.startTestSuite(TestCaseMain.java:180)
	at TempTestSuite1703823529384.run(TempTestSuite1703823529384.groovy:36)
	at java.base/jdk.internal.reflect.NativeMethodAccessorImpl.invoke0(Native Method)
	at java.base/jdk.internal.reflect.NativeMethodAccessorImpl.invoke(NativeMethodAccessorImpl.java:77)
	at java.base/jdk.internal.reflect.DelegatingMethodAccessorImpl.invoke(DelegatingMethodAccessorImpl.java:43)


29-12-2023T11:20:09 - [TEST_STEP][PASSED] - failureHandling = STOP_ON_FAILURE: null

29-12-2023T11:20:09 - [TEST_STEP][PASSED] - baseUrl = offline_pssi_dashboard_url: null

29-12-2023T11:20:09 - [TEST_STEP][PASSED] - callTestCase(findTestCase("Offline PSSI Dashboard Function/Create BE CCTV Data/View CCTV Table/PSSIViewCCTVData"), [:], failureHandling): Call Test Case 'Test Cases/Offline PSSI Dashboard Function/Create BE CCTV Data/View CCTV Table/PSSIViewCCTVData' successfully

29-12-2023T11:20:09 - [TEST_CASE][PASSED] - Test Cases/Offline PSSI Dashboard Function/Create BE CCTV Data/View CCTV Table/PSSIViewCCTVData: Test Cases/Offline PSSI Dashboard Function/Create BE CCTV Data/View CCTV Table/PSSIViewCCTVData

29-12-2023T11:20:09 - [TEST_STEP][PASSED] - failureHandling = STOP_ON_FAILURE: null

29-12-2023T11:20:09 - [TEST_STEP][PASSED] - baseUrl = offline_pssi_dashboard_url: null

29-12-2023T11:20:09 - [TEST_STEP][PASSED] - callTestCase(findTestCase("Offline PSSI Dashboard Function/Create BE CCTV Data/View Stadium/PSSIViewStadiumData"), [:], failureHandling): Call Test Case 'Test Cases/Offline PSSI Dashboard Function/Create BE CCTV Data/View Stadium/PSSIViewStadiumData' successfully

29-12-2023T11:20:09 - [TEST_CASE][PASSED] - Test Cases/Offline PSSI Dashboard Function/Create BE CCTV Data/View Stadium/PSSIViewStadiumData: Test Cases/Offline PSSI Dashboard Function/Create BE CCTV Data/View Stadium/PSSIViewStadiumData

29-12-2023T11:20:09 - [TEST_STEP][PASSED] - failureHandling = STOP_ON_FAILURE: null

29-12-2023T11:20:09 - [TEST_STEP][PASSED] - baseUrl = offline_pssi_dashboard_url: null

29-12-2023T11:20:09 - [TEST_STEP][PASSED] - callTestCase(findTestCase("Offline PSSI Dashboard Function/Create BE CCTV Data/Sign In/PSSISignInValidData"), [:], failureHandling): Call Test Case 'Test Cases/Offline PSSI Dashboard Function/Create BE CCTV Data/Sign In/PSSISignInValidData' successfully

29-12-2023T11:20:10 - [TEST_CASE][PASSED] - Test Cases/Offline PSSI Dashboard Function/Create BE CCTV Data/Sign In/PSSISignInValidData: Test Cases/Offline PSSI Dashboard Function/Create BE CCTV Data/Sign In/PSSISignInValidData

29-12-2023T11:20:10 - [TEST_STEP][PASSED] - failureHandling = STOP_ON_FAILURE: null

29-12-2023T11:20:10 - [TEST_STEP][PASSED] - baseUrl = offline_pssi_dashboard_url: null

29-12-2023T11:20:10 - [TEST_STEP][PASSED] - openBrowser(""): Browser is opened with url: ''

29-12-2023T11:20:10 - [MESSAGE][INFO] - Starting 'Chrome' driver

29-12-2023T11:20:10 - [MESSAGE][INFO] - Action delay is set to 0 milliseconds

29-12-2023T11:20:11 - [MESSAGE][PASSED] - Browser is opened with url: ''

29-12-2023T11:20:11 - [TEST_STEP][PASSED] - navigateToUrl(baseUrl): Navigate to 'https://monitoring.pssi-dev.kecilin.id' successfully

29-12-2023T11:20:12 - [MESSAGE][PASSED] - Navigate to 'https://monitoring.pssi-dev.kecilin.id' successfully

29-12-2023T11:20:12 - [TEST_STEP][PASSED] - maximizeWindow(): Current window maximized

29-12-2023T11:20:12 - [MESSAGE][PASSED] - Current window maximized

29-12-2023T11:20:12 - [TEST_STEP][PASSED] - setText(findTestObject("Object Repository/Page_Login/input_email"), "superadmin@app.com"): Text 'superadmin@app.com' is set on object 'Object Repository/Page_Login/input_email'

29-12-2023T11:20:13 - [MESSAGE][PASSED] - Text 'superadmin@app.com' is set on object 'Object Repository/Page_Login/input_email'

29-12-2023T11:20:13 - [TEST_STEP][PASSED] - setEncryptedText(findTestObject("Object Repository/Page_Login/input_password"), "8SQVv/p9jVScEs4/2CZsLw=="): Text ****** has been set on object 'Object Repository/Page_Login/input_password'

29-12-2023T11:20:13 - [MESSAGE][PASSED] - Text ****** has been set on object 'Object Repository/Page_Login/input_password'

29-12-2023T11:20:13 - [TEST_STEP][PASSED] - click(findTestObject("Object Repository/Page_Login/button_Sign In")): Object: 'Object Repository/Page_Login/button_Sign In' is clicked on

29-12-2023T11:20:15 - [MESSAGE][PASSED] - Object: 'Object Repository/Page_Login/button_Sign In' is clicked on

29-12-2023T11:20:15 - [MESSAGE][PASSED] - Call Test Case 'Test Cases/Offline PSSI Dashboard Function/Create BE CCTV Data/Sign In/PSSISignInValidData' successfully

29-12-2023T11:20:15 - [TEST_STEP][PASSED] - navigateToUrl(baseUrl + "/cctv/stadion", failureHandling): Navigate to 'https://monitoring.pssi-dev.kecilin.id/cctv/stadion' successfully

29-12-2023T11:20:16 - [MESSAGE][PASSED] - Navigate to 'https://monitoring.pssi-dev.kecilin.id/cctv/stadion' successfully

29-12-2023T11:20:16 - [MESSAGE][PASSED] - Call Test Case 'Test Cases/Offline PSSI Dashboard Function/Create BE CCTV Data/View Stadium/PSSIViewStadiumData' successfully

29-12-2023T11:20:16 - [TEST_STEP][PASSED] - navigateToUrl(baseUrl + "/cctv/detail/64fea065acbef66fd5476494", failureHandling): Navigate to 'https://monitoring.pssi-dev.kecilin.id/cctv/detail/64fea065acbef66fd5476494' successfully

29-12-2023T11:20:16 - [MESSAGE][PASSED] - Navigate to 'https://monitoring.pssi-dev.kecilin.id/cctv/detail/64fea065acbef66fd5476494' successfully

29-12-2023T11:20:16 - [MESSAGE][PASSED] - Call Test Case 'Test Cases/Offline PSSI Dashboard Function/Create BE CCTV Data/View CCTV Table/PSSIViewCCTVData' successfully

29-12-2023T11:20:16 - [TEST_STEP][PASSED] - navigateToUrl(baseUrl + "/cctv/detail/64fea065acbef66fd5476494/create", failureHandling): Navigate to 'https://monitoring.pssi-dev.kecilin.id/cctv/detail/64fea065acbef66fd5476494/create' successfully

29-12-2023T11:20:16 - [MESSAGE][PASSED] - Navigate to 'https://monitoring.pssi-dev.kecilin.id/cctv/detail/64fea065acbef66fd5476494/create' successfully

29-12-2023T11:20:16 - [TEST_STEP][PASSED] - setText(findTestObject("Object Repository/Page Add new CCTV Offline Web/input_Name_name"), "camera2", failureHandling): Text 'camera2' is set on object 'Object Repository/Page Add new CCTV Offline Web/input_Name_name'

29-12-2023T11:20:17 - [MESSAGE][PASSED] - Text 'camera2' is set on object 'Object Repository/Page Add new CCTV Offline Web/input_Name_name'

29-12-2023T11:20:17 - [TEST_STEP][PASSED] - setText(findTestObject("Object Repository/Page Add new CCTV Offline Web/input_CCTV ID_cctv_id"), "1002", failureHandling): Text '1002' is set on object 'Object Repository/Page Add new CCTV Offline Web/input_CCTV ID_cctv_id'

29-12-2023T11:20:18 - [MESSAGE][PASSED] - Text '1002' is set on object 'Object Repository/Page Add new CCTV Offline Web/input_CCTV ID_cctv_id'

29-12-2023T11:20:18 - [TEST_STEP][PASSED] - setText(findTestObject("Object Repository/Page Add new CCTV Offline Web/input_RTSP_rtsp"), "googeru", failureHandling): Text 'googeru' is set on object 'Object Repository/Page Add new CCTV Offline Web/input_RTSP_rtsp'

29-12-2023T11:20:19 - [MESSAGE][PASSED] - Text 'googeru' is set on object 'Object Repository/Page Add new CCTV Offline Web/input_RTSP_rtsp'

29-12-2023T11:20:19 - [TEST_STEP][PASSED] - click(findTestObject("Object Repository/Page Add new CCTV Offline Web/button_Save"), failureHandling): Object: 'Object Repository/Page Add new CCTV Offline Web/button_Save' is clicked on

29-12-2023T11:20:20 - [MESSAGE][PASSED] - Object: 'Object Repository/Page Add new CCTV Offline Web/button_Save' is clicked on

29-12-2023T11:20:20 - [TEST_STEP][PASSED] - if (verifyElementPresent(findTestObject("Page_CCTV/CCTV Data Title"), 0, failureHandling)): null

29-12-2023T11:20:20 - [MESSAGE][WARNING] - Timeout '0' is invalid. Using default page load timeout: '30'

29-12-2023T11:20:21 - [MESSAGE][PASSED] - Object 'Object Repository/Page_CCTV/CCTV Data Title' is present

29-12-2023T11:20:21 - [TEST_STEP][FAILED] - markFailed("Test failed because data is added"): Test failed because data is added

29-12-2023T11:20:21 - [MESSAGE][FAILED] - Test failed because data is added

29-12-2023T11:20:21 - [TEST_STEP][PASSED] - closeBrowser(): Browser is closed

29-12-2023T11:20:21 - [MESSAGE][PASSED] - Browser is closed]]></system-out>
         <system-err><![CDATA[29-12-2023T11:20:09 - [TEST_CASE][FAILED] - Test Cases/Offline PSSI Dashboard Function/Create BE CCTV Data/Add CCTV/Negative Test Case/PSSIAddCCTVInvalidRTSPFormat: Test Cases/Offline PSSI Dashboard Function/Create BE CCTV Data/Add CCTV/Negative Test Case/PSSIAddCCTVInvalidRTSPFormat FAILED.
Reason:
com.kms.katalon.core.exception.StepFailedException: Test failed because data is added
	at com.kms.katalon.core.util.KeywordUtil.markFailed(KeywordUtil.java:19)
	at PSSIAddCCTVInvalidRTSPFormat.run(PSSIAddCCTVInvalidRTSPFormat:39)
	at com.kms.katalon.core.main.ScriptEngine.run(ScriptEngine.java:194)
	at com.kms.katalon.core.main.ScriptEngine.runScriptAsRawText(ScriptEngine.java:119)
	at com.kms.katalon.core.main.TestCaseExecutor.runScript(TestCaseExecutor.java:448)
	at com.kms.katalon.core.main.TestCaseExecutor.doExecute(TestCaseExecutor.java:439)
	at com.kms.katalon.core.main.TestCaseExecutor.processExecutionPhase(TestCaseExecutor.java:418)
	at com.kms.katalon.core.main.TestCaseExecutor.accessMainPhase(TestCaseExecutor.java:410)
	at com.kms.katalon.core.main.TestCaseExecutor.execute(TestCaseExecutor.java:285)
	at com.kms.katalon.core.common.CommonExecutor.accessTestCaseMainPhase(CommonExecutor.java:65)
	at com.kms.katalon.core.main.TestSuiteExecutor.accessTestSuiteMainPhase(TestSuiteExecutor.java:148)
	at com.kms.katalon.core.main.TestSuiteExecutor.execute(TestSuiteExecutor.java:106)
	at com.kms.katalon.core.main.TestCaseMain.startTestSuite(TestCaseMain.java:180)
	at TempTestSuite1703823529384.run(TempTestSuite1703823529384.groovy:36)
	at java.base/jdk.internal.reflect.NativeMethodAccessorImpl.invoke0(Native Method)
	at java.base/jdk.internal.reflect.NativeMethodAccessorImpl.invoke(NativeMethodAccessorImpl.java:77)
	at java.base/jdk.internal.reflect.DelegatingMethodAccessorImpl.invoke(DelegatingMethodAccessorImpl.java:43)]]></system-err>
      </testcase>
      <testcase name="Test Cases/Offline PSSI Dashboard Function/Create BE CCTV Data/Add CCTV/Positive Test Case/PSSIAddCCTVValidDataOfflineWeb" time="11.894" classname="Test Cases/Offline PSSI Dashboard Function/Create BE CCTV Data/Add CCTV/Positive Test Case/PSSIAddCCTVValidDataOfflineWeb" status="PASSED">
         <system-out><![CDATA[29-12-2023T11:20:21 - [TEST_CASE][PASSED] - Test Cases/Offline PSSI Dashboard Function/Create BE CCTV Data/Add CCTV/Positive Test Case/PSSIAddCCTVValidDataOfflineWeb: Test Cases/Offline PSSI Dashboard Function/Create BE CCTV Data/Add CCTV/Positive Test Case/PSSIAddCCTVValidDataOfflineWeb

29-12-2023T11:20:21 - [TEST_STEP][PASSED] - failureHandling = STOP_ON_FAILURE: null

29-12-2023T11:20:21 - [TEST_STEP][PASSED] - baseUrl = offline_pssi_dashboard_url: null

29-12-2023T11:20:21 - [TEST_STEP][PASSED] - callTestCase(findTestCase("Offline PSSI Dashboard Function/Create BE CCTV Data/View CCTV Table/PSSIViewCCTVData"), [:], failureHandling): Call Test Case 'Test Cases/Offline PSSI Dashboard Function/Create BE CCTV Data/View CCTV Table/PSSIViewCCTVData' successfully

29-12-2023T11:20:21 - [TEST_CASE][PASSED] - Test Cases/Offline PSSI Dashboard Function/Create BE CCTV Data/View CCTV Table/PSSIViewCCTVData: Test Cases/Offline PSSI Dashboard Function/Create BE CCTV Data/View CCTV Table/PSSIViewCCTVData

29-12-2023T11:20:21 - [TEST_STEP][PASSED] - failureHandling = STOP_ON_FAILURE: null

29-12-2023T11:20:21 - [TEST_STEP][PASSED] - baseUrl = offline_pssi_dashboard_url: null

29-12-2023T11:20:21 - [TEST_STEP][PASSED] - callTestCase(findTestCase("Offline PSSI Dashboard Function/Create BE CCTV Data/View Stadium/PSSIViewStadiumData"), [:], failureHandling): Call Test Case 'Test Cases/Offline PSSI Dashboard Function/Create BE CCTV Data/View Stadium/PSSIViewStadiumData' successfully

29-12-2023T11:20:21 - [TEST_CASE][PASSED] - Test Cases/Offline PSSI Dashboard Function/Create BE CCTV Data/View Stadium/PSSIViewStadiumData: Test Cases/Offline PSSI Dashboard Function/Create BE CCTV Data/View Stadium/PSSIViewStadiumData

29-12-2023T11:20:21 - [TEST_STEP][PASSED] - failureHandling = STOP_ON_FAILURE: null

29-12-2023T11:20:21 - [TEST_STEP][PASSED] - baseUrl = offline_pssi_dashboard_url: null

29-12-2023T11:20:21 - [TEST_STEP][PASSED] - callTestCase(findTestCase("Offline PSSI Dashboard Function/Create BE CCTV Data/Sign In/PSSISignInValidData"), [:], failureHandling): Call Test Case 'Test Cases/Offline PSSI Dashboard Function/Create BE CCTV Data/Sign In/PSSISignInValidData' successfully

29-12-2023T11:20:22 - [TEST_CASE][PASSED] - Test Cases/Offline PSSI Dashboard Function/Create BE CCTV Data/Sign In/PSSISignInValidData: Test Cases/Offline PSSI Dashboard Function/Create BE CCTV Data/Sign In/PSSISignInValidData

29-12-2023T11:20:22 - [TEST_STEP][PASSED] - failureHandling = STOP_ON_FAILURE: null

29-12-2023T11:20:22 - [TEST_STEP][PASSED] - baseUrl = offline_pssi_dashboard_url: null

29-12-2023T11:20:22 - [TEST_STEP][PASSED] - openBrowser(""): Browser is opened with url: ''

29-12-2023T11:20:22 - [MESSAGE][INFO] - Starting 'Chrome' driver

29-12-2023T11:20:22 - [MESSAGE][INFO] - Action delay is set to 0 milliseconds

29-12-2023T11:20:23 - [MESSAGE][PASSED] - Browser is opened with url: ''

29-12-2023T11:20:23 - [TEST_STEP][PASSED] - navigateToUrl(baseUrl): Navigate to 'https://monitoring.pssi-dev.kecilin.id' successfully

29-12-2023T11:20:23 - [MESSAGE][PASSED] - Navigate to 'https://monitoring.pssi-dev.kecilin.id' successfully

29-12-2023T11:20:23 - [TEST_STEP][PASSED] - maximizeWindow(): Current window maximized

29-12-2023T11:20:24 - [MESSAGE][PASSED] - Current window maximized

29-12-2023T11:20:24 - [TEST_STEP][PASSED] - setText(findTestObject("Object Repository/Page_Login/input_email"), "superadmin@app.com"): Text 'superadmin@app.com' is set on object 'Object Repository/Page_Login/input_email'

29-12-2023T11:20:25 - [MESSAGE][PASSED] - Text 'superadmin@app.com' is set on object 'Object Repository/Page_Login/input_email'

29-12-2023T11:20:25 - [TEST_STEP][PASSED] - setEncryptedText(findTestObject("Object Repository/Page_Login/input_password"), "8SQVv/p9jVScEs4/2CZsLw=="): Text ****** has been set on object 'Object Repository/Page_Login/input_password'

29-12-2023T11:20:25 - [MESSAGE][PASSED] - Text ****** has been set on object 'Object Repository/Page_Login/input_password'

29-12-2023T11:20:25 - [TEST_STEP][PASSED] - click(findTestObject("Object Repository/Page_Login/button_Sign In")): Object: 'Object Repository/Page_Login/button_Sign In' is clicked on

29-12-2023T11:20:26 - [MESSAGE][PASSED] - Object: 'Object Repository/Page_Login/button_Sign In' is clicked on

29-12-2023T11:20:26 - [MESSAGE][PASSED] - Call Test Case 'Test Cases/Offline PSSI Dashboard Function/Create BE CCTV Data/Sign In/PSSISignInValidData' successfully

29-12-2023T11:20:26 - [TEST_STEP][PASSED] - navigateToUrl(baseUrl + "/cctv/stadion", failureHandling): Navigate to 'https://monitoring.pssi-dev.kecilin.id/cctv/stadion' successfully

29-12-2023T11:20:27 - [MESSAGE][PASSED] - Navigate to 'https://monitoring.pssi-dev.kecilin.id/cctv/stadion' successfully

29-12-2023T11:20:27 - [MESSAGE][PASSED] - Call Test Case 'Test Cases/Offline PSSI Dashboard Function/Create BE CCTV Data/View Stadium/PSSIViewStadiumData' successfully

29-12-2023T11:20:27 - [TEST_STEP][PASSED] - navigateToUrl(baseUrl + "/cctv/detail/64fea065acbef66fd5476494", failureHandling): Navigate to 'https://monitoring.pssi-dev.kecilin.id/cctv/detail/64fea065acbef66fd5476494' successfully

29-12-2023T11:20:28 - [MESSAGE][PASSED] - Navigate to 'https://monitoring.pssi-dev.kecilin.id/cctv/detail/64fea065acbef66fd5476494' successfully

29-12-2023T11:20:28 - [MESSAGE][PASSED] - Call Test Case 'Test Cases/Offline PSSI Dashboard Function/Create BE CCTV Data/View CCTV Table/PSSIViewCCTVData' successfully

29-12-2023T11:20:28 - [TEST_STEP][PASSED] - navigateToUrl(baseUrl + "/cctv/detail/64fea065acbef66fd5476494/create", failureHandling): Navigate to 'https://monitoring.pssi-dev.kecilin.id/cctv/detail/64fea065acbef66fd5476494/create' successfully

29-12-2023T11:20:28 - [MESSAGE][PASSED] - Navigate to 'https://monitoring.pssi-dev.kecilin.id/cctv/detail/64fea065acbef66fd5476494/create' successfully

29-12-2023T11:20:28 - [TEST_STEP][PASSED] - setText(findTestObject("Object Repository/Page Add new CCTV Offline Web/input_Name_name"), "camera1", failureHandling): Text 'camera1' is set on object 'Object Repository/Page Add new CCTV Offline Web/input_Name_name'

29-12-2023T11:20:29 - [MESSAGE][PASSED] - Text 'camera1' is set on object 'Object Repository/Page Add new CCTV Offline Web/input_Name_name'

29-12-2023T11:20:29 - [TEST_STEP][PASSED] - setText(findTestObject("Object Repository/Page Add new CCTV Offline Web/input_CCTV ID_cctv_id"), "1001", failureHandling): Text '1001' is set on object 'Object Repository/Page Add new CCTV Offline Web/input_CCTV ID_cctv_id'

29-12-2023T11:20:30 - [MESSAGE][PASSED] - Text '1001' is set on object 'Object Repository/Page Add new CCTV Offline Web/input_CCTV ID_cctv_id'

29-12-2023T11:20:30 - [TEST_STEP][PASSED] - setText(findTestObject("Object Repository/Page Add new CCTV Offline Web/input_RTSP_rtsp"), "https://google.com", failureHandling): Text 'https://google.com' is set on object 'Object Repository/Page Add new CCTV Offline Web/input_RTSP_rtsp'

29-12-2023T11:20:31 - [MESSAGE][PASSED] - Text 'https://google.com' is set on object 'Object Repository/Page Add new CCTV Offline Web/input_RTSP_rtsp'

29-12-2023T11:20:31 - [TEST_STEP][PASSED] - click(findTestObject("Object Repository/Page Add new CCTV Offline Web/button_Save"), failureHandling): Object: 'Object Repository/Page Add new CCTV Offline Web/button_Save' is clicked on

29-12-2023T11:20:32 - [MESSAGE][PASSED] - Object: 'Object Repository/Page Add new CCTV Offline Web/button_Save' is clicked on

29-12-2023T11:20:32 - [TEST_STEP][PASSED] - if (verifyElementPresent(findTestObject("Object Repository/Page_CCTV/CCTV Data Title"), 0, failureHandling)): null

29-12-2023T11:20:32 - [MESSAGE][WARNING] - Timeout '0' is invalid. Using default page load timeout: '30'

29-12-2023T11:20:32 - [MESSAGE][PASSED] - Object 'Object Repository/Page_CCTV/CCTV Data Title' is present

29-12-2023T11:20:32 - [TEST_STEP][PASSED] - pageSource = getWebDriver().getPageSource(): null

29-12-2023T11:20:33 - [TEST_STEP][PASSED] - isSameRow = pageSource.contains("1001") && pageSource.contains("camera1") && pageSource.contains("https://google.com"): null

29-12-2023T11:20:33 - [TEST_STEP][PASSED] - if (isSameRow): Test passed because data added exists on table

29-12-2023T11:20:33 - [TEST_STEP][PASSED] - markPassed("Test passed because data added exists on table"): Test passed because data added exists on table

29-12-2023T11:20:33 - [MESSAGE][PASSED] - Test passed because data added exists on table

29-12-2023T11:20:33 - [TEST_STEP][PASSED] - markPassed("Test passed because data is added"): Test passed because data is added

29-12-2023T11:20:33 - [MESSAGE][PASSED] - Test passed because data is added

29-12-2023T11:20:33 - [TEST_STEP][PASSED] - closeBrowser(): Browser is closed

29-12-2023T11:20:33 - [MESSAGE][PASSED] - Browser is closed]]></system-out>
         <system-err><![CDATA[]]></system-err>
      </testcase>
      <system-out><![CDATA[29-12-2023T11:19:19 - [TEST_SUITE][FAILED] - Add CCTV Test Suite: Test Cases/Offline PSSI Dashboard Function/Create BE CCTV Data/Add CCTV/Negative Test Case/PSSIAddCCTVDuplicateID FAILED.
Reason:
com.kms.katalon.core.exception.StepFailedException: Test failed because data is added
	at com.kms.katalon.core.util.KeywordUtil.markFailed(KeywordUtil.java:19)
	at PSSIAddCCTVDuplicateID.run(PSSIAddCCTVDuplicateID:40)
	at com.kms.katalon.core.main.ScriptEngine.run(ScriptEngine.java:194)
	at com.kms.katalon.core.main.ScriptEngine.runScriptAsRawText(ScriptEngine.java:119)
	at com.kms.katalon.core.main.TestCaseExecutor.runScript(TestCaseExecutor.java:448)
	at com.kms.katalon.core.main.TestCaseExecutor.doExecute(TestCaseExecutor.java:439)
	at com.kms.katalon.core.main.TestCaseExecutor.processExecutionPhase(TestCaseExecutor.java:418)
	at com.kms.katalon.core.main.TestCaseExecutor.accessMainPhase(TestCaseExecutor.java:410)
	at com.kms.katalon.core.main.TestCaseExecutor.execute(TestCaseExecutor.java:285)
	at com.kms.katalon.core.common.CommonExecutor.accessTestCaseMainPhase(CommonExecutor.java:65)
	at com.kms.katalon.core.main.TestSuiteExecutor.accessTestSuiteMainPhase(TestSuiteExecutor.java:148)
	at com.kms.katalon.core.main.TestSuiteExecutor.execute(TestSuiteExecutor.java:106)
	at com.kms.katalon.core.main.TestCaseMain.startTestSuite(TestCaseMain.java:180)
	at TempTestSuite1703823529384.run(TempTestSuite1703823529384.groovy:36)
	at java.base/jdk.internal.reflect.NativeMethodAccessorImpl.invoke0(Native Method)
	at java.base/jdk.internal.reflect.NativeMethodAccessorImpl.invoke(NativeMethodAccessorImpl.java:77)
	at java.base/jdk.internal.reflect.DelegatingMethodAccessorImpl.invoke(DelegatingMethodAccessorImpl.java:43)]]></system-out>
      <system-err><![CDATA[29-12-2023T11:19:19 - [TEST_SUITE][FAILED] - Add CCTV Test Suite: Test Cases/Offline PSSI Dashboard Function/Create BE CCTV Data/Add CCTV/Negative Test Case/PSSIAddCCTVDuplicateID FAILED.
Reason:
com.kms.katalon.core.exception.StepFailedException: Test failed because data is added
	at com.kms.katalon.core.util.KeywordUtil.markFailed(KeywordUtil.java:19)
	at PSSIAddCCTVDuplicateID.run(PSSIAddCCTVDuplicateID:40)
	at com.kms.katalon.core.main.ScriptEngine.run(ScriptEngine.java:194)
	at com.kms.katalon.core.main.ScriptEngine.runScriptAsRawText(ScriptEngine.java:119)
	at com.kms.katalon.core.main.TestCaseExecutor.runScript(TestCaseExecutor.java:448)
	at com.kms.katalon.core.main.TestCaseExecutor.doExecute(TestCaseExecutor.java:439)
	at com.kms.katalon.core.main.TestCaseExecutor.processExecutionPhase(TestCaseExecutor.java:418)
	at com.kms.katalon.core.main.TestCaseExecutor.accessMainPhase(TestCaseExecutor.java:410)
	at com.kms.katalon.core.main.TestCaseExecutor.execute(TestCaseExecutor.java:285)
	at com.kms.katalon.core.common.CommonExecutor.accessTestCaseMainPhase(CommonExecutor.java:65)
	at com.kms.katalon.core.main.TestSuiteExecutor.accessTestSuiteMainPhase(TestSuiteExecutor.java:148)
	at com.kms.katalon.core.main.TestSuiteExecutor.execute(TestSuiteExecutor.java:106)
	at com.kms.katalon.core.main.TestCaseMain.startTestSuite(TestCaseMain.java:180)
	at TempTestSuite1703823529384.run(TempTestSuite1703823529384.groovy:36)
	at java.base/jdk.internal.reflect.NativeMethodAccessorImpl.invoke0(Native Method)
	at java.base/jdk.internal.reflect.NativeMethodAccessorImpl.invoke(NativeMethodAccessorImpl.java:77)
	at java.base/jdk.internal.reflect.DelegatingMethodAccessorImpl.invoke(DelegatingMethodAccessorImpl.java:43)]]></system-err>
   </testsuite>
</testsuites>
