<?xml version="1.0" encoding="UTF-8"?>
<testsuites name="Data Entries and Pages Test Suite" time="123.396" tests="1" failures="1" errors="0">
   <testsuite name="Data Entries and Pages Test Suite" tests="1" failures="1" errors="0" time="123.396" skipped="0" timestamp="09-01-2024T17:48:37" hostname="USER - DESKTOP-HLRVE9S" id="Test Suites/Create BE Playback Video/Data Entries and Pages Test Suite">
      <properties>
         <property name="deviceName" value=""/>
         <property name="devicePlatform" value=""/>
         <property name="logFolder" value="C:\\Users\\USER\\git\\Kecilin-Automation-Test\\Reports\\20240109_174313\\Create BE Playback Video\\Data Entries and Pages Test Suite\\20240109_174316"/>
         <property name="logFiles" value="C:\\Users\\USER\\git\\Kecilin-Automation-Test\\Reports\\20240109_174313\\Create BE Playback Video\\Data Entries and Pages Test Suite\\20240109_174316\\execution0.log"/>
         <property name="attachments" value="C:\\Users\\USER\\git\\Kecilin-Automation-Test\\Reports\\20240109_174313\\Create BE Playback Video\\Data Entries and Pages Test Suite\\20240109_174316\\1704797351849.png, C:\\Users\\USER\\git\\Kecilin-Automation-Test\\Reports\\20240109_174313\\Create BE Playback Video\\Data Entries and Pages Test Suite\\20240109_174316\\1704797381606.png, C:\\Users\\USER\\git\\Kecilin-Automation-Test\\Reports\\20240109_174313\\Create BE Playback Video\\Data Entries and Pages Test Suite\\20240109_174316\\1704797411518.png, C:\\Users\\USER\\git\\Kecilin-Automation-Test\\Reports\\20240109_174313\\Create BE Playback Video\\Data Entries and Pages Test Suite\\20240109_174316\\1704797440854.png"/>
         <property name="hostName" value="USER - DESKTOP-HLRVE9S"/>
         <property name="os" value="Windows 10 64bit"/>
         <property name="katalonVersion" value="9.2.0.212"/>
         <property name="browser" value="Chrome 120.0.0.0"/>
         <property name="hostAddress" value="192.168.100.189"/>
         <property name="sessionId" value="9541cc553b7591507a970b8a46e1753e"/>
         <property name="seleniumVersion" value="3.141.59"/>
         <property name="proxyInformation" value="ProxyInformation { proxyOption=NO_PROXY, proxyServerType=HTTP, username=, password=********, proxyServerAddress=, proxyServerPort=0, executionList=&quot;&quot;, isApplyToDesiredCapabilities=true }"/>
         <property name="platform" value="Windows 10"/>
      </properties>
      <testcase name="Test Cases/Offline PSSI Dashboard Function/Create BE Playback Video/Data Entries and Pages/PSSIVideoPlaybackDataEntriesAndPages" time="29.345" classname="Test Cases/Offline PSSI Dashboard Function/Create BE Playback Video/Data Entries and Pages/PSSIVideoPlaybackDataEntriesAndPages" status="FAILED">
         <failure type="FAILED" message="Test Cases/Offline PSSI Dashboard Function/Create BE Playback Video/Data Entries and Pages/PSSIVideoPlaybackDataEntriesAndPages FAILED.&#xa;Reason:&#xa;com.kms.katalon.core.exception.StepFailedException: Unable to scroll to object 'Object Repository/Page_CCTV/page 2'&#xa;	at com.kms.katalon.core.webui.keyword.internal.WebUIKeywordMain.stepFailed(WebUIKeywordMain.groovy:64)&#xa;	at com.kms.katalon.core.webui.keyword.internal.WebUIKeywordMain.runKeyword(WebUIKeywordMain.groovy:26)&#xa;	at com.kms.katalon.core.webui.keyword.builtin.ScrollToElementKeyword.scrollToElement(ScrollToElementKeyword.groovy:88)&#xa;	at com.kms.katalon.core.webui.keyword.builtin.ScrollToElementKeyword.execute(ScrollToElementKeyword.groovy:68)&#xa;	at com.kms.katalon.core.keyword.internal.KeywordExecutor.executeKeywordForPlatform(KeywordExecutor.groovy:74)&#xa;	at com.kms.katalon.core.webui.keyword.WebUiBuiltInKeywords.scrollToElement(WebUiBuiltInKeywords.groovy:4147)&#xa;	at PSSIVideoPlaybackDataEntriesAndPages.run(PSSIVideoPlaybackDataEntriesAndPages:44)&#xa;	at com.kms.katalon.core.main.ScriptEngine.run(ScriptEngine.java:194)&#xa;	at com.kms.katalon.core.main.ScriptEngine.runScriptAsRawText(ScriptEngine.java:119)&#xa;	at com.kms.katalon.core.main.TestCaseExecutor.runScript(TestCaseExecutor.java:448)&#xa;	at com.kms.katalon.core.main.TestCaseExecutor.doExecute(TestCaseExecutor.java:439)&#xa;	at com.kms.katalon.core.main.TestCaseExecutor.processExecutionPhase(TestCaseExecutor.java:418)&#xa;	at com.kms.katalon.core.main.TestCaseExecutor.accessMainPhase(TestCaseExecutor.java:410)&#xa;	at com.kms.katalon.core.main.TestCaseExecutor.execute(TestCaseExecutor.java:285)&#xa;	at com.kms.katalon.core.main.TestCaseExecutor.execute(TestCaseExecutor.java:369)&#xa;	at com.kms.katalon.core.main.TestCaseExecutor.execute(TestCaseExecutor.java:369)&#xa;	at com.kms.katalon.core.main.TestCaseExecutor.execute(TestCaseExecutor.java:369)&#xa;	at com.kms.katalon.core.common.CommonExecutor.accessTestCaseMainPhase(CommonExecutor.java:65)&#xa;	at com.kms.katalon.core.main.TestSuiteExecutor.accessTestSuiteMainPhase(TestSuiteExecutor.java:148)&#xa;	at com.kms.katalon.core.main.TestSuiteExecutor.execute(TestSuiteExecutor.java:106)&#xa;	at com.kms.katalon.core.main.TestCaseMain.startTestSuite(TestCaseMain.java:180)&#xa;	at TempTestSuite1704796996375.run(TempTestSuite1704796996375.groovy:36)&#xa;	at java.base/jdk.internal.reflect.NativeMethodAccessorImpl.invoke0(Native Method)&#xa;	at java.base/jdk.internal.reflect.NativeMethodAccessorImpl.invoke(NativeMethodAccessorImpl.java:77)&#xa;	at java.base/jdk.internal.reflect.DelegatingMethodAccessorImpl.invoke(DelegatingMethodAccessorImpl.java:43)&#xa;Caused by: com.kms.katalon.core.webui.exception.WebElementNotFoundException: Web element with id: 'Object Repository/Page_CCTV/page 2' located by '//div[@id='table_data_paginate']/ul/li[3]/a' not found&#xa;	at com.kms.katalon.core.webui.common.WebUiCommonHelper.findWebElement(WebUiCommonHelper.java:1379)&#xa;	at com.kms.katalon.core.webui.keyword.internal.WebUIAbstractKeyword.findWebElement(WebUIAbstractKeyword.groovy:27)&#xa;	at com.kms.katalon.core.webui.keyword.internal.WebUIAbstractKeyword.findWebElement(WebUIAbstractKeyword.groovy:26)&#xa;	at com.kms.katalon.core.webui.keyword.builtin.ScrollToElementKeyword$_scrollToElement_closure1.doCall(ScrollToElementKeyword.groovy:79)&#xa;	at com.kms.katalon.core.webui.keyword.builtin.ScrollToElementKeyword$_scrollToElement_closure1.call(ScrollToElementKeyword.groovy)&#xa;	at com.kms.katalon.core.webui.keyword.internal.WebUIKeywordMain.runKeyword(WebUIKeywordMain.groovy:20)&#xa;	... 23 more&#xa;"/>
         <system-out><![CDATA[09-01-2024T17:50:11 - [TEST_CASE][FAILED] - Test Cases/Offline PSSI Dashboard Function/Create BE Playback Video/Data Entries and Pages/PSSIVideoPlaybackDataEntriesAndPages: Test Cases/Offline PSSI Dashboard Function/Create BE Playback Video/Data Entries and Pages/PSSIVideoPlaybackDataEntriesAndPages FAILED.
Reason:
com.kms.katalon.core.exception.StepFailedException: Unable to scroll to object 'Object Repository/Page_CCTV/page 2'
	at com.kms.katalon.core.webui.keyword.internal.WebUIKeywordMain.stepFailed(WebUIKeywordMain.groovy:64)
	at com.kms.katalon.core.webui.keyword.internal.WebUIKeywordMain.runKeyword(WebUIKeywordMain.groovy:26)
	at com.kms.katalon.core.webui.keyword.builtin.ScrollToElementKeyword.scrollToElement(ScrollToElementKeyword.groovy:88)
	at com.kms.katalon.core.webui.keyword.builtin.ScrollToElementKeyword.execute(ScrollToElementKeyword.groovy:68)
	at com.kms.katalon.core.keyword.internal.KeywordExecutor.executeKeywordForPlatform(KeywordExecutor.groovy:74)
	at com.kms.katalon.core.webui.keyword.WebUiBuiltInKeywords.scrollToElement(WebUiBuiltInKeywords.groovy:4147)
	at PSSIVideoPlaybackDataEntriesAndPages.run(PSSIVideoPlaybackDataEntriesAndPages:44)
	at com.kms.katalon.core.main.ScriptEngine.run(ScriptEngine.java:194)
	at com.kms.katalon.core.main.ScriptEngine.runScriptAsRawText(ScriptEngine.java:119)
	at com.kms.katalon.core.main.TestCaseExecutor.runScript(TestCaseExecutor.java:448)
	at com.kms.katalon.core.main.TestCaseExecutor.doExecute(TestCaseExecutor.java:439)
	at com.kms.katalon.core.main.TestCaseExecutor.processExecutionPhase(TestCaseExecutor.java:418)
	at com.kms.katalon.core.main.TestCaseExecutor.accessMainPhase(TestCaseExecutor.java:410)
	at com.kms.katalon.core.main.TestCaseExecutor.execute(TestCaseExecutor.java:285)
	at com.kms.katalon.core.main.TestCaseExecutor.execute(TestCaseExecutor.java:369)
	at com.kms.katalon.core.main.TestCaseExecutor.execute(TestCaseExecutor.java:369)
	at com.kms.katalon.core.main.TestCaseExecutor.execute(TestCaseExecutor.java:369)
	at com.kms.katalon.core.common.CommonExecutor.accessTestCaseMainPhase(CommonExecutor.java:65)
	at com.kms.katalon.core.main.TestSuiteExecutor.accessTestSuiteMainPhase(TestSuiteExecutor.java:148)
	at com.kms.katalon.core.main.TestSuiteExecutor.execute(TestSuiteExecutor.java:106)
	at com.kms.katalon.core.main.TestCaseMain.startTestSuite(TestCaseMain.java:180)
	at TempTestSuite1704796996375.run(TempTestSuite1704796996375.groovy:36)
	at java.base/jdk.internal.reflect.NativeMethodAccessorImpl.invoke0(Native Method)
	at java.base/jdk.internal.reflect.NativeMethodAccessorImpl.invoke(NativeMethodAccessorImpl.java:77)
	at java.base/jdk.internal.reflect.DelegatingMethodAccessorImpl.invoke(DelegatingMethodAccessorImpl.java:43)
Caused by: com.kms.katalon.core.webui.exception.WebElementNotFoundException: Web element with id: 'Object Repository/Page_CCTV/page 2' located by '//div[@id='table_data_paginate']/ul/li[3]/a' not found
	at com.kms.katalon.core.webui.common.WebUiCommonHelper.findWebElement(WebUiCommonHelper.java:1379)
	at com.kms.katalon.core.webui.keyword.internal.WebUIAbstractKeyword.findWebElement(WebUIAbstractKeyword.groovy:27)
	at com.kms.katalon.core.webui.keyword.internal.WebUIAbstractKeyword.findWebElement(WebUIAbstractKeyword.groovy:26)
	at com.kms.katalon.core.webui.keyword.builtin.ScrollToElementKeyword$_scrollToElement_closure1.doCall(ScrollToElementKeyword.groovy:79)
	at com.kms.katalon.core.webui.keyword.builtin.ScrollToElementKeyword$_scrollToElement_closure1.call(ScrollToElementKeyword.groovy)
	at com.kms.katalon.core.webui.keyword.internal.WebUIKeywordMain.runKeyword(WebUIKeywordMain.groovy:20)
	... 23 more


09-01-2024T17:50:11 - [TEST_STEP][PASSED] - baseUrl = offline_pssi_dashboard_url: null

09-01-2024T17:50:11 - [TEST_STEP][PASSED] - callTestCase(findTestCase("Offline PSSI Dashboard Function/Create BE Playback Video/Filter Playback Video/Positive Test Case/PSSIFilterStadiumAndCam"), [:]): Call Test Case 'Test Cases/Offline PSSI Dashboard Function/Create BE Playback Video/Filter Playback Video/Positive Test Case/PSSIFilterStadiumAndCam' successfully

09-01-2024T17:50:11 - [TEST_CASE][PASSED] - Test Cases/Offline PSSI Dashboard Function/Create BE Playback Video/Filter Playback Video/Positive Test Case/PSSIFilterStadiumAndCam: Test Cases/Offline PSSI Dashboard Function/Create BE Playback Video/Filter Playback Video/Positive Test Case/PSSIFilterStadiumAndCam

09-01-2024T17:50:11 - [TEST_STEP][PASSED] - baseUrl = offline_pssi_dashboard_url: null

09-01-2024T17:50:11 - [TEST_STEP][PASSED] - callTestCase(findTestCase("Offline PSSI Dashboard Function/Create BE Playback Video/View Playback Video Data/PSSIViewPlaybackVideo"), [:]): Call Test Case 'Test Cases/Offline PSSI Dashboard Function/Create BE Playback Video/View Playback Video Data/PSSIViewPlaybackVideo' successfully

09-01-2024T17:50:11 - [TEST_CASE][PASSED] - Test Cases/Offline PSSI Dashboard Function/Create BE Playback Video/View Playback Video Data/PSSIViewPlaybackVideo: Test Cases/Offline PSSI Dashboard Function/Create BE Playback Video/View Playback Video Data/PSSIViewPlaybackVideo

09-01-2024T17:50:11 - [TEST_STEP][PASSED] - baseUrl = offline_pssi_dashboard_url: null

09-01-2024T17:50:11 - [TEST_STEP][PASSED] - callTestCase(findTestCase("Offline PSSI Dashboard Function/Sign In/PSSISignInValidData"), [:]): Call Test Case 'Test Cases/Offline PSSI Dashboard Function/Sign In/PSSISignInValidData' successfully

09-01-2024T17:50:11 - [TEST_CASE][PASSED] - Test Cases/Offline PSSI Dashboard Function/Sign In/PSSISignInValidData: Test Cases/Offline PSSI Dashboard Function/Sign In/PSSISignInValidData

09-01-2024T17:50:11 - [TEST_STEP][PASSED] - failureHandling = STOP_ON_FAILURE: null

09-01-2024T17:50:11 - [TEST_STEP][PASSED] - baseUrl = offline_pssi_dashboard_url: null

09-01-2024T17:50:11 - [TEST_STEP][PASSED] - openBrowser(""): Browser is opened with url: ''

09-01-2024T17:50:11 - [MESSAGE][WARNING] - A browser is already opened. Closing browser and opening a new one

09-01-2024T17:50:12 - [MESSAGE][INFO] - Starting 'Chrome' driver

09-01-2024T17:50:12 - [MESSAGE][INFO] - Action delay is set to 0 milliseconds

09-01-2024T17:50:13 - [MESSAGE][PASSED] - Browser is opened with url: ''

09-01-2024T17:50:13 - [TEST_STEP][PASSED] - navigateToUrl(baseUrl): Navigate to 'https://monitoring.pssi-dev.kecilin.id' successfully

09-01-2024T17:50:13 - [MESSAGE][PASSED] - Navigate to 'https://monitoring.pssi-dev.kecilin.id' successfully

09-01-2024T17:50:13 - [TEST_STEP][PASSED] - maximizeWindow(): Current window maximized

09-01-2024T17:50:14 - [MESSAGE][PASSED] - Current window maximized

09-01-2024T17:50:14 - [TEST_STEP][PASSED] - setText(findTestObject("Object Repository/Page_Login/input_email"), "superadmin@app.com"): Text 'superadmin@app.com' is set on object 'Object Repository/Page_Login/input_email'

09-01-2024T17:50:15 - [MESSAGE][PASSED] - Text 'superadmin@app.com' is set on object 'Object Repository/Page_Login/input_email'

09-01-2024T17:50:15 - [TEST_STEP][PASSED] - setEncryptedText(findTestObject("Object Repository/Page_Login/input_password"), "8SQVv/p9jVScEs4/2CZsLw=="): Text ****** has been set on object 'Object Repository/Page_Login/input_password'

09-01-2024T17:50:15 - [MESSAGE][PASSED] - Text ****** has been set on object 'Object Repository/Page_Login/input_password'

09-01-2024T17:50:15 - [TEST_STEP][PASSED] - click(findTestObject("Object Repository/Page_Login/button_Sign In")): Object: 'Object Repository/Page_Login/button_Sign In' is clicked on

09-01-2024T17:50:17 - [MESSAGE][PASSED] - Object: 'Object Repository/Page_Login/button_Sign In' is clicked on

09-01-2024T17:50:17 - [MESSAGE][PASSED] - Call Test Case 'Test Cases/Offline PSSI Dashboard Function/Sign In/PSSISignInValidData' successfully

09-01-2024T17:50:17 - [TEST_STEP][PASSED] - navigateToUrl(baseUrl + "/playback_video"): Navigate to 'https://monitoring.pssi-dev.kecilin.id/playback_video' successfully

09-01-2024T17:50:18 - [MESSAGE][PASSED] - Navigate to 'https://monitoring.pssi-dev.kecilin.id/playback_video' successfully

09-01-2024T17:50:18 - [MESSAGE][PASSED] - Call Test Case 'Test Cases/Offline PSSI Dashboard Function/Create BE Playback Video/View Playback Video Data/PSSIViewPlaybackVideo' successfully

09-01-2024T17:50:18 - [TEST_STEP][PASSED] - verifyElementNotPresent(findTestObject("Page_Playback Video/CCTV Selection Bar"), 0): Web element with id: 'Object Repository/Page_Playback Video/CCTV Selection Bar' located by 'By.xpath: id("select2-cctv-container")[count(. | //span[@class = 'select2-selection__rendered' and @id = 'select2-cctv-container' and @role = 'textbox' and @aria-readonly = 'true' and @title = '-- Search CCTV --' and (text() = '-- Search CCTV --' or . = '-- Search CCTV --')]) = count(//span[@class = 'select2-selection__rendered' and @id = 'select2-cctv-container' and @role = 'textbox' and @aria-readonly = 'true' and @title = '-- Search CCTV --' and (text() = '-- Search CCTV --' or . = '-- Search CCTV --')])]' is not present after '1' second(s)

09-01-2024T17:50:18 - [MESSAGE][WARNING] - Timeout '0' is invalid. Using default page load timeout: '1'

09-01-2024T17:50:18 - [MESSAGE][PASSED] - Web element with id: 'Object Repository/Page_Playback Video/CCTV Selection Bar' located by 'By.xpath: id("select2-cctv-container")[count(. | //span[@class = 'select2-selection__rendered' and @id = 'select2-cctv-container' and @role = 'textbox' and @aria-readonly = 'true' and @title = '-- Search CCTV --' and (text() = '-- Search CCTV --' or . = '-- Search CCTV --')]) = count(//span[@class = 'select2-selection__rendered' and @id = 'select2-cctv-container' and @role = 'textbox' and @aria-readonly = 'true' and @title = '-- Search CCTV --' and (text() = '-- Search CCTV --' or . = '-- Search CCTV --')])]' is not present after '1' second(s)

09-01-2024T17:50:18 - [TEST_STEP][PASSED] - verifyElementClickable(findTestObject("Page_Playback Video/Stadium Selection Bar")): Object 'Object Repository/Page_Playback Video/Stadium Selection Bar' is clickable

09-01-2024T17:50:18 - [MESSAGE][PASSED] - Object 'Object Repository/Page_Playback Video/Stadium Selection Bar' is clickable

09-01-2024T17:50:18 - [TEST_STEP][PASSED] - click(findTestObject("Page_Playback Video/Stadium Selection Bar")): Object: 'Object Repository/Page_Playback Video/Stadium Selection Bar' is clicked on

09-01-2024T17:50:19 - [MESSAGE][PASSED] - Object: 'Object Repository/Page_Playback Video/Stadium Selection Bar' is clicked on

09-01-2024T17:50:19 - [TEST_STEP][PASSED] - sendKeys(findTestObject("Page_Playback Video/Stadium Search Field"), Keys.chord(ENTER)): Keys 'ENTER + ' sent to object: 'Object Repository/Page_Playback Video/Stadium Search Field'

09-01-2024T17:50:19 - [MESSAGE][PASSED] - Keys 'ENTER + ' sent to object: 'Object Repository/Page_Playback Video/Stadium Search Field'

09-01-2024T17:50:19 - [TEST_STEP][PASSED] - verifyElementClickable(findTestObject("Page_Playback Video/CCTV Selection Bar")): Object 'Object Repository/Page_Playback Video/CCTV Selection Bar' is clickable

09-01-2024T17:50:20 - [MESSAGE][PASSED] - Object 'Object Repository/Page_Playback Video/CCTV Selection Bar' is clickable

09-01-2024T17:50:20 - [TEST_STEP][PASSED] - click(findTestObject("Page_Playback Video/CCTV Selection Bar")): Object: 'Object Repository/Page_Playback Video/CCTV Selection Bar' is clicked on

09-01-2024T17:50:20 - [MESSAGE][PASSED] - Object: 'Object Repository/Page_Playback Video/CCTV Selection Bar' is clicked on

09-01-2024T17:50:20 - [TEST_STEP][PASSED] - sendKeys(findTestObject("Page_Playback Video/CCTV Search Field"), Keys.chord(ARROW_DOWN)): Keys 'DOWN + ' sent to object: 'Object Repository/Page_Playback Video/CCTV Search Field'

09-01-2024T17:50:21 - [MESSAGE][PASSED] - Keys 'DOWN + ' sent to object: 'Object Repository/Page_Playback Video/CCTV Search Field'

09-01-2024T17:50:21 - [TEST_STEP][PASSED] - sendKeys(findTestObject("Page_Playback Video/CCTV Search Field"), Keys.chord(ENTER)): Keys 'ENTER + ' sent to object: 'Object Repository/Page_Playback Video/CCTV Search Field'

09-01-2024T17:50:21 - [MESSAGE][PASSED] - Keys 'ENTER + ' sent to object: 'Object Repository/Page_Playback Video/CCTV Search Field'

09-01-2024T17:50:21 - [TEST_STEP][PASSED] - verifyElementClickable(findTestObject("Page_Playback Video/button_Search")): Object 'Object Repository/Page_Playback Video/button_Search' is clickable

09-01-2024T17:50:22 - [MESSAGE][PASSED] - Object 'Object Repository/Page_Playback Video/button_Search' is clickable

09-01-2024T17:50:22 - [TEST_STEP][PASSED] - click(findTestObject("Page_Playback Video/button_Search")): Object: 'Object Repository/Page_Playback Video/button_Search' is clicked on

09-01-2024T17:50:22 - [MESSAGE][PASSED] - Object: 'Object Repository/Page_Playback Video/button_Search' is clicked on

09-01-2024T17:50:22 - [TEST_STEP][PASSED] - verifyTextPresent("Size", false): Text 'Size' is present on page 

09-01-2024T17:50:29 - [MESSAGE][PASSED] - Text 'Size' is present on page 

09-01-2024T17:50:29 - [TEST_STEP][PASSED] - verifyTextPresent("Name", false): Text 'Name' is present on page 

09-01-2024T17:50:29 - [MESSAGE][PASSED] - Text 'Name' is present on page 

09-01-2024T17:50:29 - [TEST_STEP][PASSED] - verifyTextPresent("Date Time", false): Text 'Date Time' is present on page 

09-01-2024T17:50:30 - [MESSAGE][PASSED] - Text 'Date Time' is present on page 

09-01-2024T17:50:30 - [TEST_STEP][PASSED] - verifyTextPresent("Action", false): Text 'Action' is present on page 

09-01-2024T17:50:30 - [MESSAGE][PASSED] - Text 'Action' is present on page 

09-01-2024T17:50:30 - [MESSAGE][PASSED] - Call Test Case 'Test Cases/Offline PSSI Dashboard Function/Create BE Playback Video/Filter Playback Video/Positive Test Case/PSSIFilterStadiumAndCam' successfully

09-01-2024T17:50:30 - [TEST_STEP][PASSED] - verifyElementClickable(findTestObject("Object Repository/Page_CCTV/Data Entries Option")): Object 'Object Repository/Page_CCTV/Data Entries Option' is clickable

09-01-2024T17:50:31 - [MESSAGE][PASSED] - Object 'Object Repository/Page_CCTV/Data Entries Option' is clickable

09-01-2024T17:50:31 - [TEST_STEP][PASSED] - selectOptionByValue(findTestObject("Object Repository/Page_CCTV/Data Entries Option"), "100", true): All options with value '100' are selected in object 'Object Repository/Page_CCTV/Data Entries Option'  using regular expression

09-01-2024T17:50:32 - [MESSAGE][PASSED] - All options with value '100' are selected in object 'Object Repository/Page_CCTV/Data Entries Option'  using regular expression

09-01-2024T17:50:32 - [TEST_STEP][PASSED] - scrollToElement(findTestObject("Page_CCTV/page 1"), 1): Scroll to object 'Object Repository/Page_CCTV/page 1' successfully

09-01-2024T17:50:32 - [MESSAGE][PASSED] - Scroll to object 'Object Repository/Page_CCTV/page 1' successfully

09-01-2024T17:50:32 - [TEST_STEP][PASSED] - page1Object = findTestObject("Object Repository/Page_CCTV/page 1"): null

09-01-2024T17:50:32 - [TEST_STEP][PASSED] - page1Object.addProperty("css", EQUALS, "li.paginate_button.page-item.active > a.page-link"): null

09-01-2024T17:50:32 - [TEST_STEP][PASSED] - verifyElementPresent(page1Object, 3): Object 'Object Repository/Page_CCTV/page 1' is present

09-01-2024T17:50:33 - [MESSAGE][PASSED] - Object 'Object Repository/Page_CCTV/page 1' is present

09-01-2024T17:50:33 - [TEST_STEP][PASSED] - scrollToElement(findTestObject("Page_CCTV//Data Entries Option"), 1): Scroll to object 'Object Repository/Page_CCTV//Data Entries Option' successfully

09-01-2024T17:50:33 - [MESSAGE][PASSED] - Scroll to object 'Object Repository/Page_CCTV//Data Entries Option' successfully

09-01-2024T17:50:33 - [TEST_STEP][PASSED] - verifyElementClickable(findTestObject("Object Repository/Page_CCTV/Data Entries Option")): Object 'Object Repository/Page_CCTV/Data Entries Option' is clickable

09-01-2024T17:50:33 - [MESSAGE][PASSED] - Object 'Object Repository/Page_CCTV/Data Entries Option' is clickable

09-01-2024T17:50:33 - [TEST_STEP][PASSED] - selectOptionByValue(findTestObject("Object Repository/Page_CCTV/Data Entries Option"), "25", true): All options with value '25' are selected in object 'Object Repository/Page_CCTV/Data Entries Option'  using regular expression

09-01-2024T17:50:34 - [MESSAGE][PASSED] - All options with value '25' are selected in object 'Object Repository/Page_CCTV/Data Entries Option'  using regular expression

09-01-2024T17:50:34 - [TEST_STEP][FAILED] - scrollToElement(findTestObject("Page_CCTV/page 2"), 1): Unable to scroll to object 'Object Repository/Page_CCTV/page 2' (Root cause: com.kms.katalon.core.exception.StepFailedException: Unable to scroll to object 'Object Repository/Page_CCTV/page 2'
	at com.kms.katalon.core.webui.keyword.internal.WebUIKeywordMain.stepFailed(WebUIKeywordMain.groovy:64)
	at com.kms.katalon.core.webui.keyword.internal.WebUIKeywordMain.runKeyword(WebUIKeywordMain.groovy:26)
	at com.kms.katalon.core.webui.keyword.builtin.ScrollToElementKeyword.scrollToElement(ScrollToElementKeyword.groovy:88)
	at com.kms.katalon.core.webui.keyword.builtin.ScrollToElementKeyword.execute(ScrollToElementKeyword.groovy:68)
	at com.kms.katalon.core.keyword.internal.KeywordExecutor.executeKeywordForPlatform(KeywordExecutor.groovy:74)
	at com.kms.katalon.core.webui.keyword.WebUiBuiltInKeywords.scrollToElement(WebUiBuiltInKeywords.groovy:4147)
	at PSSIVideoPlaybackDataEntriesAndPages.run(PSSIVideoPlaybackDataEntriesAndPages:44)
	at com.kms.katalon.core.main.ScriptEngine.run(ScriptEngine.java:194)
	at com.kms.katalon.core.main.ScriptEngine.runScriptAsRawText(ScriptEngine.java:119)
	at com.kms.katalon.core.main.TestCaseExecutor.runScript(TestCaseExecutor.java:448)
	at com.kms.katalon.core.main.TestCaseExecutor.doExecute(TestCaseExecutor.java:439)
	at com.kms.katalon.core.main.TestCaseExecutor.processExecutionPhase(TestCaseExecutor.java:418)
	at com.kms.katalon.core.main.TestCaseExecutor.accessMainPhase(TestCaseExecutor.java:410)
	at com.kms.katalon.core.main.TestCaseExecutor.execute(TestCaseExecutor.java:285)
	at com.kms.katalon.core.main.TestCaseExecutor.execute(TestCaseExecutor.java:369)
	at com.kms.katalon.core.main.TestCaseExecutor.execute(TestCaseExecutor.java:369)
	at com.kms.katalon.core.main.TestCaseExecutor.execute(TestCaseExecutor.java:369)
	at com.kms.katalon.core.common.CommonExecutor.accessTestCaseMainPhase(CommonExecutor.java:65)
	at com.kms.katalon.core.main.TestSuiteExecutor.accessTestSuiteMainPhase(TestSuiteExecutor.java:148)
	at com.kms.katalon.core.main.TestSuiteExecutor.execute(TestSuiteExecutor.java:106)
	at com.kms.katalon.core.main.TestCaseMain.startTestSuite(TestCaseMain.java:180)
	at TempTestSuite1704796996375.run(TempTestSuite1704796996375.groovy:36)
	at java.base/jdk.internal.reflect.NativeMethodAccessorImpl.invoke0(Native Method)
	at java.base/jdk.internal.reflect.NativeMethodAccessorImpl.invoke(NativeMethodAccessorImpl.java:77)
	at java.base/jdk.internal.reflect.DelegatingMethodAccessorImpl.invoke(DelegatingMethodAccessorImpl.java:43)
Caused by: com.kms.katalon.core.webui.exception.WebElementNotFoundException: Web element with id: 'Object Repository/Page_CCTV/page 2' located by '//div[@id='table_data_paginate']/ul/li[3]/a' not found
	at com.kms.katalon.core.webui.common.WebUiCommonHelper.findWebElement(WebUiCommonHelper.java:1379)
	at com.kms.katalon.core.webui.keyword.internal.WebUIAbstractKeyword.findWebElement(WebUIAbstractKeyword.groovy:27)
	at com.kms.katalon.core.webui.keyword.internal.WebUIAbstractKeyword.findWebElement(WebUIAbstractKeyword.groovy:26)
	at com.kms.katalon.core.webui.keyword.builtin.ScrollToElementKeyword$_scrollToElement_closure1.doCall(ScrollToElementKeyword.groovy:79)
	at com.kms.katalon.core.webui.keyword.builtin.ScrollToElementKeyword$_scrollToElement_closure1.call(ScrollToElementKeyword.groovy)
	at com.kms.katalon.core.webui.keyword.internal.WebUIKeywordMain.runKeyword(WebUIKeywordMain.groovy:20)
	at com.kms.katalon.core.webui.keyword.builtin.ScrollToElementKeyword.scrollToElement(ScrollToElementKeyword.groovy:88)
	at com.kms.katalon.core.webui.keyword.builtin.ScrollToElementKeyword.execute(ScrollToElementKeyword.groovy:68)
	at com.kms.katalon.core.keyword.internal.KeywordExecutor.executeKeywordForPlatform(KeywordExecutor.groovy:74)
	at com.kms.katalon.core.webui.keyword.WebUiBuiltInKeywords.scrollToElement(WebUiBuiltInKeywords.groovy:4147)
	at Script1704784596222.run(Script1704784596222.groovy:44)
	... 18 more
)

09-01-2024T17:50:37 - [MESSAGE][INFO] - Unable to find the element located by 'By.xpath: //div[@id='table_data_paginate']/ul/li[3]/a'. Please recheck the objects properties to make sure the desired element is located. 

09-01-2024T17:50:37 - [MESSAGE][WARNING] - [SELF-HEALING] Failed to find element with id 'Object Repository/Page_CCTV/page 2'. Try using Self-healing.

09-01-2024T17:50:37 - [MESSAGE][INFO] - [SELF-HEALING] Failed Locator: '//div[@id='table_data_paginate']/ul/li[3]/a'.

09-01-2024T17:50:37 - [MESSAGE][INFO] - [SELF-HEALING] Failed Locator: '//a[contains(text(),'2')]'.

09-01-2024T17:50:38 - [MESSAGE][INFO] - [SELF-HEALING] Failed Locator: '(//a[contains(@href, '#')])[2]'.

09-01-2024T17:50:38 - [MESSAGE][INFO] - [SELF-HEALING] Failed Locator: '//li[3]/a'.

09-01-2024T17:50:38 - [MESSAGE][INFO] - [SELF-HEALING] Failed Locator: '//a[@href = '#' and (text() = '2' or . = '2')]'.

09-01-2024T17:50:39 - [MESSAGE][INFO] - Unable to find the element located by 'By.xpath: //*[@href = '#' and (text() = '2' or . = '2')]'. Please recheck the objects properties to make sure the desired element is located. 

09-01-2024T17:50:40 - [MESSAGE][INFO] - Unable to find the element located by 'By.cssSelector: '. Please recheck the objects properties to make sure the desired element is located. 

09-01-2024T17:50:41 - [MESSAGE][FAILED] - Unable to scroll to object 'Object Repository/Page_CCTV/page 2' (Root cause: com.kms.katalon.core.exception.StepFailedException: Unable to scroll to object 'Object Repository/Page_CCTV/page 2'
	at com.kms.katalon.core.webui.keyword.internal.WebUIKeywordMain.stepFailed(WebUIKeywordMain.groovy:64)
	at com.kms.katalon.core.webui.keyword.internal.WebUIKeywordMain.runKeyword(WebUIKeywordMain.groovy:26)
	at com.kms.katalon.core.webui.keyword.builtin.ScrollToElementKeyword.scrollToElement(ScrollToElementKeyword.groovy:88)
	at com.kms.katalon.core.webui.keyword.builtin.ScrollToElementKeyword.execute(ScrollToElementKeyword.groovy:68)
	at com.kms.katalon.core.keyword.internal.KeywordExecutor.executeKeywordForPlatform(KeywordExecutor.groovy:74)
	at com.kms.katalon.core.webui.keyword.WebUiBuiltInKeywords.scrollToElement(WebUiBuiltInKeywords.groovy:4147)
	at PSSIVideoPlaybackDataEntriesAndPages.run(PSSIVideoPlaybackDataEntriesAndPages:44)
	at com.kms.katalon.core.main.ScriptEngine.run(ScriptEngine.java:194)
	at com.kms.katalon.core.main.ScriptEngine.runScriptAsRawText(ScriptEngine.java:119)
	at com.kms.katalon.core.main.TestCaseExecutor.runScript(TestCaseExecutor.java:448)
	at com.kms.katalon.core.main.TestCaseExecutor.doExecute(TestCaseExecutor.java:439)
	at com.kms.katalon.core.main.TestCaseExecutor.processExecutionPhase(TestCaseExecutor.java:418)
	at com.kms.katalon.core.main.TestCaseExecutor.accessMainPhase(TestCaseExecutor.java:410)
	at com.kms.katalon.core.main.TestCaseExecutor.execute(TestCaseExecutor.java:285)
	at com.kms.katalon.core.main.TestCaseExecutor.execute(TestCaseExecutor.java:369)
	at com.kms.katalon.core.main.TestCaseExecutor.execute(TestCaseExecutor.java:369)
	at com.kms.katalon.core.main.TestCaseExecutor.execute(TestCaseExecutor.java:369)
	at com.kms.katalon.core.common.CommonExecutor.accessTestCaseMainPhase(CommonExecutor.java:65)
	at com.kms.katalon.core.main.TestSuiteExecutor.accessTestSuiteMainPhase(TestSuiteExecutor.java:148)
	at com.kms.katalon.core.main.TestSuiteExecutor.execute(TestSuiteExecutor.java:106)
	at com.kms.katalon.core.main.TestCaseMain.startTestSuite(TestCaseMain.java:180)
	at TempTestSuite1704796996375.run(TempTestSuite1704796996375.groovy:36)
	at java.base/jdk.internal.reflect.NativeMethodAccessorImpl.invoke0(Native Method)
	at java.base/jdk.internal.reflect.NativeMethodAccessorImpl.invoke(NativeMethodAccessorImpl.java:77)
	at java.base/jdk.internal.reflect.DelegatingMethodAccessorImpl.invoke(DelegatingMethodAccessorImpl.java:43)
Caused by: com.kms.katalon.core.webui.exception.WebElementNotFoundException: Web element with id: 'Object Repository/Page_CCTV/page 2' located by '//div[@id='table_data_paginate']/ul/li[3]/a' not found
	at com.kms.katalon.core.webui.common.WebUiCommonHelper.findWebElement(WebUiCommonHelper.java:1379)
	at com.kms.katalon.core.webui.keyword.internal.WebUIAbstractKeyword.findWebElement(WebUIAbstractKeyword.groovy:27)
	at com.kms.katalon.core.webui.keyword.internal.WebUIAbstractKeyword.findWebElement(WebUIAbstractKeyword.groovy:26)
	at com.kms.katalon.core.webui.keyword.builtin.ScrollToElementKeyword$_scrollToElement_closure1.doCall(ScrollToElementKeyword.groovy:79)
	at com.kms.katalon.core.webui.keyword.builtin.ScrollToElementKeyword$_scrollToElement_closure1.call(ScrollToElementKeyword.groovy)
	at com.kms.katalon.core.webui.keyword.internal.WebUIKeywordMain.runKeyword(WebUIKeywordMain.groovy:20)
	at com.kms.katalon.core.webui.keyword.builtin.ScrollToElementKeyword.scrollToElement(ScrollToElementKeyword.groovy:88)
	at com.kms.katalon.core.webui.keyword.builtin.ScrollToElementKeyword.execute(ScrollToElementKeyword.groovy:68)
	at com.kms.katalon.core.keyword.internal.KeywordExecutor.executeKeywordForPlatform(KeywordExecutor.groovy:74)
	at com.kms.katalon.core.webui.keyword.WebUiBuiltInKeywords.scrollToElement(WebUiBuiltInKeywords.groovy:4147)
	at Script1704784596222.run(Script1704784596222.groovy:44)
	... 18 more
)
[[ATTACHMENT|C:\\Users\\USER\\git\\Kecilin-Automation-Test\\Reports\\20240109_174313\\Create BE Playback Video\\Data Entries and Pages Test Suite\\20240109_174316\\1704797440854.png]]]]></system-out>
         <system-err><![CDATA[09-01-2024T17:50:11 - [TEST_CASE][FAILED] - Test Cases/Offline PSSI Dashboard Function/Create BE Playback Video/Data Entries and Pages/PSSIVideoPlaybackDataEntriesAndPages: Test Cases/Offline PSSI Dashboard Function/Create BE Playback Video/Data Entries and Pages/PSSIVideoPlaybackDataEntriesAndPages FAILED.
Reason:
com.kms.katalon.core.exception.StepFailedException: Unable to scroll to object 'Object Repository/Page_CCTV/page 2'
	at com.kms.katalon.core.webui.keyword.internal.WebUIKeywordMain.stepFailed(WebUIKeywordMain.groovy:64)
	at com.kms.katalon.core.webui.keyword.internal.WebUIKeywordMain.runKeyword(WebUIKeywordMain.groovy:26)
	at com.kms.katalon.core.webui.keyword.builtin.ScrollToElementKeyword.scrollToElement(ScrollToElementKeyword.groovy:88)
	at com.kms.katalon.core.webui.keyword.builtin.ScrollToElementKeyword.execute(ScrollToElementKeyword.groovy:68)
	at com.kms.katalon.core.keyword.internal.KeywordExecutor.executeKeywordForPlatform(KeywordExecutor.groovy:74)
	at com.kms.katalon.core.webui.keyword.WebUiBuiltInKeywords.scrollToElement(WebUiBuiltInKeywords.groovy:4147)
	at PSSIVideoPlaybackDataEntriesAndPages.run(PSSIVideoPlaybackDataEntriesAndPages:44)
	at com.kms.katalon.core.main.ScriptEngine.run(ScriptEngine.java:194)
	at com.kms.katalon.core.main.ScriptEngine.runScriptAsRawText(ScriptEngine.java:119)
	at com.kms.katalon.core.main.TestCaseExecutor.runScript(TestCaseExecutor.java:448)
	at com.kms.katalon.core.main.TestCaseExecutor.doExecute(TestCaseExecutor.java:439)
	at com.kms.katalon.core.main.TestCaseExecutor.processExecutionPhase(TestCaseExecutor.java:418)
	at com.kms.katalon.core.main.TestCaseExecutor.accessMainPhase(TestCaseExecutor.java:410)
	at com.kms.katalon.core.main.TestCaseExecutor.execute(TestCaseExecutor.java:285)
	at com.kms.katalon.core.main.TestCaseExecutor.execute(TestCaseExecutor.java:369)
	at com.kms.katalon.core.main.TestCaseExecutor.execute(TestCaseExecutor.java:369)
	at com.kms.katalon.core.main.TestCaseExecutor.execute(TestCaseExecutor.java:369)
	at com.kms.katalon.core.common.CommonExecutor.accessTestCaseMainPhase(CommonExecutor.java:65)
	at com.kms.katalon.core.main.TestSuiteExecutor.accessTestSuiteMainPhase(TestSuiteExecutor.java:148)
	at com.kms.katalon.core.main.TestSuiteExecutor.execute(TestSuiteExecutor.java:106)
	at com.kms.katalon.core.main.TestCaseMain.startTestSuite(TestCaseMain.java:180)
	at TempTestSuite1704796996375.run(TempTestSuite1704796996375.groovy:36)
	at java.base/jdk.internal.reflect.NativeMethodAccessorImpl.invoke0(Native Method)
	at java.base/jdk.internal.reflect.NativeMethodAccessorImpl.invoke(NativeMethodAccessorImpl.java:77)
	at java.base/jdk.internal.reflect.DelegatingMethodAccessorImpl.invoke(DelegatingMethodAccessorImpl.java:43)
Caused by: com.kms.katalon.core.webui.exception.WebElementNotFoundException: Web element with id: 'Object Repository/Page_CCTV/page 2' located by '//div[@id='table_data_paginate']/ul/li[3]/a' not found
	at com.kms.katalon.core.webui.common.WebUiCommonHelper.findWebElement(WebUiCommonHelper.java:1379)
	at com.kms.katalon.core.webui.keyword.internal.WebUIAbstractKeyword.findWebElement(WebUIAbstractKeyword.groovy:27)
	at com.kms.katalon.core.webui.keyword.internal.WebUIAbstractKeyword.findWebElement(WebUIAbstractKeyword.groovy:26)
	at com.kms.katalon.core.webui.keyword.builtin.ScrollToElementKeyword$_scrollToElement_closure1.doCall(ScrollToElementKeyword.groovy:79)
	at com.kms.katalon.core.webui.keyword.builtin.ScrollToElementKeyword$_scrollToElement_closure1.call(ScrollToElementKeyword.groovy)
	at com.kms.katalon.core.webui.keyword.internal.WebUIKeywordMain.runKeyword(WebUIKeywordMain.groovy:20)
	... 23 more]]></system-err>
      </testcase>
      <system-out><![CDATA[09-01-2024T17:48:37 - [TEST_SUITE][FAILED] - Data Entries and Pages Test Suite: Test Cases/Offline PSSI Dashboard Function/Create BE Playback Video/Data Entries and Pages/PSSIVideoPlaybackDataEntriesAndPages FAILED.
Reason:
com.kms.katalon.core.exception.StepFailedException: Unable to scroll to object 'Object Repository/Page_CCTV/page 2'
	at com.kms.katalon.core.webui.keyword.internal.WebUIKeywordMain.stepFailed(WebUIKeywordMain.groovy:64)
	at com.kms.katalon.core.webui.keyword.internal.WebUIKeywordMain.runKeyword(WebUIKeywordMain.groovy:26)
	at com.kms.katalon.core.webui.keyword.builtin.ScrollToElementKeyword.scrollToElement(ScrollToElementKeyword.groovy:88)
	at com.kms.katalon.core.webui.keyword.builtin.ScrollToElementKeyword.execute(ScrollToElementKeyword.groovy:68)
	at com.kms.katalon.core.keyword.internal.KeywordExecutor.executeKeywordForPlatform(KeywordExecutor.groovy:74)
	at com.kms.katalon.core.webui.keyword.WebUiBuiltInKeywords.scrollToElement(WebUiBuiltInKeywords.groovy:4147)
	at PSSIVideoPlaybackDataEntriesAndPages.run(PSSIVideoPlaybackDataEntriesAndPages:44)
	at com.kms.katalon.core.main.ScriptEngine.run(ScriptEngine.java:194)
	at com.kms.katalon.core.main.ScriptEngine.runScriptAsRawText(ScriptEngine.java:119)
	at com.kms.katalon.core.main.TestCaseExecutor.runScript(TestCaseExecutor.java:448)
	at com.kms.katalon.core.main.TestCaseExecutor.doExecute(TestCaseExecutor.java:439)
	at com.kms.katalon.core.main.TestCaseExecutor.processExecutionPhase(TestCaseExecutor.java:418)
	at com.kms.katalon.core.main.TestCaseExecutor.accessMainPhase(TestCaseExecutor.java:410)
	at com.kms.katalon.core.main.TestCaseExecutor.execute(TestCaseExecutor.java:285)
	at com.kms.katalon.core.common.CommonExecutor.accessTestCaseMainPhase(CommonExecutor.java:65)
	at com.kms.katalon.core.main.TestSuiteExecutor.accessTestSuiteMainPhase(TestSuiteExecutor.java:148)
	at com.kms.katalon.core.main.TestSuiteExecutor.execute(TestSuiteExecutor.java:106)
	at com.kms.katalon.core.main.TestCaseMain.startTestSuite(TestCaseMain.java:180)
	at TempTestSuite1704796996375.run(TempTestSuite1704796996375.groovy:36)
	at java.base/jdk.internal.reflect.NativeMethodAccessorImpl.invoke0(Native Method)
	at java.base/jdk.internal.reflect.NativeMethodAccessorImpl.invoke(NativeMethodAccessorImpl.java:77)
	at java.base/jdk.internal.reflect.DelegatingMethodAccessorImpl.invoke(DelegatingMethodAccessorImpl.java:43)
Caused by: com.kms.katalon.core.webui.exception.WebElementNotFoundException: Web element with id: 'Object Repository/Page_CCTV/page 2' located by '//div[@id='table_data_paginate']/ul/li[3]/a' not found
	at com.kms.katalon.core.webui.common.WebUiCommonHelper.findWebElement(WebUiCommonHelper.java:1379)
	at com.kms.katalon.core.webui.keyword.internal.WebUIAbstractKeyword.findWebElement(WebUIAbstractKeyword.groovy:27)
	at com.kms.katalon.core.webui.keyword.internal.WebUIAbstractKeyword.findWebElement(WebUIAbstractKeyword.groovy:26)
	at com.kms.katalon.core.webui.keyword.builtin.ScrollToElementKeyword$_scrollToElement_closure1.doCall(ScrollToElementKeyword.groovy:79)
	at com.kms.katalon.core.webui.keyword.builtin.ScrollToElementKeyword$_scrollToElement_closure1.call(ScrollToElementKeyword.groovy)
	at com.kms.katalon.core.webui.keyword.internal.WebUIKeywordMain.runKeyword(WebUIKeywordMain.groovy:20)
	... 20 more]]></system-out>
      <system-err><![CDATA[09-01-2024T17:48:37 - [TEST_SUITE][FAILED] - Data Entries and Pages Test Suite: Test Cases/Offline PSSI Dashboard Function/Create BE Playback Video/Data Entries and Pages/PSSIVideoPlaybackDataEntriesAndPages FAILED.
Reason:
com.kms.katalon.core.exception.StepFailedException: Unable to scroll to object 'Object Repository/Page_CCTV/page 2'
	at com.kms.katalon.core.webui.keyword.internal.WebUIKeywordMain.stepFailed(WebUIKeywordMain.groovy:64)
	at com.kms.katalon.core.webui.keyword.internal.WebUIKeywordMain.runKeyword(WebUIKeywordMain.groovy:26)
	at com.kms.katalon.core.webui.keyword.builtin.ScrollToElementKeyword.scrollToElement(ScrollToElementKeyword.groovy:88)
	at com.kms.katalon.core.webui.keyword.builtin.ScrollToElementKeyword.execute(ScrollToElementKeyword.groovy:68)
	at com.kms.katalon.core.keyword.internal.KeywordExecutor.executeKeywordForPlatform(KeywordExecutor.groovy:74)
	at com.kms.katalon.core.webui.keyword.WebUiBuiltInKeywords.scrollToElement(WebUiBuiltInKeywords.groovy:4147)
	at PSSIVideoPlaybackDataEntriesAndPages.run(PSSIVideoPlaybackDataEntriesAndPages:44)
	at com.kms.katalon.core.main.ScriptEngine.run(ScriptEngine.java:194)
	at com.kms.katalon.core.main.ScriptEngine.runScriptAsRawText(ScriptEngine.java:119)
	at com.kms.katalon.core.main.TestCaseExecutor.runScript(TestCaseExecutor.java:448)
	at com.kms.katalon.core.main.TestCaseExecutor.doExecute(TestCaseExecutor.java:439)
	at com.kms.katalon.core.main.TestCaseExecutor.processExecutionPhase(TestCaseExecutor.java:418)
	at com.kms.katalon.core.main.TestCaseExecutor.accessMainPhase(TestCaseExecutor.java:410)
	at com.kms.katalon.core.main.TestCaseExecutor.execute(TestCaseExecutor.java:285)
	at com.kms.katalon.core.common.CommonExecutor.accessTestCaseMainPhase(CommonExecutor.java:65)
	at com.kms.katalon.core.main.TestSuiteExecutor.accessTestSuiteMainPhase(TestSuiteExecutor.java:148)
	at com.kms.katalon.core.main.TestSuiteExecutor.execute(TestSuiteExecutor.java:106)
	at com.kms.katalon.core.main.TestCaseMain.startTestSuite(TestCaseMain.java:180)
	at TempTestSuite1704796996375.run(TempTestSuite1704796996375.groovy:36)
	at java.base/jdk.internal.reflect.NativeMethodAccessorImpl.invoke0(Native Method)
	at java.base/jdk.internal.reflect.NativeMethodAccessorImpl.invoke(NativeMethodAccessorImpl.java:77)
	at java.base/jdk.internal.reflect.DelegatingMethodAccessorImpl.invoke(DelegatingMethodAccessorImpl.java:43)
Caused by: com.kms.katalon.core.webui.exception.WebElementNotFoundException: Web element with id: 'Object Repository/Page_CCTV/page 2' located by '//div[@id='table_data_paginate']/ul/li[3]/a' not found
	at com.kms.katalon.core.webui.common.WebUiCommonHelper.findWebElement(WebUiCommonHelper.java:1379)
	at com.kms.katalon.core.webui.keyword.internal.WebUIAbstractKeyword.findWebElement(WebUIAbstractKeyword.groovy:27)
	at com.kms.katalon.core.webui.keyword.internal.WebUIAbstractKeyword.findWebElement(WebUIAbstractKeyword.groovy:26)
	at com.kms.katalon.core.webui.keyword.builtin.ScrollToElementKeyword$_scrollToElement_closure1.doCall(ScrollToElementKeyword.groovy:79)
	at com.kms.katalon.core.webui.keyword.builtin.ScrollToElementKeyword$_scrollToElement_closure1.call(ScrollToElementKeyword.groovy)
	at com.kms.katalon.core.webui.keyword.internal.WebUIKeywordMain.runKeyword(WebUIKeywordMain.groovy:20)
	... 20 more]]></system-err>
   </testsuite>
</testsuites>
