<?xml version="1.0" encoding="UTF-8"?>
<testsuites name="Select CCTV Test Suite" time="195.986" tests="5" failures="1" errors="0">
   <testsuite name="Select CCTV Test Suite" tests="5" failures="1" errors="0" time="195.986" skipped="0" timestamp="10-01-2024T10:33:32" hostname="USER - DESKTOP-HLRVE9S" id="Test Suites/Create BE Playback Video/Select CCTV Test Suite">
      <properties>
         <property name="deviceName" value=""/>
         <property name="devicePlatform" value=""/>
         <property name="logFolder" value="C:\\Users\\USER\\git\\Kecilin-Automation-Test\\Reports\\20240110_101141\\Create BE Playback Video\\Select CCTV Test Suite\\20240110_101153"/>
         <property name="logFiles" value="C:\\Users\\USER\\git\\Kecilin-Automation-Test\\Reports\\20240110_101141\\Create BE Playback Video\\Select CCTV Test Suite\\20240110_101153\\execution0.log"/>
         <property name="attachments" value="C:\\Users\\USER\\git\\Kecilin-Automation-Test\\Reports\\20240110_101141\\Create BE Playback Video\\Select CCTV Test Suite\\20240110_101153\\1704857651798.png, C:\\Users\\USER\\git\\Kecilin-Automation-Test\\Reports\\20240110_101141\\Create BE Playback Video\\Select CCTV Test Suite\\20240110_101153\\1704857652269.png, C:\\Users\\USER\\git\\Kecilin-Automation-Test\\Reports\\20240110_101141\\Create BE Playback Video\\Select CCTV Test Suite\\20240110_101153\\1704857680724.png, C:\\Users\\USER\\git\\Kecilin-Automation-Test\\Reports\\20240110_101141\\Create BE Playback Video\\Select CCTV Test Suite\\20240110_101153\\1704857681160.png, C:\\Users\\USER\\git\\Kecilin-Automation-Test\\Reports\\20240110_101141\\Create BE Playback Video\\Select CCTV Test Suite\\20240110_101153\\1704857708661.png, C:\\Users\\USER\\git\\Kecilin-Automation-Test\\Reports\\20240110_101141\\Create BE Playback Video\\Select CCTV Test Suite\\20240110_101153\\1704857709155.png, C:\\Users\\USER\\git\\Kecilin-Automation-Test\\Reports\\20240110_101141\\Create BE Playback Video\\Select CCTV Test Suite\\20240110_101153\\1704857735986.png, C:\\Users\\USER\\git\\Kecilin-Automation-Test\\Reports\\20240110_101141\\Create BE Playback Video\\Select CCTV Test Suite\\20240110_101153\\1704857736254.png"/>
         <property name="hostName" value="USER - DESKTOP-HLRVE9S"/>
         <property name="os" value="Windows 10 64bit"/>
         <property name="katalonVersion" value="9.2.0.212"/>
         <property name="browser" value="Chrome 120.0.0.0"/>
         <property name="hostAddress" value="192.168.100.189"/>
         <property name="sessionId" value="2e17eb230a4da620104b5bd8d68ac333"/>
         <property name="seleniumVersion" value="3.141.59"/>
         <property name="proxyInformation" value="ProxyInformation { proxyOption=NO_PROXY, proxyServerType=HTTP, username=, password=********, proxyServerAddress=, proxyServerPort=0, executionList=&quot;&quot;, isApplyToDesiredCapabilities=true }"/>
         <property name="platform" value="Windows 10"/>
      </properties>
      <testcase name="Test Cases/Offline PSSI Dashboard Function/Create BE Playback Video/Select CCTV/Negative Test Case/PSSIMonitoringClearCCTVSelection" time="26.719" classname="Test Cases/Offline PSSI Dashboard Function/Create BE Playback Video/Select CCTV/Negative Test Case/PSSIMonitoringClearCCTVSelection" status="FAILED">
         <failure type="FAILED" message="Test Cases/Offline PSSI Dashboard Function/Create BE Playback Video/Select CCTV/Negative Test Case/PSSIMonitoringClearCCTVSelection FAILED.&#xa;Reason:&#xa;com.kms.katalon.core.exception.StepFailedException: Verify element text of test object 'Object Repository/Page_Playback Video/CCTV Selection Bar' FAILED.&#xa;	at com.kms.katalon.core.webui.keyword.internal.WebUIKeywordMain.stepFailed(WebUIKeywordMain.groovy:64)&#xa;	at com.kms.katalon.core.webui.keyword.internal.WebUIKeywordMain.runKeyword(WebUIKeywordMain.groovy:26)&#xa;	at com.kms.katalon.core.webui.keyword.builtin.VerifyElementTextKeyword.verifyElementText(VerifyElementTextKeyword.groovy:72)&#xa;	at com.kms.katalon.core.webui.keyword.builtin.VerifyElementTextKeyword.execute(VerifyElementTextKeyword.groovy:40)&#xa;	at com.kms.katalon.core.keyword.internal.KeywordExecutor.executeKeywordForPlatform(KeywordExecutor.groovy:74)&#xa;	at com.kms.katalon.core.webui.keyword.WebUiBuiltInKeywords.verifyElementText(WebUiBuiltInKeywords.groovy:4835)&#xa;	at PSSIMonitoringClearCCTVSelection.run(PSSIMonitoringClearCCTVSelection:58)&#xa;	at com.kms.katalon.core.main.ScriptEngine.run(ScriptEngine.java:194)&#xa;	at com.kms.katalon.core.main.ScriptEngine.runScriptAsRawText(ScriptEngine.java:119)&#xa;	at com.kms.katalon.core.main.TestCaseExecutor.runScript(TestCaseExecutor.java:448)&#xa;	at com.kms.katalon.core.main.TestCaseExecutor.doExecute(TestCaseExecutor.java:439)&#xa;	at com.kms.katalon.core.main.TestCaseExecutor.processExecutionPhase(TestCaseExecutor.java:418)&#xa;	at com.kms.katalon.core.main.TestCaseExecutor.accessMainPhase(TestCaseExecutor.java:410)&#xa;	at com.kms.katalon.core.main.TestCaseExecutor.execute(TestCaseExecutor.java:285)&#xa;	at com.kms.katalon.core.main.TestCaseExecutor.execute(TestCaseExecutor.java:369)&#xa;	at com.kms.katalon.core.main.TestCaseExecutor.execute(TestCaseExecutor.java:369)&#xa;	at com.kms.katalon.core.main.TestCaseExecutor.execute(TestCaseExecutor.java:369)&#xa;	at com.kms.katalon.core.common.CommonExecutor.accessTestCaseMainPhase(CommonExecutor.java:65)&#xa;	at com.kms.katalon.core.main.TestSuiteExecutor.accessTestSuiteMainPhase(TestSuiteExecutor.java:148)&#xa;	at com.kms.katalon.core.main.TestSuiteExecutor.execute(TestSuiteExecutor.java:106)&#xa;	at com.kms.katalon.core.main.TestCaseMain.startTestSuite(TestCaseMain.java:180)&#xa;	at TempTestSuite1704856313175.run(TempTestSuite1704856313175.groovy:36)&#xa;	at java.base/jdk.internal.reflect.NativeMethodAccessorImpl.invoke0(Native Method)&#xa;	at java.base/jdk.internal.reflect.NativeMethodAccessorImpl.invoke(NativeMethodAccessorImpl.java:77)&#xa;	at java.base/jdk.internal.reflect.DelegatingMethodAccessorImpl.invoke(DelegatingMethodAccessorImpl.java:43)&#xa;Caused by: com.kms.katalon.core.exception.StepFailedException: Actual text 'CCTV 1' and expected text '-- Search CCTV --' of test object 'Object Repository/Page_Playback Video/CCTV Selection Bar' are NOT matched.&#xa;	at com.kms.katalon.core.webui.keyword.internal.WebUIKeywordMain.stepFailed(WebUIKeywordMain.groovy:64)&#xa;	at com.kms.katalon.core.webui.keyword.builtin.VerifyElementTextKeyword$_verifyElementText_closure1.doCall(VerifyElementTextKeyword.groovy:57)&#xa;	at com.kms.katalon.core.webui.keyword.builtin.VerifyElementTextKeyword$_verifyElementText_closure1.call(VerifyElementTextKeyword.groovy)&#xa;	at com.kms.katalon.core.webui.keyword.internal.WebUIKeywordMain.runKeyword(WebUIKeywordMain.groovy:20)&#xa;	... 23 more&#xa;"/>
         <system-out><![CDATA[10-01-2024T10:35:09 - [TEST_CASE][FAILED] - Test Cases/Offline PSSI Dashboard Function/Create BE Playback Video/Select CCTV/Negative Test Case/PSSIMonitoringClearCCTVSelection: Test Cases/Offline PSSI Dashboard Function/Create BE Playback Video/Select CCTV/Negative Test Case/PSSIMonitoringClearCCTVSelection FAILED.
Reason:
com.kms.katalon.core.exception.StepFailedException: Verify element text of test object 'Object Repository/Page_Playback Video/CCTV Selection Bar' FAILED.
	at com.kms.katalon.core.webui.keyword.internal.WebUIKeywordMain.stepFailed(WebUIKeywordMain.groovy:64)
	at com.kms.katalon.core.webui.keyword.internal.WebUIKeywordMain.runKeyword(WebUIKeywordMain.groovy:26)
	at com.kms.katalon.core.webui.keyword.builtin.VerifyElementTextKeyword.verifyElementText(VerifyElementTextKeyword.groovy:72)
	at com.kms.katalon.core.webui.keyword.builtin.VerifyElementTextKeyword.execute(VerifyElementTextKeyword.groovy:40)
	at com.kms.katalon.core.keyword.internal.KeywordExecutor.executeKeywordForPlatform(KeywordExecutor.groovy:74)
	at com.kms.katalon.core.webui.keyword.WebUiBuiltInKeywords.verifyElementText(WebUiBuiltInKeywords.groovy:4835)
	at PSSIMonitoringClearCCTVSelection.run(PSSIMonitoringClearCCTVSelection:58)
	at com.kms.katalon.core.main.ScriptEngine.run(ScriptEngine.java:194)
	at com.kms.katalon.core.main.ScriptEngine.runScriptAsRawText(ScriptEngine.java:119)
	at com.kms.katalon.core.main.TestCaseExecutor.runScript(TestCaseExecutor.java:448)
	at com.kms.katalon.core.main.TestCaseExecutor.doExecute(TestCaseExecutor.java:439)
	at com.kms.katalon.core.main.TestCaseExecutor.processExecutionPhase(TestCaseExecutor.java:418)
	at com.kms.katalon.core.main.TestCaseExecutor.accessMainPhase(TestCaseExecutor.java:410)
	at com.kms.katalon.core.main.TestCaseExecutor.execute(TestCaseExecutor.java:285)
	at com.kms.katalon.core.main.TestCaseExecutor.execute(TestCaseExecutor.java:369)
	at com.kms.katalon.core.main.TestCaseExecutor.execute(TestCaseExecutor.java:369)
	at com.kms.katalon.core.main.TestCaseExecutor.execute(TestCaseExecutor.java:369)
	at com.kms.katalon.core.common.CommonExecutor.accessTestCaseMainPhase(CommonExecutor.java:65)
	at com.kms.katalon.core.main.TestSuiteExecutor.accessTestSuiteMainPhase(TestSuiteExecutor.java:148)
	at com.kms.katalon.core.main.TestSuiteExecutor.execute(TestSuiteExecutor.java:106)
	at com.kms.katalon.core.main.TestCaseMain.startTestSuite(TestCaseMain.java:180)
	at TempTestSuite1704856313175.run(TempTestSuite1704856313175.groovy:36)
	at java.base/jdk.internal.reflect.NativeMethodAccessorImpl.invoke0(Native Method)
	at java.base/jdk.internal.reflect.NativeMethodAccessorImpl.invoke(NativeMethodAccessorImpl.java:77)
	at java.base/jdk.internal.reflect.DelegatingMethodAccessorImpl.invoke(DelegatingMethodAccessorImpl.java:43)
Caused by: com.kms.katalon.core.exception.StepFailedException: Actual text 'CCTV 1' and expected text '-- Search CCTV --' of test object 'Object Repository/Page_Playback Video/CCTV Selection Bar' are NOT matched.
	at com.kms.katalon.core.webui.keyword.internal.WebUIKeywordMain.stepFailed(WebUIKeywordMain.groovy:64)
	at com.kms.katalon.core.webui.keyword.builtin.VerifyElementTextKeyword$_verifyElementText_closure1.doCall(VerifyElementTextKeyword.groovy:57)
	at com.kms.katalon.core.webui.keyword.builtin.VerifyElementTextKeyword$_verifyElementText_closure1.call(VerifyElementTextKeyword.groovy)
	at com.kms.katalon.core.webui.keyword.internal.WebUIKeywordMain.runKeyword(WebUIKeywordMain.groovy:20)
	... 23 more


10-01-2024T10:35:09 - [TEST_STEP][PASSED] - baseUrl = offline_pssi_dashboard_url: null

10-01-2024T10:35:09 - [TEST_STEP][PASSED] - callTestCase(findTestCase("Offline PSSI Dashboard Function/Create BE Playback Video/View Playback Video Data/PSSIViewPlaybackVideo"), [:]): Call Test Case 'Test Cases/Offline PSSI Dashboard Function/Create BE Playback Video/View Playback Video Data/PSSIViewPlaybackVideo' successfully

10-01-2024T10:35:09 - [TEST_CASE][PASSED] - Test Cases/Offline PSSI Dashboard Function/Create BE Playback Video/View Playback Video Data/PSSIViewPlaybackVideo: Test Cases/Offline PSSI Dashboard Function/Create BE Playback Video/View Playback Video Data/PSSIViewPlaybackVideo

10-01-2024T10:35:09 - [TEST_STEP][PASSED] - baseUrl = offline_pssi_dashboard_url: null

10-01-2024T10:35:09 - [TEST_STEP][PASSED] - callTestCase(findTestCase("Offline PSSI Dashboard Function/Sign In/PSSISignInValidData"), [:]): Call Test Case 'Test Cases/Offline PSSI Dashboard Function/Sign In/PSSISignInValidData' successfully

10-01-2024T10:35:10 - [TEST_CASE][PASSED] - Test Cases/Offline PSSI Dashboard Function/Sign In/PSSISignInValidData: Test Cases/Offline PSSI Dashboard Function/Sign In/PSSISignInValidData

10-01-2024T10:35:10 - [TEST_STEP][PASSED] - failureHandling = STOP_ON_FAILURE: null

10-01-2024T10:35:10 - [TEST_STEP][PASSED] - baseUrl = offline_pssi_dashboard_url: null

10-01-2024T10:35:10 - [TEST_STEP][PASSED] - openBrowser(""): Browser is opened with url: ''

10-01-2024T10:35:10 - [MESSAGE][WARNING] - A browser is already opened. Closing browser and opening a new one

10-01-2024T10:35:10 - [MESSAGE][INFO] - Starting 'Chrome' driver

10-01-2024T10:35:10 - [MESSAGE][INFO] - Action delay is set to 0 milliseconds

10-01-2024T10:35:13 - [MESSAGE][PASSED] - Browser is opened with url: ''

10-01-2024T10:35:13 - [TEST_STEP][PASSED] - navigateToUrl(baseUrl): Navigate to 'https://monitoring.pssi-dev.kecilin.id' successfully

10-01-2024T10:35:14 - [MESSAGE][PASSED] - Navigate to 'https://monitoring.pssi-dev.kecilin.id' successfully

10-01-2024T10:35:14 - [TEST_STEP][PASSED] - maximizeWindow(): Current window maximized

10-01-2024T10:35:14 - [MESSAGE][PASSED] - Current window maximized

10-01-2024T10:35:14 - [TEST_STEP][PASSED] - setText(findTestObject("Object Repository/Page_Login/input_email"), "superadmin@app.com"): Text 'superadmin@app.com' is set on object 'Object Repository/Page_Login/input_email'

10-01-2024T10:35:15 - [MESSAGE][PASSED] - Text 'superadmin@app.com' is set on object 'Object Repository/Page_Login/input_email'

10-01-2024T10:35:15 - [TEST_STEP][PASSED] - setEncryptedText(findTestObject("Object Repository/Page_Login/input_password"), "8SQVv/p9jVScEs4/2CZsLw=="): Text ****** has been set on object 'Object Repository/Page_Login/input_password'

10-01-2024T10:35:16 - [MESSAGE][PASSED] - Text ****** has been set on object 'Object Repository/Page_Login/input_password'

10-01-2024T10:35:16 - [TEST_STEP][PASSED] - click(findTestObject("Object Repository/Page_Login/button_Sign In")): Object: 'Object Repository/Page_Login/button_Sign In' is clicked on

10-01-2024T10:35:19 - [MESSAGE][PASSED] - Object: 'Object Repository/Page_Login/button_Sign In' is clicked on

10-01-2024T10:35:19 - [MESSAGE][PASSED] - Call Test Case 'Test Cases/Offline PSSI Dashboard Function/Sign In/PSSISignInValidData' successfully

10-01-2024T10:35:19 - [TEST_STEP][PASSED] - navigateToUrl(baseUrl + "/playback_video"): Navigate to 'https://monitoring.pssi-dev.kecilin.id/playback_video' successfully

10-01-2024T10:35:19 - [MESSAGE][PASSED] - Navigate to 'https://monitoring.pssi-dev.kecilin.id/playback_video' successfully

10-01-2024T10:35:19 - [MESSAGE][PASSED] - Call Test Case 'Test Cases/Offline PSSI Dashboard Function/Create BE Playback Video/View Playback Video Data/PSSIViewPlaybackVideo' successfully

10-01-2024T10:35:19 - [TEST_STEP][PASSED] - verifyElementClickable(findTestObject("Page_Playback Video/Stadium Selection Bar")): Object 'Object Repository/Page_Playback Video/Stadium Selection Bar' is clickable

10-01-2024T10:35:20 - [MESSAGE][PASSED] - Object 'Object Repository/Page_Playback Video/Stadium Selection Bar' is clickable

10-01-2024T10:35:20 - [TEST_STEP][PASSED] - click(findTestObject("Page_Playback Video/Stadium Selection Bar")): Object: 'Object Repository/Page_Playback Video/Stadium Selection Bar' is clicked on

10-01-2024T10:35:20 - [MESSAGE][PASSED] - Object: 'Object Repository/Page_Playback Video/Stadium Selection Bar' is clicked on

10-01-2024T10:35:20 - [TEST_STEP][PASSED] - sendKeys(findTestObject("Page_Playback Video/Stadium Search Field"), Keys.chord(ENTER)): Keys 'ENTER + ' sent to object: 'Object Repository/Page_Playback Video/Stadium Search Field'

10-01-2024T10:35:21 - [MESSAGE][PASSED] - Keys 'ENTER + ' sent to object: 'Object Repository/Page_Playback Video/Stadium Search Field'

10-01-2024T10:35:21 - [TEST_STEP][PASSED] - verifyElementClickable(findTestObject("Page_Playback Video/CCTV Selection Bar")): Object 'Object Repository/Page_Playback Video/CCTV Selection Bar' is clickable

10-01-2024T10:35:22 - [MESSAGE][PASSED] - Object 'Object Repository/Page_Playback Video/CCTV Selection Bar' is clickable

10-01-2024T10:35:22 - [TEST_STEP][PASSED] - click(findTestObject("Page_Playback Video/CCTV Selection Bar")): Object: 'Object Repository/Page_Playback Video/CCTV Selection Bar' is clicked on

10-01-2024T10:35:22 - [MESSAGE][PASSED] - Object: 'Object Repository/Page_Playback Video/CCTV Selection Bar' is clicked on

10-01-2024T10:35:22 - [TEST_STEP][PASSED] - verifyElementClickable(findTestObject("Page_Playback Video/CCTV Search Field")): Object 'Object Repository/Page_Playback Video/CCTV Search Field' is clickable

10-01-2024T10:35:23 - [MESSAGE][PASSED] - Object 'Object Repository/Page_Playback Video/CCTV Search Field' is clickable

10-01-2024T10:35:23 - [TEST_STEP][PASSED] - setText(findTestObject("Page_Playback Video/CCTV Search Field"), "CCTV"): Text 'CCTV' is set on object 'Object Repository/Page_Playback Video/CCTV Search Field'

10-01-2024T10:35:23 - [MESSAGE][PASSED] - Text 'CCTV' is set on object 'Object Repository/Page_Playback Video/CCTV Search Field'

10-01-2024T10:35:23 - [TEST_STEP][PASSED] - expectedPattern = ".*CCTV.*": null

10-01-2024T10:35:23 - [TEST_STEP][PASSED] - elementText = getText(findTestObject("Page_Playback Video/CCTV Search Box")): Text of object 'Object Repository/Page_Playback Video/CCTV Search Box' is: 'CCTV 1'

10-01-2024T10:35:25 - [MESSAGE][INFO] - Unable to find the element located by 'By.xpath: /html[@class="fontawesome-i2svg-active fontawesome-i2svg-complete"]/body[@class="g-sidenav-show  bg-gray-100"]/span[@class="select2-container select2-container--default select2-container--open"]/span[@class="select2-dropdown select2-dropdown--below"][count(. | //span[@class = 'select2-dropdown select2-dropdown--below' and @dir = 'ltr' and (text() = 'Testing 1CCTV 1' or . = 'Testing 1CCTV 1')]) = count(//span[@class = 'select2-dropdown select2-dropdown--below' and @dir = 'ltr' and (text() = 'Testing 1CCTV 1' or . = 'Testing 1CCTV 1')])]'. Please recheck the objects properties to make sure the desired element is located. 

10-01-2024T10:35:25 - [MESSAGE][WARNING] - [SELF-HEALING] Failed to find element with id 'Object Repository/Page_Playback Video/CCTV Search Box'. Try using Self-healing.

10-01-2024T10:35:26 - [MESSAGE][WARNING] - [SELF-HEALING] The current locator of test object 'Object Repository/Page_Playback Video/CCTV Search Box' was broken. Propose an alternative one: '//body/span/span'.

10-01-2024T10:35:26 - [MESSAGE][PASSED] - Text of object 'Object Repository/Page_Playback Video/CCTV Search Box' is: 'CCTV 1'

10-01-2024T10:35:26 - [TEST_STEP][PASSED] - isTextMatched = Pattern.matches(expectedPattern, elementText): null

10-01-2024T10:35:26 - [TEST_STEP][PASSED] - sendKeys(findTestObject("Page_Playback Video/CCTV Search Field"), Keys.chord(ENTER)): Keys 'ENTER + ' sent to object: 'Object Repository/Page_Playback Video/CCTV Search Field'

10-01-2024T10:35:26 - [MESSAGE][PASSED] - Keys 'ENTER + ' sent to object: 'Object Repository/Page_Playback Video/CCTV Search Field'

10-01-2024T10:35:26 - [TEST_STEP][PASSED] - verifyElementClickable(findTestObject("Page_Playback Video/Remove Item CCTV Selection Bar")): Object 'Object Repository/Page_Playback Video/Remove Item CCTV Selection Bar' is clickable

10-01-2024T10:35:29 - [MESSAGE][INFO] - Unable to find the element located by 'By.xpath: id("show_search_cctv")/span[@class="select2 select2-container select2-container--default select2-container--below"]/span[@class="selection"]/span[@class="select2-selection select2-selection--single select2-selection--clearable"]/button[@class="select2-selection__clear"]/span[1][count(. | //span[@aria-hidden = 'true' and (text() = '×' or . = '×')]) = count(//span[@aria-hidden = 'true' and (text() = '×' or . = '×')])]'. Please recheck the objects properties to make sure the desired element is located. 

10-01-2024T10:35:29 - [MESSAGE][WARNING] - [SELF-HEALING] Failed to find element with id 'Object Repository/Page_Playback Video/Remove Item CCTV Selection Bar'. Try using Self-healing.

10-01-2024T10:35:30 - [MESSAGE][WARNING] - [SELF-HEALING] The current locator of test object 'Object Repository/Page_Playback Video/Remove Item CCTV Selection Bar' was broken. Propose an alternative one: '//div[@id='show_search_cctv']/span/span/span/button/span'.

10-01-2024T10:35:30 - [MESSAGE][PASSED] - Object 'Object Repository/Page_Playback Video/Remove Item CCTV Selection Bar' is clickable

10-01-2024T10:35:30 - [TEST_STEP][PASSED] - clickOffset(findTestObject("Page_Playback Video/CCTV Selection Bar"), 50, 50): Object: 'Object Repository/Page_Playback Video/CCTV Selection Bar' is clicked on using offset x=50 and y=50

10-01-2024T10:35:32 - [MESSAGE][INFO] - Unable to find the element located by 'By.xpath: id("select2-cctv-container")[count(. | //span[@class = 'select2-selection__rendered' and @id = 'select2-cctv-container' and @role = 'textbox' and @aria-readonly = 'true' and @title = '-- Search CCTV --' and (text() = '-- Search CCTV --' or . = '-- Search CCTV --')]) = count(//span[@class = 'select2-selection__rendered' and @id = 'select2-cctv-container' and @role = 'textbox' and @aria-readonly = 'true' and @title = '-- Search CCTV --' and (text() = '-- Search CCTV --' or . = '-- Search CCTV --')])]'. Please recheck the objects properties to make sure the desired element is located. 

10-01-2024T10:35:32 - [MESSAGE][WARNING] - [SELF-HEALING] Failed to find element with id 'Object Repository/Page_Playback Video/CCTV Selection Bar'. Try using Self-healing.

10-01-2024T10:35:33 - [MESSAGE][WARNING] - [SELF-HEALING] The current locator of test object 'Object Repository/Page_Playback Video/CCTV Selection Bar' was broken. Propose an alternative one: '//span[@id='select2-cctv-container']'.

10-01-2024T10:35:33 - [MESSAGE][PASSED] - Object: 'Object Repository/Page_Playback Video/CCTV Selection Bar' is clicked on using offset x=50 and y=50

10-01-2024T10:35:33 - [TEST_STEP][FAILED] - verifyElementText(findTestObject("Page_Playback Video/CCTV Selection Bar"), "-- Search CCTV --"): Verify element text of test object 'Object Repository/Page_Playback Video/CCTV Selection Bar' FAILED. (Root cause: com.kms.katalon.core.exception.StepFailedException: Verify element text of test object 'Object Repository/Page_Playback Video/CCTV Selection Bar' FAILED.
	at com.kms.katalon.core.webui.keyword.internal.WebUIKeywordMain.stepFailed(WebUIKeywordMain.groovy:64)
	at com.kms.katalon.core.webui.keyword.internal.WebUIKeywordMain.runKeyword(WebUIKeywordMain.groovy:26)
	at com.kms.katalon.core.webui.keyword.builtin.VerifyElementTextKeyword.verifyElementText(VerifyElementTextKeyword.groovy:72)
	at com.kms.katalon.core.webui.keyword.builtin.VerifyElementTextKeyword.execute(VerifyElementTextKeyword.groovy:40)
	at com.kms.katalon.core.keyword.internal.KeywordExecutor.executeKeywordForPlatform(KeywordExecutor.groovy:74)
	at com.kms.katalon.core.webui.keyword.WebUiBuiltInKeywords.verifyElementText(WebUiBuiltInKeywords.groovy:4835)
	at PSSIMonitoringClearCCTVSelection.run(PSSIMonitoringClearCCTVSelection:58)
	at com.kms.katalon.core.main.ScriptEngine.run(ScriptEngine.java:194)
	at com.kms.katalon.core.main.ScriptEngine.runScriptAsRawText(ScriptEngine.java:119)
	at com.kms.katalon.core.main.TestCaseExecutor.runScript(TestCaseExecutor.java:448)
	at com.kms.katalon.core.main.TestCaseExecutor.doExecute(TestCaseExecutor.java:439)
	at com.kms.katalon.core.main.TestCaseExecutor.processExecutionPhase(TestCaseExecutor.java:418)
	at com.kms.katalon.core.main.TestCaseExecutor.accessMainPhase(TestCaseExecutor.java:410)
	at com.kms.katalon.core.main.TestCaseExecutor.execute(TestCaseExecutor.java:285)
	at com.kms.katalon.core.main.TestCaseExecutor.execute(TestCaseExecutor.java:369)
	at com.kms.katalon.core.main.TestCaseExecutor.execute(TestCaseExecutor.java:369)
	at com.kms.katalon.core.main.TestCaseExecutor.execute(TestCaseExecutor.java:369)
	at com.kms.katalon.core.common.CommonExecutor.accessTestCaseMainPhase(CommonExecutor.java:65)
	at com.kms.katalon.core.main.TestSuiteExecutor.accessTestSuiteMainPhase(TestSuiteExecutor.java:148)
	at com.kms.katalon.core.main.TestSuiteExecutor.execute(TestSuiteExecutor.java:106)
	at com.kms.katalon.core.main.TestCaseMain.startTestSuite(TestCaseMain.java:180)
	at TempTestSuite1704856313175.run(TempTestSuite1704856313175.groovy:36)
	at java.base/jdk.internal.reflect.NativeMethodAccessorImpl.invoke0(Native Method)
	at java.base/jdk.internal.reflect.NativeMethodAccessorImpl.invoke(NativeMethodAccessorImpl.java:77)
	at java.base/jdk.internal.reflect.DelegatingMethodAccessorImpl.invoke(DelegatingMethodAccessorImpl.java:43)
Caused by: com.kms.katalon.core.exception.StepFailedException: Actual text 'CCTV 1' and expected text '-- Search CCTV --' of test object 'Object Repository/Page_Playback Video/CCTV Selection Bar' are NOT matched.
	at com.kms.katalon.core.webui.keyword.internal.WebUIKeywordMain.stepFailed(WebUIKeywordMain.groovy:64)
	at com.kms.katalon.core.webui.keyword.builtin.VerifyElementTextKeyword$_verifyElementText_closure1.doCall(VerifyElementTextKeyword.groovy:57)
	at com.kms.katalon.core.webui.keyword.builtin.VerifyElementTextKeyword$_verifyElementText_closure1.call(VerifyElementTextKeyword.groovy)
	at com.kms.katalon.core.webui.keyword.internal.WebUIKeywordMain.runKeyword(WebUIKeywordMain.groovy:20)
	... 23 more
)

10-01-2024T10:35:35 - [MESSAGE][INFO] - Unable to find the element located by 'By.xpath: id("select2-cctv-container")[count(. | //span[@class = 'select2-selection__rendered' and @id = 'select2-cctv-container' and @role = 'textbox' and @aria-readonly = 'true' and @title = '-- Search CCTV --' and (text() = '-- Search CCTV --' or . = '-- Search CCTV --')]) = count(//span[@class = 'select2-selection__rendered' and @id = 'select2-cctv-container' and @role = 'textbox' and @aria-readonly = 'true' and @title = '-- Search CCTV --' and (text() = '-- Search CCTV --' or . = '-- Search CCTV --')])]'. Please recheck the objects properties to make sure the desired element is located. 

10-01-2024T10:35:35 - [MESSAGE][WARNING] - [SELF-HEALING] Failed to find element with id 'Object Repository/Page_Playback Video/CCTV Selection Bar'. Try using Self-healing.

10-01-2024T10:35:35 - [MESSAGE][WARNING] - [SELF-HEALING] The current locator of test object 'Object Repository/Page_Playback Video/CCTV Selection Bar' was broken. Propose an alternative one: '//span[@id='select2-cctv-container']'.

10-01-2024T10:35:36 - [MESSAGE][FAILED] - Actual text 'CCTV 1' and expected text '-- Search CCTV --' of test object 'Object Repository/Page_Playback Video/CCTV Selection Bar' are NOT matched. (Root cause: com.kms.katalon.core.exception.StepFailedException: Actual text 'CCTV 1' and expected text '-- Search CCTV --' of test object 'Object Repository/Page_Playback Video/CCTV Selection Bar' are NOT matched.
	at com.kms.katalon.core.webui.keyword.internal.WebUIKeywordMain.stepFailed(WebUIKeywordMain.groovy:64)
	at com.kms.katalon.core.webui.keyword.builtin.VerifyElementTextKeyword$_verifyElementText_closure1.doCall(VerifyElementTextKeyword.groovy:57)
	at com.kms.katalon.core.webui.keyword.builtin.VerifyElementTextKeyword$_verifyElementText_closure1.call(VerifyElementTextKeyword.groovy)
	at com.kms.katalon.core.webui.keyword.internal.WebUIKeywordMain.runKeyword(WebUIKeywordMain.groovy:20)
	at com.kms.katalon.core.webui.keyword.builtin.VerifyElementTextKeyword.verifyElementText(VerifyElementTextKeyword.groovy:72)
	at com.kms.katalon.core.webui.keyword.builtin.VerifyElementTextKeyword.execute(VerifyElementTextKeyword.groovy:40)
	at com.kms.katalon.core.keyword.internal.KeywordExecutor.executeKeywordForPlatform(KeywordExecutor.groovy:74)
	at com.kms.katalon.core.webui.keyword.WebUiBuiltInKeywords.verifyElementText(WebUiBuiltInKeywords.groovy:4835)
	at PSSIMonitoringClearCCTVSelection.run(PSSIMonitoringClearCCTVSelection:58)
	at com.kms.katalon.core.main.ScriptEngine.run(ScriptEngine.java:194)
	at com.kms.katalon.core.main.ScriptEngine.runScriptAsRawText(ScriptEngine.java:119)
	at com.kms.katalon.core.main.TestCaseExecutor.runScript(TestCaseExecutor.java:448)
	at com.kms.katalon.core.main.TestCaseExecutor.doExecute(TestCaseExecutor.java:439)
	at com.kms.katalon.core.main.TestCaseExecutor.processExecutionPhase(TestCaseExecutor.java:418)
	at com.kms.katalon.core.main.TestCaseExecutor.accessMainPhase(TestCaseExecutor.java:410)
	at com.kms.katalon.core.main.TestCaseExecutor.execute(TestCaseExecutor.java:285)
	at com.kms.katalon.core.main.TestCaseExecutor.execute(TestCaseExecutor.java:369)
	at com.kms.katalon.core.main.TestCaseExecutor.execute(TestCaseExecutor.java:369)
	at com.kms.katalon.core.main.TestCaseExecutor.execute(TestCaseExecutor.java:369)
	at com.kms.katalon.core.common.CommonExecutor.accessTestCaseMainPhase(CommonExecutor.java:65)
	at com.kms.katalon.core.main.TestSuiteExecutor.accessTestSuiteMainPhase(TestSuiteExecutor.java:148)
	at com.kms.katalon.core.main.TestSuiteExecutor.execute(TestSuiteExecutor.java:106)
	at com.kms.katalon.core.main.TestCaseMain.startTestSuite(TestCaseMain.java:180)
	at TempTestSuite1704856313175.run(TempTestSuite1704856313175.groovy:36)
	at java.base/jdk.internal.reflect.NativeMethodAccessorImpl.invoke0(Native Method)
	at java.base/jdk.internal.reflect.NativeMethodAccessorImpl.invoke(NativeMethodAccessorImpl.java:77)
	at java.base/jdk.internal.reflect.DelegatingMethodAccessorImpl.invoke(DelegatingMethodAccessorImpl.java:43)
)
[[ATTACHMENT|C:\\Users\\USER\\git\\Kecilin-Automation-Test\\Reports\\20240110_101141\\Create BE Playback Video\\Select CCTV Test Suite\\20240110_101153\\1704857735986.png]]

10-01-2024T10:35:36 - [MESSAGE][FAILED] - Verify element text of test object 'Object Repository/Page_Playback Video/CCTV Selection Bar' FAILED. (Root cause: com.kms.katalon.core.exception.StepFailedException: Verify element text of test object 'Object Repository/Page_Playback Video/CCTV Selection Bar' FAILED.
	at com.kms.katalon.core.webui.keyword.internal.WebUIKeywordMain.stepFailed(WebUIKeywordMain.groovy:64)
	at com.kms.katalon.core.webui.keyword.internal.WebUIKeywordMain.runKeyword(WebUIKeywordMain.groovy:26)
	at com.kms.katalon.core.webui.keyword.builtin.VerifyElementTextKeyword.verifyElementText(VerifyElementTextKeyword.groovy:72)
	at com.kms.katalon.core.webui.keyword.builtin.VerifyElementTextKeyword.execute(VerifyElementTextKeyword.groovy:40)
	at com.kms.katalon.core.keyword.internal.KeywordExecutor.executeKeywordForPlatform(KeywordExecutor.groovy:74)
	at com.kms.katalon.core.webui.keyword.WebUiBuiltInKeywords.verifyElementText(WebUiBuiltInKeywords.groovy:4835)
	at PSSIMonitoringClearCCTVSelection.run(PSSIMonitoringClearCCTVSelection:58)
	at com.kms.katalon.core.main.ScriptEngine.run(ScriptEngine.java:194)
	at com.kms.katalon.core.main.ScriptEngine.runScriptAsRawText(ScriptEngine.java:119)
	at com.kms.katalon.core.main.TestCaseExecutor.runScript(TestCaseExecutor.java:448)
	at com.kms.katalon.core.main.TestCaseExecutor.doExecute(TestCaseExecutor.java:439)
	at com.kms.katalon.core.main.TestCaseExecutor.processExecutionPhase(TestCaseExecutor.java:418)
	at com.kms.katalon.core.main.TestCaseExecutor.accessMainPhase(TestCaseExecutor.java:410)
	at com.kms.katalon.core.main.TestCaseExecutor.execute(TestCaseExecutor.java:285)
	at com.kms.katalon.core.main.TestCaseExecutor.execute(TestCaseExecutor.java:369)
	at com.kms.katalon.core.main.TestCaseExecutor.execute(TestCaseExecutor.java:369)
	at com.kms.katalon.core.main.TestCaseExecutor.execute(TestCaseExecutor.java:369)
	at com.kms.katalon.core.common.CommonExecutor.accessTestCaseMainPhase(CommonExecutor.java:65)
	at com.kms.katalon.core.main.TestSuiteExecutor.accessTestSuiteMainPhase(TestSuiteExecutor.java:148)
	at com.kms.katalon.core.main.TestSuiteExecutor.execute(TestSuiteExecutor.java:106)
	at com.kms.katalon.core.main.TestCaseMain.startTestSuite(TestCaseMain.java:180)
	at TempTestSuite1704856313175.run(TempTestSuite1704856313175.groovy:36)
	at java.base/jdk.internal.reflect.NativeMethodAccessorImpl.invoke0(Native Method)
	at java.base/jdk.internal.reflect.NativeMethodAccessorImpl.invoke(NativeMethodAccessorImpl.java:77)
	at java.base/jdk.internal.reflect.DelegatingMethodAccessorImpl.invoke(DelegatingMethodAccessorImpl.java:43)
Caused by: com.kms.katalon.core.exception.StepFailedException: Actual text 'CCTV 1' and expected text '-- Search CCTV --' of test object 'Object Repository/Page_Playback Video/CCTV Selection Bar' are NOT matched.
	at com.kms.katalon.core.webui.keyword.internal.WebUIKeywordMain.stepFailed(WebUIKeywordMain.groovy:64)
	at com.kms.katalon.core.webui.keyword.builtin.VerifyElementTextKeyword$_verifyElementText_closure1.doCall(VerifyElementTextKeyword.groovy:57)
	at com.kms.katalon.core.webui.keyword.builtin.VerifyElementTextKeyword$_verifyElementText_closure1.call(VerifyElementTextKeyword.groovy)
	at com.kms.katalon.core.webui.keyword.internal.WebUIKeywordMain.runKeyword(WebUIKeywordMain.groovy:20)
	... 23 more
)
[[ATTACHMENT|C:\\Users\\USER\\git\\Kecilin-Automation-Test\\Reports\\20240110_101141\\Create BE Playback Video\\Select CCTV Test Suite\\20240110_101153\\1704857736254.png]]]]></system-out>
         <system-err><![CDATA[10-01-2024T10:35:09 - [TEST_CASE][FAILED] - Test Cases/Offline PSSI Dashboard Function/Create BE Playback Video/Select CCTV/Negative Test Case/PSSIMonitoringClearCCTVSelection: Test Cases/Offline PSSI Dashboard Function/Create BE Playback Video/Select CCTV/Negative Test Case/PSSIMonitoringClearCCTVSelection FAILED.
Reason:
com.kms.katalon.core.exception.StepFailedException: Verify element text of test object 'Object Repository/Page_Playback Video/CCTV Selection Bar' FAILED.
	at com.kms.katalon.core.webui.keyword.internal.WebUIKeywordMain.stepFailed(WebUIKeywordMain.groovy:64)
	at com.kms.katalon.core.webui.keyword.internal.WebUIKeywordMain.runKeyword(WebUIKeywordMain.groovy:26)
	at com.kms.katalon.core.webui.keyword.builtin.VerifyElementTextKeyword.verifyElementText(VerifyElementTextKeyword.groovy:72)
	at com.kms.katalon.core.webui.keyword.builtin.VerifyElementTextKeyword.execute(VerifyElementTextKeyword.groovy:40)
	at com.kms.katalon.core.keyword.internal.KeywordExecutor.executeKeywordForPlatform(KeywordExecutor.groovy:74)
	at com.kms.katalon.core.webui.keyword.WebUiBuiltInKeywords.verifyElementText(WebUiBuiltInKeywords.groovy:4835)
	at PSSIMonitoringClearCCTVSelection.run(PSSIMonitoringClearCCTVSelection:58)
	at com.kms.katalon.core.main.ScriptEngine.run(ScriptEngine.java:194)
	at com.kms.katalon.core.main.ScriptEngine.runScriptAsRawText(ScriptEngine.java:119)
	at com.kms.katalon.core.main.TestCaseExecutor.runScript(TestCaseExecutor.java:448)
	at com.kms.katalon.core.main.TestCaseExecutor.doExecute(TestCaseExecutor.java:439)
	at com.kms.katalon.core.main.TestCaseExecutor.processExecutionPhase(TestCaseExecutor.java:418)
	at com.kms.katalon.core.main.TestCaseExecutor.accessMainPhase(TestCaseExecutor.java:410)
	at com.kms.katalon.core.main.TestCaseExecutor.execute(TestCaseExecutor.java:285)
	at com.kms.katalon.core.main.TestCaseExecutor.execute(TestCaseExecutor.java:369)
	at com.kms.katalon.core.main.TestCaseExecutor.execute(TestCaseExecutor.java:369)
	at com.kms.katalon.core.main.TestCaseExecutor.execute(TestCaseExecutor.java:369)
	at com.kms.katalon.core.common.CommonExecutor.accessTestCaseMainPhase(CommonExecutor.java:65)
	at com.kms.katalon.core.main.TestSuiteExecutor.accessTestSuiteMainPhase(TestSuiteExecutor.java:148)
	at com.kms.katalon.core.main.TestSuiteExecutor.execute(TestSuiteExecutor.java:106)
	at com.kms.katalon.core.main.TestCaseMain.startTestSuite(TestCaseMain.java:180)
	at TempTestSuite1704856313175.run(TempTestSuite1704856313175.groovy:36)
	at java.base/jdk.internal.reflect.NativeMethodAccessorImpl.invoke0(Native Method)
	at java.base/jdk.internal.reflect.NativeMethodAccessorImpl.invoke(NativeMethodAccessorImpl.java:77)
	at java.base/jdk.internal.reflect.DelegatingMethodAccessorImpl.invoke(DelegatingMethodAccessorImpl.java:43)
Caused by: com.kms.katalon.core.exception.StepFailedException: Actual text 'CCTV 1' and expected text '-- Search CCTV --' of test object 'Object Repository/Page_Playback Video/CCTV Selection Bar' are NOT matched.
	at com.kms.katalon.core.webui.keyword.internal.WebUIKeywordMain.stepFailed(WebUIKeywordMain.groovy:64)
	at com.kms.katalon.core.webui.keyword.builtin.VerifyElementTextKeyword$_verifyElementText_closure1.doCall(VerifyElementTextKeyword.groovy:57)
	at com.kms.katalon.core.webui.keyword.builtin.VerifyElementTextKeyword$_verifyElementText_closure1.call(VerifyElementTextKeyword.groovy)
	at com.kms.katalon.core.webui.keyword.internal.WebUIKeywordMain.runKeyword(WebUIKeywordMain.groovy:20)
	... 23 more]]></system-err>
      </testcase>
      <testcase name="Test Cases/Offline PSSI Dashboard Function/Create BE Playback Video/Select CCTV/Negative Test Case/PSSIMonitoringCloseCCTVSelection" time="23.389" classname="Test Cases/Offline PSSI Dashboard Function/Create BE Playback Video/Select CCTV/Negative Test Case/PSSIMonitoringCloseCCTVSelection" status="PASSED">
         <system-out><![CDATA[10-01-2024T10:35:36 - [TEST_CASE][PASSED] - Test Cases/Offline PSSI Dashboard Function/Create BE Playback Video/Select CCTV/Negative Test Case/PSSIMonitoringCloseCCTVSelection: Test Cases/Offline PSSI Dashboard Function/Create BE Playback Video/Select CCTV/Negative Test Case/PSSIMonitoringCloseCCTVSelection

10-01-2024T10:35:36 - [TEST_STEP][PASSED] - baseUrl = offline_pssi_dashboard_url: null

10-01-2024T10:35:36 - [TEST_STEP][PASSED] - callTestCase(findTestCase("Offline PSSI Dashboard Function/Create BE Playback Video/View Playback Video Data/PSSIViewPlaybackVideo"), [:]): Call Test Case 'Test Cases/Offline PSSI Dashboard Function/Create BE Playback Video/View Playback Video Data/PSSIViewPlaybackVideo' successfully

10-01-2024T10:35:36 - [TEST_CASE][PASSED] - Test Cases/Offline PSSI Dashboard Function/Create BE Playback Video/View Playback Video Data/PSSIViewPlaybackVideo: Test Cases/Offline PSSI Dashboard Function/Create BE Playback Video/View Playback Video Data/PSSIViewPlaybackVideo

10-01-2024T10:35:36 - [TEST_STEP][PASSED] - baseUrl = offline_pssi_dashboard_url: null

10-01-2024T10:35:36 - [TEST_STEP][PASSED] - callTestCase(findTestCase("Offline PSSI Dashboard Function/Sign In/PSSISignInValidData"), [:]): Call Test Case 'Test Cases/Offline PSSI Dashboard Function/Sign In/PSSISignInValidData' successfully

10-01-2024T10:35:36 - [TEST_CASE][PASSED] - Test Cases/Offline PSSI Dashboard Function/Sign In/PSSISignInValidData: Test Cases/Offline PSSI Dashboard Function/Sign In/PSSISignInValidData

10-01-2024T10:35:36 - [TEST_STEP][PASSED] - failureHandling = STOP_ON_FAILURE: null

10-01-2024T10:35:36 - [TEST_STEP][PASSED] - baseUrl = offline_pssi_dashboard_url: null

10-01-2024T10:35:36 - [TEST_STEP][PASSED] - openBrowser(""): Browser is opened with url: ''

10-01-2024T10:35:37 - [MESSAGE][WARNING] - A browser is already opened. Closing browser and opening a new one

10-01-2024T10:35:37 - [MESSAGE][INFO] - Starting 'Chrome' driver

10-01-2024T10:35:37 - [MESSAGE][INFO] - Action delay is set to 0 milliseconds

10-01-2024T10:35:39 - [MESSAGE][PASSED] - Browser is opened with url: ''

10-01-2024T10:35:39 - [TEST_STEP][PASSED] - navigateToUrl(baseUrl): Navigate to 'https://monitoring.pssi-dev.kecilin.id' successfully

10-01-2024T10:35:40 - [MESSAGE][PASSED] - Navigate to 'https://monitoring.pssi-dev.kecilin.id' successfully

10-01-2024T10:35:40 - [TEST_STEP][PASSED] - maximizeWindow(): Current window maximized

10-01-2024T10:35:40 - [MESSAGE][PASSED] - Current window maximized

10-01-2024T10:35:40 - [TEST_STEP][PASSED] - setText(findTestObject("Object Repository/Page_Login/input_email"), "superadmin@app.com"): Text 'superadmin@app.com' is set on object 'Object Repository/Page_Login/input_email'

10-01-2024T10:35:42 - [MESSAGE][PASSED] - Text 'superadmin@app.com' is set on object 'Object Repository/Page_Login/input_email'

10-01-2024T10:35:42 - [TEST_STEP][PASSED] - setEncryptedText(findTestObject("Object Repository/Page_Login/input_password"), "8SQVv/p9jVScEs4/2CZsLw=="): Text ****** has been set on object 'Object Repository/Page_Login/input_password'

10-01-2024T10:35:42 - [MESSAGE][PASSED] - Text ****** has been set on object 'Object Repository/Page_Login/input_password'

10-01-2024T10:35:42 - [TEST_STEP][PASSED] - click(findTestObject("Object Repository/Page_Login/button_Sign In")): Object: 'Object Repository/Page_Login/button_Sign In' is clicked on

10-01-2024T10:35:44 - [MESSAGE][PASSED] - Object: 'Object Repository/Page_Login/button_Sign In' is clicked on

10-01-2024T10:35:44 - [MESSAGE][PASSED] - Call Test Case 'Test Cases/Offline PSSI Dashboard Function/Sign In/PSSISignInValidData' successfully

10-01-2024T10:35:44 - [TEST_STEP][PASSED] - navigateToUrl(baseUrl + "/playback_video"): Navigate to 'https://monitoring.pssi-dev.kecilin.id/playback_video' successfully

10-01-2024T10:35:45 - [MESSAGE][PASSED] - Navigate to 'https://monitoring.pssi-dev.kecilin.id/playback_video' successfully

10-01-2024T10:35:45 - [MESSAGE][PASSED] - Call Test Case 'Test Cases/Offline PSSI Dashboard Function/Create BE Playback Video/View Playback Video Data/PSSIViewPlaybackVideo' successfully

10-01-2024T10:35:45 - [TEST_STEP][PASSED] - verifyElementClickable(findTestObject("Page_Playback Video/Stadium Selection Bar")): Object 'Object Repository/Page_Playback Video/Stadium Selection Bar' is clickable

10-01-2024T10:35:46 - [MESSAGE][PASSED] - Object 'Object Repository/Page_Playback Video/Stadium Selection Bar' is clickable

10-01-2024T10:35:46 - [TEST_STEP][PASSED] - click(findTestObject("Page_Playback Video/Stadium Selection Bar")): Object: 'Object Repository/Page_Playback Video/Stadium Selection Bar' is clicked on

10-01-2024T10:35:46 - [MESSAGE][PASSED] - Object: 'Object Repository/Page_Playback Video/Stadium Selection Bar' is clicked on

10-01-2024T10:35:46 - [TEST_STEP][PASSED] - sendKeys(findTestObject("Page_Playback Video/Stadium Search Field"), Keys.chord(ENTER)): Keys 'ENTER + ' sent to object: 'Object Repository/Page_Playback Video/Stadium Search Field'

10-01-2024T10:35:47 - [MESSAGE][PASSED] - Keys 'ENTER + ' sent to object: 'Object Repository/Page_Playback Video/Stadium Search Field'

10-01-2024T10:35:47 - [TEST_STEP][PASSED] - verifyElementClickable(findTestObject("Page_Playback Video/CCTV Selection Bar")): Object 'Object Repository/Page_Playback Video/CCTV Selection Bar' is clickable

10-01-2024T10:35:48 - [MESSAGE][PASSED] - Object 'Object Repository/Page_Playback Video/CCTV Selection Bar' is clickable

10-01-2024T10:35:48 - [TEST_STEP][PASSED] - click(findTestObject("Page_Playback Video/CCTV Selection Bar")): Object: 'Object Repository/Page_Playback Video/CCTV Selection Bar' is clicked on

10-01-2024T10:35:48 - [MESSAGE][PASSED] - Object: 'Object Repository/Page_Playback Video/CCTV Selection Bar' is clicked on

10-01-2024T10:35:48 - [TEST_STEP][PASSED] - verifyElementClickable(findTestObject("Page_Playback Video/CCTV Selection Bar")): Object 'Object Repository/Page_Playback Video/CCTV Selection Bar' is clickable

10-01-2024T10:35:49 - [MESSAGE][PASSED] - Object 'Object Repository/Page_Playback Video/CCTV Selection Bar' is clickable

10-01-2024T10:35:49 - [TEST_STEP][PASSED] - click(findTestObject("Page_Playback Video/CCTV Selection Bar")): Object: 'Object Repository/Page_Playback Video/CCTV Selection Bar' is clicked on

10-01-2024T10:35:49 - [MESSAGE][PASSED] - Object: 'Object Repository/Page_Playback Video/CCTV Selection Bar' is clicked on

10-01-2024T10:35:49 - [TEST_STEP][PASSED] - verifyElementNotPresent(findTestObject("Page_Playback Video/CCTV Search Field"), 0): Web element with id: 'Object Repository/Page_Playback Video/CCTV Search Field' located by 'By.xpath: /html[@class="fontawesome-i2svg-active fontawesome-i2svg-complete"]/body[@class="g-sidenav-show  bg-gray-100"]/span[@class="select2-container select2-container--default select2-container--open"]/span[@class="select2-dropdown select2-dropdown--below"]/span[@class="select2-search select2-search--dropdown"]/input[@class="select2-search__field"][count(. | //input[@class = 'select2-search__field' and @type = 'search' and @tabindex = '0' and @autocorrect = 'off' and @autocapitalize = 'none' and @spellcheck = 'false' and @role = 'searchbox' and @aria-autocomplete = 'list' and @autocomplete = 'off' and @aria-label = 'Search' and @aria-controls = 'select2-cctv-results']) = count(//input[@class = 'select2-search__field' and @type = 'search' and @tabindex = '0' and @autocorrect = 'off' and @autocapitalize = 'none' and @spellcheck = 'false' and @role = 'searchbox' and @aria-autocomplete = 'list' and @autocomplete = 'off' and @aria-label = 'Search' and @aria-controls = 'select2-cctv-results'])]' is not present after '1' second(s)

10-01-2024T10:35:49 - [MESSAGE][WARNING] - Timeout '0' is invalid. Using default page load timeout: '1'

10-01-2024T10:35:50 - [MESSAGE][PASSED] - Web element with id: 'Object Repository/Page_Playback Video/CCTV Search Field' located by 'By.xpath: /html[@class="fontawesome-i2svg-active fontawesome-i2svg-complete"]/body[@class="g-sidenav-show  bg-gray-100"]/span[@class="select2-container select2-container--default select2-container--open"]/span[@class="select2-dropdown select2-dropdown--below"]/span[@class="select2-search select2-search--dropdown"]/input[@class="select2-search__field"][count(. | //input[@class = 'select2-search__field' and @type = 'search' and @tabindex = '0' and @autocorrect = 'off' and @autocapitalize = 'none' and @spellcheck = 'false' and @role = 'searchbox' and @aria-autocomplete = 'list' and @autocomplete = 'off' and @aria-label = 'Search' and @aria-controls = 'select2-cctv-results']) = count(//input[@class = 'select2-search__field' and @type = 'search' and @tabindex = '0' and @autocorrect = 'off' and @autocapitalize = 'none' and @spellcheck = 'false' and @role = 'searchbox' and @aria-autocomplete = 'list' and @autocomplete = 'off' and @aria-label = 'Search' and @aria-controls = 'select2-cctv-results'])]' is not present after '1' second(s)

10-01-2024T10:35:50 - [TEST_STEP][PASSED] - verifyElementClickable(findTestObject("Page_Playback Video/CCTV Selection Bar")): Object 'Object Repository/Page_Playback Video/CCTV Selection Bar' is clickable

10-01-2024T10:35:52 - [MESSAGE][INFO] - Unable to find the element located by 'By.xpath: id("select2-cctv-container")[count(. | //span[@class = 'select2-selection__rendered' and @id = 'select2-cctv-container' and @role = 'textbox' and @aria-readonly = 'true' and @title = '-- Search CCTV --' and (text() = '-- Search CCTV --' or . = '-- Search CCTV --')]) = count(//span[@class = 'select2-selection__rendered' and @id = 'select2-cctv-container' and @role = 'textbox' and @aria-readonly = 'true' and @title = '-- Search CCTV --' and (text() = '-- Search CCTV --' or . = '-- Search CCTV --')])]'. Please recheck the objects properties to make sure the desired element is located. 

10-01-2024T10:35:52 - [MESSAGE][WARNING] - [SELF-HEALING] Failed to find element with id 'Object Repository/Page_Playback Video/CCTV Selection Bar'. Try using Self-healing.

10-01-2024T10:35:52 - [MESSAGE][WARNING] - [SELF-HEALING] The current locator of test object 'Object Repository/Page_Playback Video/CCTV Selection Bar' was broken. Propose an alternative one: '//span[@id='select2-cctv-container']'.

10-01-2024T10:35:52 - [MESSAGE][PASSED] - Object 'Object Repository/Page_Playback Video/CCTV Selection Bar' is clickable

10-01-2024T10:35:52 - [TEST_STEP][PASSED] - click(findTestObject("Page_Playback Video/CCTV Selection Bar")): Object: 'Object Repository/Page_Playback Video/CCTV Selection Bar' is clicked on

10-01-2024T10:35:55 - [MESSAGE][INFO] - Unable to find the element located by 'By.xpath: id("select2-cctv-container")[count(. | //span[@class = 'select2-selection__rendered' and @id = 'select2-cctv-container' and @role = 'textbox' and @aria-readonly = 'true' and @title = '-- Search CCTV --' and (text() = '-- Search CCTV --' or . = '-- Search CCTV --')]) = count(//span[@class = 'select2-selection__rendered' and @id = 'select2-cctv-container' and @role = 'textbox' and @aria-readonly = 'true' and @title = '-- Search CCTV --' and (text() = '-- Search CCTV --' or . = '-- Search CCTV --')])]'. Please recheck the objects properties to make sure the desired element is located. 

10-01-2024T10:35:55 - [MESSAGE][WARNING] - [SELF-HEALING] Failed to find element with id 'Object Repository/Page_Playback Video/CCTV Selection Bar'. Try using Self-healing.

10-01-2024T10:35:55 - [MESSAGE][WARNING] - [SELF-HEALING] The current locator of test object 'Object Repository/Page_Playback Video/CCTV Selection Bar' was broken. Propose an alternative one: '//span[@id='select2-cctv-container']'.

10-01-2024T10:35:56 - [MESSAGE][PASSED] - Object: 'Object Repository/Page_Playback Video/CCTV Selection Bar' is clicked on

10-01-2024T10:35:56 - [TEST_STEP][PASSED] - clickOffset(findTestObject("Page_Playback Video/CCTV Selection Bar"), 50, 100): Object: 'Object Repository/Page_Playback Video/CCTV Selection Bar' is clicked on using offset x=50 and y=100

10-01-2024T10:35:58 - [MESSAGE][INFO] - Unable to find the element located by 'By.xpath: id("select2-cctv-container")[count(. | //span[@class = 'select2-selection__rendered' and @id = 'select2-cctv-container' and @role = 'textbox' and @aria-readonly = 'true' and @title = '-- Search CCTV --' and (text() = '-- Search CCTV --' or . = '-- Search CCTV --')]) = count(//span[@class = 'select2-selection__rendered' and @id = 'select2-cctv-container' and @role = 'textbox' and @aria-readonly = 'true' and @title = '-- Search CCTV --' and (text() = '-- Search CCTV --' or . = '-- Search CCTV --')])]'. Please recheck the objects properties to make sure the desired element is located. 

10-01-2024T10:35:58 - [MESSAGE][WARNING] - [SELF-HEALING] Failed to find element with id 'Object Repository/Page_Playback Video/CCTV Selection Bar'. Try using Self-healing.

10-01-2024T10:35:58 - [MESSAGE][WARNING] - [SELF-HEALING] The current locator of test object 'Object Repository/Page_Playback Video/CCTV Selection Bar' was broken. Propose an alternative one: '//span[@id='select2-cctv-container']'.

10-01-2024T10:35:58 - [MESSAGE][PASSED] - Object: 'Object Repository/Page_Playback Video/CCTV Selection Bar' is clicked on using offset x=50 and y=100

10-01-2024T10:35:58 - [TEST_STEP][PASSED] - verifyElementNotPresent(findTestObject("Page_Playback Video/CCTV Search Field"), 0): Web element with id: 'Object Repository/Page_Playback Video/CCTV Search Field' located by 'By.xpath: /html[@class="fontawesome-i2svg-active fontawesome-i2svg-complete"]/body[@class="g-sidenav-show  bg-gray-100"]/span[@class="select2-container select2-container--default select2-container--open"]/span[@class="select2-dropdown select2-dropdown--below"]/span[@class="select2-search select2-search--dropdown"]/input[@class="select2-search__field"][count(. | //input[@class = 'select2-search__field' and @type = 'search' and @tabindex = '0' and @autocorrect = 'off' and @autocapitalize = 'none' and @spellcheck = 'false' and @role = 'searchbox' and @aria-autocomplete = 'list' and @autocomplete = 'off' and @aria-label = 'Search' and @aria-controls = 'select2-cctv-results']) = count(//input[@class = 'select2-search__field' and @type = 'search' and @tabindex = '0' and @autocorrect = 'off' and @autocapitalize = 'none' and @spellcheck = 'false' and @role = 'searchbox' and @aria-autocomplete = 'list' and @autocomplete = 'off' and @aria-label = 'Search' and @aria-controls = 'select2-cctv-results'])]' is not present after '1' second(s)

10-01-2024T10:35:59 - [MESSAGE][WARNING] - Timeout '0' is invalid. Using default page load timeout: '1'

10-01-2024T10:35:59 - [MESSAGE][PASSED] - Web element with id: 'Object Repository/Page_Playback Video/CCTV Search Field' located by 'By.xpath: /html[@class="fontawesome-i2svg-active fontawesome-i2svg-complete"]/body[@class="g-sidenav-show  bg-gray-100"]/span[@class="select2-container select2-container--default select2-container--open"]/span[@class="select2-dropdown select2-dropdown--below"]/span[@class="select2-search select2-search--dropdown"]/input[@class="select2-search__field"][count(. | //input[@class = 'select2-search__field' and @type = 'search' and @tabindex = '0' and @autocorrect = 'off' and @autocapitalize = 'none' and @spellcheck = 'false' and @role = 'searchbox' and @aria-autocomplete = 'list' and @autocomplete = 'off' and @aria-label = 'Search' and @aria-controls = 'select2-cctv-results']) = count(//input[@class = 'select2-search__field' and @type = 'search' and @tabindex = '0' and @autocorrect = 'off' and @autocapitalize = 'none' and @spellcheck = 'false' and @role = 'searchbox' and @aria-autocomplete = 'list' and @autocomplete = 'off' and @aria-label = 'Search' and @aria-controls = 'select2-cctv-results'])]' is not present after '1' second(s)

10-01-2024T10:35:59 - [TEST_STEP][PASSED] - closeBrowser(): Browser is closed

10-01-2024T10:35:59 - [MESSAGE][PASSED] - Browser is closed]]></system-out>
         <system-err><![CDATA[]]></system-err>
      </testcase>
      <testcase name="Test Cases/Offline PSSI Dashboard Function/Create BE Playback Video/Select CCTV/Negative Test Case/PSSIPlaybackVideoCCTVSearchNoResult" time="14.565" classname="Test Cases/Offline PSSI Dashboard Function/Create BE Playback Video/Select CCTV/Negative Test Case/PSSIPlaybackVideoCCTVSearchNoResult" status="PASSED">
         <system-out><![CDATA[10-01-2024T10:35:59 - [TEST_CASE][PASSED] - Test Cases/Offline PSSI Dashboard Function/Create BE Playback Video/Select CCTV/Negative Test Case/PSSIPlaybackVideoCCTVSearchNoResult: Test Cases/Offline PSSI Dashboard Function/Create BE Playback Video/Select CCTV/Negative Test Case/PSSIPlaybackVideoCCTVSearchNoResult

10-01-2024T10:36:00 - [TEST_STEP][PASSED] - baseUrl = offline_pssi_dashboard_url: null

10-01-2024T10:36:00 - [TEST_STEP][PASSED] - callTestCase(findTestCase("Offline PSSI Dashboard Function/Create BE Playback Video/View Playback Video Data/PSSIViewPlaybackVideo"), [:]): Call Test Case 'Test Cases/Offline PSSI Dashboard Function/Create BE Playback Video/View Playback Video Data/PSSIViewPlaybackVideo' successfully

10-01-2024T10:36:00 - [TEST_CASE][PASSED] - Test Cases/Offline PSSI Dashboard Function/Create BE Playback Video/View Playback Video Data/PSSIViewPlaybackVideo: Test Cases/Offline PSSI Dashboard Function/Create BE Playback Video/View Playback Video Data/PSSIViewPlaybackVideo

10-01-2024T10:36:00 - [TEST_STEP][PASSED] - baseUrl = offline_pssi_dashboard_url: null

10-01-2024T10:36:00 - [TEST_STEP][PASSED] - callTestCase(findTestCase("Offline PSSI Dashboard Function/Sign In/PSSISignInValidData"), [:]): Call Test Case 'Test Cases/Offline PSSI Dashboard Function/Sign In/PSSISignInValidData' successfully

10-01-2024T10:36:00 - [TEST_CASE][PASSED] - Test Cases/Offline PSSI Dashboard Function/Sign In/PSSISignInValidData: Test Cases/Offline PSSI Dashboard Function/Sign In/PSSISignInValidData

10-01-2024T10:36:00 - [TEST_STEP][PASSED] - failureHandling = STOP_ON_FAILURE: null

10-01-2024T10:36:00 - [TEST_STEP][PASSED] - baseUrl = offline_pssi_dashboard_url: null

10-01-2024T10:36:00 - [TEST_STEP][PASSED] - openBrowser(""): Browser is opened with url: ''

10-01-2024T10:36:00 - [MESSAGE][INFO] - Starting 'Chrome' driver

10-01-2024T10:36:00 - [MESSAGE][INFO] - Action delay is set to 0 milliseconds

10-01-2024T10:36:02 - [MESSAGE][PASSED] - Browser is opened with url: ''

10-01-2024T10:36:02 - [TEST_STEP][PASSED] - navigateToUrl(baseUrl): Navigate to 'https://monitoring.pssi-dev.kecilin.id' successfully

10-01-2024T10:36:04 - [MESSAGE][PASSED] - Navigate to 'https://monitoring.pssi-dev.kecilin.id' successfully

10-01-2024T10:36:04 - [TEST_STEP][PASSED] - maximizeWindow(): Current window maximized

10-01-2024T10:36:04 - [MESSAGE][PASSED] - Current window maximized

10-01-2024T10:36:04 - [TEST_STEP][PASSED] - setText(findTestObject("Object Repository/Page_Login/input_email"), "superadmin@app.com"): Text 'superadmin@app.com' is set on object 'Object Repository/Page_Login/input_email'

10-01-2024T10:36:05 - [MESSAGE][PASSED] - Text 'superadmin@app.com' is set on object 'Object Repository/Page_Login/input_email'

10-01-2024T10:36:05 - [TEST_STEP][PASSED] - setEncryptedText(findTestObject("Object Repository/Page_Login/input_password"), "8SQVv/p9jVScEs4/2CZsLw=="): Text ****** has been set on object 'Object Repository/Page_Login/input_password'

10-01-2024T10:36:06 - [MESSAGE][PASSED] - Text ****** has been set on object 'Object Repository/Page_Login/input_password'

10-01-2024T10:36:06 - [TEST_STEP][PASSED] - click(findTestObject("Object Repository/Page_Login/button_Sign In")): Object: 'Object Repository/Page_Login/button_Sign In' is clicked on

10-01-2024T10:36:08 - [MESSAGE][PASSED] - Object: 'Object Repository/Page_Login/button_Sign In' is clicked on

10-01-2024T10:36:08 - [MESSAGE][PASSED] - Call Test Case 'Test Cases/Offline PSSI Dashboard Function/Sign In/PSSISignInValidData' successfully

10-01-2024T10:36:08 - [TEST_STEP][PASSED] - navigateToUrl(baseUrl + "/playback_video"): Navigate to 'https://monitoring.pssi-dev.kecilin.id/playback_video' successfully

10-01-2024T10:36:08 - [MESSAGE][PASSED] - Navigate to 'https://monitoring.pssi-dev.kecilin.id/playback_video' successfully

10-01-2024T10:36:08 - [MESSAGE][PASSED] - Call Test Case 'Test Cases/Offline PSSI Dashboard Function/Create BE Playback Video/View Playback Video Data/PSSIViewPlaybackVideo' successfully

10-01-2024T10:36:08 - [TEST_STEP][PASSED] - verifyElementClickable(findTestObject("Page_Playback Video/Stadium Selection Bar")): Object 'Object Repository/Page_Playback Video/Stadium Selection Bar' is clickable

10-01-2024T10:36:09 - [MESSAGE][PASSED] - Object 'Object Repository/Page_Playback Video/Stadium Selection Bar' is clickable

10-01-2024T10:36:09 - [TEST_STEP][PASSED] - click(findTestObject("Page_Playback Video/Stadium Selection Bar")): Object: 'Object Repository/Page_Playback Video/Stadium Selection Bar' is clicked on

10-01-2024T10:36:09 - [MESSAGE][PASSED] - Object: 'Object Repository/Page_Playback Video/Stadium Selection Bar' is clicked on

10-01-2024T10:36:09 - [TEST_STEP][PASSED] - sendKeys(findTestObject("Page_Playback Video/Stadium Search Field"), Keys.chord(ENTER)): Keys 'ENTER + ' sent to object: 'Object Repository/Page_Playback Video/Stadium Search Field'

10-01-2024T10:36:10 - [MESSAGE][PASSED] - Keys 'ENTER + ' sent to object: 'Object Repository/Page_Playback Video/Stadium Search Field'

10-01-2024T10:36:10 - [TEST_STEP][PASSED] - verifyElementClickable(findTestObject("Page_Playback Video/CCTV Selection Bar")): Object 'Object Repository/Page_Playback Video/CCTV Selection Bar' is clickable

10-01-2024T10:36:10 - [MESSAGE][PASSED] - Object 'Object Repository/Page_Playback Video/CCTV Selection Bar' is clickable

10-01-2024T10:36:10 - [TEST_STEP][PASSED] - click(findTestObject("Page_Playback Video/CCTV Selection Bar")): Object: 'Object Repository/Page_Playback Video/CCTV Selection Bar' is clicked on

10-01-2024T10:36:11 - [MESSAGE][PASSED] - Object: 'Object Repository/Page_Playback Video/CCTV Selection Bar' is clicked on

10-01-2024T10:36:11 - [TEST_STEP][PASSED] - verifyElementClickable(findTestObject("Page_Playback Video/CCTV Search Field")): Object 'Object Repository/Page_Playback Video/CCTV Search Field' is clickable

10-01-2024T10:36:11 - [MESSAGE][PASSED] - Object 'Object Repository/Page_Playback Video/CCTV Search Field' is clickable

10-01-2024T10:36:11 - [TEST_STEP][PASSED] - setText(findTestObject("Page_Playback Video/CCTV Search Field"), "Basasasasung"): Text 'Basasasasung' is set on object 'Object Repository/Page_Playback Video/CCTV Search Field'

10-01-2024T10:36:12 - [MESSAGE][PASSED] - Text 'Basasasasung' is set on object 'Object Repository/Page_Playback Video/CCTV Search Field'

10-01-2024T10:36:12 - [TEST_STEP][PASSED] - sendKeys(findTestObject("Page_Playback Video/CCTV Search Field"), Keys.chord(ENTER)): Keys 'ENTER + ' sent to object: 'Object Repository/Page_Playback Video/CCTV Search Field'

10-01-2024T10:36:13 - [MESSAGE][PASSED] - Keys 'ENTER + ' sent to object: 'Object Repository/Page_Playback Video/CCTV Search Field'

10-01-2024T10:36:13 - [TEST_STEP][PASSED] - verifyTextPresent("No results found", true): Text 'No results found' is present on page  using regular expression

10-01-2024T10:36:13 - [MESSAGE][PASSED] - Text 'No results found' is present on page  using regular expression

10-01-2024T10:36:13 - [TEST_STEP][PASSED] - closeBrowser(): Browser is closed

10-01-2024T10:36:14 - [MESSAGE][PASSED] - Browser is closed]]></system-out>
         <system-err><![CDATA[]]></system-err>
      </testcase>
      <testcase name="Test Cases/Offline PSSI Dashboard Function/Create BE Playback Video/Select CCTV/Positive Test Case/PSSIMonitoringSelectCCTVArrowKeys" time="16.113" classname="Test Cases/Offline PSSI Dashboard Function/Create BE Playback Video/Select CCTV/Positive Test Case/PSSIMonitoringSelectCCTVArrowKeys" status="PASSED">
         <system-out><![CDATA[10-01-2024T10:36:14 - [TEST_CASE][PASSED] - Test Cases/Offline PSSI Dashboard Function/Create BE Playback Video/Select CCTV/Positive Test Case/PSSIMonitoringSelectCCTVArrowKeys: Test Cases/Offline PSSI Dashboard Function/Create BE Playback Video/Select CCTV/Positive Test Case/PSSIMonitoringSelectCCTVArrowKeys

10-01-2024T10:36:14 - [TEST_STEP][PASSED] - baseUrl = offline_pssi_dashboard_url: null

10-01-2024T10:36:14 - [TEST_STEP][PASSED] - callTestCase(findTestCase("Offline PSSI Dashboard Function/Create BE Playback Video/View Playback Video Data/PSSIViewPlaybackVideo"), [:]): Call Test Case 'Test Cases/Offline PSSI Dashboard Function/Create BE Playback Video/View Playback Video Data/PSSIViewPlaybackVideo' successfully

10-01-2024T10:36:14 - [TEST_CASE][PASSED] - Test Cases/Offline PSSI Dashboard Function/Create BE Playback Video/View Playback Video Data/PSSIViewPlaybackVideo: Test Cases/Offline PSSI Dashboard Function/Create BE Playback Video/View Playback Video Data/PSSIViewPlaybackVideo

10-01-2024T10:36:15 - [TEST_STEP][PASSED] - baseUrl = offline_pssi_dashboard_url: null

10-01-2024T10:36:15 - [TEST_STEP][PASSED] - callTestCase(findTestCase("Offline PSSI Dashboard Function/Sign In/PSSISignInValidData"), [:]): Call Test Case 'Test Cases/Offline PSSI Dashboard Function/Sign In/PSSISignInValidData' successfully

10-01-2024T10:36:15 - [TEST_CASE][PASSED] - Test Cases/Offline PSSI Dashboard Function/Sign In/PSSISignInValidData: Test Cases/Offline PSSI Dashboard Function/Sign In/PSSISignInValidData

10-01-2024T10:36:15 - [TEST_STEP][PASSED] - failureHandling = STOP_ON_FAILURE: null

10-01-2024T10:36:15 - [TEST_STEP][PASSED] - baseUrl = offline_pssi_dashboard_url: null

10-01-2024T10:36:15 - [TEST_STEP][PASSED] - openBrowser(""): Browser is opened with url: ''

10-01-2024T10:36:15 - [MESSAGE][INFO] - Starting 'Chrome' driver

10-01-2024T10:36:15 - [MESSAGE][INFO] - Action delay is set to 0 milliseconds

10-01-2024T10:36:17 - [MESSAGE][PASSED] - Browser is opened with url: ''

10-01-2024T10:36:17 - [TEST_STEP][PASSED] - navigateToUrl(baseUrl): Navigate to 'https://monitoring.pssi-dev.kecilin.id' successfully

10-01-2024T10:36:18 - [MESSAGE][PASSED] - Navigate to 'https://monitoring.pssi-dev.kecilin.id' successfully

10-01-2024T10:36:18 - [TEST_STEP][PASSED] - maximizeWindow(): Current window maximized

10-01-2024T10:36:19 - [MESSAGE][PASSED] - Current window maximized

10-01-2024T10:36:19 - [TEST_STEP][PASSED] - setText(findTestObject("Object Repository/Page_Login/input_email"), "superadmin@app.com"): Text 'superadmin@app.com' is set on object 'Object Repository/Page_Login/input_email'

10-01-2024T10:36:20 - [MESSAGE][PASSED] - Text 'superadmin@app.com' is set on object 'Object Repository/Page_Login/input_email'

10-01-2024T10:36:20 - [TEST_STEP][PASSED] - setEncryptedText(findTestObject("Object Repository/Page_Login/input_password"), "8SQVv/p9jVScEs4/2CZsLw=="): Text ****** has been set on object 'Object Repository/Page_Login/input_password'

10-01-2024T10:36:21 - [MESSAGE][PASSED] - Text ****** has been set on object 'Object Repository/Page_Login/input_password'

10-01-2024T10:36:21 - [TEST_STEP][PASSED] - click(findTestObject("Object Repository/Page_Login/button_Sign In")): Object: 'Object Repository/Page_Login/button_Sign In' is clicked on

10-01-2024T10:36:23 - [MESSAGE][PASSED] - Object: 'Object Repository/Page_Login/button_Sign In' is clicked on

10-01-2024T10:36:23 - [MESSAGE][PASSED] - Call Test Case 'Test Cases/Offline PSSI Dashboard Function/Sign In/PSSISignInValidData' successfully

10-01-2024T10:36:23 - [TEST_STEP][PASSED] - navigateToUrl(baseUrl + "/playback_video"): Navigate to 'https://monitoring.pssi-dev.kecilin.id/playback_video' successfully

10-01-2024T10:36:24 - [MESSAGE][PASSED] - Navigate to 'https://monitoring.pssi-dev.kecilin.id/playback_video' successfully

10-01-2024T10:36:24 - [MESSAGE][PASSED] - Call Test Case 'Test Cases/Offline PSSI Dashboard Function/Create BE Playback Video/View Playback Video Data/PSSIViewPlaybackVideo' successfully

10-01-2024T10:36:24 - [TEST_STEP][PASSED] - verifyElementClickable(findTestObject("Page_Playback Video/Stadium Selection Bar")): Object 'Object Repository/Page_Playback Video/Stadium Selection Bar' is clickable

10-01-2024T10:36:24 - [MESSAGE][PASSED] - Object 'Object Repository/Page_Playback Video/Stadium Selection Bar' is clickable

10-01-2024T10:36:24 - [TEST_STEP][PASSED] - click(findTestObject("Page_Playback Video/Stadium Selection Bar")): Object: 'Object Repository/Page_Playback Video/Stadium Selection Bar' is clicked on

10-01-2024T10:36:25 - [MESSAGE][PASSED] - Object: 'Object Repository/Page_Playback Video/Stadium Selection Bar' is clicked on

10-01-2024T10:36:25 - [TEST_STEP][PASSED] - sendKeys(findTestObject("Page_Playback Video/Stadium Search Field"), Keys.chord(ARROW_DOWN)): Keys 'DOWN + ' sent to object: 'Object Repository/Page_Playback Video/Stadium Search Field'

10-01-2024T10:36:25 - [MESSAGE][PASSED] - Keys 'DOWN + ' sent to object: 'Object Repository/Page_Playback Video/Stadium Search Field'

10-01-2024T10:36:25 - [TEST_STEP][PASSED] - sendKeys(findTestObject("Page_Playback Video/Stadium Search Field"), Keys.chord(ARROW_UP)): Keys 'UP + ' sent to object: 'Object Repository/Page_Playback Video/Stadium Search Field'

10-01-2024T10:36:26 - [MESSAGE][PASSED] - Keys 'UP + ' sent to object: 'Object Repository/Page_Playback Video/Stadium Search Field'

10-01-2024T10:36:26 - [TEST_STEP][PASSED] - sendKeys(findTestObject("Page_Playback Video/Stadium Search Field"), Keys.chord(ENTER)): Keys 'ENTER + ' sent to object: 'Object Repository/Page_Playback Video/Stadium Search Field'

10-01-2024T10:36:26 - [MESSAGE][PASSED] - Keys 'ENTER + ' sent to object: 'Object Repository/Page_Playback Video/Stadium Search Field'

10-01-2024T10:36:26 - [TEST_STEP][PASSED] - verifyTextNotPresent("-- Search Stadium --", false): Text '-- Search Stadium --' is not present on page

10-01-2024T10:36:27 - [MESSAGE][PASSED] - Text '-- Search Stadium --' is not present on page

10-01-2024T10:36:27 - [TEST_STEP][PASSED] - verifyElementClickable(findTestObject("Page_Playback Video/CCTV Selection Bar")): Object 'Object Repository/Page_Playback Video/CCTV Selection Bar' is clickable

10-01-2024T10:36:27 - [MESSAGE][PASSED] - Object 'Object Repository/Page_Playback Video/CCTV Selection Bar' is clickable

10-01-2024T10:36:27 - [TEST_STEP][PASSED] - click(findTestObject("Page_Playback Video/CCTV Selection Bar")): Object: 'Object Repository/Page_Playback Video/CCTV Selection Bar' is clicked on

10-01-2024T10:36:27 - [MESSAGE][PASSED] - Object: 'Object Repository/Page_Playback Video/CCTV Selection Bar' is clicked on

10-01-2024T10:36:27 - [TEST_STEP][PASSED] - sendKeys(findTestObject("Page_Playback Video/CCTV Search Field"), Keys.chord(ARROW_DOWN)): Keys 'DOWN + ' sent to object: 'Object Repository/Page_Playback Video/CCTV Search Field'

10-01-2024T10:36:28 - [MESSAGE][PASSED] - Keys 'DOWN + ' sent to object: 'Object Repository/Page_Playback Video/CCTV Search Field'

10-01-2024T10:36:28 - [TEST_STEP][PASSED] - sendKeys(findTestObject("Page_Playback Video/CCTV Search Field"), Keys.chord(ENTER)): Keys 'ENTER + ' sent to object: 'Object Repository/Page_Playback Video/CCTV Search Field'

10-01-2024T10:36:28 - [MESSAGE][PASSED] - Keys 'ENTER + ' sent to object: 'Object Repository/Page_Playback Video/CCTV Search Field'

10-01-2024T10:36:28 - [TEST_STEP][PASSED] - verifyTextNotPresent("-- Search CCTV --", false): Text '-- Search CCTV --' is not present on page

10-01-2024T10:36:29 - [MESSAGE][PASSED] - Text '-- Search CCTV --' is not present on page

10-01-2024T10:36:29 - [TEST_STEP][PASSED] - closeBrowser(): Browser is closed

10-01-2024T10:36:30 - [MESSAGE][PASSED] - Browser is closed]]></system-out>
         <system-err><![CDATA[]]></system-err>
      </testcase>
      <testcase name="Test Cases/Offline PSSI Dashboard Function/Create BE Playback Video/Select CCTV/Positive Test Case/PSSIPlaybackVideoCCTVSearch" time="17.521" classname="Test Cases/Offline PSSI Dashboard Function/Create BE Playback Video/Select CCTV/Positive Test Case/PSSIPlaybackVideoCCTVSearch" status="PASSED">
         <system-out><![CDATA[10-01-2024T10:36:30 - [TEST_CASE][PASSED] - Test Cases/Offline PSSI Dashboard Function/Create BE Playback Video/Select CCTV/Positive Test Case/PSSIPlaybackVideoCCTVSearch: Test Cases/Offline PSSI Dashboard Function/Create BE Playback Video/Select CCTV/Positive Test Case/PSSIPlaybackVideoCCTVSearch

10-01-2024T10:36:30 - [TEST_STEP][PASSED] - baseUrl = offline_pssi_dashboard_url: null

10-01-2024T10:36:30 - [TEST_STEP][PASSED] - callTestCase(findTestCase("Offline PSSI Dashboard Function/Create BE Playback Video/View Playback Video Data/PSSIViewPlaybackVideo"), [:]): Call Test Case 'Test Cases/Offline PSSI Dashboard Function/Create BE Playback Video/View Playback Video Data/PSSIViewPlaybackVideo' successfully

10-01-2024T10:36:31 - [TEST_CASE][PASSED] - Test Cases/Offline PSSI Dashboard Function/Create BE Playback Video/View Playback Video Data/PSSIViewPlaybackVideo: Test Cases/Offline PSSI Dashboard Function/Create BE Playback Video/View Playback Video Data/PSSIViewPlaybackVideo

10-01-2024T10:36:31 - [TEST_STEP][PASSED] - baseUrl = offline_pssi_dashboard_url: null

10-01-2024T10:36:31 - [TEST_STEP][PASSED] - callTestCase(findTestCase("Offline PSSI Dashboard Function/Sign In/PSSISignInValidData"), [:]): Call Test Case 'Test Cases/Offline PSSI Dashboard Function/Sign In/PSSISignInValidData' successfully

10-01-2024T10:36:31 - [TEST_CASE][PASSED] - Test Cases/Offline PSSI Dashboard Function/Sign In/PSSISignInValidData: Test Cases/Offline PSSI Dashboard Function/Sign In/PSSISignInValidData

10-01-2024T10:36:31 - [TEST_STEP][PASSED] - failureHandling = STOP_ON_FAILURE: null

10-01-2024T10:36:31 - [TEST_STEP][PASSED] - baseUrl = offline_pssi_dashboard_url: null

10-01-2024T10:36:31 - [TEST_STEP][PASSED] - openBrowser(""): Browser is opened with url: ''

10-01-2024T10:36:31 - [MESSAGE][INFO] - Starting 'Chrome' driver

10-01-2024T10:36:31 - [MESSAGE][INFO] - Action delay is set to 0 milliseconds

10-01-2024T10:36:32 - [MESSAGE][PASSED] - Browser is opened with url: ''

10-01-2024T10:36:32 - [TEST_STEP][PASSED] - navigateToUrl(baseUrl): Navigate to 'https://monitoring.pssi-dev.kecilin.id' successfully

10-01-2024T10:36:34 - [MESSAGE][PASSED] - Navigate to 'https://monitoring.pssi-dev.kecilin.id' successfully

10-01-2024T10:36:34 - [TEST_STEP][PASSED] - maximizeWindow(): Current window maximized

10-01-2024T10:36:34 - [MESSAGE][PASSED] - Current window maximized

10-01-2024T10:36:34 - [TEST_STEP][PASSED] - setText(findTestObject("Object Repository/Page_Login/input_email"), "superadmin@app.com"): Text 'superadmin@app.com' is set on object 'Object Repository/Page_Login/input_email'

10-01-2024T10:36:35 - [MESSAGE][PASSED] - Text 'superadmin@app.com' is set on object 'Object Repository/Page_Login/input_email'

10-01-2024T10:36:35 - [TEST_STEP][PASSED] - setEncryptedText(findTestObject("Object Repository/Page_Login/input_password"), "8SQVv/p9jVScEs4/2CZsLw=="): Text ****** has been set on object 'Object Repository/Page_Login/input_password'

10-01-2024T10:36:36 - [MESSAGE][PASSED] - Text ****** has been set on object 'Object Repository/Page_Login/input_password'

10-01-2024T10:36:36 - [TEST_STEP][PASSED] - click(findTestObject("Object Repository/Page_Login/button_Sign In")): Object: 'Object Repository/Page_Login/button_Sign In' is clicked on

10-01-2024T10:36:38 - [MESSAGE][PASSED] - Object: 'Object Repository/Page_Login/button_Sign In' is clicked on

10-01-2024T10:36:38 - [MESSAGE][PASSED] - Call Test Case 'Test Cases/Offline PSSI Dashboard Function/Sign In/PSSISignInValidData' successfully

10-01-2024T10:36:38 - [TEST_STEP][PASSED] - navigateToUrl(baseUrl + "/playback_video"): Navigate to 'https://monitoring.pssi-dev.kecilin.id/playback_video' successfully

10-01-2024T10:36:38 - [MESSAGE][PASSED] - Navigate to 'https://monitoring.pssi-dev.kecilin.id/playback_video' successfully

10-01-2024T10:36:38 - [MESSAGE][PASSED] - Call Test Case 'Test Cases/Offline PSSI Dashboard Function/Create BE Playback Video/View Playback Video Data/PSSIViewPlaybackVideo' successfully

10-01-2024T10:36:38 - [TEST_STEP][PASSED] - verifyElementClickable(findTestObject("Page_Playback Video/Stadium Selection Bar")): Object 'Object Repository/Page_Playback Video/Stadium Selection Bar' is clickable

10-01-2024T10:36:39 - [MESSAGE][PASSED] - Object 'Object Repository/Page_Playback Video/Stadium Selection Bar' is clickable

10-01-2024T10:36:39 - [TEST_STEP][PASSED] - click(findTestObject("Page_Playback Video/Stadium Selection Bar")): Object: 'Object Repository/Page_Playback Video/Stadium Selection Bar' is clicked on

10-01-2024T10:36:39 - [MESSAGE][PASSED] - Object: 'Object Repository/Page_Playback Video/Stadium Selection Bar' is clicked on

10-01-2024T10:36:39 - [TEST_STEP][PASSED] - verifyElementClickable(findTestObject("Page_Playback Video/Stadium Search Field")): Object 'Object Repository/Page_Playback Video/Stadium Search Field' is clickable

10-01-2024T10:36:40 - [MESSAGE][PASSED] - Object 'Object Repository/Page_Playback Video/Stadium Search Field' is clickable

10-01-2024T10:36:40 - [TEST_STEP][PASSED] - setText(findTestObject("Page_Playback Video/Stadium Search Field"), "Bung"): Text 'Bung' is set on object 'Object Repository/Page_Playback Video/Stadium Search Field'

10-01-2024T10:36:41 - [MESSAGE][PASSED] - Text 'Bung' is set on object 'Object Repository/Page_Playback Video/Stadium Search Field'

10-01-2024T10:36:41 - [TEST_STEP][PASSED] - expectedPattern = ".Bung.": null

10-01-2024T10:36:41 - [TEST_STEP][PASSED] - verifyTextPresent(expectedPattern, true): Text '.Bung.' is present on page  using regular expression

10-01-2024T10:36:41 - [MESSAGE][PASSED] - Text '.Bung.' is present on page  using regular expression

10-01-2024T10:36:41 - [TEST_STEP][PASSED] - sendKeys(findTestObject("Page_Playback Video/Stadium Search Field"), Keys.chord(ENTER)): Keys 'ENTER + ' sent to object: 'Object Repository/Page_Playback Video/Stadium Search Field'

10-01-2024T10:36:42 - [MESSAGE][PASSED] - Keys 'ENTER + ' sent to object: 'Object Repository/Page_Playback Video/Stadium Search Field'

10-01-2024T10:36:42 - [TEST_STEP][PASSED] - verifyTextPresent(expectedPattern, true): Text '.Bung.' is present on page  using regular expression

10-01-2024T10:36:42 - [MESSAGE][PASSED] - Text '.Bung.' is present on page  using regular expression

10-01-2024T10:36:42 - [TEST_STEP][PASSED] - verifyElementClickable(findTestObject("Page_Playback Video/CCTV Selection Bar")): Object 'Object Repository/Page_Playback Video/CCTV Selection Bar' is clickable

10-01-2024T10:36:43 - [MESSAGE][PASSED] - Object 'Object Repository/Page_Playback Video/CCTV Selection Bar' is clickable

10-01-2024T10:36:43 - [TEST_STEP][PASSED] - click(findTestObject("Page_Playback Video/CCTV Selection Bar")): Object: 'Object Repository/Page_Playback Video/CCTV Selection Bar' is clicked on

10-01-2024T10:36:43 - [MESSAGE][PASSED] - Object: 'Object Repository/Page_Playback Video/CCTV Selection Bar' is clicked on

10-01-2024T10:36:43 - [TEST_STEP][PASSED] - verifyElementClickable(findTestObject("Page_Playback Video/CCTV Search Field")): Object 'Object Repository/Page_Playback Video/CCTV Search Field' is clickable

10-01-2024T10:36:44 - [MESSAGE][PASSED] - Object 'Object Repository/Page_Playback Video/CCTV Search Field' is clickable

10-01-2024T10:36:44 - [TEST_STEP][PASSED] - setText(findTestObject("Page_Playback Video/CCTV Search Field"), "CCTV"): Text 'CCTV' is set on object 'Object Repository/Page_Playback Video/CCTV Search Field'

10-01-2024T10:36:45 - [MESSAGE][PASSED] - Text 'CCTV' is set on object 'Object Repository/Page_Playback Video/CCTV Search Field'

10-01-2024T10:36:45 - [TEST_STEP][PASSED] - expectedPattern2 = ".*CCTV.*": null

10-01-2024T10:36:45 - [TEST_STEP][PASSED] - verifyTextPresent(expectedPattern2, true): Text '.*CCTV.*' is present on page  using regular expression

10-01-2024T10:36:46 - [MESSAGE][PASSED] - Text '.*CCTV.*' is present on page  using regular expression

10-01-2024T10:36:46 - [TEST_STEP][PASSED] - sendKeys(findTestObject("Page_Playback Video/CCTV Search Field"), Keys.chord(ENTER)): Keys 'ENTER + ' sent to object: 'Object Repository/Page_Playback Video/CCTV Search Field'

10-01-2024T10:36:46 - [MESSAGE][PASSED] - Keys 'ENTER + ' sent to object: 'Object Repository/Page_Playback Video/CCTV Search Field'

10-01-2024T10:36:46 - [TEST_STEP][PASSED] - verifyTextPresent(expectedPattern2, true): Text '.*CCTV.*' is present on page  using regular expression

10-01-2024T10:36:47 - [MESSAGE][PASSED] - Text '.*CCTV.*' is present on page  using regular expression

10-01-2024T10:36:47 - [TEST_STEP][PASSED] - closeBrowser(): Browser is closed

10-01-2024T10:36:48 - [MESSAGE][PASSED] - Browser is closed]]></system-out>
         <system-err><![CDATA[]]></system-err>
      </testcase>
      <system-out><![CDATA[10-01-2024T10:33:32 - [TEST_SUITE][FAILED] - Select CCTV Test Suite: Test Cases/Offline PSSI Dashboard Function/Create BE Playback Video/Select CCTV/Negative Test Case/PSSIMonitoringClearCCTVSelection FAILED.
Reason:
com.kms.katalon.core.exception.StepFailedException: Verify element text of test object 'Object Repository/Page_Playback Video/CCTV Selection Bar' FAILED.
	at com.kms.katalon.core.webui.keyword.internal.WebUIKeywordMain.stepFailed(WebUIKeywordMain.groovy:64)
	at com.kms.katalon.core.webui.keyword.internal.WebUIKeywordMain.runKeyword(WebUIKeywordMain.groovy:26)
	at com.kms.katalon.core.webui.keyword.builtin.VerifyElementTextKeyword.verifyElementText(VerifyElementTextKeyword.groovy:72)
	at com.kms.katalon.core.webui.keyword.builtin.VerifyElementTextKeyword.execute(VerifyElementTextKeyword.groovy:40)
	at com.kms.katalon.core.keyword.internal.KeywordExecutor.executeKeywordForPlatform(KeywordExecutor.groovy:74)
	at com.kms.katalon.core.webui.keyword.WebUiBuiltInKeywords.verifyElementText(WebUiBuiltInKeywords.groovy:4835)
	at PSSIMonitoringClearCCTVSelection.run(PSSIMonitoringClearCCTVSelection:58)
	at com.kms.katalon.core.main.ScriptEngine.run(ScriptEngine.java:194)
	at com.kms.katalon.core.main.ScriptEngine.runScriptAsRawText(ScriptEngine.java:119)
	at com.kms.katalon.core.main.TestCaseExecutor.runScript(TestCaseExecutor.java:448)
	at com.kms.katalon.core.main.TestCaseExecutor.doExecute(TestCaseExecutor.java:439)
	at com.kms.katalon.core.main.TestCaseExecutor.processExecutionPhase(TestCaseExecutor.java:418)
	at com.kms.katalon.core.main.TestCaseExecutor.accessMainPhase(TestCaseExecutor.java:410)
	at com.kms.katalon.core.main.TestCaseExecutor.execute(TestCaseExecutor.java:285)
	at com.kms.katalon.core.common.CommonExecutor.accessTestCaseMainPhase(CommonExecutor.java:65)
	at com.kms.katalon.core.main.TestSuiteExecutor.accessTestSuiteMainPhase(TestSuiteExecutor.java:148)
	at com.kms.katalon.core.main.TestSuiteExecutor.execute(TestSuiteExecutor.java:106)
	at com.kms.katalon.core.main.TestCaseMain.startTestSuite(TestCaseMain.java:180)
	at TempTestSuite1704856313175.run(TempTestSuite1704856313175.groovy:36)
	at java.base/jdk.internal.reflect.NativeMethodAccessorImpl.invoke0(Native Method)
	at java.base/jdk.internal.reflect.NativeMethodAccessorImpl.invoke(NativeMethodAccessorImpl.java:77)
	at java.base/jdk.internal.reflect.DelegatingMethodAccessorImpl.invoke(DelegatingMethodAccessorImpl.java:43)
Caused by: com.kms.katalon.core.exception.StepFailedException: Actual text 'CCTV 1' and expected text '-- Search CCTV --' of test object 'Object Repository/Page_Playback Video/CCTV Selection Bar' are NOT matched.
	at com.kms.katalon.core.webui.keyword.internal.WebUIKeywordMain.stepFailed(WebUIKeywordMain.groovy:64)
	at com.kms.katalon.core.webui.keyword.builtin.VerifyElementTextKeyword$_verifyElementText_closure1.doCall(VerifyElementTextKeyword.groovy:57)
	at com.kms.katalon.core.webui.keyword.builtin.VerifyElementTextKeyword$_verifyElementText_closure1.call(VerifyElementTextKeyword.groovy)
	at com.kms.katalon.core.webui.keyword.internal.WebUIKeywordMain.runKeyword(WebUIKeywordMain.groovy:20)
	... 20 more]]></system-out>
      <system-err><![CDATA[10-01-2024T10:33:32 - [TEST_SUITE][FAILED] - Select CCTV Test Suite: Test Cases/Offline PSSI Dashboard Function/Create BE Playback Video/Select CCTV/Negative Test Case/PSSIMonitoringClearCCTVSelection FAILED.
Reason:
com.kms.katalon.core.exception.StepFailedException: Verify element text of test object 'Object Repository/Page_Playback Video/CCTV Selection Bar' FAILED.
	at com.kms.katalon.core.webui.keyword.internal.WebUIKeywordMain.stepFailed(WebUIKeywordMain.groovy:64)
	at com.kms.katalon.core.webui.keyword.internal.WebUIKeywordMain.runKeyword(WebUIKeywordMain.groovy:26)
	at com.kms.katalon.core.webui.keyword.builtin.VerifyElementTextKeyword.verifyElementText(VerifyElementTextKeyword.groovy:72)
	at com.kms.katalon.core.webui.keyword.builtin.VerifyElementTextKeyword.execute(VerifyElementTextKeyword.groovy:40)
	at com.kms.katalon.core.keyword.internal.KeywordExecutor.executeKeywordForPlatform(KeywordExecutor.groovy:74)
	at com.kms.katalon.core.webui.keyword.WebUiBuiltInKeywords.verifyElementText(WebUiBuiltInKeywords.groovy:4835)
	at PSSIMonitoringClearCCTVSelection.run(PSSIMonitoringClearCCTVSelection:58)
	at com.kms.katalon.core.main.ScriptEngine.run(ScriptEngine.java:194)
	at com.kms.katalon.core.main.ScriptEngine.runScriptAsRawText(ScriptEngine.java:119)
	at com.kms.katalon.core.main.TestCaseExecutor.runScript(TestCaseExecutor.java:448)
	at com.kms.katalon.core.main.TestCaseExecutor.doExecute(TestCaseExecutor.java:439)
	at com.kms.katalon.core.main.TestCaseExecutor.processExecutionPhase(TestCaseExecutor.java:418)
	at com.kms.katalon.core.main.TestCaseExecutor.accessMainPhase(TestCaseExecutor.java:410)
	at com.kms.katalon.core.main.TestCaseExecutor.execute(TestCaseExecutor.java:285)
	at com.kms.katalon.core.common.CommonExecutor.accessTestCaseMainPhase(CommonExecutor.java:65)
	at com.kms.katalon.core.main.TestSuiteExecutor.accessTestSuiteMainPhase(TestSuiteExecutor.java:148)
	at com.kms.katalon.core.main.TestSuiteExecutor.execute(TestSuiteExecutor.java:106)
	at com.kms.katalon.core.main.TestCaseMain.startTestSuite(TestCaseMain.java:180)
	at TempTestSuite1704856313175.run(TempTestSuite1704856313175.groovy:36)
	at java.base/jdk.internal.reflect.NativeMethodAccessorImpl.invoke0(Native Method)
	at java.base/jdk.internal.reflect.NativeMethodAccessorImpl.invoke(NativeMethodAccessorImpl.java:77)
	at java.base/jdk.internal.reflect.DelegatingMethodAccessorImpl.invoke(DelegatingMethodAccessorImpl.java:43)
Caused by: com.kms.katalon.core.exception.StepFailedException: Actual text 'CCTV 1' and expected text '-- Search CCTV --' of test object 'Object Repository/Page_Playback Video/CCTV Selection Bar' are NOT matched.
	at com.kms.katalon.core.webui.keyword.internal.WebUIKeywordMain.stepFailed(WebUIKeywordMain.groovy:64)
	at com.kms.katalon.core.webui.keyword.builtin.VerifyElementTextKeyword$_verifyElementText_closure1.doCall(VerifyElementTextKeyword.groovy:57)
	at com.kms.katalon.core.webui.keyword.builtin.VerifyElementTextKeyword$_verifyElementText_closure1.call(VerifyElementTextKeyword.groovy)
	at com.kms.katalon.core.webui.keyword.internal.WebUIKeywordMain.runKeyword(WebUIKeywordMain.groovy:20)
	... 20 more]]></system-err>
   </testsuite>
</testsuites>
