<?xml version="1.0" encoding="UTF-8"?>
<testsuites name="Play Video Test Suite" time="241.7" tests="5" failures="1" errors="0">
   <testsuite name="Play Video Test Suite" tests="5" failures="1" errors="0" time="241.7" skipped="0" timestamp="09-01-2024T17:54:49" hostname="USER - DESKTOP-HLRVE9S" id="Test Suites/Create BE Playback Video/Play Video Test Suite">
      <properties>
         <property name="deviceName" value=""/>
         <property name="devicePlatform" value=""/>
         <property name="logFolder" value="C:\\Users\\USER\\git\\Kecilin-Automation-Test\\Reports\\20240109_174313\\Create BE Playback Video\\Play Video Test Suite\\20240109_174320"/>
         <property name="logFiles" value="C:\\Users\\USER\\git\\Kecilin-Automation-Test\\Reports\\20240109_174313\\Create BE Playback Video\\Play Video Test Suite\\20240109_174320\\execution0.log"/>
         <property name="attachments" value="C:\\Users\\USER\\git\\Kecilin-Automation-Test\\Reports\\20240109_174313\\Create BE Playback Video\\Play Video Test Suite\\20240109_174320\\1704797716701.png, C:\\Users\\USER\\git\\Kecilin-Automation-Test\\Reports\\20240109_174313\\Create BE Playback Video\\Play Video Test Suite\\20240109_174320\\1704797720260.png, C:\\Users\\USER\\git\\Kecilin-Automation-Test\\Reports\\20240109_174313\\Create BE Playback Video\\Play Video Test Suite\\20240109_174320\\1704797747891.png, C:\\Users\\USER\\git\\Kecilin-Automation-Test\\Reports\\20240109_174313\\Create BE Playback Video\\Play Video Test Suite\\20240109_174320\\1704797751098.png, C:\\Users\\USER\\git\\Kecilin-Automation-Test\\Reports\\20240109_174313\\Create BE Playback Video\\Play Video Test Suite\\20240109_174320\\1704797781743.png, C:\\Users\\USER\\git\\Kecilin-Automation-Test\\Reports\\20240109_174313\\Create BE Playback Video\\Play Video Test Suite\\20240109_174320\\1704797784984.png, C:\\Users\\USER\\git\\Kecilin-Automation-Test\\Reports\\20240109_174313\\Create BE Playback Video\\Play Video Test Suite\\20240109_174320\\1704797812483.png, C:\\Users\\USER\\git\\Kecilin-Automation-Test\\Reports\\20240109_174313\\Create BE Playback Video\\Play Video Test Suite\\20240109_174320\\1704797815721.png, C:\\Users\\USER\\git\\Kecilin-Automation-Test\\Reports\\20240109_174313\\Create BE Playback Video\\Play Video Test Suite\\20240109_174320\\1704797816770.png, C:\\Users\\USER\\git\\Kecilin-Automation-Test\\Reports\\20240109_174313\\Create BE Playback Video\\Play Video Test Suite\\20240109_174320\\1704797841363.png, C:\\Users\\USER\\git\\Kecilin-Automation-Test\\Reports\\20240109_174313\\Create BE Playback Video\\Play Video Test Suite\\20240109_174320\\1704797844575.png, C:\\Users\\USER\\git\\Kecilin-Automation-Test\\Reports\\20240109_174313\\Create BE Playback Video\\Play Video Test Suite\\20240109_174320\\1704797845595.png, C:\\Users\\USER\\git\\Kecilin-Automation-Test\\Reports\\20240109_174313\\Create BE Playback Video\\Play Video Test Suite\\20240109_174320\\1704797870075.png, C:\\Users\\USER\\git\\Kecilin-Automation-Test\\Reports\\20240109_174313\\Create BE Playback Video\\Play Video Test Suite\\20240109_174320\\1704797873319.png, C:\\Users\\USER\\git\\Kecilin-Automation-Test\\Reports\\20240109_174313\\Create BE Playback Video\\Play Video Test Suite\\20240109_174320\\1704797874413.png, C:\\Users\\USER\\git\\Kecilin-Automation-Test\\Reports\\20240109_174313\\Create BE Playback Video\\Play Video Test Suite\\20240109_174320\\1704797898405.png, C:\\Users\\USER\\git\\Kecilin-Automation-Test\\Reports\\20240109_174313\\Create BE Playback Video\\Play Video Test Suite\\20240109_174320\\1704797901638.png, C:\\Users\\USER\\git\\Kecilin-Automation-Test\\Reports\\20240109_174313\\Create BE Playback Video\\Play Video Test Suite\\20240109_174320\\1704797902632.png, C:\\Users\\USER\\git\\Kecilin-Automation-Test\\Reports\\20240109_174313\\Create BE Playback Video\\Play Video Test Suite\\20240109_174320\\1704797927053.png, C:\\Users\\USER\\git\\Kecilin-Automation-Test\\Reports\\20240109_174313\\Create BE Playback Video\\Play Video Test Suite\\20240109_174320\\1704797930326.png"/>
         <property name="hostName" value="USER - DESKTOP-HLRVE9S"/>
         <property name="os" value="Windows 10 64bit"/>
         <property name="katalonVersion" value="9.2.0.212"/>
         <property name="browser" value="Chrome 120.0.0.0"/>
         <property name="hostAddress" value="192.168.100.189"/>
         <property name="sessionId" value="5c9d445ea5c692a593287bc10e42536d"/>
         <property name="seleniumVersion" value="3.141.59"/>
         <property name="proxyInformation" value="ProxyInformation { proxyOption=NO_PROXY, proxyServerType=HTTP, username=, password=********, proxyServerAddress=, proxyServerPort=0, executionList=&quot;&quot;, isApplyToDesiredCapabilities=true }"/>
         <property name="platform" value="Windows 10"/>
      </properties>
      <testcase name="Test Cases/Offline PSSI Dashboard Function/Create BE Playback Video/Play Video/PSSIMaximizeVideo" time="34.574" classname="Test Cases/Offline PSSI Dashboard Function/Create BE Playback Video/Play Video/PSSIMaximizeVideo" status="PASSED">
         <system-out><![CDATA[09-01-2024T17:54:49 - [TEST_CASE][PASSED] - Test Cases/Offline PSSI Dashboard Function/Create BE Playback Video/Play Video/PSSIMaximizeVideo: Test Cases/Offline PSSI Dashboard Function/Create BE Playback Video/Play Video/PSSIMaximizeVideo

09-01-2024T17:54:50 - [TEST_STEP][PASSED] - baseUrl = offline_pssi_dashboard_url: null

09-01-2024T17:54:50 - [TEST_STEP][PASSED] - callTestCase(findTestCase("Offline PSSI Dashboard Function/Create BE Playback Video/Play Video/PSSIPlayVideo"), [:]): Call Test Case 'Test Cases/Offline PSSI Dashboard Function/Create BE Playback Video/Play Video/PSSIPlayVideo' successfully

09-01-2024T17:54:51 - [TEST_CASE][PASSED] - Test Cases/Offline PSSI Dashboard Function/Create BE Playback Video/Play Video/PSSIPlayVideo: Test Cases/Offline PSSI Dashboard Function/Create BE Playback Video/Play Video/PSSIPlayVideo

09-01-2024T17:54:51 - [TEST_STEP][PASSED] - baseUrl = offline_pssi_dashboard_url: null

09-01-2024T17:54:51 - [TEST_STEP][PASSED] - callTestCase(findTestCase("Offline PSSI Dashboard Function/Create BE Playback Video/Filter Playback Video/Positive Test Case/PSSIFilterStadiumAndCam"), [:]): Call Test Case 'Test Cases/Offline PSSI Dashboard Function/Create BE Playback Video/Filter Playback Video/Positive Test Case/PSSIFilterStadiumAndCam' successfully

09-01-2024T17:54:51 - [TEST_CASE][PASSED] - Test Cases/Offline PSSI Dashboard Function/Create BE Playback Video/Filter Playback Video/Positive Test Case/PSSIFilterStadiumAndCam: Test Cases/Offline PSSI Dashboard Function/Create BE Playback Video/Filter Playback Video/Positive Test Case/PSSIFilterStadiumAndCam

09-01-2024T17:54:51 - [TEST_STEP][PASSED] - baseUrl = offline_pssi_dashboard_url: null

09-01-2024T17:54:51 - [TEST_STEP][PASSED] - callTestCase(findTestCase("Offline PSSI Dashboard Function/Create BE Playback Video/View Playback Video Data/PSSIViewPlaybackVideo"), [:]): Call Test Case 'Test Cases/Offline PSSI Dashboard Function/Create BE Playback Video/View Playback Video Data/PSSIViewPlaybackVideo' successfully

09-01-2024T17:54:51 - [TEST_CASE][PASSED] - Test Cases/Offline PSSI Dashboard Function/Create BE Playback Video/View Playback Video Data/PSSIViewPlaybackVideo: Test Cases/Offline PSSI Dashboard Function/Create BE Playback Video/View Playback Video Data/PSSIViewPlaybackVideo

09-01-2024T17:54:51 - [TEST_STEP][PASSED] - baseUrl = offline_pssi_dashboard_url: null

09-01-2024T17:54:51 - [TEST_STEP][PASSED] - callTestCase(findTestCase("Offline PSSI Dashboard Function/Sign In/PSSISignInValidData"), [:]): Call Test Case 'Test Cases/Offline PSSI Dashboard Function/Sign In/PSSISignInValidData' successfully

09-01-2024T17:54:51 - [TEST_CASE][PASSED] - Test Cases/Offline PSSI Dashboard Function/Sign In/PSSISignInValidData: Test Cases/Offline PSSI Dashboard Function/Sign In/PSSISignInValidData

09-01-2024T17:54:52 - [TEST_STEP][PASSED] - failureHandling = STOP_ON_FAILURE: null

09-01-2024T17:54:52 - [TEST_STEP][PASSED] - baseUrl = offline_pssi_dashboard_url: null

09-01-2024T17:54:52 - [TEST_STEP][PASSED] - openBrowser(""): Browser is opened with url: ''

09-01-2024T17:54:52 - [MESSAGE][INFO] - Starting 'Chrome' driver

09-01-2024T17:54:52 - [MESSAGE][INFO] - Action delay is set to 0 milliseconds

09-01-2024T17:54:54 - [MESSAGE][PASSED] - Browser is opened with url: ''

09-01-2024T17:54:54 - [TEST_STEP][PASSED] - navigateToUrl(baseUrl): Navigate to 'https://monitoring.pssi-dev.kecilin.id' successfully

09-01-2024T17:54:55 - [MESSAGE][PASSED] - Navigate to 'https://monitoring.pssi-dev.kecilin.id' successfully

09-01-2024T17:54:55 - [TEST_STEP][PASSED] - maximizeWindow(): Current window maximized

09-01-2024T17:54:55 - [MESSAGE][PASSED] - Current window maximized

09-01-2024T17:54:55 - [TEST_STEP][PASSED] - setText(findTestObject("Object Repository/Page_Login/input_email"), "superadmin@app.com"): Text 'superadmin@app.com' is set on object 'Object Repository/Page_Login/input_email'

09-01-2024T17:54:56 - [MESSAGE][PASSED] - Text 'superadmin@app.com' is set on object 'Object Repository/Page_Login/input_email'

09-01-2024T17:54:56 - [TEST_STEP][PASSED] - setEncryptedText(findTestObject("Object Repository/Page_Login/input_password"), "8SQVv/p9jVScEs4/2CZsLw=="): Text ****** has been set on object 'Object Repository/Page_Login/input_password'

09-01-2024T17:54:57 - [MESSAGE][PASSED] - Text ****** has been set on object 'Object Repository/Page_Login/input_password'

09-01-2024T17:54:57 - [TEST_STEP][PASSED] - click(findTestObject("Object Repository/Page_Login/button_Sign In")): Object: 'Object Repository/Page_Login/button_Sign In' is clicked on

09-01-2024T17:54:59 - [MESSAGE][PASSED] - Object: 'Object Repository/Page_Login/button_Sign In' is clicked on

09-01-2024T17:54:59 - [MESSAGE][PASSED] - Call Test Case 'Test Cases/Offline PSSI Dashboard Function/Sign In/PSSISignInValidData' successfully

09-01-2024T17:54:59 - [TEST_STEP][PASSED] - navigateToUrl(baseUrl + "/playback_video"): Navigate to 'https://monitoring.pssi-dev.kecilin.id/playback_video' successfully

09-01-2024T17:54:59 - [MESSAGE][PASSED] - Navigate to 'https://monitoring.pssi-dev.kecilin.id/playback_video' successfully

09-01-2024T17:54:59 - [MESSAGE][PASSED] - Call Test Case 'Test Cases/Offline PSSI Dashboard Function/Create BE Playback Video/View Playback Video Data/PSSIViewPlaybackVideo' successfully

09-01-2024T17:54:59 - [TEST_STEP][PASSED] - verifyElementNotPresent(findTestObject("Page_Playback Video/CCTV Selection Bar"), 0): Web element with id: 'Object Repository/Page_Playback Video/CCTV Selection Bar' located by 'By.xpath: id("select2-cctv-container")[count(. | //span[@class = 'select2-selection__rendered' and @id = 'select2-cctv-container' and @role = 'textbox' and @aria-readonly = 'true' and @title = '-- Search CCTV --' and (text() = '-- Search CCTV --' or . = '-- Search CCTV --')]) = count(//span[@class = 'select2-selection__rendered' and @id = 'select2-cctv-container' and @role = 'textbox' and @aria-readonly = 'true' and @title = '-- Search CCTV --' and (text() = '-- Search CCTV --' or . = '-- Search CCTV --')])]' is not present after '1' second(s)

09-01-2024T17:54:59 - [MESSAGE][WARNING] - Timeout '0' is invalid. Using default page load timeout: '1'

09-01-2024T17:55:00 - [MESSAGE][PASSED] - Web element with id: 'Object Repository/Page_Playback Video/CCTV Selection Bar' located by 'By.xpath: id("select2-cctv-container")[count(. | //span[@class = 'select2-selection__rendered' and @id = 'select2-cctv-container' and @role = 'textbox' and @aria-readonly = 'true' and @title = '-- Search CCTV --' and (text() = '-- Search CCTV --' or . = '-- Search CCTV --')]) = count(//span[@class = 'select2-selection__rendered' and @id = 'select2-cctv-container' and @role = 'textbox' and @aria-readonly = 'true' and @title = '-- Search CCTV --' and (text() = '-- Search CCTV --' or . = '-- Search CCTV --')])]' is not present after '1' second(s)

09-01-2024T17:55:00 - [TEST_STEP][PASSED] - verifyElementClickable(findTestObject("Page_Playback Video/Stadium Selection Bar")): Object 'Object Repository/Page_Playback Video/Stadium Selection Bar' is clickable

09-01-2024T17:55:00 - [MESSAGE][PASSED] - Object 'Object Repository/Page_Playback Video/Stadium Selection Bar' is clickable

09-01-2024T17:55:00 - [TEST_STEP][PASSED] - click(findTestObject("Page_Playback Video/Stadium Selection Bar")): Object: 'Object Repository/Page_Playback Video/Stadium Selection Bar' is clicked on

09-01-2024T17:55:01 - [MESSAGE][PASSED] - Object: 'Object Repository/Page_Playback Video/Stadium Selection Bar' is clicked on

09-01-2024T17:55:01 - [TEST_STEP][PASSED] - sendKeys(findTestObject("Page_Playback Video/Stadium Search Field"), Keys.chord(ENTER)): Keys 'ENTER + ' sent to object: 'Object Repository/Page_Playback Video/Stadium Search Field'

09-01-2024T17:55:01 - [MESSAGE][PASSED] - Keys 'ENTER + ' sent to object: 'Object Repository/Page_Playback Video/Stadium Search Field'

09-01-2024T17:55:01 - [TEST_STEP][PASSED] - verifyElementClickable(findTestObject("Page_Playback Video/CCTV Selection Bar")): Object 'Object Repository/Page_Playback Video/CCTV Selection Bar' is clickable

09-01-2024T17:55:02 - [MESSAGE][PASSED] - Object 'Object Repository/Page_Playback Video/CCTV Selection Bar' is clickable

09-01-2024T17:55:02 - [TEST_STEP][PASSED] - click(findTestObject("Page_Playback Video/CCTV Selection Bar")): Object: 'Object Repository/Page_Playback Video/CCTV Selection Bar' is clicked on

09-01-2024T17:55:02 - [MESSAGE][PASSED] - Object: 'Object Repository/Page_Playback Video/CCTV Selection Bar' is clicked on

09-01-2024T17:55:02 - [TEST_STEP][PASSED] - sendKeys(findTestObject("Page_Playback Video/CCTV Search Field"), Keys.chord(ARROW_DOWN)): Keys 'DOWN + ' sent to object: 'Object Repository/Page_Playback Video/CCTV Search Field'

09-01-2024T17:55:03 - [MESSAGE][PASSED] - Keys 'DOWN + ' sent to object: 'Object Repository/Page_Playback Video/CCTV Search Field'

09-01-2024T17:55:03 - [TEST_STEP][PASSED] - sendKeys(findTestObject("Page_Playback Video/CCTV Search Field"), Keys.chord(ENTER)): Keys 'ENTER + ' sent to object: 'Object Repository/Page_Playback Video/CCTV Search Field'

09-01-2024T17:55:03 - [MESSAGE][PASSED] - Keys 'ENTER + ' sent to object: 'Object Repository/Page_Playback Video/CCTV Search Field'

09-01-2024T17:55:03 - [TEST_STEP][PASSED] - verifyElementClickable(findTestObject("Page_Playback Video/button_Search")): Object 'Object Repository/Page_Playback Video/button_Search' is clickable

09-01-2024T17:55:04 - [MESSAGE][PASSED] - Object 'Object Repository/Page_Playback Video/button_Search' is clickable

09-01-2024T17:55:04 - [TEST_STEP][PASSED] - click(findTestObject("Page_Playback Video/button_Search")): Object: 'Object Repository/Page_Playback Video/button_Search' is clicked on

09-01-2024T17:55:04 - [MESSAGE][PASSED] - Object: 'Object Repository/Page_Playback Video/button_Search' is clicked on

09-01-2024T17:55:04 - [TEST_STEP][PASSED] - verifyTextPresent("Size", false): Text 'Size' is present on page 

09-01-2024T17:55:11 - [MESSAGE][PASSED] - Text 'Size' is present on page 

09-01-2024T17:55:11 - [TEST_STEP][PASSED] - verifyTextPresent("Name", false): Text 'Name' is present on page 

09-01-2024T17:55:11 - [MESSAGE][PASSED] - Text 'Name' is present on page 

09-01-2024T17:55:11 - [TEST_STEP][PASSED] - verifyTextPresent("Date Time", false): Text 'Date Time' is present on page 

09-01-2024T17:55:12 - [MESSAGE][PASSED] - Text 'Date Time' is present on page 

09-01-2024T17:55:12 - [TEST_STEP][PASSED] - verifyTextPresent("Action", false): Text 'Action' is present on page 

09-01-2024T17:55:12 - [MESSAGE][PASSED] - Text 'Action' is present on page 

09-01-2024T17:55:12 - [MESSAGE][PASSED] - Call Test Case 'Test Cases/Offline PSSI Dashboard Function/Create BE Playback Video/Filter Playback Video/Positive Test Case/PSSIFilterStadiumAndCam' successfully

09-01-2024T17:55:12 - [TEST_STEP][PASSED] - navigateToUrl(baseUrl + "/playback_video/show/65273c11a21542f9826f23a6/2023-12-31T17-00-43.mp4"): Navigate to 'https://monitoring.pssi-dev.kecilin.id/playback_video/show/65273c11a21542f9826f23a6/2023-12-31T17-00-43.mp4' successfully

09-01-2024T17:55:12 - [MESSAGE][PASSED] - Navigate to 'https://monitoring.pssi-dev.kecilin.id/playback_video/show/65273c11a21542f9826f23a6/2023-12-31T17-00-43.mp4' successfully

09-01-2024T17:55:12 - [TEST_STEP][PASSED] - scrollToElement(findTestObject("Page_Playback Video/button_Search Identify"), 0): Scroll to object 'Object Repository/Page_Playback Video/button_Search Identify' successfully

09-01-2024T17:55:12 - [MESSAGE][WARNING] - Timeout '0' is invalid. Using default page load timeout: '1'

09-01-2024T17:55:16 - [MESSAGE][PASSED] - Scroll to object 'Object Repository/Page_Playback Video/button_Search Identify' successfully

09-01-2024T17:55:16 - [TEST_STEP][PASSED] - screenshot1 = takeFullPageScreenshot(): Taking screenshot successfully

09-01-2024T17:55:17 - [MESSAGE][INFO] - 0 hidden object(s)

09-01-2024T17:55:17 - [MESSAGE][PASSED] - Taking screenshot successfully
[[ATTACHMENT|C:\\Users\\USER\\git\\Kecilin-Automation-Test\\Reports\\20240109_174313\\Create BE Playback Video\\Play Video Test Suite\\20240109_174320\\1704797716701.png]]

09-01-2024T17:55:17 - [TEST_STEP][PASSED] - Thread.sleep(2500): null

09-01-2024T17:55:20 - [TEST_STEP][PASSED] - screenshot2 = takeFullPageScreenshot(): Taking screenshot successfully

09-01-2024T17:55:20 - [MESSAGE][INFO] - 0 hidden object(s)

09-01-2024T17:55:21 - [MESSAGE][PASSED] - Taking screenshot successfully
[[ATTACHMENT|C:\\Users\\USER\\git\\Kecilin-Automation-Test\\Reports\\20240109_174313\\Create BE Playback Video\\Play Video Test Suite\\20240109_174320\\1704797720260.png]]

09-01-2024T17:55:21 - [TEST_STEP][PASSED] - verifyNotEqual(screenshot1, screenshot2): Actual object '[B@12e40e98' and expected object '[B@3a9c92b5' are not equal

09-01-2024T17:55:21 - [MESSAGE][PASSED] - Actual object '[B@12e40e98' and expected object '[B@3a9c92b5' are not equal

09-01-2024T17:55:21 - [MESSAGE][PASSED] - Call Test Case 'Test Cases/Offline PSSI Dashboard Function/Create BE Playback Video/Play Video/PSSIPlayVideo' successfully

09-01-2024T17:55:21 - [TEST_STEP][PASSED] - doubleClick(findTestObject("Page_Playback Video/Video")): Object: 'Object Repository/Page_Playback Video/Video' is double clicked on

09-01-2024T17:55:23 - [MESSAGE][INFO] - Unable to find the element located by 'By.xpath: id("videoPlayback_html5_api")[count(. | //video[@id = 'videoPlayback_html5_api' and @class = 'vjs-tech' and @preload = 'auto' and @data-setup = '{}' and @muted = 'muted' and @crossorigin = 'anonymous' and @tabindex = '-1' and @role = 'application' and @src = '/playback_video/stream?id=65273c11a21542f9826f23a6&filename=2024-01-08T12-26-38.mp4&url=http://192.168.229.11:9000/api/v1/recording/stadium/2024-01-08T12-26-38.mp4']) = count(//video[@id = 'videoPlayback_html5_api' and @class = 'vjs-tech' and @preload = 'auto' and @data-setup = '{}' and @muted = 'muted' and @crossorigin = 'anonymous' and @tabindex = '-1' and @role = 'application' and @src = '/playback_video/stream?id=65273c11a21542f9826f23a6&filename=2024-01-08T12-26-38.mp4&url=http://192.168.229.11:9000/api/v1/recording/stadium/2024-01-08T12-26-38.mp4'])]'. Please recheck the objects properties to make sure the desired element is located. 

09-01-2024T17:55:23 - [MESSAGE][WARNING] - [SELF-HEALING] Failed to find element with id 'Object Repository/Page_Playback Video/Video'. Try using Self-healing.

09-01-2024T17:55:23 - [MESSAGE][WARNING] - [SELF-HEALING] The current locator of test object 'Object Repository/Page_Playback Video/Video' was broken. Propose an alternative one: '//video[@id='videoPlayback_html5_api']'.

09-01-2024T17:55:23 - [MESSAGE][PASSED] - Object: 'Object Repository/Page_Playback Video/Video' is double clicked on

09-01-2024T17:55:23 - [TEST_STEP][PASSED] - closeBrowser(): Browser is closed

09-01-2024T17:55:24 - [MESSAGE][PASSED] - Browser is closed]]></system-out>
         <system-err><![CDATA[]]></system-err>
      </testcase>
      <testcase name="Test Cases/Offline PSSI Dashboard Function/Create BE Playback Video/Play Video/PSSIMinimizeVideo" time="33.502" classname="Test Cases/Offline PSSI Dashboard Function/Create BE Playback Video/Play Video/PSSIMinimizeVideo" status="PASSED">
         <system-out><![CDATA[09-01-2024T17:55:24 - [TEST_CASE][PASSED] - Test Cases/Offline PSSI Dashboard Function/Create BE Playback Video/Play Video/PSSIMinimizeVideo: Test Cases/Offline PSSI Dashboard Function/Create BE Playback Video/Play Video/PSSIMinimizeVideo

09-01-2024T17:55:24 - [TEST_STEP][PASSED] - baseUrl = offline_pssi_dashboard_url: null

09-01-2024T17:55:24 - [TEST_STEP][PASSED] - callTestCase(findTestCase("Offline PSSI Dashboard Function/Create BE Playback Video/Play Video/PSSIPlayVideo"), [:]): Call Test Case 'Test Cases/Offline PSSI Dashboard Function/Create BE Playback Video/Play Video/PSSIPlayVideo' successfully

09-01-2024T17:55:24 - [TEST_CASE][PASSED] - Test Cases/Offline PSSI Dashboard Function/Create BE Playback Video/Play Video/PSSIPlayVideo: Test Cases/Offline PSSI Dashboard Function/Create BE Playback Video/Play Video/PSSIPlayVideo

09-01-2024T17:55:24 - [TEST_STEP][PASSED] - baseUrl = offline_pssi_dashboard_url: null

09-01-2024T17:55:24 - [TEST_STEP][PASSED] - callTestCase(findTestCase("Offline PSSI Dashboard Function/Create BE Playback Video/Filter Playback Video/Positive Test Case/PSSIFilterStadiumAndCam"), [:]): Call Test Case 'Test Cases/Offline PSSI Dashboard Function/Create BE Playback Video/Filter Playback Video/Positive Test Case/PSSIFilterStadiumAndCam' successfully

09-01-2024T17:55:24 - [TEST_CASE][PASSED] - Test Cases/Offline PSSI Dashboard Function/Create BE Playback Video/Filter Playback Video/Positive Test Case/PSSIFilterStadiumAndCam: Test Cases/Offline PSSI Dashboard Function/Create BE Playback Video/Filter Playback Video/Positive Test Case/PSSIFilterStadiumAndCam

09-01-2024T17:55:24 - [TEST_STEP][PASSED] - baseUrl = offline_pssi_dashboard_url: null

09-01-2024T17:55:24 - [TEST_STEP][PASSED] - callTestCase(findTestCase("Offline PSSI Dashboard Function/Create BE Playback Video/View Playback Video Data/PSSIViewPlaybackVideo"), [:]): Call Test Case 'Test Cases/Offline PSSI Dashboard Function/Create BE Playback Video/View Playback Video Data/PSSIViewPlaybackVideo' successfully

09-01-2024T17:55:24 - [TEST_CASE][PASSED] - Test Cases/Offline PSSI Dashboard Function/Create BE Playback Video/View Playback Video Data/PSSIViewPlaybackVideo: Test Cases/Offline PSSI Dashboard Function/Create BE Playback Video/View Playback Video Data/PSSIViewPlaybackVideo

09-01-2024T17:55:24 - [TEST_STEP][PASSED] - baseUrl = offline_pssi_dashboard_url: null

09-01-2024T17:55:24 - [TEST_STEP][PASSED] - callTestCase(findTestCase("Offline PSSI Dashboard Function/Sign In/PSSISignInValidData"), [:]): Call Test Case 'Test Cases/Offline PSSI Dashboard Function/Sign In/PSSISignInValidData' successfully

09-01-2024T17:55:25 - [TEST_CASE][PASSED] - Test Cases/Offline PSSI Dashboard Function/Sign In/PSSISignInValidData: Test Cases/Offline PSSI Dashboard Function/Sign In/PSSISignInValidData

09-01-2024T17:55:25 - [TEST_STEP][PASSED] - failureHandling = STOP_ON_FAILURE: null

09-01-2024T17:55:25 - [TEST_STEP][PASSED] - baseUrl = offline_pssi_dashboard_url: null

09-01-2024T17:55:25 - [TEST_STEP][PASSED] - openBrowser(""): Browser is opened with url: ''

09-01-2024T17:55:25 - [MESSAGE][INFO] - Starting 'Chrome' driver

09-01-2024T17:55:25 - [MESSAGE][INFO] - Action delay is set to 0 milliseconds

09-01-2024T17:55:26 - [MESSAGE][PASSED] - Browser is opened with url: ''

09-01-2024T17:55:26 - [TEST_STEP][PASSED] - navigateToUrl(baseUrl): Navigate to 'https://monitoring.pssi-dev.kecilin.id' successfully

09-01-2024T17:55:26 - [MESSAGE][PASSED] - Navigate to 'https://monitoring.pssi-dev.kecilin.id' successfully

09-01-2024T17:55:26 - [TEST_STEP][PASSED] - maximizeWindow(): Current window maximized

09-01-2024T17:55:27 - [MESSAGE][PASSED] - Current window maximized

09-01-2024T17:55:27 - [TEST_STEP][PASSED] - setText(findTestObject("Object Repository/Page_Login/input_email"), "superadmin@app.com"): Text 'superadmin@app.com' is set on object 'Object Repository/Page_Login/input_email'

09-01-2024T17:55:28 - [MESSAGE][PASSED] - Text 'superadmin@app.com' is set on object 'Object Repository/Page_Login/input_email'

09-01-2024T17:55:28 - [TEST_STEP][PASSED] - setEncryptedText(findTestObject("Object Repository/Page_Login/input_password"), "8SQVv/p9jVScEs4/2CZsLw=="): Text ****** has been set on object 'Object Repository/Page_Login/input_password'

09-01-2024T17:55:28 - [MESSAGE][PASSED] - Text ****** has been set on object 'Object Repository/Page_Login/input_password'

09-01-2024T17:55:28 - [TEST_STEP][PASSED] - click(findTestObject("Object Repository/Page_Login/button_Sign In")): Object: 'Object Repository/Page_Login/button_Sign In' is clicked on

09-01-2024T17:55:30 - [MESSAGE][PASSED] - Object: 'Object Repository/Page_Login/button_Sign In' is clicked on

09-01-2024T17:55:30 - [MESSAGE][PASSED] - Call Test Case 'Test Cases/Offline PSSI Dashboard Function/Sign In/PSSISignInValidData' successfully

09-01-2024T17:55:30 - [TEST_STEP][PASSED] - navigateToUrl(baseUrl + "/playback_video"): Navigate to 'https://monitoring.pssi-dev.kecilin.id/playback_video' successfully

09-01-2024T17:55:31 - [MESSAGE][PASSED] - Navigate to 'https://monitoring.pssi-dev.kecilin.id/playback_video' successfully

09-01-2024T17:55:31 - [MESSAGE][PASSED] - Call Test Case 'Test Cases/Offline PSSI Dashboard Function/Create BE Playback Video/View Playback Video Data/PSSIViewPlaybackVideo' successfully

09-01-2024T17:55:31 - [TEST_STEP][PASSED] - verifyElementNotPresent(findTestObject("Page_Playback Video/CCTV Selection Bar"), 0): Web element with id: 'Object Repository/Page_Playback Video/CCTV Selection Bar' located by 'By.xpath: id("select2-cctv-container")[count(. | //span[@class = 'select2-selection__rendered' and @id = 'select2-cctv-container' and @role = 'textbox' and @aria-readonly = 'true' and @title = '-- Search CCTV --' and (text() = '-- Search CCTV --' or . = '-- Search CCTV --')]) = count(//span[@class = 'select2-selection__rendered' and @id = 'select2-cctv-container' and @role = 'textbox' and @aria-readonly = 'true' and @title = '-- Search CCTV --' and (text() = '-- Search CCTV --' or . = '-- Search CCTV --')])]' is not present after '1' second(s)

09-01-2024T17:55:31 - [MESSAGE][WARNING] - Timeout '0' is invalid. Using default page load timeout: '1'

09-01-2024T17:55:31 - [MESSAGE][PASSED] - Web element with id: 'Object Repository/Page_Playback Video/CCTV Selection Bar' located by 'By.xpath: id("select2-cctv-container")[count(. | //span[@class = 'select2-selection__rendered' and @id = 'select2-cctv-container' and @role = 'textbox' and @aria-readonly = 'true' and @title = '-- Search CCTV --' and (text() = '-- Search CCTV --' or . = '-- Search CCTV --')]) = count(//span[@class = 'select2-selection__rendered' and @id = 'select2-cctv-container' and @role = 'textbox' and @aria-readonly = 'true' and @title = '-- Search CCTV --' and (text() = '-- Search CCTV --' or . = '-- Search CCTV --')])]' is not present after '1' second(s)

09-01-2024T17:55:31 - [TEST_STEP][PASSED] - verifyElementClickable(findTestObject("Page_Playback Video/Stadium Selection Bar")): Object 'Object Repository/Page_Playback Video/Stadium Selection Bar' is clickable

09-01-2024T17:55:31 - [MESSAGE][PASSED] - Object 'Object Repository/Page_Playback Video/Stadium Selection Bar' is clickable

09-01-2024T17:55:31 - [TEST_STEP][PASSED] - click(findTestObject("Page_Playback Video/Stadium Selection Bar")): Object: 'Object Repository/Page_Playback Video/Stadium Selection Bar' is clicked on

09-01-2024T17:55:32 - [MESSAGE][PASSED] - Object: 'Object Repository/Page_Playback Video/Stadium Selection Bar' is clicked on

09-01-2024T17:55:32 - [TEST_STEP][PASSED] - sendKeys(findTestObject("Page_Playback Video/Stadium Search Field"), Keys.chord(ENTER)): Keys 'ENTER + ' sent to object: 'Object Repository/Page_Playback Video/Stadium Search Field'

09-01-2024T17:55:32 - [MESSAGE][PASSED] - Keys 'ENTER + ' sent to object: 'Object Repository/Page_Playback Video/Stadium Search Field'

09-01-2024T17:55:32 - [TEST_STEP][PASSED] - verifyElementClickable(findTestObject("Page_Playback Video/CCTV Selection Bar")): Object 'Object Repository/Page_Playback Video/CCTV Selection Bar' is clickable

09-01-2024T17:55:33 - [MESSAGE][PASSED] - Object 'Object Repository/Page_Playback Video/CCTV Selection Bar' is clickable

09-01-2024T17:55:33 - [TEST_STEP][PASSED] - click(findTestObject("Page_Playback Video/CCTV Selection Bar")): Object: 'Object Repository/Page_Playback Video/CCTV Selection Bar' is clicked on

09-01-2024T17:55:33 - [MESSAGE][PASSED] - Object: 'Object Repository/Page_Playback Video/CCTV Selection Bar' is clicked on

09-01-2024T17:55:33 - [TEST_STEP][PASSED] - sendKeys(findTestObject("Page_Playback Video/CCTV Search Field"), Keys.chord(ARROW_DOWN)): Keys 'DOWN + ' sent to object: 'Object Repository/Page_Playback Video/CCTV Search Field'

09-01-2024T17:55:34 - [MESSAGE][PASSED] - Keys 'DOWN + ' sent to object: 'Object Repository/Page_Playback Video/CCTV Search Field'

09-01-2024T17:55:34 - [TEST_STEP][PASSED] - sendKeys(findTestObject("Page_Playback Video/CCTV Search Field"), Keys.chord(ENTER)): Keys 'ENTER + ' sent to object: 'Object Repository/Page_Playback Video/CCTV Search Field'

09-01-2024T17:55:34 - [MESSAGE][PASSED] - Keys 'ENTER + ' sent to object: 'Object Repository/Page_Playback Video/CCTV Search Field'

09-01-2024T17:55:34 - [TEST_STEP][PASSED] - verifyElementClickable(findTestObject("Page_Playback Video/button_Search")): Object 'Object Repository/Page_Playback Video/button_Search' is clickable

09-01-2024T17:55:35 - [MESSAGE][PASSED] - Object 'Object Repository/Page_Playback Video/button_Search' is clickable

09-01-2024T17:55:35 - [TEST_STEP][PASSED] - click(findTestObject("Page_Playback Video/button_Search")): Object: 'Object Repository/Page_Playback Video/button_Search' is clicked on

09-01-2024T17:55:35 - [MESSAGE][PASSED] - Object: 'Object Repository/Page_Playback Video/button_Search' is clicked on

09-01-2024T17:55:35 - [TEST_STEP][PASSED] - verifyTextPresent("Size", false): Text 'Size' is present on page 

09-01-2024T17:55:42 - [MESSAGE][PASSED] - Text 'Size' is present on page 

09-01-2024T17:55:42 - [TEST_STEP][PASSED] - verifyTextPresent("Name", false): Text 'Name' is present on page 

09-01-2024T17:55:42 - [MESSAGE][PASSED] - Text 'Name' is present on page 

09-01-2024T17:55:42 - [TEST_STEP][PASSED] - verifyTextPresent("Date Time", false): Text 'Date Time' is present on page 

09-01-2024T17:55:43 - [MESSAGE][PASSED] - Text 'Date Time' is present on page 

09-01-2024T17:55:43 - [TEST_STEP][PASSED] - verifyTextPresent("Action", false): Text 'Action' is present on page 

09-01-2024T17:55:43 - [MESSAGE][PASSED] - Text 'Action' is present on page 

09-01-2024T17:55:43 - [MESSAGE][PASSED] - Call Test Case 'Test Cases/Offline PSSI Dashboard Function/Create BE Playback Video/Filter Playback Video/Positive Test Case/PSSIFilterStadiumAndCam' successfully

09-01-2024T17:55:43 - [TEST_STEP][PASSED] - navigateToUrl(baseUrl + "/playback_video/show/65273c11a21542f9826f23a6/2023-12-31T17-00-43.mp4"): Navigate to 'https://monitoring.pssi-dev.kecilin.id/playback_video/show/65273c11a21542f9826f23a6/2023-12-31T17-00-43.mp4' successfully

09-01-2024T17:55:47 - [MESSAGE][PASSED] - Navigate to 'https://monitoring.pssi-dev.kecilin.id/playback_video/show/65273c11a21542f9826f23a6/2023-12-31T17-00-43.mp4' successfully

09-01-2024T17:55:47 - [TEST_STEP][PASSED] - scrollToElement(findTestObject("Page_Playback Video/button_Search Identify"), 0): Scroll to object 'Object Repository/Page_Playback Video/button_Search Identify' successfully

09-01-2024T17:55:47 - [MESSAGE][WARNING] - Timeout '0' is invalid. Using default page load timeout: '1'

09-01-2024T17:55:47 - [MESSAGE][PASSED] - Scroll to object 'Object Repository/Page_Playback Video/button_Search Identify' successfully

09-01-2024T17:55:47 - [TEST_STEP][PASSED] - screenshot1 = takeFullPageScreenshot(): Taking screenshot successfully

09-01-2024T17:55:48 - [MESSAGE][INFO] - 0 hidden object(s)

09-01-2024T17:55:48 - [MESSAGE][PASSED] - Taking screenshot successfully
[[ATTACHMENT|C:\\Users\\USER\\git\\Kecilin-Automation-Test\\Reports\\20240109_174313\\Create BE Playback Video\\Play Video Test Suite\\20240109_174320\\1704797747891.png]]

09-01-2024T17:55:48 - [TEST_STEP][PASSED] - Thread.sleep(2500): null

09-01-2024T17:55:51 - [TEST_STEP][PASSED] - screenshot2 = takeFullPageScreenshot(): Taking screenshot successfully

09-01-2024T17:55:51 - [MESSAGE][INFO] - 0 hidden object(s)

09-01-2024T17:55:51 - [MESSAGE][PASSED] - Taking screenshot successfully
[[ATTACHMENT|C:\\Users\\USER\\git\\Kecilin-Automation-Test\\Reports\\20240109_174313\\Create BE Playback Video\\Play Video Test Suite\\20240109_174320\\1704797751098.png]]

09-01-2024T17:55:51 - [TEST_STEP][PASSED] - verifyNotEqual(screenshot1, screenshot2): Actual object '[B@1a53ac0c' and expected object '[B@7fdf7359' are not equal

09-01-2024T17:55:51 - [MESSAGE][PASSED] - Actual object '[B@1a53ac0c' and expected object '[B@7fdf7359' are not equal

09-01-2024T17:55:51 - [MESSAGE][PASSED] - Call Test Case 'Test Cases/Offline PSSI Dashboard Function/Create BE Playback Video/Play Video/PSSIPlayVideo' successfully

09-01-2024T17:55:51 - [TEST_STEP][PASSED] - doubleClick(findTestObject("Page_Playback Video/Video")): Object: 'Object Repository/Page_Playback Video/Video' is double clicked on

09-01-2024T17:55:54 - [MESSAGE][INFO] - Unable to find the element located by 'By.xpath: id("videoPlayback_html5_api")[count(. | //video[@id = 'videoPlayback_html5_api' and @class = 'vjs-tech' and @preload = 'auto' and @data-setup = '{}' and @muted = 'muted' and @crossorigin = 'anonymous' and @tabindex = '-1' and @role = 'application' and @src = '/playback_video/stream?id=65273c11a21542f9826f23a6&filename=2024-01-08T12-26-38.mp4&url=http://192.168.229.11:9000/api/v1/recording/stadium/2024-01-08T12-26-38.mp4']) = count(//video[@id = 'videoPlayback_html5_api' and @class = 'vjs-tech' and @preload = 'auto' and @data-setup = '{}' and @muted = 'muted' and @crossorigin = 'anonymous' and @tabindex = '-1' and @role = 'application' and @src = '/playback_video/stream?id=65273c11a21542f9826f23a6&filename=2024-01-08T12-26-38.mp4&url=http://192.168.229.11:9000/api/v1/recording/stadium/2024-01-08T12-26-38.mp4'])]'. Please recheck the objects properties to make sure the desired element is located. 

09-01-2024T17:55:54 - [MESSAGE][WARNING] - [SELF-HEALING] Failed to find element with id 'Object Repository/Page_Playback Video/Video'. Try using Self-healing.

09-01-2024T17:55:54 - [MESSAGE][WARNING] - [SELF-HEALING] The current locator of test object 'Object Repository/Page_Playback Video/Video' was broken. Propose an alternative one: '//video[@id='videoPlayback_html5_api']'.

09-01-2024T17:55:54 - [MESSAGE][PASSED] - Object: 'Object Repository/Page_Playback Video/Video' is double clicked on

09-01-2024T17:55:54 - [TEST_STEP][PASSED] - sendKeys(findTestObject("Page_Playback Video/Video"), Keys.chord(ESCAPE)): Keys 'ESCAPE + ' sent to object: 'Object Repository/Page_Playback Video/Video'

09-01-2024T17:55:56 - [MESSAGE][INFO] - Unable to find the element located by 'By.xpath: id("videoPlayback_html5_api")[count(. | //video[@id = 'videoPlayback_html5_api' and @class = 'vjs-tech' and @preload = 'auto' and @data-setup = '{}' and @muted = 'muted' and @crossorigin = 'anonymous' and @tabindex = '-1' and @role = 'application' and @src = '/playback_video/stream?id=65273c11a21542f9826f23a6&filename=2024-01-08T12-26-38.mp4&url=http://192.168.229.11:9000/api/v1/recording/stadium/2024-01-08T12-26-38.mp4']) = count(//video[@id = 'videoPlayback_html5_api' and @class = 'vjs-tech' and @preload = 'auto' and @data-setup = '{}' and @muted = 'muted' and @crossorigin = 'anonymous' and @tabindex = '-1' and @role = 'application' and @src = '/playback_video/stream?id=65273c11a21542f9826f23a6&filename=2024-01-08T12-26-38.mp4&url=http://192.168.229.11:9000/api/v1/recording/stadium/2024-01-08T12-26-38.mp4'])]'. Please recheck the objects properties to make sure the desired element is located. 

09-01-2024T17:55:56 - [MESSAGE][WARNING] - [SELF-HEALING] Failed to find element with id 'Object Repository/Page_Playback Video/Video'. Try using Self-healing.

09-01-2024T17:55:57 - [MESSAGE][WARNING] - [SELF-HEALING] The current locator of test object 'Object Repository/Page_Playback Video/Video' was broken. Propose an alternative one: '//video[@id='videoPlayback_html5_api']'.

09-01-2024T17:55:57 - [MESSAGE][PASSED] - Keys 'ESCAPE + ' sent to object: 'Object Repository/Page_Playback Video/Video'

09-01-2024T17:55:57 - [TEST_STEP][PASSED] - verifyTextPresent("Search Identify", false): Text 'Search Identify' is present on page 

09-01-2024T17:55:57 - [MESSAGE][PASSED] - Text 'Search Identify' is present on page 

09-01-2024T17:55:57 - [TEST_STEP][PASSED] - closeBrowser(): Browser is closed

09-01-2024T17:55:57 - [MESSAGE][PASSED] - Browser is closed]]></system-out>
         <system-err><![CDATA[]]></system-err>
      </testcase>
      <testcase name="Test Cases/Offline PSSI Dashboard Function/Create BE Playback Video/Play Video/PSSIPauseVideo" time="30.545" classname="Test Cases/Offline PSSI Dashboard Function/Create BE Playback Video/Play Video/PSSIPauseVideo" status="PASSED">
         <system-out><![CDATA[09-01-2024T17:55:57 - [TEST_CASE][PASSED] - Test Cases/Offline PSSI Dashboard Function/Create BE Playback Video/Play Video/PSSIPauseVideo: Test Cases/Offline PSSI Dashboard Function/Create BE Playback Video/Play Video/PSSIPauseVideo

09-01-2024T17:55:58 - [TEST_STEP][PASSED] - baseUrl = offline_pssi_dashboard_url: null

09-01-2024T17:55:58 - [TEST_STEP][PASSED] - callTestCase(findTestCase("Offline PSSI Dashboard Function/Create BE Playback Video/Play Video/PSSIPlayVideo"), [:]): Call Test Case 'Test Cases/Offline PSSI Dashboard Function/Create BE Playback Video/Play Video/PSSIPlayVideo' successfully

09-01-2024T17:55:58 - [TEST_CASE][PASSED] - Test Cases/Offline PSSI Dashboard Function/Create BE Playback Video/Play Video/PSSIPlayVideo: Test Cases/Offline PSSI Dashboard Function/Create BE Playback Video/Play Video/PSSIPlayVideo

09-01-2024T17:55:58 - [TEST_STEP][PASSED] - baseUrl = offline_pssi_dashboard_url: null

09-01-2024T17:55:58 - [TEST_STEP][PASSED] - callTestCase(findTestCase("Offline PSSI Dashboard Function/Create BE Playback Video/Filter Playback Video/Positive Test Case/PSSIFilterStadiumAndCam"), [:]): Call Test Case 'Test Cases/Offline PSSI Dashboard Function/Create BE Playback Video/Filter Playback Video/Positive Test Case/PSSIFilterStadiumAndCam' successfully

09-01-2024T17:55:58 - [TEST_CASE][PASSED] - Test Cases/Offline PSSI Dashboard Function/Create BE Playback Video/Filter Playback Video/Positive Test Case/PSSIFilterStadiumAndCam: Test Cases/Offline PSSI Dashboard Function/Create BE Playback Video/Filter Playback Video/Positive Test Case/PSSIFilterStadiumAndCam

09-01-2024T17:55:58 - [TEST_STEP][PASSED] - baseUrl = offline_pssi_dashboard_url: null

09-01-2024T17:55:58 - [TEST_STEP][PASSED] - callTestCase(findTestCase("Offline PSSI Dashboard Function/Create BE Playback Video/View Playback Video Data/PSSIViewPlaybackVideo"), [:]): Call Test Case 'Test Cases/Offline PSSI Dashboard Function/Create BE Playback Video/View Playback Video Data/PSSIViewPlaybackVideo' successfully

09-01-2024T17:55:58 - [TEST_CASE][PASSED] - Test Cases/Offline PSSI Dashboard Function/Create BE Playback Video/View Playback Video Data/PSSIViewPlaybackVideo: Test Cases/Offline PSSI Dashboard Function/Create BE Playback Video/View Playback Video Data/PSSIViewPlaybackVideo

09-01-2024T17:55:58 - [TEST_STEP][PASSED] - baseUrl = offline_pssi_dashboard_url: null

09-01-2024T17:55:58 - [TEST_STEP][PASSED] - callTestCase(findTestCase("Offline PSSI Dashboard Function/Sign In/PSSISignInValidData"), [:]): Call Test Case 'Test Cases/Offline PSSI Dashboard Function/Sign In/PSSISignInValidData' successfully

09-01-2024T17:55:58 - [TEST_CASE][PASSED] - Test Cases/Offline PSSI Dashboard Function/Sign In/PSSISignInValidData: Test Cases/Offline PSSI Dashboard Function/Sign In/PSSISignInValidData

09-01-2024T17:55:58 - [TEST_STEP][PASSED] - failureHandling = STOP_ON_FAILURE: null

09-01-2024T17:55:58 - [TEST_STEP][PASSED] - baseUrl = offline_pssi_dashboard_url: null

09-01-2024T17:55:58 - [TEST_STEP][PASSED] - openBrowser(""): Browser is opened with url: ''

09-01-2024T17:55:58 - [MESSAGE][INFO] - Starting 'Chrome' driver

09-01-2024T17:55:58 - [MESSAGE][INFO] - Action delay is set to 0 milliseconds

09-01-2024T17:55:59 - [MESSAGE][PASSED] - Browser is opened with url: ''

09-01-2024T17:55:59 - [TEST_STEP][PASSED] - navigateToUrl(baseUrl): Navigate to 'https://monitoring.pssi-dev.kecilin.id' successfully

09-01-2024T17:55:59 - [MESSAGE][PASSED] - Navigate to 'https://monitoring.pssi-dev.kecilin.id' successfully

09-01-2024T17:55:59 - [TEST_STEP][PASSED] - maximizeWindow(): Current window maximized

09-01-2024T17:56:00 - [MESSAGE][PASSED] - Current window maximized

09-01-2024T17:56:00 - [TEST_STEP][PASSED] - setText(findTestObject("Object Repository/Page_Login/input_email"), "superadmin@app.com"): Text 'superadmin@app.com' is set on object 'Object Repository/Page_Login/input_email'

09-01-2024T17:56:01 - [MESSAGE][PASSED] - Text 'superadmin@app.com' is set on object 'Object Repository/Page_Login/input_email'

09-01-2024T17:56:01 - [TEST_STEP][PASSED] - setEncryptedText(findTestObject("Object Repository/Page_Login/input_password"), "8SQVv/p9jVScEs4/2CZsLw=="): Text ****** has been set on object 'Object Repository/Page_Login/input_password'

09-01-2024T17:56:02 - [MESSAGE][PASSED] - Text ****** has been set on object 'Object Repository/Page_Login/input_password'

09-01-2024T17:56:02 - [TEST_STEP][PASSED] - click(findTestObject("Object Repository/Page_Login/button_Sign In")): Object: 'Object Repository/Page_Login/button_Sign In' is clicked on

09-01-2024T17:56:02 - [MESSAGE][PASSED] - Object: 'Object Repository/Page_Login/button_Sign In' is clicked on

09-01-2024T17:56:02 - [MESSAGE][PASSED] - Call Test Case 'Test Cases/Offline PSSI Dashboard Function/Sign In/PSSISignInValidData' successfully

09-01-2024T17:56:02 - [TEST_STEP][PASSED] - navigateToUrl(baseUrl + "/playback_video"): Navigate to 'https://monitoring.pssi-dev.kecilin.id/playback_video' successfully

09-01-2024T17:56:04 - [MESSAGE][PASSED] - Navigate to 'https://monitoring.pssi-dev.kecilin.id/playback_video' successfully

09-01-2024T17:56:04 - [MESSAGE][PASSED] - Call Test Case 'Test Cases/Offline PSSI Dashboard Function/Create BE Playback Video/View Playback Video Data/PSSIViewPlaybackVideo' successfully

09-01-2024T17:56:04 - [TEST_STEP][PASSED] - verifyElementNotPresent(findTestObject("Page_Playback Video/CCTV Selection Bar"), 0): Web element with id: 'Object Repository/Page_Playback Video/CCTV Selection Bar' located by 'By.xpath: id("select2-cctv-container")[count(. | //span[@class = 'select2-selection__rendered' and @id = 'select2-cctv-container' and @role = 'textbox' and @aria-readonly = 'true' and @title = '-- Search CCTV --' and (text() = '-- Search CCTV --' or . = '-- Search CCTV --')]) = count(//span[@class = 'select2-selection__rendered' and @id = 'select2-cctv-container' and @role = 'textbox' and @aria-readonly = 'true' and @title = '-- Search CCTV --' and (text() = '-- Search CCTV --' or . = '-- Search CCTV --')])]' is not present after '1' second(s)

09-01-2024T17:56:04 - [MESSAGE][WARNING] - Timeout '0' is invalid. Using default page load timeout: '1'

09-01-2024T17:56:04 - [MESSAGE][PASSED] - Web element with id: 'Object Repository/Page_Playback Video/CCTV Selection Bar' located by 'By.xpath: id("select2-cctv-container")[count(. | //span[@class = 'select2-selection__rendered' and @id = 'select2-cctv-container' and @role = 'textbox' and @aria-readonly = 'true' and @title = '-- Search CCTV --' and (text() = '-- Search CCTV --' or . = '-- Search CCTV --')]) = count(//span[@class = 'select2-selection__rendered' and @id = 'select2-cctv-container' and @role = 'textbox' and @aria-readonly = 'true' and @title = '-- Search CCTV --' and (text() = '-- Search CCTV --' or . = '-- Search CCTV --')])]' is not present after '1' second(s)

09-01-2024T17:56:04 - [TEST_STEP][PASSED] - verifyElementClickable(findTestObject("Page_Playback Video/Stadium Selection Bar")): Object 'Object Repository/Page_Playback Video/Stadium Selection Bar' is clickable

09-01-2024T17:56:05 - [MESSAGE][PASSED] - Object 'Object Repository/Page_Playback Video/Stadium Selection Bar' is clickable

09-01-2024T17:56:05 - [TEST_STEP][PASSED] - click(findTestObject("Page_Playback Video/Stadium Selection Bar")): Object: 'Object Repository/Page_Playback Video/Stadium Selection Bar' is clicked on

09-01-2024T17:56:05 - [MESSAGE][PASSED] - Object: 'Object Repository/Page_Playback Video/Stadium Selection Bar' is clicked on

09-01-2024T17:56:05 - [TEST_STEP][PASSED] - sendKeys(findTestObject("Page_Playback Video/Stadium Search Field"), Keys.chord(ENTER)): Keys 'ENTER + ' sent to object: 'Object Repository/Page_Playback Video/Stadium Search Field'

09-01-2024T17:56:06 - [MESSAGE][PASSED] - Keys 'ENTER + ' sent to object: 'Object Repository/Page_Playback Video/Stadium Search Field'

09-01-2024T17:56:06 - [TEST_STEP][PASSED] - verifyElementClickable(findTestObject("Page_Playback Video/CCTV Selection Bar")): Object 'Object Repository/Page_Playback Video/CCTV Selection Bar' is clickable

09-01-2024T17:56:06 - [MESSAGE][PASSED] - Object 'Object Repository/Page_Playback Video/CCTV Selection Bar' is clickable

09-01-2024T17:56:06 - [TEST_STEP][PASSED] - click(findTestObject("Page_Playback Video/CCTV Selection Bar")): Object: 'Object Repository/Page_Playback Video/CCTV Selection Bar' is clicked on

09-01-2024T17:56:07 - [MESSAGE][PASSED] - Object: 'Object Repository/Page_Playback Video/CCTV Selection Bar' is clicked on

09-01-2024T17:56:07 - [TEST_STEP][PASSED] - sendKeys(findTestObject("Page_Playback Video/CCTV Search Field"), Keys.chord(ARROW_DOWN)): Keys 'DOWN + ' sent to object: 'Object Repository/Page_Playback Video/CCTV Search Field'

09-01-2024T17:56:07 - [MESSAGE][PASSED] - Keys 'DOWN + ' sent to object: 'Object Repository/Page_Playback Video/CCTV Search Field'

09-01-2024T17:56:07 - [TEST_STEP][PASSED] - sendKeys(findTestObject("Page_Playback Video/CCTV Search Field"), Keys.chord(ENTER)): Keys 'ENTER + ' sent to object: 'Object Repository/Page_Playback Video/CCTV Search Field'

09-01-2024T17:56:08 - [MESSAGE][PASSED] - Keys 'ENTER + ' sent to object: 'Object Repository/Page_Playback Video/CCTV Search Field'

09-01-2024T17:56:08 - [TEST_STEP][PASSED] - verifyElementClickable(findTestObject("Page_Playback Video/button_Search")): Object 'Object Repository/Page_Playback Video/button_Search' is clickable

09-01-2024T17:56:08 - [MESSAGE][PASSED] - Object 'Object Repository/Page_Playback Video/button_Search' is clickable

09-01-2024T17:56:08 - [TEST_STEP][PASSED] - click(findTestObject("Page_Playback Video/button_Search")): Object: 'Object Repository/Page_Playback Video/button_Search' is clicked on

09-01-2024T17:56:09 - [MESSAGE][PASSED] - Object: 'Object Repository/Page_Playback Video/button_Search' is clicked on

09-01-2024T17:56:09 - [TEST_STEP][PASSED] - verifyTextPresent("Size", false): Text 'Size' is present on page 

09-01-2024T17:56:15 - [MESSAGE][PASSED] - Text 'Size' is present on page 

09-01-2024T17:56:15 - [TEST_STEP][PASSED] - verifyTextPresent("Name", false): Text 'Name' is present on page 

09-01-2024T17:56:16 - [MESSAGE][PASSED] - Text 'Name' is present on page 

09-01-2024T17:56:16 - [TEST_STEP][PASSED] - verifyTextPresent("Date Time", false): Text 'Date Time' is present on page 

09-01-2024T17:56:16 - [MESSAGE][PASSED] - Text 'Date Time' is present on page 

09-01-2024T17:56:16 - [TEST_STEP][PASSED] - verifyTextPresent("Action", false): Text 'Action' is present on page 

09-01-2024T17:56:17 - [MESSAGE][PASSED] - Text 'Action' is present on page 

09-01-2024T17:56:17 - [MESSAGE][PASSED] - Call Test Case 'Test Cases/Offline PSSI Dashboard Function/Create BE Playback Video/Filter Playback Video/Positive Test Case/PSSIFilterStadiumAndCam' successfully

09-01-2024T17:56:17 - [TEST_STEP][PASSED] - navigateToUrl(baseUrl + "/playback_video/show/65273c11a21542f9826f23a6/2023-12-31T17-00-43.mp4"): Navigate to 'https://monitoring.pssi-dev.kecilin.id/playback_video/show/65273c11a21542f9826f23a6/2023-12-31T17-00-43.mp4' successfully

09-01-2024T17:56:21 - [MESSAGE][PASSED] - Navigate to 'https://monitoring.pssi-dev.kecilin.id/playback_video/show/65273c11a21542f9826f23a6/2023-12-31T17-00-43.mp4' successfully

09-01-2024T17:56:21 - [TEST_STEP][PASSED] - scrollToElement(findTestObject("Page_Playback Video/button_Search Identify"), 0): Scroll to object 'Object Repository/Page_Playback Video/button_Search Identify' successfully

09-01-2024T17:56:21 - [MESSAGE][WARNING] - Timeout '0' is invalid. Using default page load timeout: '1'

09-01-2024T17:56:21 - [MESSAGE][PASSED] - Scroll to object 'Object Repository/Page_Playback Video/button_Search Identify' successfully

09-01-2024T17:56:21 - [TEST_STEP][PASSED] - screenshot1 = takeFullPageScreenshot(): Taking screenshot successfully

09-01-2024T17:56:22 - [MESSAGE][INFO] - 0 hidden object(s)

09-01-2024T17:56:22 - [MESSAGE][PASSED] - Taking screenshot successfully
[[ATTACHMENT|C:\\Users\\USER\\git\\Kecilin-Automation-Test\\Reports\\20240109_174313\\Create BE Playback Video\\Play Video Test Suite\\20240109_174320\\1704797781743.png]]

09-01-2024T17:56:22 - [TEST_STEP][PASSED] - Thread.sleep(2500): null

09-01-2024T17:56:24 - [TEST_STEP][PASSED] - screenshot2 = takeFullPageScreenshot(): Taking screenshot successfully

09-01-2024T17:56:25 - [MESSAGE][INFO] - 0 hidden object(s)

09-01-2024T17:56:25 - [MESSAGE][PASSED] - Taking screenshot successfully
[[ATTACHMENT|C:\\Users\\USER\\git\\Kecilin-Automation-Test\\Reports\\20240109_174313\\Create BE Playback Video\\Play Video Test Suite\\20240109_174320\\1704797784984.png]]

09-01-2024T17:56:25 - [TEST_STEP][PASSED] - verifyNotEqual(screenshot1, screenshot2): Actual object '[B@643f8ebe' and expected object '[B@65013d71' are not equal

09-01-2024T17:56:25 - [MESSAGE][PASSED] - Actual object '[B@643f8ebe' and expected object '[B@65013d71' are not equal

09-01-2024T17:56:25 - [MESSAGE][PASSED] - Call Test Case 'Test Cases/Offline PSSI Dashboard Function/Create BE Playback Video/Play Video/PSSIPlayVideo' successfully

09-01-2024T17:56:25 - [TEST_STEP][PASSED] - click(findTestObject("Page_Playback Video/Video")): Object: 'Object Repository/Page_Playback Video/Video' is clicked on

09-01-2024T17:56:27 - [MESSAGE][INFO] - Unable to find the element located by 'By.xpath: id("videoPlayback_html5_api")[count(. | //video[@id = 'videoPlayback_html5_api' and @class = 'vjs-tech' and @preload = 'auto' and @data-setup = '{}' and @muted = 'muted' and @crossorigin = 'anonymous' and @tabindex = '-1' and @role = 'application' and @src = '/playback_video/stream?id=65273c11a21542f9826f23a6&filename=2024-01-08T12-26-38.mp4&url=http://192.168.229.11:9000/api/v1/recording/stadium/2024-01-08T12-26-38.mp4']) = count(//video[@id = 'videoPlayback_html5_api' and @class = 'vjs-tech' and @preload = 'auto' and @data-setup = '{}' and @muted = 'muted' and @crossorigin = 'anonymous' and @tabindex = '-1' and @role = 'application' and @src = '/playback_video/stream?id=65273c11a21542f9826f23a6&filename=2024-01-08T12-26-38.mp4&url=http://192.168.229.11:9000/api/v1/recording/stadium/2024-01-08T12-26-38.mp4'])]'. Please recheck the objects properties to make sure the desired element is located. 

09-01-2024T17:56:27 - [MESSAGE][WARNING] - [SELF-HEALING] Failed to find element with id 'Object Repository/Page_Playback Video/Video'. Try using Self-healing.

09-01-2024T17:56:28 - [MESSAGE][WARNING] - [SELF-HEALING] The current locator of test object 'Object Repository/Page_Playback Video/Video' was broken. Propose an alternative one: '//video[@id='videoPlayback_html5_api']'.

09-01-2024T17:56:28 - [MESSAGE][PASSED] - Object: 'Object Repository/Page_Playback Video/Video' is clicked on

09-01-2024T17:56:28 - [TEST_STEP][PASSED] - closeBrowser(): Browser is closed

09-01-2024T17:56:28 - [MESSAGE][PASSED] - Browser is closed]]></system-out>
         <system-err><![CDATA[]]></system-err>
      </testcase>
      <testcase name="Test Cases/Offline PSSI Dashboard Function/Create BE Playback Video/Play Video/PSSIPlaybackVideoValidate5Min" time="28.182" classname="Test Cases/Offline PSSI Dashboard Function/Create BE Playback Video/Play Video/PSSIPlaybackVideoValidate5Min" status="FAILED">
         <failure type="FAILED" message="Test Cases/Offline PSSI Dashboard Function/Create BE Playback Video/Play Video/PSSIPlaybackVideoValidate5Min FAILED.&#xa;Reason:&#xa;com.kms.katalon.core.exception.StepFailedException: Unable to verify text '-5:00' is present &#xa;	at com.kms.katalon.core.webui.keyword.internal.WebUIKeywordMain.stepFailed(WebUIKeywordMain.groovy:64)&#xa;	at com.kms.katalon.core.webui.keyword.internal.WebUIKeywordMain.runKeyword(WebUIKeywordMain.groovy:26)&#xa;	at com.kms.katalon.core.webui.keyword.builtin.VerifyTextPresentKeyword.verifyTextPresent(VerifyTextPresentKeyword.groovy:83)&#xa;	at com.kms.katalon.core.webui.keyword.builtin.VerifyTextPresentKeyword.execute(VerifyTextPresentKeyword.groovy:68)&#xa;	at com.kms.katalon.core.keyword.internal.KeywordExecutor.executeKeywordForPlatform(KeywordExecutor.groovy:74)&#xa;	at com.kms.katalon.core.webui.keyword.WebUiBuiltInKeywords.verifyTextPresent(WebUiBuiltInKeywords.groovy:1762)&#xa;	at PSSIPlaybackVideoValidate5Min.run(PSSIPlaybackVideoValidate5Min:28)&#xa;	at com.kms.katalon.core.main.ScriptEngine.run(ScriptEngine.java:194)&#xa;	at com.kms.katalon.core.main.ScriptEngine.runScriptAsRawText(ScriptEngine.java:119)&#xa;	at com.kms.katalon.core.main.TestCaseExecutor.runScript(TestCaseExecutor.java:448)&#xa;	at com.kms.katalon.core.main.TestCaseExecutor.doExecute(TestCaseExecutor.java:439)&#xa;	at com.kms.katalon.core.main.TestCaseExecutor.processExecutionPhase(TestCaseExecutor.java:418)&#xa;	at com.kms.katalon.core.main.TestCaseExecutor.accessMainPhase(TestCaseExecutor.java:410)&#xa;	at com.kms.katalon.core.main.TestCaseExecutor.execute(TestCaseExecutor.java:285)&#xa;	at com.kms.katalon.core.main.TestCaseExecutor.execute(TestCaseExecutor.java:369)&#xa;	at com.kms.katalon.core.main.TestCaseExecutor.execute(TestCaseExecutor.java:369)&#xa;	at com.kms.katalon.core.main.TestCaseExecutor.execute(TestCaseExecutor.java:369)&#xa;	at com.kms.katalon.core.common.CommonExecutor.accessTestCaseMainPhase(CommonExecutor.java:65)&#xa;	at com.kms.katalon.core.main.TestSuiteExecutor.accessTestSuiteMainPhase(TestSuiteExecutor.java:148)&#xa;	at com.kms.katalon.core.main.TestSuiteExecutor.execute(TestSuiteExecutor.java:106)&#xa;	at com.kms.katalon.core.main.TestCaseMain.startTestSuite(TestCaseMain.java:180)&#xa;	at TempTestSuite1704797000847.run(TempTestSuite1704797000847.groovy:36)&#xa;	at java.base/jdk.internal.reflect.NativeMethodAccessorImpl.invoke0(Native Method)&#xa;	at java.base/jdk.internal.reflect.NativeMethodAccessorImpl.invoke(NativeMethodAccessorImpl.java:77)&#xa;	at java.base/jdk.internal.reflect.DelegatingMethodAccessorImpl.invoke(DelegatingMethodAccessorImpl.java:43)&#xa;Caused by: com.kms.katalon.core.exception.StepFailedException: Text '-5:00' is not present on page &#xa;	at com.kms.katalon.core.webui.keyword.internal.WebUIKeywordMain.stepFailed(WebUIKeywordMain.groovy:64)&#xa;	at com.kms.katalon.core.webui.keyword.builtin.VerifyTextPresentKeyword$_verifyTextPresent_closure1.doCall(VerifyTextPresentKeyword.groovy:79)&#xa;	at com.kms.katalon.core.webui.keyword.builtin.VerifyTextPresentKeyword$_verifyTextPresent_closure1.call(VerifyTextPresentKeyword.groovy)&#xa;	at com.kms.katalon.core.webui.keyword.internal.WebUIKeywordMain.runKeyword(WebUIKeywordMain.groovy:20)&#xa;	... 23 more&#xa;"/>
         <system-out><![CDATA[09-01-2024T17:57:54 - [TEST_CASE][FAILED] - Test Cases/Offline PSSI Dashboard Function/Create BE Playback Video/Play Video/PSSIPlaybackVideoValidate5Min: Test Cases/Offline PSSI Dashboard Function/Create BE Playback Video/Play Video/PSSIPlaybackVideoValidate5Min FAILED.
Reason:
com.kms.katalon.core.exception.StepFailedException: Unable to verify text '-5:00' is present 
	at com.kms.katalon.core.webui.keyword.internal.WebUIKeywordMain.stepFailed(WebUIKeywordMain.groovy:64)
	at com.kms.katalon.core.webui.keyword.internal.WebUIKeywordMain.runKeyword(WebUIKeywordMain.groovy:26)
	at com.kms.katalon.core.webui.keyword.builtin.VerifyTextPresentKeyword.verifyTextPresent(VerifyTextPresentKeyword.groovy:83)
	at com.kms.katalon.core.webui.keyword.builtin.VerifyTextPresentKeyword.execute(VerifyTextPresentKeyword.groovy:68)
	at com.kms.katalon.core.keyword.internal.KeywordExecutor.executeKeywordForPlatform(KeywordExecutor.groovy:74)
	at com.kms.katalon.core.webui.keyword.WebUiBuiltInKeywords.verifyTextPresent(WebUiBuiltInKeywords.groovy:1762)
	at PSSIPlaybackVideoValidate5Min.run(PSSIPlaybackVideoValidate5Min:28)
	at com.kms.katalon.core.main.ScriptEngine.run(ScriptEngine.java:194)
	at com.kms.katalon.core.main.ScriptEngine.runScriptAsRawText(ScriptEngine.java:119)
	at com.kms.katalon.core.main.TestCaseExecutor.runScript(TestCaseExecutor.java:448)
	at com.kms.katalon.core.main.TestCaseExecutor.doExecute(TestCaseExecutor.java:439)
	at com.kms.katalon.core.main.TestCaseExecutor.processExecutionPhase(TestCaseExecutor.java:418)
	at com.kms.katalon.core.main.TestCaseExecutor.accessMainPhase(TestCaseExecutor.java:410)
	at com.kms.katalon.core.main.TestCaseExecutor.execute(TestCaseExecutor.java:285)
	at com.kms.katalon.core.main.TestCaseExecutor.execute(TestCaseExecutor.java:369)
	at com.kms.katalon.core.main.TestCaseExecutor.execute(TestCaseExecutor.java:369)
	at com.kms.katalon.core.main.TestCaseExecutor.execute(TestCaseExecutor.java:369)
	at com.kms.katalon.core.common.CommonExecutor.accessTestCaseMainPhase(CommonExecutor.java:65)
	at com.kms.katalon.core.main.TestSuiteExecutor.accessTestSuiteMainPhase(TestSuiteExecutor.java:148)
	at com.kms.katalon.core.main.TestSuiteExecutor.execute(TestSuiteExecutor.java:106)
	at com.kms.katalon.core.main.TestCaseMain.startTestSuite(TestCaseMain.java:180)
	at TempTestSuite1704797000847.run(TempTestSuite1704797000847.groovy:36)
	at java.base/jdk.internal.reflect.NativeMethodAccessorImpl.invoke0(Native Method)
	at java.base/jdk.internal.reflect.NativeMethodAccessorImpl.invoke(NativeMethodAccessorImpl.java:77)
	at java.base/jdk.internal.reflect.DelegatingMethodAccessorImpl.invoke(DelegatingMethodAccessorImpl.java:43)
Caused by: com.kms.katalon.core.exception.StepFailedException: Text '-5:00' is not present on page 
	at com.kms.katalon.core.webui.keyword.internal.WebUIKeywordMain.stepFailed(WebUIKeywordMain.groovy:64)
	at com.kms.katalon.core.webui.keyword.builtin.VerifyTextPresentKeyword$_verifyTextPresent_closure1.doCall(VerifyTextPresentKeyword.groovy:79)
	at com.kms.katalon.core.webui.keyword.builtin.VerifyTextPresentKeyword$_verifyTextPresent_closure1.call(VerifyTextPresentKeyword.groovy)
	at com.kms.katalon.core.webui.keyword.internal.WebUIKeywordMain.runKeyword(WebUIKeywordMain.groovy:20)
	... 23 more


09-01-2024T17:57:54 - [TEST_STEP][PASSED] - baseUrl = offline_pssi_dashboard_url: null

09-01-2024T17:57:54 - [TEST_STEP][PASSED] - callTestCase(findTestCase("Offline PSSI Dashboard Function/Create BE Playback Video/Play Video/PSSIPlayVideo"), [:]): Call Test Case 'Test Cases/Offline PSSI Dashboard Function/Create BE Playback Video/Play Video/PSSIPlayVideo' successfully

09-01-2024T17:57:54 - [TEST_CASE][PASSED] - Test Cases/Offline PSSI Dashboard Function/Create BE Playback Video/Play Video/PSSIPlayVideo: Test Cases/Offline PSSI Dashboard Function/Create BE Playback Video/Play Video/PSSIPlayVideo

09-01-2024T17:57:54 - [TEST_STEP][PASSED] - baseUrl = offline_pssi_dashboard_url: null

09-01-2024T17:57:54 - [TEST_STEP][PASSED] - callTestCase(findTestCase("Offline PSSI Dashboard Function/Create BE Playback Video/Filter Playback Video/Positive Test Case/PSSIFilterStadiumAndCam"), [:]): Call Test Case 'Test Cases/Offline PSSI Dashboard Function/Create BE Playback Video/Filter Playback Video/Positive Test Case/PSSIFilterStadiumAndCam' successfully

09-01-2024T17:57:54 - [TEST_CASE][PASSED] - Test Cases/Offline PSSI Dashboard Function/Create BE Playback Video/Filter Playback Video/Positive Test Case/PSSIFilterStadiumAndCam: Test Cases/Offline PSSI Dashboard Function/Create BE Playback Video/Filter Playback Video/Positive Test Case/PSSIFilterStadiumAndCam

09-01-2024T17:57:54 - [TEST_STEP][PASSED] - baseUrl = offline_pssi_dashboard_url: null

09-01-2024T17:57:54 - [TEST_STEP][PASSED] - callTestCase(findTestCase("Offline PSSI Dashboard Function/Create BE Playback Video/View Playback Video Data/PSSIViewPlaybackVideo"), [:]): Call Test Case 'Test Cases/Offline PSSI Dashboard Function/Create BE Playback Video/View Playback Video Data/PSSIViewPlaybackVideo' successfully

09-01-2024T17:57:54 - [TEST_CASE][PASSED] - Test Cases/Offline PSSI Dashboard Function/Create BE Playback Video/View Playback Video Data/PSSIViewPlaybackVideo: Test Cases/Offline PSSI Dashboard Function/Create BE Playback Video/View Playback Video Data/PSSIViewPlaybackVideo

09-01-2024T17:57:54 - [TEST_STEP][PASSED] - baseUrl = offline_pssi_dashboard_url: null

09-01-2024T17:57:54 - [TEST_STEP][PASSED] - callTestCase(findTestCase("Offline PSSI Dashboard Function/Sign In/PSSISignInValidData"), [:]): Call Test Case 'Test Cases/Offline PSSI Dashboard Function/Sign In/PSSISignInValidData' successfully

09-01-2024T17:57:54 - [TEST_CASE][PASSED] - Test Cases/Offline PSSI Dashboard Function/Sign In/PSSISignInValidData: Test Cases/Offline PSSI Dashboard Function/Sign In/PSSISignInValidData

09-01-2024T17:57:54 - [TEST_STEP][PASSED] - failureHandling = STOP_ON_FAILURE: null

09-01-2024T17:57:54 - [TEST_STEP][PASSED] - baseUrl = offline_pssi_dashboard_url: null

09-01-2024T17:57:54 - [TEST_STEP][PASSED] - openBrowser(""): Browser is opened with url: ''

09-01-2024T17:57:54 - [MESSAGE][WARNING] - A browser is already opened. Closing browser and opening a new one

09-01-2024T17:57:55 - [MESSAGE][INFO] - Starting 'Chrome' driver

09-01-2024T17:57:55 - [MESSAGE][INFO] - Action delay is set to 0 milliseconds

09-01-2024T17:57:56 - [MESSAGE][PASSED] - Browser is opened with url: ''

09-01-2024T17:57:56 - [TEST_STEP][PASSED] - navigateToUrl(baseUrl): Navigate to 'https://monitoring.pssi-dev.kecilin.id' successfully

09-01-2024T17:57:57 - [MESSAGE][PASSED] - Navigate to 'https://monitoring.pssi-dev.kecilin.id' successfully

09-01-2024T17:57:57 - [TEST_STEP][PASSED] - maximizeWindow(): Current window maximized

09-01-2024T17:57:57 - [MESSAGE][PASSED] - Current window maximized

09-01-2024T17:57:57 - [TEST_STEP][PASSED] - setText(findTestObject("Object Repository/Page_Login/input_email"), "superadmin@app.com"): Text 'superadmin@app.com' is set on object 'Object Repository/Page_Login/input_email'

09-01-2024T17:57:58 - [MESSAGE][PASSED] - Text 'superadmin@app.com' is set on object 'Object Repository/Page_Login/input_email'

09-01-2024T17:57:58 - [TEST_STEP][PASSED] - setEncryptedText(findTestObject("Object Repository/Page_Login/input_password"), "8SQVv/p9jVScEs4/2CZsLw=="): Text ****** has been set on object 'Object Repository/Page_Login/input_password'

09-01-2024T17:57:58 - [MESSAGE][PASSED] - Text ****** has been set on object 'Object Repository/Page_Login/input_password'

09-01-2024T17:57:58 - [TEST_STEP][PASSED] - click(findTestObject("Object Repository/Page_Login/button_Sign In")): Object: 'Object Repository/Page_Login/button_Sign In' is clicked on

09-01-2024T17:57:59 - [MESSAGE][PASSED] - Object: 'Object Repository/Page_Login/button_Sign In' is clicked on

09-01-2024T17:57:59 - [MESSAGE][PASSED] - Call Test Case 'Test Cases/Offline PSSI Dashboard Function/Sign In/PSSISignInValidData' successfully

09-01-2024T17:57:59 - [TEST_STEP][PASSED] - navigateToUrl(baseUrl + "/playback_video"): Navigate to 'https://monitoring.pssi-dev.kecilin.id/playback_video' successfully

09-01-2024T17:58:00 - [MESSAGE][PASSED] - Navigate to 'https://monitoring.pssi-dev.kecilin.id/playback_video' successfully

09-01-2024T17:58:00 - [MESSAGE][PASSED] - Call Test Case 'Test Cases/Offline PSSI Dashboard Function/Create BE Playback Video/View Playback Video Data/PSSIViewPlaybackVideo' successfully

09-01-2024T17:58:00 - [TEST_STEP][PASSED] - verifyElementNotPresent(findTestObject("Page_Playback Video/CCTV Selection Bar"), 0): Web element with id: 'Object Repository/Page_Playback Video/CCTV Selection Bar' located by 'By.xpath: id("select2-cctv-container")[count(. | //span[@class = 'select2-selection__rendered' and @id = 'select2-cctv-container' and @role = 'textbox' and @aria-readonly = 'true' and @title = '-- Search CCTV --' and (text() = '-- Search CCTV --' or . = '-- Search CCTV --')]) = count(//span[@class = 'select2-selection__rendered' and @id = 'select2-cctv-container' and @role = 'textbox' and @aria-readonly = 'true' and @title = '-- Search CCTV --' and (text() = '-- Search CCTV --' or . = '-- Search CCTV --')])]' is not present after '1' second(s)

09-01-2024T17:58:00 - [MESSAGE][WARNING] - Timeout '0' is invalid. Using default page load timeout: '1'

09-01-2024T17:58:01 - [MESSAGE][PASSED] - Web element with id: 'Object Repository/Page_Playback Video/CCTV Selection Bar' located by 'By.xpath: id("select2-cctv-container")[count(. | //span[@class = 'select2-selection__rendered' and @id = 'select2-cctv-container' and @role = 'textbox' and @aria-readonly = 'true' and @title = '-- Search CCTV --' and (text() = '-- Search CCTV --' or . = '-- Search CCTV --')]) = count(//span[@class = 'select2-selection__rendered' and @id = 'select2-cctv-container' and @role = 'textbox' and @aria-readonly = 'true' and @title = '-- Search CCTV --' and (text() = '-- Search CCTV --' or . = '-- Search CCTV --')])]' is not present after '1' second(s)

09-01-2024T17:58:01 - [TEST_STEP][PASSED] - verifyElementClickable(findTestObject("Page_Playback Video/Stadium Selection Bar")): Object 'Object Repository/Page_Playback Video/Stadium Selection Bar' is clickable

09-01-2024T17:58:02 - [MESSAGE][PASSED] - Object 'Object Repository/Page_Playback Video/Stadium Selection Bar' is clickable

09-01-2024T17:58:02 - [TEST_STEP][PASSED] - click(findTestObject("Page_Playback Video/Stadium Selection Bar")): Object: 'Object Repository/Page_Playback Video/Stadium Selection Bar' is clicked on

09-01-2024T17:58:02 - [MESSAGE][PASSED] - Object: 'Object Repository/Page_Playback Video/Stadium Selection Bar' is clicked on

09-01-2024T17:58:02 - [TEST_STEP][PASSED] - sendKeys(findTestObject("Page_Playback Video/Stadium Search Field"), Keys.chord(ENTER)): Keys 'ENTER + ' sent to object: 'Object Repository/Page_Playback Video/Stadium Search Field'

09-01-2024T17:58:03 - [MESSAGE][PASSED] - Keys 'ENTER + ' sent to object: 'Object Repository/Page_Playback Video/Stadium Search Field'

09-01-2024T17:58:03 - [TEST_STEP][PASSED] - verifyElementClickable(findTestObject("Page_Playback Video/CCTV Selection Bar")): Object 'Object Repository/Page_Playback Video/CCTV Selection Bar' is clickable

09-01-2024T17:58:03 - [MESSAGE][PASSED] - Object 'Object Repository/Page_Playback Video/CCTV Selection Bar' is clickable

09-01-2024T17:58:03 - [TEST_STEP][PASSED] - click(findTestObject("Page_Playback Video/CCTV Selection Bar")): Object: 'Object Repository/Page_Playback Video/CCTV Selection Bar' is clicked on

09-01-2024T17:58:04 - [MESSAGE][PASSED] - Object: 'Object Repository/Page_Playback Video/CCTV Selection Bar' is clicked on

09-01-2024T17:58:04 - [TEST_STEP][PASSED] - sendKeys(findTestObject("Page_Playback Video/CCTV Search Field"), Keys.chord(ARROW_DOWN)): Keys 'DOWN + ' sent to object: 'Object Repository/Page_Playback Video/CCTV Search Field'

09-01-2024T17:58:04 - [MESSAGE][PASSED] - Keys 'DOWN + ' sent to object: 'Object Repository/Page_Playback Video/CCTV Search Field'

09-01-2024T17:58:04 - [TEST_STEP][PASSED] - sendKeys(findTestObject("Page_Playback Video/CCTV Search Field"), Keys.chord(ENTER)): Keys 'ENTER + ' sent to object: 'Object Repository/Page_Playback Video/CCTV Search Field'

09-01-2024T17:58:05 - [MESSAGE][PASSED] - Keys 'ENTER + ' sent to object: 'Object Repository/Page_Playback Video/CCTV Search Field'

09-01-2024T17:58:05 - [TEST_STEP][PASSED] - verifyElementClickable(findTestObject("Page_Playback Video/button_Search")): Object 'Object Repository/Page_Playback Video/button_Search' is clickable

09-01-2024T17:58:05 - [MESSAGE][PASSED] - Object 'Object Repository/Page_Playback Video/button_Search' is clickable

09-01-2024T17:58:05 - [TEST_STEP][PASSED] - click(findTestObject("Page_Playback Video/button_Search")): Object: 'Object Repository/Page_Playback Video/button_Search' is clicked on

09-01-2024T17:58:05 - [MESSAGE][PASSED] - Object: 'Object Repository/Page_Playback Video/button_Search' is clicked on

09-01-2024T17:58:05 - [TEST_STEP][PASSED] - verifyTextPresent("Size", false): Text 'Size' is present on page 

09-01-2024T17:58:12 - [MESSAGE][PASSED] - Text 'Size' is present on page 

09-01-2024T17:58:12 - [TEST_STEP][PASSED] - verifyTextPresent("Name", false): Text 'Name' is present on page 

09-01-2024T17:58:13 - [MESSAGE][PASSED] - Text 'Name' is present on page 

09-01-2024T17:58:13 - [TEST_STEP][PASSED] - verifyTextPresent("Date Time", false): Text 'Date Time' is present on page 

09-01-2024T17:58:13 - [MESSAGE][PASSED] - Text 'Date Time' is present on page 

09-01-2024T17:58:13 - [TEST_STEP][PASSED] - verifyTextPresent("Action", false): Text 'Action' is present on page 

09-01-2024T17:58:13 - [MESSAGE][PASSED] - Text 'Action' is present on page 

09-01-2024T17:58:13 - [MESSAGE][PASSED] - Call Test Case 'Test Cases/Offline PSSI Dashboard Function/Create BE Playback Video/Filter Playback Video/Positive Test Case/PSSIFilterStadiumAndCam' successfully

09-01-2024T17:58:13 - [TEST_STEP][PASSED] - navigateToUrl(baseUrl + "/playback_video/show/65273c11a21542f9826f23a6/2023-12-31T17-00-43.mp4"): Navigate to 'https://monitoring.pssi-dev.kecilin.id/playback_video/show/65273c11a21542f9826f23a6/2023-12-31T17-00-43.mp4' successfully

09-01-2024T17:58:18 - [MESSAGE][PASSED] - Navigate to 'https://monitoring.pssi-dev.kecilin.id/playback_video/show/65273c11a21542f9826f23a6/2023-12-31T17-00-43.mp4' successfully

09-01-2024T17:58:18 - [TEST_STEP][PASSED] - scrollToElement(findTestObject("Page_Playback Video/button_Search Identify"), 0): Scroll to object 'Object Repository/Page_Playback Video/button_Search Identify' successfully

09-01-2024T17:58:18 - [MESSAGE][WARNING] - Timeout '0' is invalid. Using default page load timeout: '1'

09-01-2024T17:58:18 - [MESSAGE][PASSED] - Scroll to object 'Object Repository/Page_Playback Video/button_Search Identify' successfully

09-01-2024T17:58:18 - [TEST_STEP][PASSED] - screenshot1 = takeFullPageScreenshot(): Taking screenshot successfully

09-01-2024T17:58:19 - [MESSAGE][INFO] - 0 hidden object(s)

09-01-2024T17:58:19 - [MESSAGE][PASSED] - Taking screenshot successfully
[[ATTACHMENT|C:\\Users\\USER\\git\\Kecilin-Automation-Test\\Reports\\20240109_174313\\Create BE Playback Video\\Play Video Test Suite\\20240109_174320\\1704797898405.png]]

09-01-2024T17:58:19 - [TEST_STEP][PASSED] - Thread.sleep(2500): null

09-01-2024T17:58:21 - [TEST_STEP][PASSED] - screenshot2 = takeFullPageScreenshot(): Taking screenshot successfully

09-01-2024T17:58:22 - [MESSAGE][INFO] - 0 hidden object(s)

09-01-2024T17:58:22 - [MESSAGE][PASSED] - Taking screenshot successfully
[[ATTACHMENT|C:\\Users\\USER\\git\\Kecilin-Automation-Test\\Reports\\20240109_174313\\Create BE Playback Video\\Play Video Test Suite\\20240109_174320\\1704797901638.png]]

09-01-2024T17:58:22 - [TEST_STEP][PASSED] - verifyNotEqual(screenshot1, screenshot2): Actual object '[B@5de7948a' and expected object '[B@4d45ec8c' are not equal

09-01-2024T17:58:22 - [MESSAGE][PASSED] - Actual object '[B@5de7948a' and expected object '[B@4d45ec8c' are not equal

09-01-2024T17:58:22 - [MESSAGE][PASSED] - Call Test Case 'Test Cases/Offline PSSI Dashboard Function/Create BE Playback Video/Play Video/PSSIPlayVideo' successfully

09-01-2024T17:58:22 - [TEST_STEP][FAILED] - verifyTextPresent("-5:00", false): Unable to verify text '-5:00' is present  (Root cause: com.kms.katalon.core.exception.StepFailedException: Unable to verify text '-5:00' is present 
	at com.kms.katalon.core.webui.keyword.internal.WebUIKeywordMain.stepFailed(WebUIKeywordMain.groovy:64)
	at com.kms.katalon.core.webui.keyword.internal.WebUIKeywordMain.runKeyword(WebUIKeywordMain.groovy:26)
	at com.kms.katalon.core.webui.keyword.builtin.VerifyTextPresentKeyword.verifyTextPresent(VerifyTextPresentKeyword.groovy:83)
	at com.kms.katalon.core.webui.keyword.builtin.VerifyTextPresentKeyword.execute(VerifyTextPresentKeyword.groovy:68)
	at com.kms.katalon.core.keyword.internal.KeywordExecutor.executeKeywordForPlatform(KeywordExecutor.groovy:74)
	at com.kms.katalon.core.webui.keyword.WebUiBuiltInKeywords.verifyTextPresent(WebUiBuiltInKeywords.groovy:1762)
	at PSSIPlaybackVideoValidate5Min.run(PSSIPlaybackVideoValidate5Min:28)
	at com.kms.katalon.core.main.ScriptEngine.run(ScriptEngine.java:194)
	at com.kms.katalon.core.main.ScriptEngine.runScriptAsRawText(ScriptEngine.java:119)
	at com.kms.katalon.core.main.TestCaseExecutor.runScript(TestCaseExecutor.java:448)
	at com.kms.katalon.core.main.TestCaseExecutor.doExecute(TestCaseExecutor.java:439)
	at com.kms.katalon.core.main.TestCaseExecutor.processExecutionPhase(TestCaseExecutor.java:418)
	at com.kms.katalon.core.main.TestCaseExecutor.accessMainPhase(TestCaseExecutor.java:410)
	at com.kms.katalon.core.main.TestCaseExecutor.execute(TestCaseExecutor.java:285)
	at com.kms.katalon.core.main.TestCaseExecutor.execute(TestCaseExecutor.java:369)
	at com.kms.katalon.core.main.TestCaseExecutor.execute(TestCaseExecutor.java:369)
	at com.kms.katalon.core.main.TestCaseExecutor.execute(TestCaseExecutor.java:369)
	at com.kms.katalon.core.common.CommonExecutor.accessTestCaseMainPhase(CommonExecutor.java:65)
	at com.kms.katalon.core.main.TestSuiteExecutor.accessTestSuiteMainPhase(TestSuiteExecutor.java:148)
	at com.kms.katalon.core.main.TestSuiteExecutor.execute(TestSuiteExecutor.java:106)
	at com.kms.katalon.core.main.TestCaseMain.startTestSuite(TestCaseMain.java:180)
	at TempTestSuite1704797000847.run(TempTestSuite1704797000847.groovy:36)
	at java.base/jdk.internal.reflect.NativeMethodAccessorImpl.invoke0(Native Method)
	at java.base/jdk.internal.reflect.NativeMethodAccessorImpl.invoke(NativeMethodAccessorImpl.java:77)
	at java.base/jdk.internal.reflect.DelegatingMethodAccessorImpl.invoke(DelegatingMethodAccessorImpl.java:43)
Caused by: com.kms.katalon.core.exception.StepFailedException: Text '-5:00' is not present on page 
	at com.kms.katalon.core.webui.keyword.internal.WebUIKeywordMain.stepFailed(WebUIKeywordMain.groovy:64)
	at com.kms.katalon.core.webui.keyword.builtin.VerifyTextPresentKeyword$_verifyTextPresent_closure1.doCall(VerifyTextPresentKeyword.groovy:79)
	at com.kms.katalon.core.webui.keyword.builtin.VerifyTextPresentKeyword$_verifyTextPresent_closure1.call(VerifyTextPresentKeyword.groovy)
	at com.kms.katalon.core.webui.keyword.internal.WebUIKeywordMain.runKeyword(WebUIKeywordMain.groovy:20)
	... 23 more
)

09-01-2024T17:58:22 - [MESSAGE][FAILED] - Text '-5:00' is not present on page  (Root cause: com.kms.katalon.core.exception.StepFailedException: Text '-5:00' is not present on page 
	at com.kms.katalon.core.webui.keyword.internal.WebUIKeywordMain.stepFailed(WebUIKeywordMain.groovy:64)
	at com.kms.katalon.core.webui.keyword.builtin.VerifyTextPresentKeyword$_verifyTextPresent_closure1.doCall(VerifyTextPresentKeyword.groovy:79)
	at com.kms.katalon.core.webui.keyword.builtin.VerifyTextPresentKeyword$_verifyTextPresent_closure1.call(VerifyTextPresentKeyword.groovy)
	at com.kms.katalon.core.webui.keyword.internal.WebUIKeywordMain.runKeyword(WebUIKeywordMain.groovy:20)
	at com.kms.katalon.core.webui.keyword.builtin.VerifyTextPresentKeyword.verifyTextPresent(VerifyTextPresentKeyword.groovy:83)
	at com.kms.katalon.core.webui.keyword.builtin.VerifyTextPresentKeyword.execute(VerifyTextPresentKeyword.groovy:68)
	at com.kms.katalon.core.keyword.internal.KeywordExecutor.executeKeywordForPlatform(KeywordExecutor.groovy:74)
	at com.kms.katalon.core.webui.keyword.WebUiBuiltInKeywords.verifyTextPresent(WebUiBuiltInKeywords.groovy:1762)
	at PSSIPlaybackVideoValidate5Min.run(PSSIPlaybackVideoValidate5Min:28)
	at com.kms.katalon.core.main.ScriptEngine.run(ScriptEngine.java:194)
	at com.kms.katalon.core.main.ScriptEngine.runScriptAsRawText(ScriptEngine.java:119)
	at com.kms.katalon.core.main.TestCaseExecutor.runScript(TestCaseExecutor.java:448)
	at com.kms.katalon.core.main.TestCaseExecutor.doExecute(TestCaseExecutor.java:439)
	at com.kms.katalon.core.main.TestCaseExecutor.processExecutionPhase(TestCaseExecutor.java:418)
	at com.kms.katalon.core.main.TestCaseExecutor.accessMainPhase(TestCaseExecutor.java:410)
	at com.kms.katalon.core.main.TestCaseExecutor.execute(TestCaseExecutor.java:285)
	at com.kms.katalon.core.main.TestCaseExecutor.execute(TestCaseExecutor.java:369)
	at com.kms.katalon.core.main.TestCaseExecutor.execute(TestCaseExecutor.java:369)
	at com.kms.katalon.core.main.TestCaseExecutor.execute(TestCaseExecutor.java:369)
	at com.kms.katalon.core.common.CommonExecutor.accessTestCaseMainPhase(CommonExecutor.java:65)
	at com.kms.katalon.core.main.TestSuiteExecutor.accessTestSuiteMainPhase(TestSuiteExecutor.java:148)
	at com.kms.katalon.core.main.TestSuiteExecutor.execute(TestSuiteExecutor.java:106)
	at com.kms.katalon.core.main.TestCaseMain.startTestSuite(TestCaseMain.java:180)
	at TempTestSuite1704797000847.run(TempTestSuite1704797000847.groovy:36)
	at java.base/jdk.internal.reflect.NativeMethodAccessorImpl.invoke0(Native Method)
	at java.base/jdk.internal.reflect.NativeMethodAccessorImpl.invoke(NativeMethodAccessorImpl.java:77)
	at java.base/jdk.internal.reflect.DelegatingMethodAccessorImpl.invoke(DelegatingMethodAccessorImpl.java:43)
)

09-01-2024T17:58:22 - [MESSAGE][FAILED] - Unable to verify text '-5:00' is present  (Root cause: com.kms.katalon.core.exception.StepFailedException: Unable to verify text '-5:00' is present 
	at com.kms.katalon.core.webui.keyword.internal.WebUIKeywordMain.stepFailed(WebUIKeywordMain.groovy:64)
	at com.kms.katalon.core.webui.keyword.internal.WebUIKeywordMain.runKeyword(WebUIKeywordMain.groovy:26)
	at com.kms.katalon.core.webui.keyword.builtin.VerifyTextPresentKeyword.verifyTextPresent(VerifyTextPresentKeyword.groovy:83)
	at com.kms.katalon.core.webui.keyword.builtin.VerifyTextPresentKeyword.execute(VerifyTextPresentKeyword.groovy:68)
	at com.kms.katalon.core.keyword.internal.KeywordExecutor.executeKeywordForPlatform(KeywordExecutor.groovy:74)
	at com.kms.katalon.core.webui.keyword.WebUiBuiltInKeywords.verifyTextPresent(WebUiBuiltInKeywords.groovy:1762)
	at PSSIPlaybackVideoValidate5Min.run(PSSIPlaybackVideoValidate5Min:28)
	at com.kms.katalon.core.main.ScriptEngine.run(ScriptEngine.java:194)
	at com.kms.katalon.core.main.ScriptEngine.runScriptAsRawText(ScriptEngine.java:119)
	at com.kms.katalon.core.main.TestCaseExecutor.runScript(TestCaseExecutor.java:448)
	at com.kms.katalon.core.main.TestCaseExecutor.doExecute(TestCaseExecutor.java:439)
	at com.kms.katalon.core.main.TestCaseExecutor.processExecutionPhase(TestCaseExecutor.java:418)
	at com.kms.katalon.core.main.TestCaseExecutor.accessMainPhase(TestCaseExecutor.java:410)
	at com.kms.katalon.core.main.TestCaseExecutor.execute(TestCaseExecutor.java:285)
	at com.kms.katalon.core.main.TestCaseExecutor.execute(TestCaseExecutor.java:369)
	at com.kms.katalon.core.main.TestCaseExecutor.execute(TestCaseExecutor.java:369)
	at com.kms.katalon.core.main.TestCaseExecutor.execute(TestCaseExecutor.java:369)
	at com.kms.katalon.core.common.CommonExecutor.accessTestCaseMainPhase(CommonExecutor.java:65)
	at com.kms.katalon.core.main.TestSuiteExecutor.accessTestSuiteMainPhase(TestSuiteExecutor.java:148)
	at com.kms.katalon.core.main.TestSuiteExecutor.execute(TestSuiteExecutor.java:106)
	at com.kms.katalon.core.main.TestCaseMain.startTestSuite(TestCaseMain.java:180)
	at TempTestSuite1704797000847.run(TempTestSuite1704797000847.groovy:36)
	at java.base/jdk.internal.reflect.NativeMethodAccessorImpl.invoke0(Native Method)
	at java.base/jdk.internal.reflect.NativeMethodAccessorImpl.invoke(NativeMethodAccessorImpl.java:77)
	at java.base/jdk.internal.reflect.DelegatingMethodAccessorImpl.invoke(DelegatingMethodAccessorImpl.java:43)
Caused by: com.kms.katalon.core.exception.StepFailedException: Text '-5:00' is not present on page 
	at com.kms.katalon.core.webui.keyword.internal.WebUIKeywordMain.stepFailed(WebUIKeywordMain.groovy:64)
	at com.kms.katalon.core.webui.keyword.builtin.VerifyTextPresentKeyword$_verifyTextPresent_closure1.doCall(VerifyTextPresentKeyword.groovy:79)
	at com.kms.katalon.core.webui.keyword.builtin.VerifyTextPresentKeyword$_verifyTextPresent_closure1.call(VerifyTextPresentKeyword.groovy)
	at com.kms.katalon.core.webui.keyword.internal.WebUIKeywordMain.runKeyword(WebUIKeywordMain.groovy:20)
	... 23 more
)
[[ATTACHMENT|C:\\Users\\USER\\git\\Kecilin-Automation-Test\\Reports\\20240109_174313\\Create BE Playback Video\\Play Video Test Suite\\20240109_174320\\1704797902632.png]]]]></system-out>
         <system-err><![CDATA[09-01-2024T17:57:54 - [TEST_CASE][FAILED] - Test Cases/Offline PSSI Dashboard Function/Create BE Playback Video/Play Video/PSSIPlaybackVideoValidate5Min: Test Cases/Offline PSSI Dashboard Function/Create BE Playback Video/Play Video/PSSIPlaybackVideoValidate5Min FAILED.
Reason:
com.kms.katalon.core.exception.StepFailedException: Unable to verify text '-5:00' is present 
	at com.kms.katalon.core.webui.keyword.internal.WebUIKeywordMain.stepFailed(WebUIKeywordMain.groovy:64)
	at com.kms.katalon.core.webui.keyword.internal.WebUIKeywordMain.runKeyword(WebUIKeywordMain.groovy:26)
	at com.kms.katalon.core.webui.keyword.builtin.VerifyTextPresentKeyword.verifyTextPresent(VerifyTextPresentKeyword.groovy:83)
	at com.kms.katalon.core.webui.keyword.builtin.VerifyTextPresentKeyword.execute(VerifyTextPresentKeyword.groovy:68)
	at com.kms.katalon.core.keyword.internal.KeywordExecutor.executeKeywordForPlatform(KeywordExecutor.groovy:74)
	at com.kms.katalon.core.webui.keyword.WebUiBuiltInKeywords.verifyTextPresent(WebUiBuiltInKeywords.groovy:1762)
	at PSSIPlaybackVideoValidate5Min.run(PSSIPlaybackVideoValidate5Min:28)
	at com.kms.katalon.core.main.ScriptEngine.run(ScriptEngine.java:194)
	at com.kms.katalon.core.main.ScriptEngine.runScriptAsRawText(ScriptEngine.java:119)
	at com.kms.katalon.core.main.TestCaseExecutor.runScript(TestCaseExecutor.java:448)
	at com.kms.katalon.core.main.TestCaseExecutor.doExecute(TestCaseExecutor.java:439)
	at com.kms.katalon.core.main.TestCaseExecutor.processExecutionPhase(TestCaseExecutor.java:418)
	at com.kms.katalon.core.main.TestCaseExecutor.accessMainPhase(TestCaseExecutor.java:410)
	at com.kms.katalon.core.main.TestCaseExecutor.execute(TestCaseExecutor.java:285)
	at com.kms.katalon.core.main.TestCaseExecutor.execute(TestCaseExecutor.java:369)
	at com.kms.katalon.core.main.TestCaseExecutor.execute(TestCaseExecutor.java:369)
	at com.kms.katalon.core.main.TestCaseExecutor.execute(TestCaseExecutor.java:369)
	at com.kms.katalon.core.common.CommonExecutor.accessTestCaseMainPhase(CommonExecutor.java:65)
	at com.kms.katalon.core.main.TestSuiteExecutor.accessTestSuiteMainPhase(TestSuiteExecutor.java:148)
	at com.kms.katalon.core.main.TestSuiteExecutor.execute(TestSuiteExecutor.java:106)
	at com.kms.katalon.core.main.TestCaseMain.startTestSuite(TestCaseMain.java:180)
	at TempTestSuite1704797000847.run(TempTestSuite1704797000847.groovy:36)
	at java.base/jdk.internal.reflect.NativeMethodAccessorImpl.invoke0(Native Method)
	at java.base/jdk.internal.reflect.NativeMethodAccessorImpl.invoke(NativeMethodAccessorImpl.java:77)
	at java.base/jdk.internal.reflect.DelegatingMethodAccessorImpl.invoke(DelegatingMethodAccessorImpl.java:43)
Caused by: com.kms.katalon.core.exception.StepFailedException: Text '-5:00' is not present on page 
	at com.kms.katalon.core.webui.keyword.internal.WebUIKeywordMain.stepFailed(WebUIKeywordMain.groovy:64)
	at com.kms.katalon.core.webui.keyword.builtin.VerifyTextPresentKeyword$_verifyTextPresent_closure1.doCall(VerifyTextPresentKeyword.groovy:79)
	at com.kms.katalon.core.webui.keyword.builtin.VerifyTextPresentKeyword$_verifyTextPresent_closure1.call(VerifyTextPresentKeyword.groovy)
	at com.kms.katalon.core.webui.keyword.internal.WebUIKeywordMain.runKeyword(WebUIKeywordMain.groovy:20)
	... 23 more]]></system-err>
      </testcase>
      <testcase name="Test Cases/Offline PSSI Dashboard Function/Create BE Playback Video/Play Video/PSSIPlayVideo" time="28.338" classname="Test Cases/Offline PSSI Dashboard Function/Create BE Playback Video/Play Video/PSSIPlayVideo" status="PASSED">
         <system-out><![CDATA[09-01-2024T17:58:22 - [TEST_CASE][PASSED] - Test Cases/Offline PSSI Dashboard Function/Create BE Playback Video/Play Video/PSSIPlayVideo: Test Cases/Offline PSSI Dashboard Function/Create BE Playback Video/Play Video/PSSIPlayVideo

09-01-2024T17:58:22 - [TEST_STEP][PASSED] - baseUrl = offline_pssi_dashboard_url: null

09-01-2024T17:58:22 - [TEST_STEP][PASSED] - callTestCase(findTestCase("Offline PSSI Dashboard Function/Create BE Playback Video/Filter Playback Video/Positive Test Case/PSSIFilterStadiumAndCam"), [:]): Call Test Case 'Test Cases/Offline PSSI Dashboard Function/Create BE Playback Video/Filter Playback Video/Positive Test Case/PSSIFilterStadiumAndCam' successfully

09-01-2024T17:58:22 - [TEST_CASE][PASSED] - Test Cases/Offline PSSI Dashboard Function/Create BE Playback Video/Filter Playback Video/Positive Test Case/PSSIFilterStadiumAndCam: Test Cases/Offline PSSI Dashboard Function/Create BE Playback Video/Filter Playback Video/Positive Test Case/PSSIFilterStadiumAndCam

09-01-2024T17:58:22 - [TEST_STEP][PASSED] - baseUrl = offline_pssi_dashboard_url: null

09-01-2024T17:58:22 - [TEST_STEP][PASSED] - callTestCase(findTestCase("Offline PSSI Dashboard Function/Create BE Playback Video/View Playback Video Data/PSSIViewPlaybackVideo"), [:]): Call Test Case 'Test Cases/Offline PSSI Dashboard Function/Create BE Playback Video/View Playback Video Data/PSSIViewPlaybackVideo' successfully

09-01-2024T17:58:22 - [TEST_CASE][PASSED] - Test Cases/Offline PSSI Dashboard Function/Create BE Playback Video/View Playback Video Data/PSSIViewPlaybackVideo: Test Cases/Offline PSSI Dashboard Function/Create BE Playback Video/View Playback Video Data/PSSIViewPlaybackVideo

09-01-2024T17:58:22 - [TEST_STEP][PASSED] - baseUrl = offline_pssi_dashboard_url: null

09-01-2024T17:58:22 - [TEST_STEP][PASSED] - callTestCase(findTestCase("Offline PSSI Dashboard Function/Sign In/PSSISignInValidData"), [:]): Call Test Case 'Test Cases/Offline PSSI Dashboard Function/Sign In/PSSISignInValidData' successfully

09-01-2024T17:58:23 - [TEST_CASE][PASSED] - Test Cases/Offline PSSI Dashboard Function/Sign In/PSSISignInValidData: Test Cases/Offline PSSI Dashboard Function/Sign In/PSSISignInValidData

09-01-2024T17:58:23 - [TEST_STEP][PASSED] - failureHandling = STOP_ON_FAILURE: null

09-01-2024T17:58:23 - [TEST_STEP][PASSED] - baseUrl = offline_pssi_dashboard_url: null

09-01-2024T17:58:23 - [TEST_STEP][PASSED] - openBrowser(""): Browser is opened with url: ''

09-01-2024T17:58:23 - [MESSAGE][WARNING] - A browser is already opened. Closing browser and opening a new one

09-01-2024T17:58:23 - [MESSAGE][INFO] - Starting 'Chrome' driver

09-01-2024T17:58:23 - [MESSAGE][INFO] - Action delay is set to 0 milliseconds

09-01-2024T17:58:24 - [MESSAGE][PASSED] - Browser is opened with url: ''

09-01-2024T17:58:24 - [TEST_STEP][PASSED] - navigateToUrl(baseUrl): Navigate to 'https://monitoring.pssi-dev.kecilin.id' successfully

09-01-2024T17:58:25 - [MESSAGE][PASSED] - Navigate to 'https://monitoring.pssi-dev.kecilin.id' successfully

09-01-2024T17:58:25 - [TEST_STEP][PASSED] - maximizeWindow(): Current window maximized

09-01-2024T17:58:25 - [MESSAGE][PASSED] - Current window maximized

09-01-2024T17:58:25 - [TEST_STEP][PASSED] - setText(findTestObject("Object Repository/Page_Login/input_email"), "superadmin@app.com"): Text 'superadmin@app.com' is set on object 'Object Repository/Page_Login/input_email'

09-01-2024T17:58:26 - [MESSAGE][PASSED] - Text 'superadmin@app.com' is set on object 'Object Repository/Page_Login/input_email'

09-01-2024T17:58:26 - [TEST_STEP][PASSED] - setEncryptedText(findTestObject("Object Repository/Page_Login/input_password"), "8SQVv/p9jVScEs4/2CZsLw=="): Text ****** has been set on object 'Object Repository/Page_Login/input_password'

09-01-2024T17:58:27 - [MESSAGE][PASSED] - Text ****** has been set on object 'Object Repository/Page_Login/input_password'

09-01-2024T17:58:27 - [TEST_STEP][PASSED] - click(findTestObject("Object Repository/Page_Login/button_Sign In")): Object: 'Object Repository/Page_Login/button_Sign In' is clicked on

09-01-2024T17:58:29 - [MESSAGE][PASSED] - Object: 'Object Repository/Page_Login/button_Sign In' is clicked on

09-01-2024T17:58:29 - [MESSAGE][PASSED] - Call Test Case 'Test Cases/Offline PSSI Dashboard Function/Sign In/PSSISignInValidData' successfully

09-01-2024T17:58:29 - [TEST_STEP][PASSED] - navigateToUrl(baseUrl + "/playback_video"): Navigate to 'https://monitoring.pssi-dev.kecilin.id/playback_video' successfully

09-01-2024T17:58:29 - [MESSAGE][PASSED] - Navigate to 'https://monitoring.pssi-dev.kecilin.id/playback_video' successfully

09-01-2024T17:58:29 - [MESSAGE][PASSED] - Call Test Case 'Test Cases/Offline PSSI Dashboard Function/Create BE Playback Video/View Playback Video Data/PSSIViewPlaybackVideo' successfully

09-01-2024T17:58:29 - [TEST_STEP][PASSED] - verifyElementNotPresent(findTestObject("Page_Playback Video/CCTV Selection Bar"), 0): Web element with id: 'Object Repository/Page_Playback Video/CCTV Selection Bar' located by 'By.xpath: id("select2-cctv-container")[count(. | //span[@class = 'select2-selection__rendered' and @id = 'select2-cctv-container' and @role = 'textbox' and @aria-readonly = 'true' and @title = '-- Search CCTV --' and (text() = '-- Search CCTV --' or . = '-- Search CCTV --')]) = count(//span[@class = 'select2-selection__rendered' and @id = 'select2-cctv-container' and @role = 'textbox' and @aria-readonly = 'true' and @title = '-- Search CCTV --' and (text() = '-- Search CCTV --' or . = '-- Search CCTV --')])]' is not present after '1' second(s)

09-01-2024T17:58:29 - [MESSAGE][WARNING] - Timeout '0' is invalid. Using default page load timeout: '1'

09-01-2024T17:58:30 - [MESSAGE][PASSED] - Web element with id: 'Object Repository/Page_Playback Video/CCTV Selection Bar' located by 'By.xpath: id("select2-cctv-container")[count(. | //span[@class = 'select2-selection__rendered' and @id = 'select2-cctv-container' and @role = 'textbox' and @aria-readonly = 'true' and @title = '-- Search CCTV --' and (text() = '-- Search CCTV --' or . = '-- Search CCTV --')]) = count(//span[@class = 'select2-selection__rendered' and @id = 'select2-cctv-container' and @role = 'textbox' and @aria-readonly = 'true' and @title = '-- Search CCTV --' and (text() = '-- Search CCTV --' or . = '-- Search CCTV --')])]' is not present after '1' second(s)

09-01-2024T17:58:30 - [TEST_STEP][PASSED] - verifyElementClickable(findTestObject("Page_Playback Video/Stadium Selection Bar")): Object 'Object Repository/Page_Playback Video/Stadium Selection Bar' is clickable

09-01-2024T17:58:30 - [MESSAGE][PASSED] - Object 'Object Repository/Page_Playback Video/Stadium Selection Bar' is clickable

09-01-2024T17:58:30 - [TEST_STEP][PASSED] - click(findTestObject("Page_Playback Video/Stadium Selection Bar")): Object: 'Object Repository/Page_Playback Video/Stadium Selection Bar' is clicked on

09-01-2024T17:58:31 - [MESSAGE][PASSED] - Object: 'Object Repository/Page_Playback Video/Stadium Selection Bar' is clicked on

09-01-2024T17:58:31 - [TEST_STEP][PASSED] - sendKeys(findTestObject("Page_Playback Video/Stadium Search Field"), Keys.chord(ENTER)): Keys 'ENTER + ' sent to object: 'Object Repository/Page_Playback Video/Stadium Search Field'

09-01-2024T17:58:31 - [MESSAGE][PASSED] - Keys 'ENTER + ' sent to object: 'Object Repository/Page_Playback Video/Stadium Search Field'

09-01-2024T17:58:31 - [TEST_STEP][PASSED] - verifyElementClickable(findTestObject("Page_Playback Video/CCTV Selection Bar")): Object 'Object Repository/Page_Playback Video/CCTV Selection Bar' is clickable

09-01-2024T17:58:32 - [MESSAGE][PASSED] - Object 'Object Repository/Page_Playback Video/CCTV Selection Bar' is clickable

09-01-2024T17:58:32 - [TEST_STEP][PASSED] - click(findTestObject("Page_Playback Video/CCTV Selection Bar")): Object: 'Object Repository/Page_Playback Video/CCTV Selection Bar' is clicked on

09-01-2024T17:58:32 - [MESSAGE][PASSED] - Object: 'Object Repository/Page_Playback Video/CCTV Selection Bar' is clicked on

09-01-2024T17:58:32 - [TEST_STEP][PASSED] - sendKeys(findTestObject("Page_Playback Video/CCTV Search Field"), Keys.chord(ARROW_DOWN)): Keys 'DOWN + ' sent to object: 'Object Repository/Page_Playback Video/CCTV Search Field'

09-01-2024T17:58:33 - [MESSAGE][PASSED] - Keys 'DOWN + ' sent to object: 'Object Repository/Page_Playback Video/CCTV Search Field'

09-01-2024T17:58:33 - [TEST_STEP][PASSED] - sendKeys(findTestObject("Page_Playback Video/CCTV Search Field"), Keys.chord(ENTER)): Keys 'ENTER + ' sent to object: 'Object Repository/Page_Playback Video/CCTV Search Field'

09-01-2024T17:58:33 - [MESSAGE][PASSED] - Keys 'ENTER + ' sent to object: 'Object Repository/Page_Playback Video/CCTV Search Field'

09-01-2024T17:58:33 - [TEST_STEP][PASSED] - verifyElementClickable(findTestObject("Page_Playback Video/button_Search")): Object 'Object Repository/Page_Playback Video/button_Search' is clickable

09-01-2024T17:58:33 - [MESSAGE][PASSED] - Object 'Object Repository/Page_Playback Video/button_Search' is clickable

09-01-2024T17:58:33 - [TEST_STEP][PASSED] - click(findTestObject("Page_Playback Video/button_Search")): Object: 'Object Repository/Page_Playback Video/button_Search' is clicked on

09-01-2024T17:58:34 - [MESSAGE][PASSED] - Object: 'Object Repository/Page_Playback Video/button_Search' is clicked on

09-01-2024T17:58:34 - [TEST_STEP][PASSED] - verifyTextPresent("Size", false): Text 'Size' is present on page 

09-01-2024T17:58:41 - [MESSAGE][PASSED] - Text 'Size' is present on page 

09-01-2024T17:58:41 - [TEST_STEP][PASSED] - verifyTextPresent("Name", false): Text 'Name' is present on page 

09-01-2024T17:58:41 - [MESSAGE][PASSED] - Text 'Name' is present on page 

09-01-2024T17:58:41 - [TEST_STEP][PASSED] - verifyTextPresent("Date Time", false): Text 'Date Time' is present on page 

09-01-2024T17:58:41 - [MESSAGE][PASSED] - Text 'Date Time' is present on page 

09-01-2024T17:58:41 - [TEST_STEP][PASSED] - verifyTextPresent("Action", false): Text 'Action' is present on page 

09-01-2024T17:58:42 - [MESSAGE][PASSED] - Text 'Action' is present on page 

09-01-2024T17:58:42 - [MESSAGE][PASSED] - Call Test Case 'Test Cases/Offline PSSI Dashboard Function/Create BE Playback Video/Filter Playback Video/Positive Test Case/PSSIFilterStadiumAndCam' successfully

09-01-2024T17:58:42 - [TEST_STEP][PASSED] - navigateToUrl(baseUrl + "/playback_video/show/65273c11a21542f9826f23a6/2023-12-31T17-00-43.mp4"): Navigate to 'https://monitoring.pssi-dev.kecilin.id/playback_video/show/65273c11a21542f9826f23a6/2023-12-31T17-00-43.mp4' successfully

09-01-2024T17:58:46 - [MESSAGE][PASSED] - Navigate to 'https://monitoring.pssi-dev.kecilin.id/playback_video/show/65273c11a21542f9826f23a6/2023-12-31T17-00-43.mp4' successfully

09-01-2024T17:58:46 - [TEST_STEP][PASSED] - scrollToElement(findTestObject("Page_Playback Video/button_Search Identify"), 0): Scroll to object 'Object Repository/Page_Playback Video/button_Search Identify' successfully

09-01-2024T17:58:46 - [MESSAGE][WARNING] - Timeout '0' is invalid. Using default page load timeout: '1'

09-01-2024T17:58:47 - [MESSAGE][PASSED] - Scroll to object 'Object Repository/Page_Playback Video/button_Search Identify' successfully

09-01-2024T17:58:47 - [TEST_STEP][PASSED] - screenshot1 = takeFullPageScreenshot(): Taking screenshot successfully

09-01-2024T17:58:47 - [MESSAGE][INFO] - 0 hidden object(s)

09-01-2024T17:58:47 - [MESSAGE][PASSED] - Taking screenshot successfully
[[ATTACHMENT|C:\\Users\\USER\\git\\Kecilin-Automation-Test\\Reports\\20240109_174313\\Create BE Playback Video\\Play Video Test Suite\\20240109_174320\\1704797927053.png]]

09-01-2024T17:58:47 - [TEST_STEP][PASSED] - Thread.sleep(2500): null

09-01-2024T17:58:50 - [TEST_STEP][PASSED] - screenshot2 = takeFullPageScreenshot(): Taking screenshot successfully

09-01-2024T17:58:50 - [MESSAGE][INFO] - 0 hidden object(s)

09-01-2024T17:58:51 - [MESSAGE][PASSED] - Taking screenshot successfully
[[ATTACHMENT|C:\\Users\\USER\\git\\Kecilin-Automation-Test\\Reports\\20240109_174313\\Create BE Playback Video\\Play Video Test Suite\\20240109_174320\\1704797930326.png]]

09-01-2024T17:58:51 - [TEST_STEP][PASSED] - verifyNotEqual(screenshot1, screenshot2): Actual object '[B@1613b471' and expected object '[B@14b620e5' are not equal

09-01-2024T17:58:51 - [MESSAGE][PASSED] - Actual object '[B@1613b471' and expected object '[B@14b620e5' are not equal]]></system-out>
         <system-err><![CDATA[]]></system-err>
      </testcase>
      <system-out><![CDATA[09-01-2024T17:54:49 - [TEST_SUITE][FAILED] - Play Video Test Suite: Test Cases/Offline PSSI Dashboard Function/Create BE Playback Video/Play Video/PSSIPlaybackVideoValidate5Min FAILED.
Reason:
com.kms.katalon.core.exception.StepFailedException: Unable to verify text '-5:00' is present 
	at com.kms.katalon.core.webui.keyword.internal.WebUIKeywordMain.stepFailed(WebUIKeywordMain.groovy:64)
	at com.kms.katalon.core.webui.keyword.internal.WebUIKeywordMain.runKeyword(WebUIKeywordMain.groovy:26)
	at com.kms.katalon.core.webui.keyword.builtin.VerifyTextPresentKeyword.verifyTextPresent(VerifyTextPresentKeyword.groovy:83)
	at com.kms.katalon.core.webui.keyword.builtin.VerifyTextPresentKeyword.execute(VerifyTextPresentKeyword.groovy:68)
	at com.kms.katalon.core.keyword.internal.KeywordExecutor.executeKeywordForPlatform(KeywordExecutor.groovy:74)
	at com.kms.katalon.core.webui.keyword.WebUiBuiltInKeywords.verifyTextPresent(WebUiBuiltInKeywords.groovy:1762)
	at PSSIPlaybackVideoValidate5Min.run(PSSIPlaybackVideoValidate5Min:28)
	at com.kms.katalon.core.main.ScriptEngine.run(ScriptEngine.java:194)
	at com.kms.katalon.core.main.ScriptEngine.runScriptAsRawText(ScriptEngine.java:119)
	at com.kms.katalon.core.main.TestCaseExecutor.runScript(TestCaseExecutor.java:448)
	at com.kms.katalon.core.main.TestCaseExecutor.doExecute(TestCaseExecutor.java:439)
	at com.kms.katalon.core.main.TestCaseExecutor.processExecutionPhase(TestCaseExecutor.java:418)
	at com.kms.katalon.core.main.TestCaseExecutor.accessMainPhase(TestCaseExecutor.java:410)
	at com.kms.katalon.core.main.TestCaseExecutor.execute(TestCaseExecutor.java:285)
	at com.kms.katalon.core.common.CommonExecutor.accessTestCaseMainPhase(CommonExecutor.java:65)
	at com.kms.katalon.core.main.TestSuiteExecutor.accessTestSuiteMainPhase(TestSuiteExecutor.java:148)
	at com.kms.katalon.core.main.TestSuiteExecutor.execute(TestSuiteExecutor.java:106)
	at com.kms.katalon.core.main.TestCaseMain.startTestSuite(TestCaseMain.java:180)
	at TempTestSuite1704797000847.run(TempTestSuite1704797000847.groovy:36)
	at java.base/jdk.internal.reflect.NativeMethodAccessorImpl.invoke0(Native Method)
	at java.base/jdk.internal.reflect.NativeMethodAccessorImpl.invoke(NativeMethodAccessorImpl.java:77)
	at java.base/jdk.internal.reflect.DelegatingMethodAccessorImpl.invoke(DelegatingMethodAccessorImpl.java:43)
Caused by: com.kms.katalon.core.exception.StepFailedException: Text '-5:00' is not present on page 
	at com.kms.katalon.core.webui.keyword.internal.WebUIKeywordMain.stepFailed(WebUIKeywordMain.groovy:64)
	at com.kms.katalon.core.webui.keyword.builtin.VerifyTextPresentKeyword$_verifyTextPresent_closure1.doCall(VerifyTextPresentKeyword.groovy:79)
	at com.kms.katalon.core.webui.keyword.builtin.VerifyTextPresentKeyword$_verifyTextPresent_closure1.call(VerifyTextPresentKeyword.groovy)
	at com.kms.katalon.core.webui.keyword.internal.WebUIKeywordMain.runKeyword(WebUIKeywordMain.groovy:20)
	... 20 more]]></system-out>
      <system-err><![CDATA[09-01-2024T17:54:49 - [TEST_SUITE][FAILED] - Play Video Test Suite: Test Cases/Offline PSSI Dashboard Function/Create BE Playback Video/Play Video/PSSIPlaybackVideoValidate5Min FAILED.
Reason:
com.kms.katalon.core.exception.StepFailedException: Unable to verify text '-5:00' is present 
	at com.kms.katalon.core.webui.keyword.internal.WebUIKeywordMain.stepFailed(WebUIKeywordMain.groovy:64)
	at com.kms.katalon.core.webui.keyword.internal.WebUIKeywordMain.runKeyword(WebUIKeywordMain.groovy:26)
	at com.kms.katalon.core.webui.keyword.builtin.VerifyTextPresentKeyword.verifyTextPresent(VerifyTextPresentKeyword.groovy:83)
	at com.kms.katalon.core.webui.keyword.builtin.VerifyTextPresentKeyword.execute(VerifyTextPresentKeyword.groovy:68)
	at com.kms.katalon.core.keyword.internal.KeywordExecutor.executeKeywordForPlatform(KeywordExecutor.groovy:74)
	at com.kms.katalon.core.webui.keyword.WebUiBuiltInKeywords.verifyTextPresent(WebUiBuiltInKeywords.groovy:1762)
	at PSSIPlaybackVideoValidate5Min.run(PSSIPlaybackVideoValidate5Min:28)
	at com.kms.katalon.core.main.ScriptEngine.run(ScriptEngine.java:194)
	at com.kms.katalon.core.main.ScriptEngine.runScriptAsRawText(ScriptEngine.java:119)
	at com.kms.katalon.core.main.TestCaseExecutor.runScript(TestCaseExecutor.java:448)
	at com.kms.katalon.core.main.TestCaseExecutor.doExecute(TestCaseExecutor.java:439)
	at com.kms.katalon.core.main.TestCaseExecutor.processExecutionPhase(TestCaseExecutor.java:418)
	at com.kms.katalon.core.main.TestCaseExecutor.accessMainPhase(TestCaseExecutor.java:410)
	at com.kms.katalon.core.main.TestCaseExecutor.execute(TestCaseExecutor.java:285)
	at com.kms.katalon.core.common.CommonExecutor.accessTestCaseMainPhase(CommonExecutor.java:65)
	at com.kms.katalon.core.main.TestSuiteExecutor.accessTestSuiteMainPhase(TestSuiteExecutor.java:148)
	at com.kms.katalon.core.main.TestSuiteExecutor.execute(TestSuiteExecutor.java:106)
	at com.kms.katalon.core.main.TestCaseMain.startTestSuite(TestCaseMain.java:180)
	at TempTestSuite1704797000847.run(TempTestSuite1704797000847.groovy:36)
	at java.base/jdk.internal.reflect.NativeMethodAccessorImpl.invoke0(Native Method)
	at java.base/jdk.internal.reflect.NativeMethodAccessorImpl.invoke(NativeMethodAccessorImpl.java:77)
	at java.base/jdk.internal.reflect.DelegatingMethodAccessorImpl.invoke(DelegatingMethodAccessorImpl.java:43)
Caused by: com.kms.katalon.core.exception.StepFailedException: Text '-5:00' is not present on page 
	at com.kms.katalon.core.webui.keyword.internal.WebUIKeywordMain.stepFailed(WebUIKeywordMain.groovy:64)
	at com.kms.katalon.core.webui.keyword.builtin.VerifyTextPresentKeyword$_verifyTextPresent_closure1.doCall(VerifyTextPresentKeyword.groovy:79)
	at com.kms.katalon.core.webui.keyword.builtin.VerifyTextPresentKeyword$_verifyTextPresent_closure1.call(VerifyTextPresentKeyword.groovy)
	at com.kms.katalon.core.webui.keyword.internal.WebUIKeywordMain.runKeyword(WebUIKeywordMain.groovy:20)
	... 20 more]]></system-err>
   </testsuite>
</testsuites>
