<?xml version="1.0" encoding="UTF-8"?>
<testsuites name="Create BE History Identity Test Suite Collection" time="301.221" tests="7" failures="4" errors="0">
   <testsuite name="Breadcrumb Navigation Test Suite" tests="1" failures="1" errors="0" time="41.043" skipped="0" timestamp="08-01-2024T17:32:06" hostname="USER - DESKTOP-HLRVE9S" id="Test Suites/Create BE History Identity/Breadcrumb Navigation Test Suite">
      <properties>
         <property name="deviceName" value=""/>
         <property name="devicePlatform" value=""/>
         <property name="logFolder" value="C:\\Users\\USER\\git\\Kecilin-Automation-Test\\Reports\\20240108_173143\\Create BE History Identity\\Breadcrumb Navigation Test Suite\\20240108_173146"/>
         <property name="logFiles" value="C:\\Users\\USER\\git\\Kecilin-Automation-Test\\Reports\\20240108_173143\\Create BE History Identity\\Breadcrumb Navigation Test Suite\\20240108_173146\\execution0.log"/>
         <property name="attachments" value="C:\\Users\\USER\\git\\Kecilin-Automation-Test\\Reports\\20240108_173143\\Create BE History Identity\\Breadcrumb Navigation Test Suite\\20240108_173146\\1704709938057.png, C:\\Users\\USER\\git\\Kecilin-Automation-Test\\Reports\\20240108_173143\\Create BE History Identity\\Breadcrumb Navigation Test Suite\\20240108_173146\\1704709948093.png, C:\\Users\\USER\\git\\Kecilin-Automation-Test\\Reports\\20240108_173143\\Create BE History Identity\\Breadcrumb Navigation Test Suite\\20240108_173146\\1704709958272.png, C:\\Users\\USER\\git\\Kecilin-Automation-Test\\Reports\\20240108_173143\\Create BE History Identity\\Breadcrumb Navigation Test Suite\\20240108_173146\\1704709966676.png"/>
         <property name="hostName" value="USER - DESKTOP-HLRVE9S"/>
         <property name="os" value="Windows 10 64bit"/>
         <property name="katalonVersion" value="9.2.0.212"/>
         <property name="browser" value="Chrome 120.0.0.0"/>
         <property name="hostAddress" value="192.168.100.189"/>
         <property name="sessionId" value="af444070772d36b99f129649d17e7a07"/>
         <property name="seleniumVersion" value="3.141.59"/>
         <property name="proxyInformation" value="ProxyInformation { proxyOption=NO_PROXY, proxyServerType=HTTP, username=, password=********, proxyServerAddress=, proxyServerPort=0, executionList=&quot;&quot;, isApplyToDesiredCapabilities=true }"/>
         <property name="platform" value="Windows 10"/>
      </properties>
      <testcase name="Test Cases/Offline PSSI Dashboard Function/Create BE History Identity/Breadcrumb Navigation/PSSIBreadcrumbInIdentityDetail" time="8.421" classname="Test Cases/Offline PSSI Dashboard Function/Create BE History Identity/Breadcrumb Navigation/PSSIBreadcrumbInIdentityDetail" status="FAILED">
         <failure type="FAILED" message="Test Cases/Offline PSSI Dashboard Function/Create BE History Identity/Breadcrumb Navigation/PSSIBreadcrumbInIdentityDetail FAILED.&#xa;Reason:&#xa;com.kms.katalon.core.exception.StepFailedException: Unable to verify object is present&#xa;	at com.kms.katalon.core.webui.keyword.internal.WebUIKeywordMain.stepFailed(WebUIKeywordMain.groovy:64)&#xa;	at com.kms.katalon.core.webui.keyword.internal.WebUIKeywordMain.runKeyword(WebUIKeywordMain.groovy:26)&#xa;	at com.kms.katalon.core.webui.keyword.builtin.VerifyElementPresentKeyword.verifyElementPresent(VerifyElementPresentKeyword.groovy:92)&#xa;	at com.kms.katalon.core.webui.keyword.builtin.VerifyElementPresentKeyword.execute(VerifyElementPresentKeyword.groovy:68)&#xa;	at com.kms.katalon.core.keyword.internal.KeywordExecutor.executeKeywordForPlatform(KeywordExecutor.groovy:74)&#xa;	at com.kms.katalon.core.webui.keyword.WebUiBuiltInKeywords.verifyElementPresent(WebUiBuiltInKeywords.groovy:1503)&#xa;	at PSSIBreadcrumbInIdentityDetail.run(PSSIBreadcrumbInIdentityDetail:31)&#xa;	at com.kms.katalon.core.main.ScriptEngine.run(ScriptEngine.java:194)&#xa;	at com.kms.katalon.core.main.ScriptEngine.runScriptAsRawText(ScriptEngine.java:119)&#xa;	at com.kms.katalon.core.main.TestCaseExecutor.runScript(TestCaseExecutor.java:448)&#xa;	at com.kms.katalon.core.main.TestCaseExecutor.doExecute(TestCaseExecutor.java:439)&#xa;	at com.kms.katalon.core.main.TestCaseExecutor.processExecutionPhase(TestCaseExecutor.java:418)&#xa;	at com.kms.katalon.core.main.TestCaseExecutor.accessMainPhase(TestCaseExecutor.java:410)&#xa;	at com.kms.katalon.core.main.TestCaseExecutor.execute(TestCaseExecutor.java:285)&#xa;	at com.kms.katalon.core.main.TestCaseExecutor.execute(TestCaseExecutor.java:369)&#xa;	at com.kms.katalon.core.main.TestCaseExecutor.execute(TestCaseExecutor.java:369)&#xa;	at com.kms.katalon.core.main.TestCaseExecutor.execute(TestCaseExecutor.java:369)&#xa;	at com.kms.katalon.core.common.CommonExecutor.accessTestCaseMainPhase(CommonExecutor.java:65)&#xa;	at com.kms.katalon.core.main.TestSuiteExecutor.accessTestSuiteMainPhase(TestSuiteExecutor.java:148)&#xa;	at com.kms.katalon.core.main.TestSuiteExecutor.execute(TestSuiteExecutor.java:106)&#xa;	at com.kms.katalon.core.main.TestCaseMain.startTestSuite(TestCaseMain.java:180)&#xa;	at TempTestSuite1704709906086.run(TempTestSuite1704709906086.groovy:36)&#xa;	at java.base/jdk.internal.reflect.NativeMethodAccessorImpl.invoke0(Native Method)&#xa;	at java.base/jdk.internal.reflect.NativeMethodAccessorImpl.invoke(NativeMethodAccessorImpl.java:77)&#xa;	at java.base/jdk.internal.reflect.DelegatingMethodAccessorImpl.invoke(DelegatingMethodAccessorImpl.java:43)&#xa;Caused by: java.lang.IllegalArgumentException: Object is null&#xa;	at com.kms.katalon.core.helper.KeywordHelper.checkTestObjectParameter(KeywordHelper.java:33)&#xa;	at com.kms.katalon.core.webui.keyword.builtin.VerifyElementPresentKeyword$_verifyElementPresent_closure1.doCall(VerifyElementPresentKeyword.groovy:76)&#xa;	at com.kms.katalon.core.webui.keyword.builtin.VerifyElementPresentKeyword$_verifyElementPresent_closure1.call(VerifyElementPresentKeyword.groovy)&#xa;	at com.kms.katalon.core.webui.keyword.internal.WebUIKeywordMain.runKeyword(WebUIKeywordMain.groovy:20)&#xa;	... 23 more&#xa;"/>
         <system-out><![CDATA[08-01-2024T17:32:38 - [TEST_CASE][FAILED] - Test Cases/Offline PSSI Dashboard Function/Create BE History Identity/Breadcrumb Navigation/PSSIBreadcrumbInIdentityDetail: Test Cases/Offline PSSI Dashboard Function/Create BE History Identity/Breadcrumb Navigation/PSSIBreadcrumbInIdentityDetail FAILED.
Reason:
com.kms.katalon.core.exception.StepFailedException: Unable to verify object is present
	at com.kms.katalon.core.webui.keyword.internal.WebUIKeywordMain.stepFailed(WebUIKeywordMain.groovy:64)
	at com.kms.katalon.core.webui.keyword.internal.WebUIKeywordMain.runKeyword(WebUIKeywordMain.groovy:26)
	at com.kms.katalon.core.webui.keyword.builtin.VerifyElementPresentKeyword.verifyElementPresent(VerifyElementPresentKeyword.groovy:92)
	at com.kms.katalon.core.webui.keyword.builtin.VerifyElementPresentKeyword.execute(VerifyElementPresentKeyword.groovy:68)
	at com.kms.katalon.core.keyword.internal.KeywordExecutor.executeKeywordForPlatform(KeywordExecutor.groovy:74)
	at com.kms.katalon.core.webui.keyword.WebUiBuiltInKeywords.verifyElementPresent(WebUiBuiltInKeywords.groovy:1503)
	at PSSIBreadcrumbInIdentityDetail.run(PSSIBreadcrumbInIdentityDetail:31)
	at com.kms.katalon.core.main.ScriptEngine.run(ScriptEngine.java:194)
	at com.kms.katalon.core.main.ScriptEngine.runScriptAsRawText(ScriptEngine.java:119)
	at com.kms.katalon.core.main.TestCaseExecutor.runScript(TestCaseExecutor.java:448)
	at com.kms.katalon.core.main.TestCaseExecutor.doExecute(TestCaseExecutor.java:439)
	at com.kms.katalon.core.main.TestCaseExecutor.processExecutionPhase(TestCaseExecutor.java:418)
	at com.kms.katalon.core.main.TestCaseExecutor.accessMainPhase(TestCaseExecutor.java:410)
	at com.kms.katalon.core.main.TestCaseExecutor.execute(TestCaseExecutor.java:285)
	at com.kms.katalon.core.main.TestCaseExecutor.execute(TestCaseExecutor.java:369)
	at com.kms.katalon.core.main.TestCaseExecutor.execute(TestCaseExecutor.java:369)
	at com.kms.katalon.core.main.TestCaseExecutor.execute(TestCaseExecutor.java:369)
	at com.kms.katalon.core.common.CommonExecutor.accessTestCaseMainPhase(CommonExecutor.java:65)
	at com.kms.katalon.core.main.TestSuiteExecutor.accessTestSuiteMainPhase(TestSuiteExecutor.java:148)
	at com.kms.katalon.core.main.TestSuiteExecutor.execute(TestSuiteExecutor.java:106)
	at com.kms.katalon.core.main.TestCaseMain.startTestSuite(TestCaseMain.java:180)
	at TempTestSuite1704709906086.run(TempTestSuite1704709906086.groovy:36)
	at java.base/jdk.internal.reflect.NativeMethodAccessorImpl.invoke0(Native Method)
	at java.base/jdk.internal.reflect.NativeMethodAccessorImpl.invoke(NativeMethodAccessorImpl.java:77)
	at java.base/jdk.internal.reflect.DelegatingMethodAccessorImpl.invoke(DelegatingMethodAccessorImpl.java:43)
Caused by: java.lang.IllegalArgumentException: Object is null
	at com.kms.katalon.core.helper.KeywordHelper.checkTestObjectParameter(KeywordHelper.java:33)
	at com.kms.katalon.core.webui.keyword.builtin.VerifyElementPresentKeyword$_verifyElementPresent_closure1.doCall(VerifyElementPresentKeyword.groovy:76)
	at com.kms.katalon.core.webui.keyword.builtin.VerifyElementPresentKeyword$_verifyElementPresent_closure1.call(VerifyElementPresentKeyword.groovy)
	at com.kms.katalon.core.webui.keyword.internal.WebUIKeywordMain.runKeyword(WebUIKeywordMain.groovy:20)
	... 23 more


08-01-2024T17:32:38 - [TEST_STEP][PASSED] - failureHandling = STOP_ON_FAILURE: null

08-01-2024T17:32:38 - [TEST_STEP][PASSED] - baseUrl = offline_pssi_dashboard_url: null

08-01-2024T17:32:38 - [TEST_STEP][PASSED] - callTestCase(findTestCase("Offline PSSI Dashboard Function/Create BE History Identity/Detail Identity/PSSIViewIdentityDetail"), [:]): Call Test Case 'Test Cases/Offline PSSI Dashboard Function/Create BE History Identity/Detail Identity/PSSIViewIdentityDetail' successfully

08-01-2024T17:32:38 - [TEST_CASE][PASSED] - Test Cases/Offline PSSI Dashboard Function/Create BE History Identity/Detail Identity/PSSIViewIdentityDetail: Test Cases/Offline PSSI Dashboard Function/Create BE History Identity/Detail Identity/PSSIViewIdentityDetail

08-01-2024T17:32:38 - [TEST_STEP][PASSED] - baseUrl = offline_pssi_dashboard_url: null

08-01-2024T17:32:38 - [TEST_STEP][PASSED] - callTestCase(findTestCase("Offline PSSI Dashboard Function/Create BE History Identity/View History Identity/PSSIViewHistoryIdentityData"), [:]): Call Test Case 'Test Cases/Offline PSSI Dashboard Function/Create BE History Identity/View History Identity/PSSIViewHistoryIdentityData' successfully

08-01-2024T17:32:38 - [TEST_CASE][PASSED] - Test Cases/Offline PSSI Dashboard Function/Create BE History Identity/View History Identity/PSSIViewHistoryIdentityData: Test Cases/Offline PSSI Dashboard Function/Create BE History Identity/View History Identity/PSSIViewHistoryIdentityData

08-01-2024T17:32:38 - [TEST_STEP][PASSED] - baseUrl = offline_pssi_dashboard_url: null

08-01-2024T17:32:38 - [TEST_STEP][PASSED] - callTestCase(findTestCase("Offline PSSI Dashboard Function/Sign In/PSSISignInValidData"), [:]): Call Test Case 'Test Cases/Offline PSSI Dashboard Function/Sign In/PSSISignInValidData' successfully

08-01-2024T17:32:38 - [TEST_CASE][PASSED] - Test Cases/Offline PSSI Dashboard Function/Sign In/PSSISignInValidData: Test Cases/Offline PSSI Dashboard Function/Sign In/PSSISignInValidData

08-01-2024T17:32:38 - [TEST_STEP][PASSED] - failureHandling = STOP_ON_FAILURE: null

08-01-2024T17:32:38 - [TEST_STEP][PASSED] - baseUrl = offline_pssi_dashboard_url: null

08-01-2024T17:32:38 - [TEST_STEP][PASSED] - openBrowser(""): Browser is opened with url: ''

08-01-2024T17:32:38 - [MESSAGE][WARNING] - A browser is already opened. Closing browser and opening a new one

08-01-2024T17:32:39 - [MESSAGE][INFO] - Starting 'Chrome' driver

08-01-2024T17:32:39 - [MESSAGE][INFO] - Action delay is set to 0 milliseconds

08-01-2024T17:32:40 - [MESSAGE][PASSED] - Browser is opened with url: ''

08-01-2024T17:32:40 - [TEST_STEP][PASSED] - navigateToUrl(baseUrl): Navigate to 'https://monitoring.pssi-dev.kecilin.id' successfully

08-01-2024T17:32:40 - [MESSAGE][PASSED] - Navigate to 'https://monitoring.pssi-dev.kecilin.id' successfully

08-01-2024T17:32:40 - [TEST_STEP][PASSED] - maximizeWindow(): Current window maximized

08-01-2024T17:32:41 - [MESSAGE][PASSED] - Current window maximized

08-01-2024T17:32:41 - [TEST_STEP][PASSED] - setText(findTestObject("Object Repository/Page_Login/input_email"), "superadmin@app.com"): Text 'superadmin@app.com' is set on object 'Object Repository/Page_Login/input_email'

08-01-2024T17:32:42 - [MESSAGE][PASSED] - Text 'superadmin@app.com' is set on object 'Object Repository/Page_Login/input_email'

08-01-2024T17:32:42 - [TEST_STEP][PASSED] - setEncryptedText(findTestObject("Object Repository/Page_Login/input_password"), "8SQVv/p9jVScEs4/2CZsLw=="): Text ****** has been set on object 'Object Repository/Page_Login/input_password'

08-01-2024T17:32:42 - [MESSAGE][PASSED] - Text ****** has been set on object 'Object Repository/Page_Login/input_password'

08-01-2024T17:32:42 - [TEST_STEP][PASSED] - click(findTestObject("Object Repository/Page_Login/button_Sign In")): Object: 'Object Repository/Page_Login/button_Sign In' is clicked on

08-01-2024T17:32:44 - [MESSAGE][PASSED] - Object: 'Object Repository/Page_Login/button_Sign In' is clicked on

08-01-2024T17:32:44 - [MESSAGE][PASSED] - Call Test Case 'Test Cases/Offline PSSI Dashboard Function/Sign In/PSSISignInValidData' successfully

08-01-2024T17:32:44 - [TEST_STEP][PASSED] - navigateToUrl(baseUrl + "/history_identity"): Navigate to 'https://monitoring.pssi-dev.kecilin.id/history_identity' successfully

08-01-2024T17:32:45 - [MESSAGE][PASSED] - Navigate to 'https://monitoring.pssi-dev.kecilin.id/history_identity' successfully

08-01-2024T17:32:45 - [MESSAGE][PASSED] - Call Test Case 'Test Cases/Offline PSSI Dashboard Function/Create BE History Identity/View History Identity/PSSIViewHistoryIdentityData' successfully

08-01-2024T17:32:45 - [TEST_STEP][PASSED] - navigateToUrl(baseUrl + "/monitoring/result/6549de591c277f653708b3b7"): Navigate to 'https://monitoring.pssi-dev.kecilin.id/monitoring/result/6549de591c277f653708b3b7' successfully

08-01-2024T17:32:46 - [MESSAGE][PASSED] - Navigate to 'https://monitoring.pssi-dev.kecilin.id/monitoring/result/6549de591c277f653708b3b7' successfully

08-01-2024T17:32:46 - [MESSAGE][PASSED] - Call Test Case 'Test Cases/Offline PSSI Dashboard Function/Create BE History Identity/Detail Identity/PSSIViewIdentityDetail' successfully

08-01-2024T17:32:46 - [TEST_STEP][FAILED] - verifyElementPresent(findTestObject("Page_Result Monitoring/Identity History Breadcrumb"), 0): Unable to verify object is present (Root cause: com.kms.katalon.core.exception.StepFailedException: Unable to verify object is present
	at com.kms.katalon.core.webui.keyword.internal.WebUIKeywordMain.stepFailed(WebUIKeywordMain.groovy:64)
	at com.kms.katalon.core.webui.keyword.internal.WebUIKeywordMain.runKeyword(WebUIKeywordMain.groovy:26)
	at com.kms.katalon.core.webui.keyword.builtin.VerifyElementPresentKeyword.verifyElementPresent(VerifyElementPresentKeyword.groovy:92)
	at com.kms.katalon.core.webui.keyword.builtin.VerifyElementPresentKeyword.execute(VerifyElementPresentKeyword.groovy:68)
	at com.kms.katalon.core.keyword.internal.KeywordExecutor.executeKeywordForPlatform(KeywordExecutor.groovy:74)
	at com.kms.katalon.core.webui.keyword.WebUiBuiltInKeywords.verifyElementPresent(WebUiBuiltInKeywords.groovy:1503)
	at PSSIBreadcrumbInIdentityDetail.run(PSSIBreadcrumbInIdentityDetail:31)
	at com.kms.katalon.core.main.ScriptEngine.run(ScriptEngine.java:194)
	at com.kms.katalon.core.main.ScriptEngine.runScriptAsRawText(ScriptEngine.java:119)
	at com.kms.katalon.core.main.TestCaseExecutor.runScript(TestCaseExecutor.java:448)
	at com.kms.katalon.core.main.TestCaseExecutor.doExecute(TestCaseExecutor.java:439)
	at com.kms.katalon.core.main.TestCaseExecutor.processExecutionPhase(TestCaseExecutor.java:418)
	at com.kms.katalon.core.main.TestCaseExecutor.accessMainPhase(TestCaseExecutor.java:410)
	at com.kms.katalon.core.main.TestCaseExecutor.execute(TestCaseExecutor.java:285)
	at com.kms.katalon.core.main.TestCaseExecutor.execute(TestCaseExecutor.java:369)
	at com.kms.katalon.core.main.TestCaseExecutor.execute(TestCaseExecutor.java:369)
	at com.kms.katalon.core.main.TestCaseExecutor.execute(TestCaseExecutor.java:369)
	at com.kms.katalon.core.common.CommonExecutor.accessTestCaseMainPhase(CommonExecutor.java:65)
	at com.kms.katalon.core.main.TestSuiteExecutor.accessTestSuiteMainPhase(TestSuiteExecutor.java:148)
	at com.kms.katalon.core.main.TestSuiteExecutor.execute(TestSuiteExecutor.java:106)
	at com.kms.katalon.core.main.TestCaseMain.startTestSuite(TestCaseMain.java:180)
	at TempTestSuite1704709906086.run(TempTestSuite1704709906086.groovy:36)
	at java.base/jdk.internal.reflect.NativeMethodAccessorImpl.invoke0(Native Method)
	at java.base/jdk.internal.reflect.NativeMethodAccessorImpl.invoke(NativeMethodAccessorImpl.java:77)
	at java.base/jdk.internal.reflect.DelegatingMethodAccessorImpl.invoke(DelegatingMethodAccessorImpl.java:43)
Caused by: java.lang.IllegalArgumentException: Object is null
	at com.kms.katalon.core.helper.KeywordHelper.checkTestObjectParameter(KeywordHelper.java:33)
	at com.kms.katalon.core.webui.keyword.builtin.VerifyElementPresentKeyword$_verifyElementPresent_closure1.doCall(VerifyElementPresentKeyword.groovy:76)
	at com.kms.katalon.core.webui.keyword.builtin.VerifyElementPresentKeyword$_verifyElementPresent_closure1.call(VerifyElementPresentKeyword.groovy)
	at com.kms.katalon.core.webui.keyword.internal.WebUIKeywordMain.runKeyword(WebUIKeywordMain.groovy:20)
	at com.kms.katalon.core.webui.keyword.builtin.VerifyElementPresentKeyword.verifyElementPresent(VerifyElementPresentKeyword.groovy:92)
	at com.kms.katalon.core.webui.keyword.builtin.VerifyElementPresentKeyword.execute(VerifyElementPresentKeyword.groovy:68)
	at com.kms.katalon.core.keyword.internal.KeywordExecutor.executeKeywordForPlatform(KeywordExecutor.groovy:74)
	at com.kms.katalon.core.webui.keyword.WebUiBuiltInKeywords.verifyElementPresent(WebUiBuiltInKeywords.groovy:1503)
	at Script1704707721697.run(Script1704707721697.groovy:31)
	... 18 more
)

08-01-2024T17:32:46 - [MESSAGE][WARNING] - Test object with id 'Object Repository/Page_Result Monitoring/Identity History Breadcrumb' does not exist

08-01-2024T17:32:46 - [MESSAGE][WARNING] - Test object with id 'Object Repository/' does not exist

08-01-2024T17:32:47 - [MESSAGE][FAILED] - Unable to verify object is present (Root cause: com.kms.katalon.core.exception.StepFailedException: Unable to verify object is present
	at com.kms.katalon.core.webui.keyword.internal.WebUIKeywordMain.stepFailed(WebUIKeywordMain.groovy:64)
	at com.kms.katalon.core.webui.keyword.internal.WebUIKeywordMain.runKeyword(WebUIKeywordMain.groovy:26)
	at com.kms.katalon.core.webui.keyword.builtin.VerifyElementPresentKeyword.verifyElementPresent(VerifyElementPresentKeyword.groovy:92)
	at com.kms.katalon.core.webui.keyword.builtin.VerifyElementPresentKeyword.execute(VerifyElementPresentKeyword.groovy:68)
	at com.kms.katalon.core.keyword.internal.KeywordExecutor.executeKeywordForPlatform(KeywordExecutor.groovy:74)
	at com.kms.katalon.core.webui.keyword.WebUiBuiltInKeywords.verifyElementPresent(WebUiBuiltInKeywords.groovy:1503)
	at PSSIBreadcrumbInIdentityDetail.run(PSSIBreadcrumbInIdentityDetail:31)
	at com.kms.katalon.core.main.ScriptEngine.run(ScriptEngine.java:194)
	at com.kms.katalon.core.main.ScriptEngine.runScriptAsRawText(ScriptEngine.java:119)
	at com.kms.katalon.core.main.TestCaseExecutor.runScript(TestCaseExecutor.java:448)
	at com.kms.katalon.core.main.TestCaseExecutor.doExecute(TestCaseExecutor.java:439)
	at com.kms.katalon.core.main.TestCaseExecutor.processExecutionPhase(TestCaseExecutor.java:418)
	at com.kms.katalon.core.main.TestCaseExecutor.accessMainPhase(TestCaseExecutor.java:410)
	at com.kms.katalon.core.main.TestCaseExecutor.execute(TestCaseExecutor.java:285)
	at com.kms.katalon.core.main.TestCaseExecutor.execute(TestCaseExecutor.java:369)
	at com.kms.katalon.core.main.TestCaseExecutor.execute(TestCaseExecutor.java:369)
	at com.kms.katalon.core.main.TestCaseExecutor.execute(TestCaseExecutor.java:369)
	at com.kms.katalon.core.common.CommonExecutor.accessTestCaseMainPhase(CommonExecutor.java:65)
	at com.kms.katalon.core.main.TestSuiteExecutor.accessTestSuiteMainPhase(TestSuiteExecutor.java:148)
	at com.kms.katalon.core.main.TestSuiteExecutor.execute(TestSuiteExecutor.java:106)
	at com.kms.katalon.core.main.TestCaseMain.startTestSuite(TestCaseMain.java:180)
	at TempTestSuite1704709906086.run(TempTestSuite1704709906086.groovy:36)
	at java.base/jdk.internal.reflect.NativeMethodAccessorImpl.invoke0(Native Method)
	at java.base/jdk.internal.reflect.NativeMethodAccessorImpl.invoke(NativeMethodAccessorImpl.java:77)
	at java.base/jdk.internal.reflect.DelegatingMethodAccessorImpl.invoke(DelegatingMethodAccessorImpl.java:43)
Caused by: java.lang.IllegalArgumentException: Object is null
	at com.kms.katalon.core.helper.KeywordHelper.checkTestObjectParameter(KeywordHelper.java:33)
	at com.kms.katalon.core.webui.keyword.builtin.VerifyElementPresentKeyword$_verifyElementPresent_closure1.doCall(VerifyElementPresentKeyword.groovy:76)
	at com.kms.katalon.core.webui.keyword.builtin.VerifyElementPresentKeyword$_verifyElementPresent_closure1.call(VerifyElementPresentKeyword.groovy)
	at com.kms.katalon.core.webui.keyword.internal.WebUIKeywordMain.runKeyword(WebUIKeywordMain.groovy:20)
	at com.kms.katalon.core.webui.keyword.builtin.VerifyElementPresentKeyword.verifyElementPresent(VerifyElementPresentKeyword.groovy:92)
	at com.kms.katalon.core.webui.keyword.builtin.VerifyElementPresentKeyword.execute(VerifyElementPresentKeyword.groovy:68)
	at com.kms.katalon.core.keyword.internal.KeywordExecutor.executeKeywordForPlatform(KeywordExecutor.groovy:74)
	at com.kms.katalon.core.webui.keyword.WebUiBuiltInKeywords.verifyElementPresent(WebUiBuiltInKeywords.groovy:1503)
	at Script1704707721697.run(Script1704707721697.groovy:31)
	... 18 more
)
[[ATTACHMENT|C:\\Users\\USER\\git\\Kecilin-Automation-Test\\Reports\\20240108_173143\\Create BE History Identity\\Breadcrumb Navigation Test Suite\\20240108_173146\\1704709966676.png]]]]></system-out>
         <system-err><![CDATA[08-01-2024T17:32:38 - [TEST_CASE][FAILED] - Test Cases/Offline PSSI Dashboard Function/Create BE History Identity/Breadcrumb Navigation/PSSIBreadcrumbInIdentityDetail: Test Cases/Offline PSSI Dashboard Function/Create BE History Identity/Breadcrumb Navigation/PSSIBreadcrumbInIdentityDetail FAILED.
Reason:
com.kms.katalon.core.exception.StepFailedException: Unable to verify object is present
	at com.kms.katalon.core.webui.keyword.internal.WebUIKeywordMain.stepFailed(WebUIKeywordMain.groovy:64)
	at com.kms.katalon.core.webui.keyword.internal.WebUIKeywordMain.runKeyword(WebUIKeywordMain.groovy:26)
	at com.kms.katalon.core.webui.keyword.builtin.VerifyElementPresentKeyword.verifyElementPresent(VerifyElementPresentKeyword.groovy:92)
	at com.kms.katalon.core.webui.keyword.builtin.VerifyElementPresentKeyword.execute(VerifyElementPresentKeyword.groovy:68)
	at com.kms.katalon.core.keyword.internal.KeywordExecutor.executeKeywordForPlatform(KeywordExecutor.groovy:74)
	at com.kms.katalon.core.webui.keyword.WebUiBuiltInKeywords.verifyElementPresent(WebUiBuiltInKeywords.groovy:1503)
	at PSSIBreadcrumbInIdentityDetail.run(PSSIBreadcrumbInIdentityDetail:31)
	at com.kms.katalon.core.main.ScriptEngine.run(ScriptEngine.java:194)
	at com.kms.katalon.core.main.ScriptEngine.runScriptAsRawText(ScriptEngine.java:119)
	at com.kms.katalon.core.main.TestCaseExecutor.runScript(TestCaseExecutor.java:448)
	at com.kms.katalon.core.main.TestCaseExecutor.doExecute(TestCaseExecutor.java:439)
	at com.kms.katalon.core.main.TestCaseExecutor.processExecutionPhase(TestCaseExecutor.java:418)
	at com.kms.katalon.core.main.TestCaseExecutor.accessMainPhase(TestCaseExecutor.java:410)
	at com.kms.katalon.core.main.TestCaseExecutor.execute(TestCaseExecutor.java:285)
	at com.kms.katalon.core.main.TestCaseExecutor.execute(TestCaseExecutor.java:369)
	at com.kms.katalon.core.main.TestCaseExecutor.execute(TestCaseExecutor.java:369)
	at com.kms.katalon.core.main.TestCaseExecutor.execute(TestCaseExecutor.java:369)
	at com.kms.katalon.core.common.CommonExecutor.accessTestCaseMainPhase(CommonExecutor.java:65)
	at com.kms.katalon.core.main.TestSuiteExecutor.accessTestSuiteMainPhase(TestSuiteExecutor.java:148)
	at com.kms.katalon.core.main.TestSuiteExecutor.execute(TestSuiteExecutor.java:106)
	at com.kms.katalon.core.main.TestCaseMain.startTestSuite(TestCaseMain.java:180)
	at TempTestSuite1704709906086.run(TempTestSuite1704709906086.groovy:36)
	at java.base/jdk.internal.reflect.NativeMethodAccessorImpl.invoke0(Native Method)
	at java.base/jdk.internal.reflect.NativeMethodAccessorImpl.invoke(NativeMethodAccessorImpl.java:77)
	at java.base/jdk.internal.reflect.DelegatingMethodAccessorImpl.invoke(DelegatingMethodAccessorImpl.java:43)
Caused by: java.lang.IllegalArgumentException: Object is null
	at com.kms.katalon.core.helper.KeywordHelper.checkTestObjectParameter(KeywordHelper.java:33)
	at com.kms.katalon.core.webui.keyword.builtin.VerifyElementPresentKeyword$_verifyElementPresent_closure1.doCall(VerifyElementPresentKeyword.groovy:76)
	at com.kms.katalon.core.webui.keyword.builtin.VerifyElementPresentKeyword$_verifyElementPresent_closure1.call(VerifyElementPresentKeyword.groovy)
	at com.kms.katalon.core.webui.keyword.internal.WebUIKeywordMain.runKeyword(WebUIKeywordMain.groovy:20)
	... 23 more]]></system-err>
      </testcase>
      <system-out><![CDATA[08-01-2024T17:32:06 - [TEST_SUITE][FAILED] - Breadcrumb Navigation Test Suite: Test Cases/Offline PSSI Dashboard Function/Create BE History Identity/Breadcrumb Navigation/PSSIBreadcrumbInIdentityDetail FAILED.
Reason:
com.kms.katalon.core.exception.StepFailedException: Unable to verify object is present
	at com.kms.katalon.core.webui.keyword.internal.WebUIKeywordMain.stepFailed(WebUIKeywordMain.groovy:64)
	at com.kms.katalon.core.webui.keyword.internal.WebUIKeywordMain.runKeyword(WebUIKeywordMain.groovy:26)
	at com.kms.katalon.core.webui.keyword.builtin.VerifyElementPresentKeyword.verifyElementPresent(VerifyElementPresentKeyword.groovy:92)
	at com.kms.katalon.core.webui.keyword.builtin.VerifyElementPresentKeyword.execute(VerifyElementPresentKeyword.groovy:68)
	at com.kms.katalon.core.keyword.internal.KeywordExecutor.executeKeywordForPlatform(KeywordExecutor.groovy:74)
	at com.kms.katalon.core.webui.keyword.WebUiBuiltInKeywords.verifyElementPresent(WebUiBuiltInKeywords.groovy:1503)
	at PSSIBreadcrumbInIdentityDetail.run(PSSIBreadcrumbInIdentityDetail:31)
	at com.kms.katalon.core.main.ScriptEngine.run(ScriptEngine.java:194)
	at com.kms.katalon.core.main.ScriptEngine.runScriptAsRawText(ScriptEngine.java:119)
	at com.kms.katalon.core.main.TestCaseExecutor.runScript(TestCaseExecutor.java:448)
	at com.kms.katalon.core.main.TestCaseExecutor.doExecute(TestCaseExecutor.java:439)
	at com.kms.katalon.core.main.TestCaseExecutor.processExecutionPhase(TestCaseExecutor.java:418)
	at com.kms.katalon.core.main.TestCaseExecutor.accessMainPhase(TestCaseExecutor.java:410)
	at com.kms.katalon.core.main.TestCaseExecutor.execute(TestCaseExecutor.java:285)
	at com.kms.katalon.core.common.CommonExecutor.accessTestCaseMainPhase(CommonExecutor.java:65)
	at com.kms.katalon.core.main.TestSuiteExecutor.accessTestSuiteMainPhase(TestSuiteExecutor.java:148)
	at com.kms.katalon.core.main.TestSuiteExecutor.execute(TestSuiteExecutor.java:106)
	at com.kms.katalon.core.main.TestCaseMain.startTestSuite(TestCaseMain.java:180)
	at TempTestSuite1704709906086.run(TempTestSuite1704709906086.groovy:36)
	at java.base/jdk.internal.reflect.NativeMethodAccessorImpl.invoke0(Native Method)
	at java.base/jdk.internal.reflect.NativeMethodAccessorImpl.invoke(NativeMethodAccessorImpl.java:77)
	at java.base/jdk.internal.reflect.DelegatingMethodAccessorImpl.invoke(DelegatingMethodAccessorImpl.java:43)
Caused by: java.lang.IllegalArgumentException: Object is null
	at com.kms.katalon.core.helper.KeywordHelper.checkTestObjectParameter(KeywordHelper.java:33)
	at com.kms.katalon.core.webui.keyword.builtin.VerifyElementPresentKeyword$_verifyElementPresent_closure1.doCall(VerifyElementPresentKeyword.groovy:76)
	at com.kms.katalon.core.webui.keyword.builtin.VerifyElementPresentKeyword$_verifyElementPresent_closure1.call(VerifyElementPresentKeyword.groovy)
	at com.kms.katalon.core.webui.keyword.internal.WebUIKeywordMain.runKeyword(WebUIKeywordMain.groovy:20)
	... 20 more]]></system-out>
      <system-err><![CDATA[08-01-2024T17:32:06 - [TEST_SUITE][FAILED] - Breadcrumb Navigation Test Suite: Test Cases/Offline PSSI Dashboard Function/Create BE History Identity/Breadcrumb Navigation/PSSIBreadcrumbInIdentityDetail FAILED.
Reason:
com.kms.katalon.core.exception.StepFailedException: Unable to verify object is present
	at com.kms.katalon.core.webui.keyword.internal.WebUIKeywordMain.stepFailed(WebUIKeywordMain.groovy:64)
	at com.kms.katalon.core.webui.keyword.internal.WebUIKeywordMain.runKeyword(WebUIKeywordMain.groovy:26)
	at com.kms.katalon.core.webui.keyword.builtin.VerifyElementPresentKeyword.verifyElementPresent(VerifyElementPresentKeyword.groovy:92)
	at com.kms.katalon.core.webui.keyword.builtin.VerifyElementPresentKeyword.execute(VerifyElementPresentKeyword.groovy:68)
	at com.kms.katalon.core.keyword.internal.KeywordExecutor.executeKeywordForPlatform(KeywordExecutor.groovy:74)
	at com.kms.katalon.core.webui.keyword.WebUiBuiltInKeywords.verifyElementPresent(WebUiBuiltInKeywords.groovy:1503)
	at PSSIBreadcrumbInIdentityDetail.run(PSSIBreadcrumbInIdentityDetail:31)
	at com.kms.katalon.core.main.ScriptEngine.run(ScriptEngine.java:194)
	at com.kms.katalon.core.main.ScriptEngine.runScriptAsRawText(ScriptEngine.java:119)
	at com.kms.katalon.core.main.TestCaseExecutor.runScript(TestCaseExecutor.java:448)
	at com.kms.katalon.core.main.TestCaseExecutor.doExecute(TestCaseExecutor.java:439)
	at com.kms.katalon.core.main.TestCaseExecutor.processExecutionPhase(TestCaseExecutor.java:418)
	at com.kms.katalon.core.main.TestCaseExecutor.accessMainPhase(TestCaseExecutor.java:410)
	at com.kms.katalon.core.main.TestCaseExecutor.execute(TestCaseExecutor.java:285)
	at com.kms.katalon.core.common.CommonExecutor.accessTestCaseMainPhase(CommonExecutor.java:65)
	at com.kms.katalon.core.main.TestSuiteExecutor.accessTestSuiteMainPhase(TestSuiteExecutor.java:148)
	at com.kms.katalon.core.main.TestSuiteExecutor.execute(TestSuiteExecutor.java:106)
	at com.kms.katalon.core.main.TestCaseMain.startTestSuite(TestCaseMain.java:180)
	at TempTestSuite1704709906086.run(TempTestSuite1704709906086.groovy:36)
	at java.base/jdk.internal.reflect.NativeMethodAccessorImpl.invoke0(Native Method)
	at java.base/jdk.internal.reflect.NativeMethodAccessorImpl.invoke(NativeMethodAccessorImpl.java:77)
	at java.base/jdk.internal.reflect.DelegatingMethodAccessorImpl.invoke(DelegatingMethodAccessorImpl.java:43)
Caused by: java.lang.IllegalArgumentException: Object is null
	at com.kms.katalon.core.helper.KeywordHelper.checkTestObjectParameter(KeywordHelper.java:33)
	at com.kms.katalon.core.webui.keyword.builtin.VerifyElementPresentKeyword$_verifyElementPresent_closure1.doCall(VerifyElementPresentKeyword.groovy:76)
	at com.kms.katalon.core.webui.keyword.builtin.VerifyElementPresentKeyword$_verifyElementPresent_closure1.call(VerifyElementPresentKeyword.groovy)
	at com.kms.katalon.core.webui.keyword.internal.WebUIKeywordMain.runKeyword(WebUIKeywordMain.groovy:20)
	... 20 more]]></system-err>
   </testsuite>
   <testsuite name="Data Entries and Pages Test Suite" tests="2" failures="1" errors="0" time="76.723" skipped="0" timestamp="08-01-2024T17:33:07" hostname="USER - DESKTOP-HLRVE9S" id="Test Suites/Create BE History Identity/Data Entries and Pages Test Suite">
      <properties>
         <property name="deviceName" value=""/>
         <property name="devicePlatform" value=""/>
         <property name="logFolder" value="C:\\Users\\USER\\git\\Kecilin-Automation-Test\\Reports\\20240108_173143\\Create BE History Identity\\Data Entries and Pages Test Suite\\20240108_173148"/>
         <property name="logFiles" value="C:\\Users\\USER\\git\\Kecilin-Automation-Test\\Reports\\20240108_173143\\Create BE History Identity\\Data Entries and Pages Test Suite\\20240108_173148\\execution0.log"/>
         <property name="attachments" value="C:\\Users\\USER\\git\\Kecilin-Automation-Test\\Reports\\20240108_173143\\Create BE History Identity\\Data Entries and Pages Test Suite\\20240108_173148\\1704710019649.png, C:\\Users\\USER\\git\\Kecilin-Automation-Test\\Reports\\20240108_173143\\Create BE History Identity\\Data Entries and Pages Test Suite\\20240108_173148\\1704710020008.png, C:\\Users\\USER\\git\\Kecilin-Automation-Test\\Reports\\20240108_173143\\Create BE History Identity\\Data Entries and Pages Test Suite\\20240108_173148\\1704710033680.png, C:\\Users\\USER\\git\\Kecilin-Automation-Test\\Reports\\20240108_173143\\Create BE History Identity\\Data Entries and Pages Test Suite\\20240108_173148\\1704710033978.png, C:\\Users\\USER\\git\\Kecilin-Automation-Test\\Reports\\20240108_173143\\Create BE History Identity\\Data Entries and Pages Test Suite\\20240108_173148\\1704710048322.png, C:\\Users\\USER\\git\\Kecilin-Automation-Test\\Reports\\20240108_173143\\Create BE History Identity\\Data Entries and Pages Test Suite\\20240108_173148\\1704710048612.png, C:\\Users\\USER\\git\\Kecilin-Automation-Test\\Reports\\20240108_173143\\Create BE History Identity\\Data Entries and Pages Test Suite\\20240108_173148\\1704710063270.png, C:\\Users\\USER\\git\\Kecilin-Automation-Test\\Reports\\20240108_173143\\Create BE History Identity\\Data Entries and Pages Test Suite\\20240108_173148\\1704710063555.png"/>
         <property name="hostName" value="USER - DESKTOP-HLRVE9S"/>
         <property name="os" value="Windows 10 64bit"/>
         <property name="katalonVersion" value="9.2.0.212"/>
         <property name="browser" value="Chrome 120.0.0.0"/>
         <property name="hostAddress" value="192.168.100.189"/>
         <property name="sessionId" value="cddb7e88c688f974a7cbf68e7f0e3efc"/>
         <property name="seleniumVersion" value="3.141.59"/>
         <property name="proxyInformation" value="ProxyInformation { proxyOption=NO_PROXY, proxyServerType=HTTP, username=, password=********, proxyServerAddress=, proxyServerPort=0, executionList=&quot;&quot;, isApplyToDesiredCapabilities=true }"/>
         <property name="platform" value="Windows 10"/>
      </properties>
      <testcase name="Test Cases/Offline PSSI Dashboard Function/Create BE History Identity/Data Entries and Pages/History Identity Entries and Pages/PSSIHistoryIdentityDataEntriesAndPages" time="18.279" classname="Test Cases/Offline PSSI Dashboard Function/Create BE History Identity/Data Entries and Pages/History Identity Entries and Pages/PSSIHistoryIdentityDataEntriesAndPages" status="PASSED">
         <system-out><![CDATA[08-01-2024T17:33:07 - [TEST_CASE][PASSED] - Test Cases/Offline PSSI Dashboard Function/Create BE History Identity/Data Entries and Pages/History Identity Entries and Pages/PSSIHistoryIdentityDataEntriesAndPages: Test Cases/Offline PSSI Dashboard Function/Create BE History Identity/Data Entries and Pages/History Identity Entries and Pages/PSSIHistoryIdentityDataEntriesAndPages

08-01-2024T17:33:07 - [TEST_STEP][PASSED] - baseUrl = offline_pssi_dashboard_url: null

08-01-2024T17:33:08 - [TEST_STEP][PASSED] - callTestCase(findTestCase("Offline PSSI Dashboard Function/Create BE History Identity/View History Identity/PSSIViewHistoryIdentityData"), [:]): Call Test Case 'Test Cases/Offline PSSI Dashboard Function/Create BE History Identity/View History Identity/PSSIViewHistoryIdentityData' successfully

08-01-2024T17:33:08 - [TEST_CASE][PASSED] - Test Cases/Offline PSSI Dashboard Function/Create BE History Identity/View History Identity/PSSIViewHistoryIdentityData: Test Cases/Offline PSSI Dashboard Function/Create BE History Identity/View History Identity/PSSIViewHistoryIdentityData

08-01-2024T17:33:09 - [TEST_STEP][PASSED] - baseUrl = offline_pssi_dashboard_url: null

08-01-2024T17:33:09 - [TEST_STEP][PASSED] - callTestCase(findTestCase("Offline PSSI Dashboard Function/Sign In/PSSISignInValidData"), [:]): Call Test Case 'Test Cases/Offline PSSI Dashboard Function/Sign In/PSSISignInValidData' successfully

08-01-2024T17:33:09 - [TEST_CASE][PASSED] - Test Cases/Offline PSSI Dashboard Function/Sign In/PSSISignInValidData: Test Cases/Offline PSSI Dashboard Function/Sign In/PSSISignInValidData

08-01-2024T17:33:09 - [TEST_STEP][PASSED] - failureHandling = STOP_ON_FAILURE: null

08-01-2024T17:33:09 - [TEST_STEP][PASSED] - baseUrl = offline_pssi_dashboard_url: null

08-01-2024T17:33:09 - [TEST_STEP][PASSED] - openBrowser(""): Browser is opened with url: ''

08-01-2024T17:33:09 - [MESSAGE][INFO] - Starting 'Chrome' driver

08-01-2024T17:33:09 - [MESSAGE][INFO] - Action delay is set to 0 milliseconds

08-01-2024T17:33:12 - [MESSAGE][PASSED] - Browser is opened with url: ''

08-01-2024T17:33:12 - [TEST_STEP][PASSED] - navigateToUrl(baseUrl): Navigate to 'https://monitoring.pssi-dev.kecilin.id' successfully

08-01-2024T17:33:13 - [MESSAGE][PASSED] - Navigate to 'https://monitoring.pssi-dev.kecilin.id' successfully

08-01-2024T17:33:13 - [TEST_STEP][PASSED] - maximizeWindow(): Current window maximized

08-01-2024T17:33:13 - [MESSAGE][PASSED] - Current window maximized

08-01-2024T17:33:13 - [TEST_STEP][PASSED] - setText(findTestObject("Object Repository/Page_Login/input_email"), "superadmin@app.com"): Text 'superadmin@app.com' is set on object 'Object Repository/Page_Login/input_email'

08-01-2024T17:33:14 - [MESSAGE][PASSED] - Text 'superadmin@app.com' is set on object 'Object Repository/Page_Login/input_email'

08-01-2024T17:33:14 - [TEST_STEP][PASSED] - setEncryptedText(findTestObject("Object Repository/Page_Login/input_password"), "8SQVv/p9jVScEs4/2CZsLw=="): Text ****** has been set on object 'Object Repository/Page_Login/input_password'

08-01-2024T17:33:15 - [MESSAGE][PASSED] - Text ****** has been set on object 'Object Repository/Page_Login/input_password'

08-01-2024T17:33:15 - [TEST_STEP][PASSED] - click(findTestObject("Object Repository/Page_Login/button_Sign In")): Object: 'Object Repository/Page_Login/button_Sign In' is clicked on

08-01-2024T17:33:16 - [MESSAGE][PASSED] - Object: 'Object Repository/Page_Login/button_Sign In' is clicked on

08-01-2024T17:33:16 - [MESSAGE][PASSED] - Call Test Case 'Test Cases/Offline PSSI Dashboard Function/Sign In/PSSISignInValidData' successfully

08-01-2024T17:33:16 - [TEST_STEP][PASSED] - navigateToUrl(baseUrl + "/history_identity"): Navigate to 'https://monitoring.pssi-dev.kecilin.id/history_identity' successfully

08-01-2024T17:33:17 - [MESSAGE][PASSED] - Navigate to 'https://monitoring.pssi-dev.kecilin.id/history_identity' successfully

08-01-2024T17:33:17 - [MESSAGE][PASSED] - Call Test Case 'Test Cases/Offline PSSI Dashboard Function/Create BE History Identity/View History Identity/PSSIViewHistoryIdentityData' successfully

08-01-2024T17:33:17 - [TEST_STEP][PASSED] - verifyElementClickable(findTestObject("Object Repository/Page_CCTV/Data Entries Option")): Object 'Object Repository/Page_CCTV/Data Entries Option' is clickable

08-01-2024T17:33:18 - [MESSAGE][PASSED] - Object 'Object Repository/Page_CCTV/Data Entries Option' is clickable

08-01-2024T17:33:18 - [TEST_STEP][PASSED] - selectOptionByValue(findTestObject("Object Repository/Page_CCTV/Data Entries Option"), "100", true): All options with value '100' are selected in object 'Object Repository/Page_CCTV/Data Entries Option'  using regular expression

08-01-2024T17:33:19 - [MESSAGE][PASSED] - All options with value '100' are selected in object 'Object Repository/Page_CCTV/Data Entries Option'  using regular expression

08-01-2024T17:33:19 - [TEST_STEP][PASSED] - scrollToElement(findTestObject("Page_CCTV/page 1"), 1): Scroll to object 'Object Repository/Page_CCTV/page 1' successfully

08-01-2024T17:33:20 - [MESSAGE][PASSED] - Scroll to object 'Object Repository/Page_CCTV/page 1' successfully

08-01-2024T17:33:20 - [TEST_STEP][PASSED] - page1Object = findTestObject("Object Repository/Page_CCTV/page 1"): null

08-01-2024T17:33:20 - [TEST_STEP][PASSED] - page1Object.addProperty("css", EQUALS, "li.paginate_button.page-item.active > a.page-link"): null

08-01-2024T17:33:20 - [TEST_STEP][PASSED] - verifyElementPresent(page1Object, 3): Object 'Object Repository/Page_CCTV/page 1' is present

08-01-2024T17:33:20 - [MESSAGE][PASSED] - Object 'Object Repository/Page_CCTV/page 1' is present

08-01-2024T17:33:20 - [TEST_STEP][PASSED] - scrollToElement(findTestObject("Page_CCTV//Data Entries Option"), 1): Scroll to object 'Object Repository/Page_CCTV//Data Entries Option' successfully

08-01-2024T17:33:21 - [MESSAGE][PASSED] - Scroll to object 'Object Repository/Page_CCTV//Data Entries Option' successfully

08-01-2024T17:33:21 - [TEST_STEP][PASSED] - verifyElementClickable(findTestObject("Object Repository/Page_CCTV/Data Entries Option")): Object 'Object Repository/Page_CCTV/Data Entries Option' is clickable

08-01-2024T17:33:21 - [MESSAGE][PASSED] - Object 'Object Repository/Page_CCTV/Data Entries Option' is clickable

08-01-2024T17:33:21 - [TEST_STEP][PASSED] - selectOptionByValue(findTestObject("Object Repository/Page_CCTV/Data Entries Option"), "25", true): All options with value '25' are selected in object 'Object Repository/Page_CCTV/Data Entries Option'  using regular expression

08-01-2024T17:33:22 - [MESSAGE][PASSED] - All options with value '25' are selected in object 'Object Repository/Page_CCTV/Data Entries Option'  using regular expression

08-01-2024T17:33:22 - [TEST_STEP][PASSED] - scrollToElement(findTestObject("Page_CCTV/page 2"), 1): Scroll to object 'Object Repository/Page_CCTV/page 2' successfully

08-01-2024T17:33:23 - [MESSAGE][PASSED] - Scroll to object 'Object Repository/Page_CCTV/page 2' successfully

08-01-2024T17:33:23 - [TEST_STEP][PASSED] - click(findTestObject("Object Repository/Page_CCTV/page 2")): Object: 'Object Repository/Page_CCTV/page 2' is clicked on

08-01-2024T17:33:23 - [MESSAGE][PASSED] - Object: 'Object Repository/Page_CCTV/page 2' is clicked on

08-01-2024T17:33:23 - [TEST_STEP][PASSED] - page2Object = findTestObject("Object Repository/Page_CCTV/page 2"): null

08-01-2024T17:33:24 - [TEST_STEP][PASSED] - page2Object.addProperty("css", EQUALS, "li.paginate_button.page-item.active > a.page-link"): null

08-01-2024T17:33:24 - [TEST_STEP][PASSED] - verifyElementPresent(page2Object, 3): Object 'Object Repository/Page_CCTV/page 2' is present

08-01-2024T17:33:25 - [MESSAGE][PASSED] - Object 'Object Repository/Page_CCTV/page 2' is present

08-01-2024T17:33:25 - [TEST_STEP][PASSED] - closeBrowser(): Browser is closed

08-01-2024T17:33:25 - [MESSAGE][PASSED] - Browser is closed]]></system-out>
         <system-err><![CDATA[]]></system-err>
      </testcase>
      <testcase name="Test Cases/Offline PSSI Dashboard Function/Create BE History Identity/Data Entries and Pages/History Identity Entries and Pages/PSSIIdentityDetailEntriesAndPages" time="14.927" classname="Test Cases/Offline PSSI Dashboard Function/Create BE History Identity/Data Entries and Pages/History Identity Entries and Pages/PSSIIdentityDetailEntriesAndPages" status="FAILED">
         <failure type="FAILED" message="Test Cases/Offline PSSI Dashboard Function/Create BE History Identity/Data Entries and Pages/History Identity Entries and Pages/PSSIIdentityDetailEntriesAndPages FAILED.&#xa;Reason:&#xa;com.kms.katalon.core.exception.StepFailedException: Unable to verify object 'Object Repository/Page_CCTV/Data Entries Option' to be clickable&#xa;	at com.kms.katalon.core.webui.keyword.internal.WebUIKeywordMain.stepFailed(WebUIKeywordMain.groovy:64)&#xa;	at com.kms.katalon.core.webui.keyword.internal.WebUIKeywordMain.runKeyword(WebUIKeywordMain.groovy:26)&#xa;	at com.kms.katalon.core.webui.keyword.builtin.VerifyElementClickableKeyword.verifyElementClickable(VerifyElementClickableKeyword.groovy:96)&#xa;	at com.kms.katalon.core.webui.keyword.builtin.VerifyElementClickableKeyword.execute(VerifyElementClickableKeyword.groovy:67)&#xa;	at com.kms.katalon.core.keyword.internal.KeywordExecutor.executeKeywordForPlatform(KeywordExecutor.groovy:74)&#xa;	at com.kms.katalon.core.webui.keyword.WebUiBuiltInKeywords.verifyElementClickable(WebUiBuiltInKeywords.groovy:605)&#xa;	at PSSIIdentityDetailEntriesAndPages.run(PSSIIdentityDetailEntriesAndPages:28)&#xa;	at com.kms.katalon.core.main.ScriptEngine.run(ScriptEngine.java:194)&#xa;	at com.kms.katalon.core.main.ScriptEngine.runScriptAsRawText(ScriptEngine.java:119)&#xa;	at com.kms.katalon.core.main.TestCaseExecutor.runScript(TestCaseExecutor.java:448)&#xa;	at com.kms.katalon.core.main.TestCaseExecutor.doExecute(TestCaseExecutor.java:439)&#xa;	at com.kms.katalon.core.main.TestCaseExecutor.processExecutionPhase(TestCaseExecutor.java:418)&#xa;	at com.kms.katalon.core.main.TestCaseExecutor.accessMainPhase(TestCaseExecutor.java:410)&#xa;	at com.kms.katalon.core.main.TestCaseExecutor.execute(TestCaseExecutor.java:285)&#xa;	at com.kms.katalon.core.main.TestCaseExecutor.execute(TestCaseExecutor.java:369)&#xa;	at com.kms.katalon.core.main.TestCaseExecutor.execute(TestCaseExecutor.java:369)&#xa;	at com.kms.katalon.core.main.TestCaseExecutor.execute(TestCaseExecutor.java:369)&#xa;	at com.kms.katalon.core.common.CommonExecutor.accessTestCaseMainPhase(CommonExecutor.java:65)&#xa;	at com.kms.katalon.core.main.TestSuiteExecutor.accessTestSuiteMainPhase(TestSuiteExecutor.java:148)&#xa;	at com.kms.katalon.core.main.TestSuiteExecutor.execute(TestSuiteExecutor.java:106)&#xa;	at com.kms.katalon.core.main.TestCaseMain.startTestSuite(TestCaseMain.java:180)&#xa;	at TempTestSuite1704709908190.run(TempTestSuite1704709908190.groovy:36)&#xa;	at java.base/jdk.internal.reflect.NativeMethodAccessorImpl.invoke0(Native Method)&#xa;	at java.base/jdk.internal.reflect.NativeMethodAccessorImpl.invoke(NativeMethodAccessorImpl.java:77)&#xa;	at java.base/jdk.internal.reflect.DelegatingMethodAccessorImpl.invoke(DelegatingMethodAccessorImpl.java:43)&#xa;Caused by: com.kms.katalon.core.exception.StepFailedException: Web element with id: 'Object Repository/Page_CCTV/Data Entries Option' located by '//select[@name='table_data_length']' not found&#xa;	at com.kms.katalon.core.webui.keyword.internal.WebUIKeywordMain.stepFailed(WebUIKeywordMain.groovy:64)&#xa;	at com.kms.katalon.core.webui.keyword.builtin.VerifyElementClickableKeyword$_verifyElementClickable_closure1.doCall(VerifyElementClickableKeyword.groovy:88)&#xa;	at com.kms.katalon.core.webui.keyword.builtin.VerifyElementClickableKeyword$_verifyElementClickable_closure1.call(VerifyElementClickableKeyword.groovy)&#xa;	at com.kms.katalon.core.webui.keyword.internal.WebUIKeywordMain.runKeyword(WebUIKeywordMain.groovy:20)&#xa;	... 23 more&#xa;"/>
         <system-out><![CDATA[08-01-2024T17:34:08 - [TEST_CASE][FAILED] - Test Cases/Offline PSSI Dashboard Function/Create BE History Identity/Data Entries and Pages/History Identity Entries and Pages/PSSIIdentityDetailEntriesAndPages: Test Cases/Offline PSSI Dashboard Function/Create BE History Identity/Data Entries and Pages/History Identity Entries and Pages/PSSIIdentityDetailEntriesAndPages FAILED.
Reason:
com.kms.katalon.core.exception.StepFailedException: Unable to verify object 'Object Repository/Page_CCTV/Data Entries Option' to be clickable
	at com.kms.katalon.core.webui.keyword.internal.WebUIKeywordMain.stepFailed(WebUIKeywordMain.groovy:64)
	at com.kms.katalon.core.webui.keyword.internal.WebUIKeywordMain.runKeyword(WebUIKeywordMain.groovy:26)
	at com.kms.katalon.core.webui.keyword.builtin.VerifyElementClickableKeyword.verifyElementClickable(VerifyElementClickableKeyword.groovy:96)
	at com.kms.katalon.core.webui.keyword.builtin.VerifyElementClickableKeyword.execute(VerifyElementClickableKeyword.groovy:67)
	at com.kms.katalon.core.keyword.internal.KeywordExecutor.executeKeywordForPlatform(KeywordExecutor.groovy:74)
	at com.kms.katalon.core.webui.keyword.WebUiBuiltInKeywords.verifyElementClickable(WebUiBuiltInKeywords.groovy:605)
	at PSSIIdentityDetailEntriesAndPages.run(PSSIIdentityDetailEntriesAndPages:28)
	at com.kms.katalon.core.main.ScriptEngine.run(ScriptEngine.java:194)
	at com.kms.katalon.core.main.ScriptEngine.runScriptAsRawText(ScriptEngine.java:119)
	at com.kms.katalon.core.main.TestCaseExecutor.runScript(TestCaseExecutor.java:448)
	at com.kms.katalon.core.main.TestCaseExecutor.doExecute(TestCaseExecutor.java:439)
	at com.kms.katalon.core.main.TestCaseExecutor.processExecutionPhase(TestCaseExecutor.java:418)
	at com.kms.katalon.core.main.TestCaseExecutor.accessMainPhase(TestCaseExecutor.java:410)
	at com.kms.katalon.core.main.TestCaseExecutor.execute(TestCaseExecutor.java:285)
	at com.kms.katalon.core.main.TestCaseExecutor.execute(TestCaseExecutor.java:369)
	at com.kms.katalon.core.main.TestCaseExecutor.execute(TestCaseExecutor.java:369)
	at com.kms.katalon.core.main.TestCaseExecutor.execute(TestCaseExecutor.java:369)
	at com.kms.katalon.core.common.CommonExecutor.accessTestCaseMainPhase(CommonExecutor.java:65)
	at com.kms.katalon.core.main.TestSuiteExecutor.accessTestSuiteMainPhase(TestSuiteExecutor.java:148)
	at com.kms.katalon.core.main.TestSuiteExecutor.execute(TestSuiteExecutor.java:106)
	at com.kms.katalon.core.main.TestCaseMain.startTestSuite(TestCaseMain.java:180)
	at TempTestSuite1704709908190.run(TempTestSuite1704709908190.groovy:36)
	at java.base/jdk.internal.reflect.NativeMethodAccessorImpl.invoke0(Native Method)
	at java.base/jdk.internal.reflect.NativeMethodAccessorImpl.invoke(NativeMethodAccessorImpl.java:77)
	at java.base/jdk.internal.reflect.DelegatingMethodAccessorImpl.invoke(DelegatingMethodAccessorImpl.java:43)
Caused by: com.kms.katalon.core.exception.StepFailedException: Web element with id: 'Object Repository/Page_CCTV/Data Entries Option' located by '//select[@name='table_data_length']' not found
	at com.kms.katalon.core.webui.keyword.internal.WebUIKeywordMain.stepFailed(WebUIKeywordMain.groovy:64)
	at com.kms.katalon.core.webui.keyword.builtin.VerifyElementClickableKeyword$_verifyElementClickable_closure1.doCall(VerifyElementClickableKeyword.groovy:88)
	at com.kms.katalon.core.webui.keyword.builtin.VerifyElementClickableKeyword$_verifyElementClickable_closure1.call(VerifyElementClickableKeyword.groovy)
	at com.kms.katalon.core.webui.keyword.internal.WebUIKeywordMain.runKeyword(WebUIKeywordMain.groovy:20)
	... 23 more


08-01-2024T17:34:08 - [TEST_STEP][PASSED] - baseUrl = offline_pssi_dashboard_url: null

08-01-2024T17:34:08 - [TEST_STEP][PASSED] - callTestCase(findTestCase("Offline PSSI Dashboard Function/Create BE History Identity/Detail Identity/PSSIViewIdentityDetail"), [:]): Call Test Case 'Test Cases/Offline PSSI Dashboard Function/Create BE History Identity/Detail Identity/PSSIViewIdentityDetail' successfully

08-01-2024T17:34:09 - [TEST_CASE][PASSED] - Test Cases/Offline PSSI Dashboard Function/Create BE History Identity/Detail Identity/PSSIViewIdentityDetail: Test Cases/Offline PSSI Dashboard Function/Create BE History Identity/Detail Identity/PSSIViewIdentityDetail

08-01-2024T17:34:09 - [TEST_STEP][PASSED] - baseUrl = offline_pssi_dashboard_url: null

08-01-2024T17:34:09 - [TEST_STEP][PASSED] - callTestCase(findTestCase("Offline PSSI Dashboard Function/Create BE History Identity/View History Identity/PSSIViewHistoryIdentityData"), [:]): Call Test Case 'Test Cases/Offline PSSI Dashboard Function/Create BE History Identity/View History Identity/PSSIViewHistoryIdentityData' successfully

08-01-2024T17:34:09 - [TEST_CASE][PASSED] - Test Cases/Offline PSSI Dashboard Function/Create BE History Identity/View History Identity/PSSIViewHistoryIdentityData: Test Cases/Offline PSSI Dashboard Function/Create BE History Identity/View History Identity/PSSIViewHistoryIdentityData

08-01-2024T17:34:09 - [TEST_STEP][PASSED] - baseUrl = offline_pssi_dashboard_url: null

08-01-2024T17:34:09 - [TEST_STEP][PASSED] - callTestCase(findTestCase("Offline PSSI Dashboard Function/Sign In/PSSISignInValidData"), [:]): Call Test Case 'Test Cases/Offline PSSI Dashboard Function/Sign In/PSSISignInValidData' successfully

08-01-2024T17:34:09 - [TEST_CASE][PASSED] - Test Cases/Offline PSSI Dashboard Function/Sign In/PSSISignInValidData: Test Cases/Offline PSSI Dashboard Function/Sign In/PSSISignInValidData

08-01-2024T17:34:09 - [TEST_STEP][PASSED] - failureHandling = STOP_ON_FAILURE: null

08-01-2024T17:34:09 - [TEST_STEP][PASSED] - baseUrl = offline_pssi_dashboard_url: null

08-01-2024T17:34:09 - [TEST_STEP][PASSED] - openBrowser(""): Browser is opened with url: ''

08-01-2024T17:34:09 - [MESSAGE][WARNING] - A browser is already opened. Closing browser and opening a new one

08-01-2024T17:34:10 - [MESSAGE][INFO] - Starting 'Chrome' driver

08-01-2024T17:34:10 - [MESSAGE][INFO] - Action delay is set to 0 milliseconds

08-01-2024T17:34:11 - [MESSAGE][PASSED] - Browser is opened with url: ''

08-01-2024T17:34:11 - [TEST_STEP][PASSED] - navigateToUrl(baseUrl): Navigate to 'https://monitoring.pssi-dev.kecilin.id' successfully

08-01-2024T17:34:12 - [MESSAGE][PASSED] - Navigate to 'https://monitoring.pssi-dev.kecilin.id' successfully

08-01-2024T17:34:12 - [TEST_STEP][PASSED] - maximizeWindow(): Current window maximized

08-01-2024T17:34:13 - [MESSAGE][PASSED] - Current window maximized

08-01-2024T17:34:13 - [TEST_STEP][PASSED] - setText(findTestObject("Object Repository/Page_Login/input_email"), "superadmin@app.com"): Text 'superadmin@app.com' is set on object 'Object Repository/Page_Login/input_email'

08-01-2024T17:34:13 - [MESSAGE][PASSED] - Text 'superadmin@app.com' is set on object 'Object Repository/Page_Login/input_email'

08-01-2024T17:34:13 - [TEST_STEP][PASSED] - setEncryptedText(findTestObject("Object Repository/Page_Login/input_password"), "8SQVv/p9jVScEs4/2CZsLw=="): Text ****** has been set on object 'Object Repository/Page_Login/input_password'

08-01-2024T17:34:14 - [MESSAGE][PASSED] - Text ****** has been set on object 'Object Repository/Page_Login/input_password'

08-01-2024T17:34:14 - [TEST_STEP][PASSED] - click(findTestObject("Object Repository/Page_Login/button_Sign In")): Object: 'Object Repository/Page_Login/button_Sign In' is clicked on

08-01-2024T17:34:16 - [MESSAGE][PASSED] - Object: 'Object Repository/Page_Login/button_Sign In' is clicked on

08-01-2024T17:34:16 - [MESSAGE][PASSED] - Call Test Case 'Test Cases/Offline PSSI Dashboard Function/Sign In/PSSISignInValidData' successfully

08-01-2024T17:34:16 - [TEST_STEP][PASSED] - navigateToUrl(baseUrl + "/history_identity"): Navigate to 'https://monitoring.pssi-dev.kecilin.id/history_identity' successfully

08-01-2024T17:34:16 - [MESSAGE][PASSED] - Navigate to 'https://monitoring.pssi-dev.kecilin.id/history_identity' successfully

08-01-2024T17:34:16 - [MESSAGE][PASSED] - Call Test Case 'Test Cases/Offline PSSI Dashboard Function/Create BE History Identity/View History Identity/PSSIViewHistoryIdentityData' successfully

08-01-2024T17:34:16 - [TEST_STEP][PASSED] - navigateToUrl(baseUrl + "/monitoring/result/6549de591c277f653708b3b7"): Navigate to 'https://monitoring.pssi-dev.kecilin.id/monitoring/result/6549de591c277f653708b3b7' successfully

08-01-2024T17:34:17 - [MESSAGE][PASSED] - Navigate to 'https://monitoring.pssi-dev.kecilin.id/monitoring/result/6549de591c277f653708b3b7' successfully

08-01-2024T17:34:17 - [MESSAGE][PASSED] - Call Test Case 'Test Cases/Offline PSSI Dashboard Function/Create BE History Identity/Detail Identity/PSSIViewIdentityDetail' successfully

08-01-2024T17:34:17 - [TEST_STEP][FAILED] - verifyElementClickable(findTestObject("Object Repository/Page_CCTV/Data Entries Option")): Unable to verify object 'Object Repository/Page_CCTV/Data Entries Option' to be clickable (Root cause: com.kms.katalon.core.exception.StepFailedException: Unable to verify object 'Object Repository/Page_CCTV/Data Entries Option' to be clickable
	at com.kms.katalon.core.webui.keyword.internal.WebUIKeywordMain.stepFailed(WebUIKeywordMain.groovy:64)
	at com.kms.katalon.core.webui.keyword.internal.WebUIKeywordMain.runKeyword(WebUIKeywordMain.groovy:26)
	at com.kms.katalon.core.webui.keyword.builtin.VerifyElementClickableKeyword.verifyElementClickable(VerifyElementClickableKeyword.groovy:96)
	at com.kms.katalon.core.webui.keyword.builtin.VerifyElementClickableKeyword.execute(VerifyElementClickableKeyword.groovy:67)
	at com.kms.katalon.core.keyword.internal.KeywordExecutor.executeKeywordForPlatform(KeywordExecutor.groovy:74)
	at com.kms.katalon.core.webui.keyword.WebUiBuiltInKeywords.verifyElementClickable(WebUiBuiltInKeywords.groovy:605)
	at PSSIIdentityDetailEntriesAndPages.run(PSSIIdentityDetailEntriesAndPages:28)
	at com.kms.katalon.core.main.ScriptEngine.run(ScriptEngine.java:194)
	at com.kms.katalon.core.main.ScriptEngine.runScriptAsRawText(ScriptEngine.java:119)
	at com.kms.katalon.core.main.TestCaseExecutor.runScript(TestCaseExecutor.java:448)
	at com.kms.katalon.core.main.TestCaseExecutor.doExecute(TestCaseExecutor.java:439)
	at com.kms.katalon.core.main.TestCaseExecutor.processExecutionPhase(TestCaseExecutor.java:418)
	at com.kms.katalon.core.main.TestCaseExecutor.accessMainPhase(TestCaseExecutor.java:410)
	at com.kms.katalon.core.main.TestCaseExecutor.execute(TestCaseExecutor.java:285)
	at com.kms.katalon.core.main.TestCaseExecutor.execute(TestCaseExecutor.java:369)
	at com.kms.katalon.core.main.TestCaseExecutor.execute(TestCaseExecutor.java:369)
	at com.kms.katalon.core.main.TestCaseExecutor.execute(TestCaseExecutor.java:369)
	at com.kms.katalon.core.common.CommonExecutor.accessTestCaseMainPhase(CommonExecutor.java:65)
	at com.kms.katalon.core.main.TestSuiteExecutor.accessTestSuiteMainPhase(TestSuiteExecutor.java:148)
	at com.kms.katalon.core.main.TestSuiteExecutor.execute(TestSuiteExecutor.java:106)
	at com.kms.katalon.core.main.TestCaseMain.startTestSuite(TestCaseMain.java:180)
	at TempTestSuite1704709908190.run(TempTestSuite1704709908190.groovy:36)
	at java.base/jdk.internal.reflect.NativeMethodAccessorImpl.invoke0(Native Method)
	at java.base/jdk.internal.reflect.NativeMethodAccessorImpl.invoke(NativeMethodAccessorImpl.java:77)
	at java.base/jdk.internal.reflect.DelegatingMethodAccessorImpl.invoke(DelegatingMethodAccessorImpl.java:43)
Caused by: com.kms.katalon.core.exception.StepFailedException: Web element with id: 'Object Repository/Page_CCTV/Data Entries Option' located by '//select[@name='table_data_length']' not found
	at com.kms.katalon.core.webui.keyword.internal.WebUIKeywordMain.stepFailed(WebUIKeywordMain.groovy:64)
	at com.kms.katalon.core.webui.keyword.builtin.VerifyElementClickableKeyword$_verifyElementClickable_closure1.doCall(VerifyElementClickableKeyword.groovy:88)
	at com.kms.katalon.core.webui.keyword.builtin.VerifyElementClickableKeyword$_verifyElementClickable_closure1.call(VerifyElementClickableKeyword.groovy)
	at com.kms.katalon.core.webui.keyword.internal.WebUIKeywordMain.runKeyword(WebUIKeywordMain.groovy:20)
	... 23 more
)

08-01-2024T17:34:19 - [MESSAGE][INFO] - Unable to find the element located by 'By.xpath: //select[@name='table_data_length']'. Please recheck the objects properties to make sure the desired element is located. 

08-01-2024T17:34:19 - [MESSAGE][WARNING] - [SELF-HEALING] Failed to find element with id 'Object Repository/Page_CCTV/Data Entries Option'. Try using Self-healing.

08-01-2024T17:34:20 - [MESSAGE][INFO] - [SELF-HEALING] Failed Locator: '//select[@name='table_data_length']'.

08-01-2024T17:34:20 - [MESSAGE][INFO] - [SELF-HEALING] Failed Locator: '//div[@id='table_data_length']/label/select'.

08-01-2024T17:34:20 - [MESSAGE][INFO] - [SELF-HEALING] Failed Locator: '//select'.

08-01-2024T17:34:21 - [MESSAGE][INFO] - [SELF-HEALING] Failed Locator: '//select[@name = 'table_data_length' and (text() = '102550100' or . = '102550100')]'.

08-01-2024T17:34:22 - [MESSAGE][INFO] - Unable to find the element located by 'By.xpath: //*[@name = 'table_data_length' and (text() = '102550100' or . = '102550100')]'. Please recheck the objects properties to make sure the desired element is located. 

08-01-2024T17:34:23 - [MESSAGE][INFO] - Unable to find the element located by 'By.cssSelector: select[name="table_data_length"]'. Please recheck the objects properties to make sure the desired element is located. 

08-01-2024T17:34:23 - [MESSAGE][FAILED] - Web element with id: 'Object Repository/Page_CCTV/Data Entries Option' located by '//select[@name='table_data_length']' not found (Root cause: com.kms.katalon.core.exception.StepFailedException: Web element with id: 'Object Repository/Page_CCTV/Data Entries Option' located by '//select[@name='table_data_length']' not found
	at com.kms.katalon.core.webui.keyword.internal.WebUIKeywordMain.stepFailed(WebUIKeywordMain.groovy:64)
	at com.kms.katalon.core.webui.keyword.builtin.VerifyElementClickableKeyword$_verifyElementClickable_closure1.doCall(VerifyElementClickableKeyword.groovy:88)
	at com.kms.katalon.core.webui.keyword.builtin.VerifyElementClickableKeyword$_verifyElementClickable_closure1.call(VerifyElementClickableKeyword.groovy)
	at com.kms.katalon.core.webui.keyword.internal.WebUIKeywordMain.runKeyword(WebUIKeywordMain.groovy:20)
	at com.kms.katalon.core.webui.keyword.builtin.VerifyElementClickableKeyword.verifyElementClickable(VerifyElementClickableKeyword.groovy:96)
	at com.kms.katalon.core.webui.keyword.builtin.VerifyElementClickableKeyword.execute(VerifyElementClickableKeyword.groovy:67)
	at com.kms.katalon.core.keyword.internal.KeywordExecutor.executeKeywordForPlatform(KeywordExecutor.groovy:74)
	at com.kms.katalon.core.webui.keyword.WebUiBuiltInKeywords.verifyElementClickable(WebUiBuiltInKeywords.groovy:605)
	at PSSIIdentityDetailEntriesAndPages.run(PSSIIdentityDetailEntriesAndPages:28)
	at com.kms.katalon.core.main.ScriptEngine.run(ScriptEngine.java:194)
	at com.kms.katalon.core.main.ScriptEngine.runScriptAsRawText(ScriptEngine.java:119)
	at com.kms.katalon.core.main.TestCaseExecutor.runScript(TestCaseExecutor.java:448)
	at com.kms.katalon.core.main.TestCaseExecutor.doExecute(TestCaseExecutor.java:439)
	at com.kms.katalon.core.main.TestCaseExecutor.processExecutionPhase(TestCaseExecutor.java:418)
	at com.kms.katalon.core.main.TestCaseExecutor.accessMainPhase(TestCaseExecutor.java:410)
	at com.kms.katalon.core.main.TestCaseExecutor.execute(TestCaseExecutor.java:285)
	at com.kms.katalon.core.main.TestCaseExecutor.execute(TestCaseExecutor.java:369)
	at com.kms.katalon.core.main.TestCaseExecutor.execute(TestCaseExecutor.java:369)
	at com.kms.katalon.core.main.TestCaseExecutor.execute(TestCaseExecutor.java:369)
	at com.kms.katalon.core.common.CommonExecutor.accessTestCaseMainPhase(CommonExecutor.java:65)
	at com.kms.katalon.core.main.TestSuiteExecutor.accessTestSuiteMainPhase(TestSuiteExecutor.java:148)
	at com.kms.katalon.core.main.TestSuiteExecutor.execute(TestSuiteExecutor.java:106)
	at com.kms.katalon.core.main.TestCaseMain.startTestSuite(TestCaseMain.java:180)
	at TempTestSuite1704709908190.run(TempTestSuite1704709908190.groovy:36)
	at java.base/jdk.internal.reflect.NativeMethodAccessorImpl.invoke0(Native Method)
	at java.base/jdk.internal.reflect.NativeMethodAccessorImpl.invoke(NativeMethodAccessorImpl.java:77)
	at java.base/jdk.internal.reflect.DelegatingMethodAccessorImpl.invoke(DelegatingMethodAccessorImpl.java:43)
)
[[ATTACHMENT|C:\\Users\\USER\\git\\Kecilin-Automation-Test\\Reports\\20240108_173143\\Create BE History Identity\\Data Entries and Pages Test Suite\\20240108_173148\\1704710063270.png]]

08-01-2024T17:34:23 - [MESSAGE][FAILED] - Unable to verify object 'Object Repository/Page_CCTV/Data Entries Option' to be clickable (Root cause: com.kms.katalon.core.exception.StepFailedException: Unable to verify object 'Object Repository/Page_CCTV/Data Entries Option' to be clickable
	at com.kms.katalon.core.webui.keyword.internal.WebUIKeywordMain.stepFailed(WebUIKeywordMain.groovy:64)
	at com.kms.katalon.core.webui.keyword.internal.WebUIKeywordMain.runKeyword(WebUIKeywordMain.groovy:26)
	at com.kms.katalon.core.webui.keyword.builtin.VerifyElementClickableKeyword.verifyElementClickable(VerifyElementClickableKeyword.groovy:96)
	at com.kms.katalon.core.webui.keyword.builtin.VerifyElementClickableKeyword.execute(VerifyElementClickableKeyword.groovy:67)
	at com.kms.katalon.core.keyword.internal.KeywordExecutor.executeKeywordForPlatform(KeywordExecutor.groovy:74)
	at com.kms.katalon.core.webui.keyword.WebUiBuiltInKeywords.verifyElementClickable(WebUiBuiltInKeywords.groovy:605)
	at PSSIIdentityDetailEntriesAndPages.run(PSSIIdentityDetailEntriesAndPages:28)
	at com.kms.katalon.core.main.ScriptEngine.run(ScriptEngine.java:194)
	at com.kms.katalon.core.main.ScriptEngine.runScriptAsRawText(ScriptEngine.java:119)
	at com.kms.katalon.core.main.TestCaseExecutor.runScript(TestCaseExecutor.java:448)
	at com.kms.katalon.core.main.TestCaseExecutor.doExecute(TestCaseExecutor.java:439)
	at com.kms.katalon.core.main.TestCaseExecutor.processExecutionPhase(TestCaseExecutor.java:418)
	at com.kms.katalon.core.main.TestCaseExecutor.accessMainPhase(TestCaseExecutor.java:410)
	at com.kms.katalon.core.main.TestCaseExecutor.execute(TestCaseExecutor.java:285)
	at com.kms.katalon.core.main.TestCaseExecutor.execute(TestCaseExecutor.java:369)
	at com.kms.katalon.core.main.TestCaseExecutor.execute(TestCaseExecutor.java:369)
	at com.kms.katalon.core.main.TestCaseExecutor.execute(TestCaseExecutor.java:369)
	at com.kms.katalon.core.common.CommonExecutor.accessTestCaseMainPhase(CommonExecutor.java:65)
	at com.kms.katalon.core.main.TestSuiteExecutor.accessTestSuiteMainPhase(TestSuiteExecutor.java:148)
	at com.kms.katalon.core.main.TestSuiteExecutor.execute(TestSuiteExecutor.java:106)
	at com.kms.katalon.core.main.TestCaseMain.startTestSuite(TestCaseMain.java:180)
	at TempTestSuite1704709908190.run(TempTestSuite1704709908190.groovy:36)
	at java.base/jdk.internal.reflect.NativeMethodAccessorImpl.invoke0(Native Method)
	at java.base/jdk.internal.reflect.NativeMethodAccessorImpl.invoke(NativeMethodAccessorImpl.java:77)
	at java.base/jdk.internal.reflect.DelegatingMethodAccessorImpl.invoke(DelegatingMethodAccessorImpl.java:43)
Caused by: com.kms.katalon.core.exception.StepFailedException: Web element with id: 'Object Repository/Page_CCTV/Data Entries Option' located by '//select[@name='table_data_length']' not found
	at com.kms.katalon.core.webui.keyword.internal.WebUIKeywordMain.stepFailed(WebUIKeywordMain.groovy:64)
	at com.kms.katalon.core.webui.keyword.builtin.VerifyElementClickableKeyword$_verifyElementClickable_closure1.doCall(VerifyElementClickableKeyword.groovy:88)
	at com.kms.katalon.core.webui.keyword.builtin.VerifyElementClickableKeyword$_verifyElementClickable_closure1.call(VerifyElementClickableKeyword.groovy)
	at com.kms.katalon.core.webui.keyword.internal.WebUIKeywordMain.runKeyword(WebUIKeywordMain.groovy:20)
	... 23 more
)
[[ATTACHMENT|C:\\Users\\USER\\git\\Kecilin-Automation-Test\\Reports\\20240108_173143\\Create BE History Identity\\Data Entries and Pages Test Suite\\20240108_173148\\1704710063555.png]]]]></system-out>
         <system-err><![CDATA[08-01-2024T17:34:08 - [TEST_CASE][FAILED] - Test Cases/Offline PSSI Dashboard Function/Create BE History Identity/Data Entries and Pages/History Identity Entries and Pages/PSSIIdentityDetailEntriesAndPages: Test Cases/Offline PSSI Dashboard Function/Create BE History Identity/Data Entries and Pages/History Identity Entries and Pages/PSSIIdentityDetailEntriesAndPages FAILED.
Reason:
com.kms.katalon.core.exception.StepFailedException: Unable to verify object 'Object Repository/Page_CCTV/Data Entries Option' to be clickable
	at com.kms.katalon.core.webui.keyword.internal.WebUIKeywordMain.stepFailed(WebUIKeywordMain.groovy:64)
	at com.kms.katalon.core.webui.keyword.internal.WebUIKeywordMain.runKeyword(WebUIKeywordMain.groovy:26)
	at com.kms.katalon.core.webui.keyword.builtin.VerifyElementClickableKeyword.verifyElementClickable(VerifyElementClickableKeyword.groovy:96)
	at com.kms.katalon.core.webui.keyword.builtin.VerifyElementClickableKeyword.execute(VerifyElementClickableKeyword.groovy:67)
	at com.kms.katalon.core.keyword.internal.KeywordExecutor.executeKeywordForPlatform(KeywordExecutor.groovy:74)
	at com.kms.katalon.core.webui.keyword.WebUiBuiltInKeywords.verifyElementClickable(WebUiBuiltInKeywords.groovy:605)
	at PSSIIdentityDetailEntriesAndPages.run(PSSIIdentityDetailEntriesAndPages:28)
	at com.kms.katalon.core.main.ScriptEngine.run(ScriptEngine.java:194)
	at com.kms.katalon.core.main.ScriptEngine.runScriptAsRawText(ScriptEngine.java:119)
	at com.kms.katalon.core.main.TestCaseExecutor.runScript(TestCaseExecutor.java:448)
	at com.kms.katalon.core.main.TestCaseExecutor.doExecute(TestCaseExecutor.java:439)
	at com.kms.katalon.core.main.TestCaseExecutor.processExecutionPhase(TestCaseExecutor.java:418)
	at com.kms.katalon.core.main.TestCaseExecutor.accessMainPhase(TestCaseExecutor.java:410)
	at com.kms.katalon.core.main.TestCaseExecutor.execute(TestCaseExecutor.java:285)
	at com.kms.katalon.core.main.TestCaseExecutor.execute(TestCaseExecutor.java:369)
	at com.kms.katalon.core.main.TestCaseExecutor.execute(TestCaseExecutor.java:369)
	at com.kms.katalon.core.main.TestCaseExecutor.execute(TestCaseExecutor.java:369)
	at com.kms.katalon.core.common.CommonExecutor.accessTestCaseMainPhase(CommonExecutor.java:65)
	at com.kms.katalon.core.main.TestSuiteExecutor.accessTestSuiteMainPhase(TestSuiteExecutor.java:148)
	at com.kms.katalon.core.main.TestSuiteExecutor.execute(TestSuiteExecutor.java:106)
	at com.kms.katalon.core.main.TestCaseMain.startTestSuite(TestCaseMain.java:180)
	at TempTestSuite1704709908190.run(TempTestSuite1704709908190.groovy:36)
	at java.base/jdk.internal.reflect.NativeMethodAccessorImpl.invoke0(Native Method)
	at java.base/jdk.internal.reflect.NativeMethodAccessorImpl.invoke(NativeMethodAccessorImpl.java:77)
	at java.base/jdk.internal.reflect.DelegatingMethodAccessorImpl.invoke(DelegatingMethodAccessorImpl.java:43)
Caused by: com.kms.katalon.core.exception.StepFailedException: Web element with id: 'Object Repository/Page_CCTV/Data Entries Option' located by '//select[@name='table_data_length']' not found
	at com.kms.katalon.core.webui.keyword.internal.WebUIKeywordMain.stepFailed(WebUIKeywordMain.groovy:64)
	at com.kms.katalon.core.webui.keyword.builtin.VerifyElementClickableKeyword$_verifyElementClickable_closure1.doCall(VerifyElementClickableKeyword.groovy:88)
	at com.kms.katalon.core.webui.keyword.builtin.VerifyElementClickableKeyword$_verifyElementClickable_closure1.call(VerifyElementClickableKeyword.groovy)
	at com.kms.katalon.core.webui.keyword.internal.WebUIKeywordMain.runKeyword(WebUIKeywordMain.groovy:20)
	... 23 more]]></system-err>
      </testcase>
      <system-out><![CDATA[08-01-2024T17:33:07 - [TEST_SUITE][FAILED] - Data Entries and Pages Test Suite: Test Cases/Offline PSSI Dashboard Function/Create BE History Identity/Data Entries and Pages/History Identity Entries and Pages/PSSIIdentityDetailEntriesAndPages FAILED.
Reason:
com.kms.katalon.core.exception.StepFailedException: Unable to verify object 'Object Repository/Page_CCTV/Data Entries Option' to be clickable
	at com.kms.katalon.core.webui.keyword.internal.WebUIKeywordMain.stepFailed(WebUIKeywordMain.groovy:64)
	at com.kms.katalon.core.webui.keyword.internal.WebUIKeywordMain.runKeyword(WebUIKeywordMain.groovy:26)
	at com.kms.katalon.core.webui.keyword.builtin.VerifyElementClickableKeyword.verifyElementClickable(VerifyElementClickableKeyword.groovy:96)
	at com.kms.katalon.core.webui.keyword.builtin.VerifyElementClickableKeyword.execute(VerifyElementClickableKeyword.groovy:67)
	at com.kms.katalon.core.keyword.internal.KeywordExecutor.executeKeywordForPlatform(KeywordExecutor.groovy:74)
	at com.kms.katalon.core.webui.keyword.WebUiBuiltInKeywords.verifyElementClickable(WebUiBuiltInKeywords.groovy:605)
	at PSSIIdentityDetailEntriesAndPages.run(PSSIIdentityDetailEntriesAndPages:28)
	at com.kms.katalon.core.main.ScriptEngine.run(ScriptEngine.java:194)
	at com.kms.katalon.core.main.ScriptEngine.runScriptAsRawText(ScriptEngine.java:119)
	at com.kms.katalon.core.main.TestCaseExecutor.runScript(TestCaseExecutor.java:448)
	at com.kms.katalon.core.main.TestCaseExecutor.doExecute(TestCaseExecutor.java:439)
	at com.kms.katalon.core.main.TestCaseExecutor.processExecutionPhase(TestCaseExecutor.java:418)
	at com.kms.katalon.core.main.TestCaseExecutor.accessMainPhase(TestCaseExecutor.java:410)
	at com.kms.katalon.core.main.TestCaseExecutor.execute(TestCaseExecutor.java:285)
	at com.kms.katalon.core.common.CommonExecutor.accessTestCaseMainPhase(CommonExecutor.java:65)
	at com.kms.katalon.core.main.TestSuiteExecutor.accessTestSuiteMainPhase(TestSuiteExecutor.java:148)
	at com.kms.katalon.core.main.TestSuiteExecutor.execute(TestSuiteExecutor.java:106)
	at com.kms.katalon.core.main.TestCaseMain.startTestSuite(TestCaseMain.java:180)
	at TempTestSuite1704709908190.run(TempTestSuite1704709908190.groovy:36)
	at java.base/jdk.internal.reflect.NativeMethodAccessorImpl.invoke0(Native Method)
	at java.base/jdk.internal.reflect.NativeMethodAccessorImpl.invoke(NativeMethodAccessorImpl.java:77)
	at java.base/jdk.internal.reflect.DelegatingMethodAccessorImpl.invoke(DelegatingMethodAccessorImpl.java:43)
Caused by: com.kms.katalon.core.exception.StepFailedException: Web element with id: 'Object Repository/Page_CCTV/Data Entries Option' located by '//select[@name='table_data_length']' not found
	at com.kms.katalon.core.webui.keyword.internal.WebUIKeywordMain.stepFailed(WebUIKeywordMain.groovy:64)
	at com.kms.katalon.core.webui.keyword.builtin.VerifyElementClickableKeyword$_verifyElementClickable_closure1.doCall(VerifyElementClickableKeyword.groovy:88)
	at com.kms.katalon.core.webui.keyword.builtin.VerifyElementClickableKeyword$_verifyElementClickable_closure1.call(VerifyElementClickableKeyword.groovy)
	at com.kms.katalon.core.webui.keyword.internal.WebUIKeywordMain.runKeyword(WebUIKeywordMain.groovy:20)
	... 20 more]]></system-out>
      <system-err><![CDATA[08-01-2024T17:33:07 - [TEST_SUITE][FAILED] - Data Entries and Pages Test Suite: Test Cases/Offline PSSI Dashboard Function/Create BE History Identity/Data Entries and Pages/History Identity Entries and Pages/PSSIIdentityDetailEntriesAndPages FAILED.
Reason:
com.kms.katalon.core.exception.StepFailedException: Unable to verify object 'Object Repository/Page_CCTV/Data Entries Option' to be clickable
	at com.kms.katalon.core.webui.keyword.internal.WebUIKeywordMain.stepFailed(WebUIKeywordMain.groovy:64)
	at com.kms.katalon.core.webui.keyword.internal.WebUIKeywordMain.runKeyword(WebUIKeywordMain.groovy:26)
	at com.kms.katalon.core.webui.keyword.builtin.VerifyElementClickableKeyword.verifyElementClickable(VerifyElementClickableKeyword.groovy:96)
	at com.kms.katalon.core.webui.keyword.builtin.VerifyElementClickableKeyword.execute(VerifyElementClickableKeyword.groovy:67)
	at com.kms.katalon.core.keyword.internal.KeywordExecutor.executeKeywordForPlatform(KeywordExecutor.groovy:74)
	at com.kms.katalon.core.webui.keyword.WebUiBuiltInKeywords.verifyElementClickable(WebUiBuiltInKeywords.groovy:605)
	at PSSIIdentityDetailEntriesAndPages.run(PSSIIdentityDetailEntriesAndPages:28)
	at com.kms.katalon.core.main.ScriptEngine.run(ScriptEngine.java:194)
	at com.kms.katalon.core.main.ScriptEngine.runScriptAsRawText(ScriptEngine.java:119)
	at com.kms.katalon.core.main.TestCaseExecutor.runScript(TestCaseExecutor.java:448)
	at com.kms.katalon.core.main.TestCaseExecutor.doExecute(TestCaseExecutor.java:439)
	at com.kms.katalon.core.main.TestCaseExecutor.processExecutionPhase(TestCaseExecutor.java:418)
	at com.kms.katalon.core.main.TestCaseExecutor.accessMainPhase(TestCaseExecutor.java:410)
	at com.kms.katalon.core.main.TestCaseExecutor.execute(TestCaseExecutor.java:285)
	at com.kms.katalon.core.common.CommonExecutor.accessTestCaseMainPhase(CommonExecutor.java:65)
	at com.kms.katalon.core.main.TestSuiteExecutor.accessTestSuiteMainPhase(TestSuiteExecutor.java:148)
	at com.kms.katalon.core.main.TestSuiteExecutor.execute(TestSuiteExecutor.java:106)
	at com.kms.katalon.core.main.TestCaseMain.startTestSuite(TestCaseMain.java:180)
	at TempTestSuite1704709908190.run(TempTestSuite1704709908190.groovy:36)
	at java.base/jdk.internal.reflect.NativeMethodAccessorImpl.invoke0(Native Method)
	at java.base/jdk.internal.reflect.NativeMethodAccessorImpl.invoke(NativeMethodAccessorImpl.java:77)
	at java.base/jdk.internal.reflect.DelegatingMethodAccessorImpl.invoke(DelegatingMethodAccessorImpl.java:43)
Caused by: com.kms.katalon.core.exception.StepFailedException: Web element with id: 'Object Repository/Page_CCTV/Data Entries Option' located by '//select[@name='table_data_length']' not found
	at com.kms.katalon.core.webui.keyword.internal.WebUIKeywordMain.stepFailed(WebUIKeywordMain.groovy:64)
	at com.kms.katalon.core.webui.keyword.builtin.VerifyElementClickableKeyword$_verifyElementClickable_closure1.doCall(VerifyElementClickableKeyword.groovy:88)
	at com.kms.katalon.core.webui.keyword.builtin.VerifyElementClickableKeyword$_verifyElementClickable_closure1.call(VerifyElementClickableKeyword.groovy)
	at com.kms.katalon.core.webui.keyword.internal.WebUIKeywordMain.runKeyword(WebUIKeywordMain.groovy:20)
	... 20 more]]></system-err>
   </testsuite>
   <testsuite name="Delete History Identity Test Suite" tests="2" failures="2" errors="0" time="59.879" skipped="0" timestamp="08-01-2024T17:34:48" hostname="USER - DESKTOP-HLRVE9S" id="Test Suites/Create BE History Identity/Delete History Identity Test Suite">
      <properties>
         <property name="deviceName" value=""/>
         <property name="devicePlatform" value=""/>
         <property name="logFolder" value="C:\\Users\\USER\\git\\Kecilin-Automation-Test\\Reports\\20240108_173143\\Create BE History Identity\\Delete History Identity Test Suite\\20240108_173150"/>
         <property name="logFiles" value="C:\\Users\\USER\\git\\Kecilin-Automation-Test\\Reports\\20240108_173143\\Create BE History Identity\\Delete History Identity Test Suite\\20240108_173150\\execution0.log"/>
         <property name="attachments" value="C:\\Users\\USER\\git\\Kecilin-Automation-Test\\Reports\\20240108_173143\\Create BE History Identity\\Delete History Identity Test Suite\\20240108_173150\\1704710098633.png, C:\\Users\\USER\\git\\Kecilin-Automation-Test\\Reports\\20240108_173143\\Create BE History Identity\\Delete History Identity Test Suite\\20240108_173150\\1704710106504.png, C:\\Users\\USER\\git\\Kecilin-Automation-Test\\Reports\\20240108_173143\\Create BE History Identity\\Delete History Identity Test Suite\\20240108_173150\\1704710112873.png, C:\\Users\\USER\\git\\Kecilin-Automation-Test\\Reports\\20240108_173143\\Create BE History Identity\\Delete History Identity Test Suite\\20240108_173150\\1704710119766.png, C:\\Users\\USER\\git\\Kecilin-Automation-Test\\Reports\\20240108_173143\\Create BE History Identity\\Delete History Identity Test Suite\\20240108_173150\\1704710127273.png, C:\\Users\\USER\\git\\Kecilin-Automation-Test\\Reports\\20240108_173143\\Create BE History Identity\\Delete History Identity Test Suite\\20240108_173150\\1704710134138.png, C:\\Users\\USER\\git\\Kecilin-Automation-Test\\Reports\\20240108_173143\\Create BE History Identity\\Delete History Identity Test Suite\\20240108_173150\\1704710140779.png, C:\\Users\\USER\\git\\Kecilin-Automation-Test\\Reports\\20240108_173143\\Create BE History Identity\\Delete History Identity Test Suite\\20240108_173150\\1704710148002.png"/>
         <property name="hostName" value="USER - DESKTOP-HLRVE9S"/>
         <property name="os" value="Windows 10 64bit"/>
         <property name="katalonVersion" value="9.2.0.212"/>
         <property name="browser" value="Chrome 120.0.0.0"/>
         <property name="hostAddress" value="192.168.100.189"/>
         <property name="sessionId" value="8e6218b4ac4a40e20f0ea9c9b02841c6"/>
         <property name="seleniumVersion" value="3.141.59"/>
         <property name="proxyInformation" value="ProxyInformation { proxyOption=NO_PROXY, proxyServerType=HTTP, username=, password=********, proxyServerAddress=, proxyServerPort=0, executionList=&quot;&quot;, isApplyToDesiredCapabilities=true }"/>
         <property name="platform" value="Windows 10"/>
      </properties>
      <testcase name="Test Cases/Offline PSSI Dashboard Function/Create BE History Identity/Delete History Identity/Negative Test Case/PSSICancelDeleteHistoryIdentity" time="6.732" classname="Test Cases/Offline PSSI Dashboard Function/Create BE History Identity/Delete History Identity/Negative Test Case/PSSICancelDeleteHistoryIdentity" status="FAILED">
         <failure type="FAILED" message="Test Cases/Offline PSSI Dashboard Function/Create BE History Identity/Delete History Identity/Negative Test Case/PSSICancelDeleteHistoryIdentity FAILED.&#xa;Reason:&#xa;com.kms.katalon.core.exception.StepFailedException: Unable to verify object is present&#xa;	at com.kms.katalon.core.webui.keyword.internal.WebUIKeywordMain.stepFailed(WebUIKeywordMain.groovy:64)&#xa;	at com.kms.katalon.core.webui.keyword.internal.WebUIKeywordMain.runKeyword(WebUIKeywordMain.groovy:26)&#xa;	at com.kms.katalon.core.webui.keyword.builtin.VerifyElementPresentKeyword.verifyElementPresent(VerifyElementPresentKeyword.groovy:92)&#xa;	at com.kms.katalon.core.webui.keyword.builtin.VerifyElementPresentKeyword.execute(VerifyElementPresentKeyword.groovy:68)&#xa;	at com.kms.katalon.core.keyword.internal.KeywordExecutor.executeKeywordForPlatform(KeywordExecutor.groovy:74)&#xa;	at com.kms.katalon.core.webui.keyword.WebUiBuiltInKeywords.verifyElementPresent(WebUiBuiltInKeywords.groovy:1503)&#xa;	at PSSICancelDeleteHistoryIdentity.run(PSSICancelDeleteHistoryIdentity:30)&#xa;	at com.kms.katalon.core.main.ScriptEngine.run(ScriptEngine.java:194)&#xa;	at com.kms.katalon.core.main.ScriptEngine.runScriptAsRawText(ScriptEngine.java:119)&#xa;	at com.kms.katalon.core.main.TestCaseExecutor.runScript(TestCaseExecutor.java:448)&#xa;	at com.kms.katalon.core.main.TestCaseExecutor.doExecute(TestCaseExecutor.java:439)&#xa;	at com.kms.katalon.core.main.TestCaseExecutor.processExecutionPhase(TestCaseExecutor.java:418)&#xa;	at com.kms.katalon.core.main.TestCaseExecutor.accessMainPhase(TestCaseExecutor.java:410)&#xa;	at com.kms.katalon.core.main.TestCaseExecutor.execute(TestCaseExecutor.java:285)&#xa;	at com.kms.katalon.core.main.TestCaseExecutor.execute(TestCaseExecutor.java:369)&#xa;	at com.kms.katalon.core.main.TestCaseExecutor.execute(TestCaseExecutor.java:369)&#xa;	at com.kms.katalon.core.main.TestCaseExecutor.execute(TestCaseExecutor.java:369)&#xa;	at com.kms.katalon.core.common.CommonExecutor.accessTestCaseMainPhase(CommonExecutor.java:65)&#xa;	at com.kms.katalon.core.main.TestSuiteExecutor.accessTestSuiteMainPhase(TestSuiteExecutor.java:148)&#xa;	at com.kms.katalon.core.main.TestSuiteExecutor.execute(TestSuiteExecutor.java:106)&#xa;	at com.kms.katalon.core.main.TestCaseMain.startTestSuite(TestCaseMain.java:180)&#xa;	at TempTestSuite1704709910178.run(TempTestSuite1704709910178.groovy:36)&#xa;	at java.base/jdk.internal.reflect.NativeMethodAccessorImpl.invoke0(Native Method)&#xa;	at java.base/jdk.internal.reflect.NativeMethodAccessorImpl.invoke(NativeMethodAccessorImpl.java:77)&#xa;	at java.base/jdk.internal.reflect.DelegatingMethodAccessorImpl.invoke(DelegatingMethodAccessorImpl.java:43)&#xa;Caused by: java.lang.IllegalArgumentException: Object is null&#xa;	at com.kms.katalon.core.helper.KeywordHelper.checkTestObjectParameter(KeywordHelper.java:33)&#xa;	at com.kms.katalon.core.webui.keyword.builtin.VerifyElementPresentKeyword$_verifyElementPresent_closure1.doCall(VerifyElementPresentKeyword.groovy:76)&#xa;	at com.kms.katalon.core.webui.keyword.builtin.VerifyElementPresentKeyword$_verifyElementPresent_closure1.call(VerifyElementPresentKeyword.groovy)&#xa;	at com.kms.katalon.core.webui.keyword.internal.WebUIKeywordMain.runKeyword(WebUIKeywordMain.groovy:20)&#xa;	... 23 more&#xa;"/>
         <system-out><![CDATA[08-01-2024T17:35:13 - [TEST_CASE][FAILED] - Test Cases/Offline PSSI Dashboard Function/Create BE History Identity/Delete History Identity/Negative Test Case/PSSICancelDeleteHistoryIdentity: Test Cases/Offline PSSI Dashboard Function/Create BE History Identity/Delete History Identity/Negative Test Case/PSSICancelDeleteHistoryIdentity FAILED.
Reason:
com.kms.katalon.core.exception.StepFailedException: Unable to verify object is present
	at com.kms.katalon.core.webui.keyword.internal.WebUIKeywordMain.stepFailed(WebUIKeywordMain.groovy:64)
	at com.kms.katalon.core.webui.keyword.internal.WebUIKeywordMain.runKeyword(WebUIKeywordMain.groovy:26)
	at com.kms.katalon.core.webui.keyword.builtin.VerifyElementPresentKeyword.verifyElementPresent(VerifyElementPresentKeyword.groovy:92)
	at com.kms.katalon.core.webui.keyword.builtin.VerifyElementPresentKeyword.execute(VerifyElementPresentKeyword.groovy:68)
	at com.kms.katalon.core.keyword.internal.KeywordExecutor.executeKeywordForPlatform(KeywordExecutor.groovy:74)
	at com.kms.katalon.core.webui.keyword.WebUiBuiltInKeywords.verifyElementPresent(WebUiBuiltInKeywords.groovy:1503)
	at PSSICancelDeleteHistoryIdentity.run(PSSICancelDeleteHistoryIdentity:30)
	at com.kms.katalon.core.main.ScriptEngine.run(ScriptEngine.java:194)
	at com.kms.katalon.core.main.ScriptEngine.runScriptAsRawText(ScriptEngine.java:119)
	at com.kms.katalon.core.main.TestCaseExecutor.runScript(TestCaseExecutor.java:448)
	at com.kms.katalon.core.main.TestCaseExecutor.doExecute(TestCaseExecutor.java:439)
	at com.kms.katalon.core.main.TestCaseExecutor.processExecutionPhase(TestCaseExecutor.java:418)
	at com.kms.katalon.core.main.TestCaseExecutor.accessMainPhase(TestCaseExecutor.java:410)
	at com.kms.katalon.core.main.TestCaseExecutor.execute(TestCaseExecutor.java:285)
	at com.kms.katalon.core.main.TestCaseExecutor.execute(TestCaseExecutor.java:369)
	at com.kms.katalon.core.main.TestCaseExecutor.execute(TestCaseExecutor.java:369)
	at com.kms.katalon.core.main.TestCaseExecutor.execute(TestCaseExecutor.java:369)
	at com.kms.katalon.core.common.CommonExecutor.accessTestCaseMainPhase(CommonExecutor.java:65)
	at com.kms.katalon.core.main.TestSuiteExecutor.accessTestSuiteMainPhase(TestSuiteExecutor.java:148)
	at com.kms.katalon.core.main.TestSuiteExecutor.execute(TestSuiteExecutor.java:106)
	at com.kms.katalon.core.main.TestCaseMain.startTestSuite(TestCaseMain.java:180)
	at TempTestSuite1704709910178.run(TempTestSuite1704709910178.groovy:36)
	at java.base/jdk.internal.reflect.NativeMethodAccessorImpl.invoke0(Native Method)
	at java.base/jdk.internal.reflect.NativeMethodAccessorImpl.invoke(NativeMethodAccessorImpl.java:77)
	at java.base/jdk.internal.reflect.DelegatingMethodAccessorImpl.invoke(DelegatingMethodAccessorImpl.java:43)
Caused by: java.lang.IllegalArgumentException: Object is null
	at com.kms.katalon.core.helper.KeywordHelper.checkTestObjectParameter(KeywordHelper.java:33)
	at com.kms.katalon.core.webui.keyword.builtin.VerifyElementPresentKeyword$_verifyElementPresent_closure1.doCall(VerifyElementPresentKeyword.groovy:76)
	at com.kms.katalon.core.webui.keyword.builtin.VerifyElementPresentKeyword$_verifyElementPresent_closure1.call(VerifyElementPresentKeyword.groovy)
	at com.kms.katalon.core.webui.keyword.internal.WebUIKeywordMain.runKeyword(WebUIKeywordMain.groovy:20)
	... 23 more


08-01-2024T17:35:13 - [TEST_STEP][PASSED] - baseUrl = offline_pssi_dashboard_url: null

08-01-2024T17:35:13 - [TEST_STEP][PASSED] - callTestCase(findTestCase("Offline PSSI Dashboard Function/Create BE History Identity/View History Identity/PSSIViewHistoryIdentityData"), [:]): Call Test Case 'Test Cases/Offline PSSI Dashboard Function/Create BE History Identity/View History Identity/PSSIViewHistoryIdentityData' successfully

08-01-2024T17:35:13 - [TEST_CASE][PASSED] - Test Cases/Offline PSSI Dashboard Function/Create BE History Identity/View History Identity/PSSIViewHistoryIdentityData: Test Cases/Offline PSSI Dashboard Function/Create BE History Identity/View History Identity/PSSIViewHistoryIdentityData

08-01-2024T17:35:13 - [TEST_STEP][PASSED] - baseUrl = offline_pssi_dashboard_url: null

08-01-2024T17:35:13 - [TEST_STEP][PASSED] - callTestCase(findTestCase("Offline PSSI Dashboard Function/Sign In/PSSISignInValidData"), [:]): Call Test Case 'Test Cases/Offline PSSI Dashboard Function/Sign In/PSSISignInValidData' successfully

08-01-2024T17:35:13 - [TEST_CASE][PASSED] - Test Cases/Offline PSSI Dashboard Function/Sign In/PSSISignInValidData: Test Cases/Offline PSSI Dashboard Function/Sign In/PSSISignInValidData

08-01-2024T17:35:13 - [TEST_STEP][PASSED] - failureHandling = STOP_ON_FAILURE: null

08-01-2024T17:35:13 - [TEST_STEP][PASSED] - baseUrl = offline_pssi_dashboard_url: null

08-01-2024T17:35:13 - [TEST_STEP][PASSED] - openBrowser(""): Browser is opened with url: ''

08-01-2024T17:35:13 - [MESSAGE][WARNING] - A browser is already opened. Closing browser and opening a new one

08-01-2024T17:35:14 - [MESSAGE][INFO] - Starting 'Chrome' driver

08-01-2024T17:35:14 - [MESSAGE][INFO] - Action delay is set to 0 milliseconds

08-01-2024T17:35:15 - [MESSAGE][PASSED] - Browser is opened with url: ''

08-01-2024T17:35:15 - [TEST_STEP][PASSED] - navigateToUrl(baseUrl): Navigate to 'https://monitoring.pssi-dev.kecilin.id' successfully

08-01-2024T17:35:16 - [MESSAGE][PASSED] - Navigate to 'https://monitoring.pssi-dev.kecilin.id' successfully

08-01-2024T17:35:16 - [TEST_STEP][PASSED] - maximizeWindow(): Current window maximized

08-01-2024T17:35:16 - [MESSAGE][PASSED] - Current window maximized

08-01-2024T17:35:16 - [TEST_STEP][PASSED] - setText(findTestObject("Object Repository/Page_Login/input_email"), "superadmin@app.com"): Text 'superadmin@app.com' is set on object 'Object Repository/Page_Login/input_email'

08-01-2024T17:35:17 - [MESSAGE][PASSED] - Text 'superadmin@app.com' is set on object 'Object Repository/Page_Login/input_email'

08-01-2024T17:35:17 - [TEST_STEP][PASSED] - setEncryptedText(findTestObject("Object Repository/Page_Login/input_password"), "8SQVv/p9jVScEs4/2CZsLw=="): Text ****** has been set on object 'Object Repository/Page_Login/input_password'

08-01-2024T17:35:17 - [MESSAGE][PASSED] - Text ****** has been set on object 'Object Repository/Page_Login/input_password'

08-01-2024T17:35:17 - [TEST_STEP][PASSED] - click(findTestObject("Object Repository/Page_Login/button_Sign In")): Object: 'Object Repository/Page_Login/button_Sign In' is clicked on

08-01-2024T17:35:18 - [MESSAGE][PASSED] - Object: 'Object Repository/Page_Login/button_Sign In' is clicked on

08-01-2024T17:35:18 - [MESSAGE][PASSED] - Call Test Case 'Test Cases/Offline PSSI Dashboard Function/Sign In/PSSISignInValidData' successfully

08-01-2024T17:35:18 - [TEST_STEP][PASSED] - navigateToUrl(baseUrl + "/history_identity"): Navigate to 'https://monitoring.pssi-dev.kecilin.id/history_identity' successfully

08-01-2024T17:35:19 - [MESSAGE][PASSED] - Navigate to 'https://monitoring.pssi-dev.kecilin.id/history_identity' successfully

08-01-2024T17:35:19 - [MESSAGE][PASSED] - Call Test Case 'Test Cases/Offline PSSI Dashboard Function/Create BE History Identity/View History Identity/PSSIViewHistoryIdentityData' successfully

08-01-2024T17:35:19 - [TEST_STEP][FAILED] - verifyElementPresent(findTestObject("Page_History Identity/Delete Button"), 0): Unable to verify object is present (Root cause: com.kms.katalon.core.exception.StepFailedException: Unable to verify object is present
	at com.kms.katalon.core.webui.keyword.internal.WebUIKeywordMain.stepFailed(WebUIKeywordMain.groovy:64)
	at com.kms.katalon.core.webui.keyword.internal.WebUIKeywordMain.runKeyword(WebUIKeywordMain.groovy:26)
	at com.kms.katalon.core.webui.keyword.builtin.VerifyElementPresentKeyword.verifyElementPresent(VerifyElementPresentKeyword.groovy:92)
	at com.kms.katalon.core.webui.keyword.builtin.VerifyElementPresentKeyword.execute(VerifyElementPresentKeyword.groovy:68)
	at com.kms.katalon.core.keyword.internal.KeywordExecutor.executeKeywordForPlatform(KeywordExecutor.groovy:74)
	at com.kms.katalon.core.webui.keyword.WebUiBuiltInKeywords.verifyElementPresent(WebUiBuiltInKeywords.groovy:1503)
	at PSSICancelDeleteHistoryIdentity.run(PSSICancelDeleteHistoryIdentity:30)
	at com.kms.katalon.core.main.ScriptEngine.run(ScriptEngine.java:194)
	at com.kms.katalon.core.main.ScriptEngine.runScriptAsRawText(ScriptEngine.java:119)
	at com.kms.katalon.core.main.TestCaseExecutor.runScript(TestCaseExecutor.java:448)
	at com.kms.katalon.core.main.TestCaseExecutor.doExecute(TestCaseExecutor.java:439)
	at com.kms.katalon.core.main.TestCaseExecutor.processExecutionPhase(TestCaseExecutor.java:418)
	at com.kms.katalon.core.main.TestCaseExecutor.accessMainPhase(TestCaseExecutor.java:410)
	at com.kms.katalon.core.main.TestCaseExecutor.execute(TestCaseExecutor.java:285)
	at com.kms.katalon.core.main.TestCaseExecutor.execute(TestCaseExecutor.java:369)
	at com.kms.katalon.core.main.TestCaseExecutor.execute(TestCaseExecutor.java:369)
	at com.kms.katalon.core.main.TestCaseExecutor.execute(TestCaseExecutor.java:369)
	at com.kms.katalon.core.common.CommonExecutor.accessTestCaseMainPhase(CommonExecutor.java:65)
	at com.kms.katalon.core.main.TestSuiteExecutor.accessTestSuiteMainPhase(TestSuiteExecutor.java:148)
	at com.kms.katalon.core.main.TestSuiteExecutor.execute(TestSuiteExecutor.java:106)
	at com.kms.katalon.core.main.TestCaseMain.startTestSuite(TestCaseMain.java:180)
	at TempTestSuite1704709910178.run(TempTestSuite1704709910178.groovy:36)
	at java.base/jdk.internal.reflect.NativeMethodAccessorImpl.invoke0(Native Method)
	at java.base/jdk.internal.reflect.NativeMethodAccessorImpl.invoke(NativeMethodAccessorImpl.java:77)
	at java.base/jdk.internal.reflect.DelegatingMethodAccessorImpl.invoke(DelegatingMethodAccessorImpl.java:43)
Caused by: java.lang.IllegalArgumentException: Object is null
	at com.kms.katalon.core.helper.KeywordHelper.checkTestObjectParameter(KeywordHelper.java:33)
	at com.kms.katalon.core.webui.keyword.builtin.VerifyElementPresentKeyword$_verifyElementPresent_closure1.doCall(VerifyElementPresentKeyword.groovy:76)
	at com.kms.katalon.core.webui.keyword.builtin.VerifyElementPresentKeyword$_verifyElementPresent_closure1.call(VerifyElementPresentKeyword.groovy)
	at com.kms.katalon.core.webui.keyword.internal.WebUIKeywordMain.runKeyword(WebUIKeywordMain.groovy:20)
	at com.kms.katalon.core.webui.keyword.builtin.VerifyElementPresentKeyword.verifyElementPresent(VerifyElementPresentKeyword.groovy:92)
	at com.kms.katalon.core.webui.keyword.builtin.VerifyElementPresentKeyword.execute(VerifyElementPresentKeyword.groovy:68)
	at com.kms.katalon.core.keyword.internal.KeywordExecutor.executeKeywordForPlatform(KeywordExecutor.groovy:74)
	at com.kms.katalon.core.webui.keyword.WebUiBuiltInKeywords.verifyElementPresent(WebUiBuiltInKeywords.groovy:1503)
	at Script1704708552288.run(Script1704708552288.groovy:30)
	... 18 more
)

08-01-2024T17:35:19 - [MESSAGE][WARNING] - Test object with id 'Object Repository/Page_History Identity/Delete Button' does not exist

08-01-2024T17:35:19 - [MESSAGE][WARNING] - Test object with id 'Object Repository/' does not exist

08-01-2024T17:35:20 - [MESSAGE][FAILED] - Unable to verify object is present (Root cause: com.kms.katalon.core.exception.StepFailedException: Unable to verify object is present
	at com.kms.katalon.core.webui.keyword.internal.WebUIKeywordMain.stepFailed(WebUIKeywordMain.groovy:64)
	at com.kms.katalon.core.webui.keyword.internal.WebUIKeywordMain.runKeyword(WebUIKeywordMain.groovy:26)
	at com.kms.katalon.core.webui.keyword.builtin.VerifyElementPresentKeyword.verifyElementPresent(VerifyElementPresentKeyword.groovy:92)
	at com.kms.katalon.core.webui.keyword.builtin.VerifyElementPresentKeyword.execute(VerifyElementPresentKeyword.groovy:68)
	at com.kms.katalon.core.keyword.internal.KeywordExecutor.executeKeywordForPlatform(KeywordExecutor.groovy:74)
	at com.kms.katalon.core.webui.keyword.WebUiBuiltInKeywords.verifyElementPresent(WebUiBuiltInKeywords.groovy:1503)
	at PSSICancelDeleteHistoryIdentity.run(PSSICancelDeleteHistoryIdentity:30)
	at com.kms.katalon.core.main.ScriptEngine.run(ScriptEngine.java:194)
	at com.kms.katalon.core.main.ScriptEngine.runScriptAsRawText(ScriptEngine.java:119)
	at com.kms.katalon.core.main.TestCaseExecutor.runScript(TestCaseExecutor.java:448)
	at com.kms.katalon.core.main.TestCaseExecutor.doExecute(TestCaseExecutor.java:439)
	at com.kms.katalon.core.main.TestCaseExecutor.processExecutionPhase(TestCaseExecutor.java:418)
	at com.kms.katalon.core.main.TestCaseExecutor.accessMainPhase(TestCaseExecutor.java:410)
	at com.kms.katalon.core.main.TestCaseExecutor.execute(TestCaseExecutor.java:285)
	at com.kms.katalon.core.main.TestCaseExecutor.execute(TestCaseExecutor.java:369)
	at com.kms.katalon.core.main.TestCaseExecutor.execute(TestCaseExecutor.java:369)
	at com.kms.katalon.core.main.TestCaseExecutor.execute(TestCaseExecutor.java:369)
	at com.kms.katalon.core.common.CommonExecutor.accessTestCaseMainPhase(CommonExecutor.java:65)
	at com.kms.katalon.core.main.TestSuiteExecutor.accessTestSuiteMainPhase(TestSuiteExecutor.java:148)
	at com.kms.katalon.core.main.TestSuiteExecutor.execute(TestSuiteExecutor.java:106)
	at com.kms.katalon.core.main.TestCaseMain.startTestSuite(TestCaseMain.java:180)
	at TempTestSuite1704709910178.run(TempTestSuite1704709910178.groovy:36)
	at java.base/jdk.internal.reflect.NativeMethodAccessorImpl.invoke0(Native Method)
	at java.base/jdk.internal.reflect.NativeMethodAccessorImpl.invoke(NativeMethodAccessorImpl.java:77)
	at java.base/jdk.internal.reflect.DelegatingMethodAccessorImpl.invoke(DelegatingMethodAccessorImpl.java:43)
Caused by: java.lang.IllegalArgumentException: Object is null
	at com.kms.katalon.core.helper.KeywordHelper.checkTestObjectParameter(KeywordHelper.java:33)
	at com.kms.katalon.core.webui.keyword.builtin.VerifyElementPresentKeyword$_verifyElementPresent_closure1.doCall(VerifyElementPresentKeyword.groovy:76)
	at com.kms.katalon.core.webui.keyword.builtin.VerifyElementPresentKeyword$_verifyElementPresent_closure1.call(VerifyElementPresentKeyword.groovy)
	at com.kms.katalon.core.webui.keyword.internal.WebUIKeywordMain.runKeyword(WebUIKeywordMain.groovy:20)
	at com.kms.katalon.core.webui.keyword.builtin.VerifyElementPresentKeyword.verifyElementPresent(VerifyElementPresentKeyword.groovy:92)
	at com.kms.katalon.core.webui.keyword.builtin.VerifyElementPresentKeyword.execute(VerifyElementPresentKeyword.groovy:68)
	at com.kms.katalon.core.keyword.internal.KeywordExecutor.executeKeywordForPlatform(KeywordExecutor.groovy:74)
	at com.kms.katalon.core.webui.keyword.WebUiBuiltInKeywords.verifyElementPresent(WebUiBuiltInKeywords.groovy:1503)
	at Script1704708552288.run(Script1704708552288.groovy:30)
	... 18 more
)
[[ATTACHMENT|C:\\Users\\USER\\git\\Kecilin-Automation-Test\\Reports\\20240108_173143\\Create BE History Identity\\Delete History Identity Test Suite\\20240108_173150\\1704710119766.png]]]]></system-out>
         <system-err><![CDATA[08-01-2024T17:35:13 - [TEST_CASE][FAILED] - Test Cases/Offline PSSI Dashboard Function/Create BE History Identity/Delete History Identity/Negative Test Case/PSSICancelDeleteHistoryIdentity: Test Cases/Offline PSSI Dashboard Function/Create BE History Identity/Delete History Identity/Negative Test Case/PSSICancelDeleteHistoryIdentity FAILED.
Reason:
com.kms.katalon.core.exception.StepFailedException: Unable to verify object is present
	at com.kms.katalon.core.webui.keyword.internal.WebUIKeywordMain.stepFailed(WebUIKeywordMain.groovy:64)
	at com.kms.katalon.core.webui.keyword.internal.WebUIKeywordMain.runKeyword(WebUIKeywordMain.groovy:26)
	at com.kms.katalon.core.webui.keyword.builtin.VerifyElementPresentKeyword.verifyElementPresent(VerifyElementPresentKeyword.groovy:92)
	at com.kms.katalon.core.webui.keyword.builtin.VerifyElementPresentKeyword.execute(VerifyElementPresentKeyword.groovy:68)
	at com.kms.katalon.core.keyword.internal.KeywordExecutor.executeKeywordForPlatform(KeywordExecutor.groovy:74)
	at com.kms.katalon.core.webui.keyword.WebUiBuiltInKeywords.verifyElementPresent(WebUiBuiltInKeywords.groovy:1503)
	at PSSICancelDeleteHistoryIdentity.run(PSSICancelDeleteHistoryIdentity:30)
	at com.kms.katalon.core.main.ScriptEngine.run(ScriptEngine.java:194)
	at com.kms.katalon.core.main.ScriptEngine.runScriptAsRawText(ScriptEngine.java:119)
	at com.kms.katalon.core.main.TestCaseExecutor.runScript(TestCaseExecutor.java:448)
	at com.kms.katalon.core.main.TestCaseExecutor.doExecute(TestCaseExecutor.java:439)
	at com.kms.katalon.core.main.TestCaseExecutor.processExecutionPhase(TestCaseExecutor.java:418)
	at com.kms.katalon.core.main.TestCaseExecutor.accessMainPhase(TestCaseExecutor.java:410)
	at com.kms.katalon.core.main.TestCaseExecutor.execute(TestCaseExecutor.java:285)
	at com.kms.katalon.core.main.TestCaseExecutor.execute(TestCaseExecutor.java:369)
	at com.kms.katalon.core.main.TestCaseExecutor.execute(TestCaseExecutor.java:369)
	at com.kms.katalon.core.main.TestCaseExecutor.execute(TestCaseExecutor.java:369)
	at com.kms.katalon.core.common.CommonExecutor.accessTestCaseMainPhase(CommonExecutor.java:65)
	at com.kms.katalon.core.main.TestSuiteExecutor.accessTestSuiteMainPhase(TestSuiteExecutor.java:148)
	at com.kms.katalon.core.main.TestSuiteExecutor.execute(TestSuiteExecutor.java:106)
	at com.kms.katalon.core.main.TestCaseMain.startTestSuite(TestCaseMain.java:180)
	at TempTestSuite1704709910178.run(TempTestSuite1704709910178.groovy:36)
	at java.base/jdk.internal.reflect.NativeMethodAccessorImpl.invoke0(Native Method)
	at java.base/jdk.internal.reflect.NativeMethodAccessorImpl.invoke(NativeMethodAccessorImpl.java:77)
	at java.base/jdk.internal.reflect.DelegatingMethodAccessorImpl.invoke(DelegatingMethodAccessorImpl.java:43)
Caused by: java.lang.IllegalArgumentException: Object is null
	at com.kms.katalon.core.helper.KeywordHelper.checkTestObjectParameter(KeywordHelper.java:33)
	at com.kms.katalon.core.webui.keyword.builtin.VerifyElementPresentKeyword$_verifyElementPresent_closure1.doCall(VerifyElementPresentKeyword.groovy:76)
	at com.kms.katalon.core.webui.keyword.builtin.VerifyElementPresentKeyword$_verifyElementPresent_closure1.call(VerifyElementPresentKeyword.groovy)
	at com.kms.katalon.core.webui.keyword.internal.WebUIKeywordMain.runKeyword(WebUIKeywordMain.groovy:20)
	... 23 more]]></system-err>
      </testcase>
      <testcase name="Test Cases/Offline PSSI Dashboard Function/Create BE History Identity/Delete History Identity/Positive Test Case/PSSIDeleteHistoryIdentity" time="7.226" classname="Test Cases/Offline PSSI Dashboard Function/Create BE History Identity/Delete History Identity/Positive Test Case/PSSIDeleteHistoryIdentity" status="FAILED">
         <failure type="FAILED" message="Test Cases/Offline PSSI Dashboard Function/Create BE History Identity/Delete History Identity/Positive Test Case/PSSIDeleteHistoryIdentity FAILED.&#xa;Reason:&#xa;com.kms.katalon.core.exception.StepFailedException: Unable to verify object is present&#xa;	at com.kms.katalon.core.webui.keyword.internal.WebUIKeywordMain.stepFailed(WebUIKeywordMain.groovy:64)&#xa;	at com.kms.katalon.core.webui.keyword.internal.WebUIKeywordMain.runKeyword(WebUIKeywordMain.groovy:26)&#xa;	at com.kms.katalon.core.webui.keyword.builtin.VerifyElementPresentKeyword.verifyElementPresent(VerifyElementPresentKeyword.groovy:92)&#xa;	at com.kms.katalon.core.webui.keyword.builtin.VerifyElementPresentKeyword.execute(VerifyElementPresentKeyword.groovy:68)&#xa;	at com.kms.katalon.core.keyword.internal.KeywordExecutor.executeKeywordForPlatform(KeywordExecutor.groovy:74)&#xa;	at com.kms.katalon.core.webui.keyword.WebUiBuiltInKeywords.verifyElementPresent(WebUiBuiltInKeywords.groovy:1503)&#xa;	at PSSIDeleteHistoryIdentity.run(PSSIDeleteHistoryIdentity:30)&#xa;	at com.kms.katalon.core.main.ScriptEngine.run(ScriptEngine.java:194)&#xa;	at com.kms.katalon.core.main.ScriptEngine.runScriptAsRawText(ScriptEngine.java:119)&#xa;	at com.kms.katalon.core.main.TestCaseExecutor.runScript(TestCaseExecutor.java:448)&#xa;	at com.kms.katalon.core.main.TestCaseExecutor.doExecute(TestCaseExecutor.java:439)&#xa;	at com.kms.katalon.core.main.TestCaseExecutor.processExecutionPhase(TestCaseExecutor.java:418)&#xa;	at com.kms.katalon.core.main.TestCaseExecutor.accessMainPhase(TestCaseExecutor.java:410)&#xa;	at com.kms.katalon.core.main.TestCaseExecutor.execute(TestCaseExecutor.java:285)&#xa;	at com.kms.katalon.core.main.TestCaseExecutor.execute(TestCaseExecutor.java:369)&#xa;	at com.kms.katalon.core.main.TestCaseExecutor.execute(TestCaseExecutor.java:369)&#xa;	at com.kms.katalon.core.main.TestCaseExecutor.execute(TestCaseExecutor.java:369)&#xa;	at com.kms.katalon.core.common.CommonExecutor.accessTestCaseMainPhase(CommonExecutor.java:65)&#xa;	at com.kms.katalon.core.main.TestSuiteExecutor.accessTestSuiteMainPhase(TestSuiteExecutor.java:148)&#xa;	at com.kms.katalon.core.main.TestSuiteExecutor.execute(TestSuiteExecutor.java:106)&#xa;	at com.kms.katalon.core.main.TestCaseMain.startTestSuite(TestCaseMain.java:180)&#xa;	at TempTestSuite1704709910178.run(TempTestSuite1704709910178.groovy:36)&#xa;	at java.base/jdk.internal.reflect.NativeMethodAccessorImpl.invoke0(Native Method)&#xa;	at java.base/jdk.internal.reflect.NativeMethodAccessorImpl.invoke(NativeMethodAccessorImpl.java:77)&#xa;	at java.base/jdk.internal.reflect.DelegatingMethodAccessorImpl.invoke(DelegatingMethodAccessorImpl.java:43)&#xa;Caused by: java.lang.IllegalArgumentException: Object is null&#xa;	at com.kms.katalon.core.helper.KeywordHelper.checkTestObjectParameter(KeywordHelper.java:33)&#xa;	at com.kms.katalon.core.webui.keyword.builtin.VerifyElementPresentKeyword$_verifyElementPresent_closure1.doCall(VerifyElementPresentKeyword.groovy:76)&#xa;	at com.kms.katalon.core.webui.keyword.builtin.VerifyElementPresentKeyword$_verifyElementPresent_closure1.call(VerifyElementPresentKeyword.groovy)&#xa;	at com.kms.katalon.core.webui.keyword.internal.WebUIKeywordMain.runKeyword(WebUIKeywordMain.groovy:20)&#xa;	... 23 more&#xa;"/>
         <system-out><![CDATA[08-01-2024T17:35:41 - [TEST_CASE][FAILED] - Test Cases/Offline PSSI Dashboard Function/Create BE History Identity/Delete History Identity/Positive Test Case/PSSIDeleteHistoryIdentity: Test Cases/Offline PSSI Dashboard Function/Create BE History Identity/Delete History Identity/Positive Test Case/PSSIDeleteHistoryIdentity FAILED.
Reason:
com.kms.katalon.core.exception.StepFailedException: Unable to verify object is present
	at com.kms.katalon.core.webui.keyword.internal.WebUIKeywordMain.stepFailed(WebUIKeywordMain.groovy:64)
	at com.kms.katalon.core.webui.keyword.internal.WebUIKeywordMain.runKeyword(WebUIKeywordMain.groovy:26)
	at com.kms.katalon.core.webui.keyword.builtin.VerifyElementPresentKeyword.verifyElementPresent(VerifyElementPresentKeyword.groovy:92)
	at com.kms.katalon.core.webui.keyword.builtin.VerifyElementPresentKeyword.execute(VerifyElementPresentKeyword.groovy:68)
	at com.kms.katalon.core.keyword.internal.KeywordExecutor.executeKeywordForPlatform(KeywordExecutor.groovy:74)
	at com.kms.katalon.core.webui.keyword.WebUiBuiltInKeywords.verifyElementPresent(WebUiBuiltInKeywords.groovy:1503)
	at PSSIDeleteHistoryIdentity.run(PSSIDeleteHistoryIdentity:30)
	at com.kms.katalon.core.main.ScriptEngine.run(ScriptEngine.java:194)
	at com.kms.katalon.core.main.ScriptEngine.runScriptAsRawText(ScriptEngine.java:119)
	at com.kms.katalon.core.main.TestCaseExecutor.runScript(TestCaseExecutor.java:448)
	at com.kms.katalon.core.main.TestCaseExecutor.doExecute(TestCaseExecutor.java:439)
	at com.kms.katalon.core.main.TestCaseExecutor.processExecutionPhase(TestCaseExecutor.java:418)
	at com.kms.katalon.core.main.TestCaseExecutor.accessMainPhase(TestCaseExecutor.java:410)
	at com.kms.katalon.core.main.TestCaseExecutor.execute(TestCaseExecutor.java:285)
	at com.kms.katalon.core.main.TestCaseExecutor.execute(TestCaseExecutor.java:369)
	at com.kms.katalon.core.main.TestCaseExecutor.execute(TestCaseExecutor.java:369)
	at com.kms.katalon.core.main.TestCaseExecutor.execute(TestCaseExecutor.java:369)
	at com.kms.katalon.core.common.CommonExecutor.accessTestCaseMainPhase(CommonExecutor.java:65)
	at com.kms.katalon.core.main.TestSuiteExecutor.accessTestSuiteMainPhase(TestSuiteExecutor.java:148)
	at com.kms.katalon.core.main.TestSuiteExecutor.execute(TestSuiteExecutor.java:106)
	at com.kms.katalon.core.main.TestCaseMain.startTestSuite(TestCaseMain.java:180)
	at TempTestSuite1704709910178.run(TempTestSuite1704709910178.groovy:36)
	at java.base/jdk.internal.reflect.NativeMethodAccessorImpl.invoke0(Native Method)
	at java.base/jdk.internal.reflect.NativeMethodAccessorImpl.invoke(NativeMethodAccessorImpl.java:77)
	at java.base/jdk.internal.reflect.DelegatingMethodAccessorImpl.invoke(DelegatingMethodAccessorImpl.java:43)
Caused by: java.lang.IllegalArgumentException: Object is null
	at com.kms.katalon.core.helper.KeywordHelper.checkTestObjectParameter(KeywordHelper.java:33)
	at com.kms.katalon.core.webui.keyword.builtin.VerifyElementPresentKeyword$_verifyElementPresent_closure1.doCall(VerifyElementPresentKeyword.groovy:76)
	at com.kms.katalon.core.webui.keyword.builtin.VerifyElementPresentKeyword$_verifyElementPresent_closure1.call(VerifyElementPresentKeyword.groovy)
	at com.kms.katalon.core.webui.keyword.internal.WebUIKeywordMain.runKeyword(WebUIKeywordMain.groovy:20)
	... 23 more


08-01-2024T17:35:41 - [TEST_STEP][PASSED] - baseUrl = offline_pssi_dashboard_url: null

08-01-2024T17:35:41 - [TEST_STEP][PASSED] - callTestCase(findTestCase("Offline PSSI Dashboard Function/Create BE History Identity/View History Identity/PSSIViewHistoryIdentityData"), [:]): Call Test Case 'Test Cases/Offline PSSI Dashboard Function/Create BE History Identity/View History Identity/PSSIViewHistoryIdentityData' successfully

08-01-2024T17:35:41 - [TEST_CASE][PASSED] - Test Cases/Offline PSSI Dashboard Function/Create BE History Identity/View History Identity/PSSIViewHistoryIdentityData: Test Cases/Offline PSSI Dashboard Function/Create BE History Identity/View History Identity/PSSIViewHistoryIdentityData

08-01-2024T17:35:41 - [TEST_STEP][PASSED] - baseUrl = offline_pssi_dashboard_url: null

08-01-2024T17:35:41 - [TEST_STEP][PASSED] - callTestCase(findTestCase("Offline PSSI Dashboard Function/Sign In/PSSISignInValidData"), [:]): Call Test Case 'Test Cases/Offline PSSI Dashboard Function/Sign In/PSSISignInValidData' successfully

08-01-2024T17:35:41 - [TEST_CASE][PASSED] - Test Cases/Offline PSSI Dashboard Function/Sign In/PSSISignInValidData: Test Cases/Offline PSSI Dashboard Function/Sign In/PSSISignInValidData

08-01-2024T17:35:41 - [TEST_STEP][PASSED] - failureHandling = STOP_ON_FAILURE: null

08-01-2024T17:35:41 - [TEST_STEP][PASSED] - baseUrl = offline_pssi_dashboard_url: null

08-01-2024T17:35:41 - [TEST_STEP][PASSED] - openBrowser(""): Browser is opened with url: ''

08-01-2024T17:35:41 - [MESSAGE][WARNING] - A browser is already opened. Closing browser and opening a new one

08-01-2024T17:35:41 - [MESSAGE][INFO] - Starting 'Chrome' driver

08-01-2024T17:35:41 - [MESSAGE][INFO] - Action delay is set to 0 milliseconds

08-01-2024T17:35:42 - [MESSAGE][PASSED] - Browser is opened with url: ''

08-01-2024T17:35:42 - [TEST_STEP][PASSED] - navigateToUrl(baseUrl): Navigate to 'https://monitoring.pssi-dev.kecilin.id' successfully

08-01-2024T17:35:43 - [MESSAGE][PASSED] - Navigate to 'https://monitoring.pssi-dev.kecilin.id' successfully

08-01-2024T17:35:43 - [TEST_STEP][PASSED] - maximizeWindow(): Current window maximized

08-01-2024T17:35:44 - [MESSAGE][PASSED] - Current window maximized

08-01-2024T17:35:44 - [TEST_STEP][PASSED] - setText(findTestObject("Object Repository/Page_Login/input_email"), "superadmin@app.com"): Text 'superadmin@app.com' is set on object 'Object Repository/Page_Login/input_email'

08-01-2024T17:35:44 - [MESSAGE][PASSED] - Text 'superadmin@app.com' is set on object 'Object Repository/Page_Login/input_email'

08-01-2024T17:35:44 - [TEST_STEP][PASSED] - setEncryptedText(findTestObject("Object Repository/Page_Login/input_password"), "8SQVv/p9jVScEs4/2CZsLw=="): Text ****** has been set on object 'Object Repository/Page_Login/input_password'

08-01-2024T17:35:45 - [MESSAGE][PASSED] - Text ****** has been set on object 'Object Repository/Page_Login/input_password'

08-01-2024T17:35:45 - [TEST_STEP][PASSED] - click(findTestObject("Object Repository/Page_Login/button_Sign In")): Object: 'Object Repository/Page_Login/button_Sign In' is clicked on

08-01-2024T17:35:47 - [MESSAGE][PASSED] - Object: 'Object Repository/Page_Login/button_Sign In' is clicked on

08-01-2024T17:35:47 - [MESSAGE][PASSED] - Call Test Case 'Test Cases/Offline PSSI Dashboard Function/Sign In/PSSISignInValidData' successfully

08-01-2024T17:35:47 - [TEST_STEP][PASSED] - navigateToUrl(baseUrl + "/history_identity"): Navigate to 'https://monitoring.pssi-dev.kecilin.id/history_identity' successfully

08-01-2024T17:35:47 - [MESSAGE][PASSED] - Navigate to 'https://monitoring.pssi-dev.kecilin.id/history_identity' successfully

08-01-2024T17:35:47 - [MESSAGE][PASSED] - Call Test Case 'Test Cases/Offline PSSI Dashboard Function/Create BE History Identity/View History Identity/PSSIViewHistoryIdentityData' successfully

08-01-2024T17:35:47 - [TEST_STEP][FAILED] - verifyElementPresent(findTestObject("Page_History Identity/Delete Button"), 0): Unable to verify object is present (Root cause: com.kms.katalon.core.exception.StepFailedException: Unable to verify object is present
	at com.kms.katalon.core.webui.keyword.internal.WebUIKeywordMain.stepFailed(WebUIKeywordMain.groovy:64)
	at com.kms.katalon.core.webui.keyword.internal.WebUIKeywordMain.runKeyword(WebUIKeywordMain.groovy:26)
	at com.kms.katalon.core.webui.keyword.builtin.VerifyElementPresentKeyword.verifyElementPresent(VerifyElementPresentKeyword.groovy:92)
	at com.kms.katalon.core.webui.keyword.builtin.VerifyElementPresentKeyword.execute(VerifyElementPresentKeyword.groovy:68)
	at com.kms.katalon.core.keyword.internal.KeywordExecutor.executeKeywordForPlatform(KeywordExecutor.groovy:74)
	at com.kms.katalon.core.webui.keyword.WebUiBuiltInKeywords.verifyElementPresent(WebUiBuiltInKeywords.groovy:1503)
	at PSSIDeleteHistoryIdentity.run(PSSIDeleteHistoryIdentity:30)
	at com.kms.katalon.core.main.ScriptEngine.run(ScriptEngine.java:194)
	at com.kms.katalon.core.main.ScriptEngine.runScriptAsRawText(ScriptEngine.java:119)
	at com.kms.katalon.core.main.TestCaseExecutor.runScript(TestCaseExecutor.java:448)
	at com.kms.katalon.core.main.TestCaseExecutor.doExecute(TestCaseExecutor.java:439)
	at com.kms.katalon.core.main.TestCaseExecutor.processExecutionPhase(TestCaseExecutor.java:418)
	at com.kms.katalon.core.main.TestCaseExecutor.accessMainPhase(TestCaseExecutor.java:410)
	at com.kms.katalon.core.main.TestCaseExecutor.execute(TestCaseExecutor.java:285)
	at com.kms.katalon.core.main.TestCaseExecutor.execute(TestCaseExecutor.java:369)
	at com.kms.katalon.core.main.TestCaseExecutor.execute(TestCaseExecutor.java:369)
	at com.kms.katalon.core.main.TestCaseExecutor.execute(TestCaseExecutor.java:369)
	at com.kms.katalon.core.common.CommonExecutor.accessTestCaseMainPhase(CommonExecutor.java:65)
	at com.kms.katalon.core.main.TestSuiteExecutor.accessTestSuiteMainPhase(TestSuiteExecutor.java:148)
	at com.kms.katalon.core.main.TestSuiteExecutor.execute(TestSuiteExecutor.java:106)
	at com.kms.katalon.core.main.TestCaseMain.startTestSuite(TestCaseMain.java:180)
	at TempTestSuite1704709910178.run(TempTestSuite1704709910178.groovy:36)
	at java.base/jdk.internal.reflect.NativeMethodAccessorImpl.invoke0(Native Method)
	at java.base/jdk.internal.reflect.NativeMethodAccessorImpl.invoke(NativeMethodAccessorImpl.java:77)
	at java.base/jdk.internal.reflect.DelegatingMethodAccessorImpl.invoke(DelegatingMethodAccessorImpl.java:43)
Caused by: java.lang.IllegalArgumentException: Object is null
	at com.kms.katalon.core.helper.KeywordHelper.checkTestObjectParameter(KeywordHelper.java:33)
	at com.kms.katalon.core.webui.keyword.builtin.VerifyElementPresentKeyword$_verifyElementPresent_closure1.doCall(VerifyElementPresentKeyword.groovy:76)
	at com.kms.katalon.core.webui.keyword.builtin.VerifyElementPresentKeyword$_verifyElementPresent_closure1.call(VerifyElementPresentKeyword.groovy)
	at com.kms.katalon.core.webui.keyword.internal.WebUIKeywordMain.runKeyword(WebUIKeywordMain.groovy:20)
	at com.kms.katalon.core.webui.keyword.builtin.VerifyElementPresentKeyword.verifyElementPresent(VerifyElementPresentKeyword.groovy:92)
	at com.kms.katalon.core.webui.keyword.builtin.VerifyElementPresentKeyword.execute(VerifyElementPresentKeyword.groovy:68)
	at com.kms.katalon.core.keyword.internal.KeywordExecutor.executeKeywordForPlatform(KeywordExecutor.groovy:74)
	at com.kms.katalon.core.webui.keyword.WebUiBuiltInKeywords.verifyElementPresent(WebUiBuiltInKeywords.groovy:1503)
	at Script1704708271855.run(Script1704708271855.groovy:30)
	... 18 more
)

08-01-2024T17:35:47 - [MESSAGE][WARNING] - Test object with id 'Object Repository/Page_History Identity/Delete Button' does not exist

08-01-2024T17:35:48 - [MESSAGE][WARNING] - Test object with id 'Object Repository/' does not exist

08-01-2024T17:35:48 - [MESSAGE][FAILED] - Unable to verify object is present (Root cause: com.kms.katalon.core.exception.StepFailedException: Unable to verify object is present
	at com.kms.katalon.core.webui.keyword.internal.WebUIKeywordMain.stepFailed(WebUIKeywordMain.groovy:64)
	at com.kms.katalon.core.webui.keyword.internal.WebUIKeywordMain.runKeyword(WebUIKeywordMain.groovy:26)
	at com.kms.katalon.core.webui.keyword.builtin.VerifyElementPresentKeyword.verifyElementPresent(VerifyElementPresentKeyword.groovy:92)
	at com.kms.katalon.core.webui.keyword.builtin.VerifyElementPresentKeyword.execute(VerifyElementPresentKeyword.groovy:68)
	at com.kms.katalon.core.keyword.internal.KeywordExecutor.executeKeywordForPlatform(KeywordExecutor.groovy:74)
	at com.kms.katalon.core.webui.keyword.WebUiBuiltInKeywords.verifyElementPresent(WebUiBuiltInKeywords.groovy:1503)
	at PSSIDeleteHistoryIdentity.run(PSSIDeleteHistoryIdentity:30)
	at com.kms.katalon.core.main.ScriptEngine.run(ScriptEngine.java:194)
	at com.kms.katalon.core.main.ScriptEngine.runScriptAsRawText(ScriptEngine.java:119)
	at com.kms.katalon.core.main.TestCaseExecutor.runScript(TestCaseExecutor.java:448)
	at com.kms.katalon.core.main.TestCaseExecutor.doExecute(TestCaseExecutor.java:439)
	at com.kms.katalon.core.main.TestCaseExecutor.processExecutionPhase(TestCaseExecutor.java:418)
	at com.kms.katalon.core.main.TestCaseExecutor.accessMainPhase(TestCaseExecutor.java:410)
	at com.kms.katalon.core.main.TestCaseExecutor.execute(TestCaseExecutor.java:285)
	at com.kms.katalon.core.main.TestCaseExecutor.execute(TestCaseExecutor.java:369)
	at com.kms.katalon.core.main.TestCaseExecutor.execute(TestCaseExecutor.java:369)
	at com.kms.katalon.core.main.TestCaseExecutor.execute(TestCaseExecutor.java:369)
	at com.kms.katalon.core.common.CommonExecutor.accessTestCaseMainPhase(CommonExecutor.java:65)
	at com.kms.katalon.core.main.TestSuiteExecutor.accessTestSuiteMainPhase(TestSuiteExecutor.java:148)
	at com.kms.katalon.core.main.TestSuiteExecutor.execute(TestSuiteExecutor.java:106)
	at com.kms.katalon.core.main.TestCaseMain.startTestSuite(TestCaseMain.java:180)
	at TempTestSuite1704709910178.run(TempTestSuite1704709910178.groovy:36)
	at java.base/jdk.internal.reflect.NativeMethodAccessorImpl.invoke0(Native Method)
	at java.base/jdk.internal.reflect.NativeMethodAccessorImpl.invoke(NativeMethodAccessorImpl.java:77)
	at java.base/jdk.internal.reflect.DelegatingMethodAccessorImpl.invoke(DelegatingMethodAccessorImpl.java:43)
Caused by: java.lang.IllegalArgumentException: Object is null
	at com.kms.katalon.core.helper.KeywordHelper.checkTestObjectParameter(KeywordHelper.java:33)
	at com.kms.katalon.core.webui.keyword.builtin.VerifyElementPresentKeyword$_verifyElementPresent_closure1.doCall(VerifyElementPresentKeyword.groovy:76)
	at com.kms.katalon.core.webui.keyword.builtin.VerifyElementPresentKeyword$_verifyElementPresent_closure1.call(VerifyElementPresentKeyword.groovy)
	at com.kms.katalon.core.webui.keyword.internal.WebUIKeywordMain.runKeyword(WebUIKeywordMain.groovy:20)
	at com.kms.katalon.core.webui.keyword.builtin.VerifyElementPresentKeyword.verifyElementPresent(VerifyElementPresentKeyword.groovy:92)
	at com.kms.katalon.core.webui.keyword.builtin.VerifyElementPresentKeyword.execute(VerifyElementPresentKeyword.groovy:68)
	at com.kms.katalon.core.keyword.internal.KeywordExecutor.executeKeywordForPlatform(KeywordExecutor.groovy:74)
	at com.kms.katalon.core.webui.keyword.WebUiBuiltInKeywords.verifyElementPresent(WebUiBuiltInKeywords.groovy:1503)
	at Script1704708271855.run(Script1704708271855.groovy:30)
	... 18 more
)
[[ATTACHMENT|C:\\Users\\USER\\git\\Kecilin-Automation-Test\\Reports\\20240108_173143\\Create BE History Identity\\Delete History Identity Test Suite\\20240108_173150\\1704710148002.png]]]]></system-out>
         <system-err><![CDATA[08-01-2024T17:35:41 - [TEST_CASE][FAILED] - Test Cases/Offline PSSI Dashboard Function/Create BE History Identity/Delete History Identity/Positive Test Case/PSSIDeleteHistoryIdentity: Test Cases/Offline PSSI Dashboard Function/Create BE History Identity/Delete History Identity/Positive Test Case/PSSIDeleteHistoryIdentity FAILED.
Reason:
com.kms.katalon.core.exception.StepFailedException: Unable to verify object is present
	at com.kms.katalon.core.webui.keyword.internal.WebUIKeywordMain.stepFailed(WebUIKeywordMain.groovy:64)
	at com.kms.katalon.core.webui.keyword.internal.WebUIKeywordMain.runKeyword(WebUIKeywordMain.groovy:26)
	at com.kms.katalon.core.webui.keyword.builtin.VerifyElementPresentKeyword.verifyElementPresent(VerifyElementPresentKeyword.groovy:92)
	at com.kms.katalon.core.webui.keyword.builtin.VerifyElementPresentKeyword.execute(VerifyElementPresentKeyword.groovy:68)
	at com.kms.katalon.core.keyword.internal.KeywordExecutor.executeKeywordForPlatform(KeywordExecutor.groovy:74)
	at com.kms.katalon.core.webui.keyword.WebUiBuiltInKeywords.verifyElementPresent(WebUiBuiltInKeywords.groovy:1503)
	at PSSIDeleteHistoryIdentity.run(PSSIDeleteHistoryIdentity:30)
	at com.kms.katalon.core.main.ScriptEngine.run(ScriptEngine.java:194)
	at com.kms.katalon.core.main.ScriptEngine.runScriptAsRawText(ScriptEngine.java:119)
	at com.kms.katalon.core.main.TestCaseExecutor.runScript(TestCaseExecutor.java:448)
	at com.kms.katalon.core.main.TestCaseExecutor.doExecute(TestCaseExecutor.java:439)
	at com.kms.katalon.core.main.TestCaseExecutor.processExecutionPhase(TestCaseExecutor.java:418)
	at com.kms.katalon.core.main.TestCaseExecutor.accessMainPhase(TestCaseExecutor.java:410)
	at com.kms.katalon.core.main.TestCaseExecutor.execute(TestCaseExecutor.java:285)
	at com.kms.katalon.core.main.TestCaseExecutor.execute(TestCaseExecutor.java:369)
	at com.kms.katalon.core.main.TestCaseExecutor.execute(TestCaseExecutor.java:369)
	at com.kms.katalon.core.main.TestCaseExecutor.execute(TestCaseExecutor.java:369)
	at com.kms.katalon.core.common.CommonExecutor.accessTestCaseMainPhase(CommonExecutor.java:65)
	at com.kms.katalon.core.main.TestSuiteExecutor.accessTestSuiteMainPhase(TestSuiteExecutor.java:148)
	at com.kms.katalon.core.main.TestSuiteExecutor.execute(TestSuiteExecutor.java:106)
	at com.kms.katalon.core.main.TestCaseMain.startTestSuite(TestCaseMain.java:180)
	at TempTestSuite1704709910178.run(TempTestSuite1704709910178.groovy:36)
	at java.base/jdk.internal.reflect.NativeMethodAccessorImpl.invoke0(Native Method)
	at java.base/jdk.internal.reflect.NativeMethodAccessorImpl.invoke(NativeMethodAccessorImpl.java:77)
	at java.base/jdk.internal.reflect.DelegatingMethodAccessorImpl.invoke(DelegatingMethodAccessorImpl.java:43)
Caused by: java.lang.IllegalArgumentException: Object is null
	at com.kms.katalon.core.helper.KeywordHelper.checkTestObjectParameter(KeywordHelper.java:33)
	at com.kms.katalon.core.webui.keyword.builtin.VerifyElementPresentKeyword$_verifyElementPresent_closure1.doCall(VerifyElementPresentKeyword.groovy:76)
	at com.kms.katalon.core.webui.keyword.builtin.VerifyElementPresentKeyword$_verifyElementPresent_closure1.call(VerifyElementPresentKeyword.groovy)
	at com.kms.katalon.core.webui.keyword.internal.WebUIKeywordMain.runKeyword(WebUIKeywordMain.groovy:20)
	... 23 more]]></system-err>
      </testcase>
      <system-out><![CDATA[08-01-2024T17:34:48 - [TEST_SUITE][FAILED] - Delete History Identity Test Suite: Test Cases/Offline PSSI Dashboard Function/Create BE History Identity/Delete History Identity/Negative Test Case/PSSICancelDeleteHistoryIdentity FAILED.
Reason:
com.kms.katalon.core.exception.StepFailedException: Unable to verify object is present
	at com.kms.katalon.core.webui.keyword.internal.WebUIKeywordMain.stepFailed(WebUIKeywordMain.groovy:64)
	at com.kms.katalon.core.webui.keyword.internal.WebUIKeywordMain.runKeyword(WebUIKeywordMain.groovy:26)
	at com.kms.katalon.core.webui.keyword.builtin.VerifyElementPresentKeyword.verifyElementPresent(VerifyElementPresentKeyword.groovy:92)
	at com.kms.katalon.core.webui.keyword.builtin.VerifyElementPresentKeyword.execute(VerifyElementPresentKeyword.groovy:68)
	at com.kms.katalon.core.keyword.internal.KeywordExecutor.executeKeywordForPlatform(KeywordExecutor.groovy:74)
	at com.kms.katalon.core.webui.keyword.WebUiBuiltInKeywords.verifyElementPresent(WebUiBuiltInKeywords.groovy:1503)
	at PSSICancelDeleteHistoryIdentity.run(PSSICancelDeleteHistoryIdentity:30)
	at com.kms.katalon.core.main.ScriptEngine.run(ScriptEngine.java:194)
	at com.kms.katalon.core.main.ScriptEngine.runScriptAsRawText(ScriptEngine.java:119)
	at com.kms.katalon.core.main.TestCaseExecutor.runScript(TestCaseExecutor.java:448)
	at com.kms.katalon.core.main.TestCaseExecutor.doExecute(TestCaseExecutor.java:439)
	at com.kms.katalon.core.main.TestCaseExecutor.processExecutionPhase(TestCaseExecutor.java:418)
	at com.kms.katalon.core.main.TestCaseExecutor.accessMainPhase(TestCaseExecutor.java:410)
	at com.kms.katalon.core.main.TestCaseExecutor.execute(TestCaseExecutor.java:285)
	at com.kms.katalon.core.common.CommonExecutor.accessTestCaseMainPhase(CommonExecutor.java:65)
	at com.kms.katalon.core.main.TestSuiteExecutor.accessTestSuiteMainPhase(TestSuiteExecutor.java:148)
	at com.kms.katalon.core.main.TestSuiteExecutor.execute(TestSuiteExecutor.java:106)
	at com.kms.katalon.core.main.TestCaseMain.startTestSuite(TestCaseMain.java:180)
	at TempTestSuite1704709910178.run(TempTestSuite1704709910178.groovy:36)
	at java.base/jdk.internal.reflect.NativeMethodAccessorImpl.invoke0(Native Method)
	at java.base/jdk.internal.reflect.NativeMethodAccessorImpl.invoke(NativeMethodAccessorImpl.java:77)
	at java.base/jdk.internal.reflect.DelegatingMethodAccessorImpl.invoke(DelegatingMethodAccessorImpl.java:43)
Caused by: java.lang.IllegalArgumentException: Object is null
	at com.kms.katalon.core.helper.KeywordHelper.checkTestObjectParameter(KeywordHelper.java:33)
	at com.kms.katalon.core.webui.keyword.builtin.VerifyElementPresentKeyword$_verifyElementPresent_closure1.doCall(VerifyElementPresentKeyword.groovy:76)
	at com.kms.katalon.core.webui.keyword.builtin.VerifyElementPresentKeyword$_verifyElementPresent_closure1.call(VerifyElementPresentKeyword.groovy)
	at com.kms.katalon.core.webui.keyword.internal.WebUIKeywordMain.runKeyword(WebUIKeywordMain.groovy:20)
	... 20 more]]></system-out>
      <system-err><![CDATA[08-01-2024T17:34:48 - [TEST_SUITE][FAILED] - Delete History Identity Test Suite: Test Cases/Offline PSSI Dashboard Function/Create BE History Identity/Delete History Identity/Negative Test Case/PSSICancelDeleteHistoryIdentity FAILED.
Reason:
com.kms.katalon.core.exception.StepFailedException: Unable to verify object is present
	at com.kms.katalon.core.webui.keyword.internal.WebUIKeywordMain.stepFailed(WebUIKeywordMain.groovy:64)
	at com.kms.katalon.core.webui.keyword.internal.WebUIKeywordMain.runKeyword(WebUIKeywordMain.groovy:26)
	at com.kms.katalon.core.webui.keyword.builtin.VerifyElementPresentKeyword.verifyElementPresent(VerifyElementPresentKeyword.groovy:92)
	at com.kms.katalon.core.webui.keyword.builtin.VerifyElementPresentKeyword.execute(VerifyElementPresentKeyword.groovy:68)
	at com.kms.katalon.core.keyword.internal.KeywordExecutor.executeKeywordForPlatform(KeywordExecutor.groovy:74)
	at com.kms.katalon.core.webui.keyword.WebUiBuiltInKeywords.verifyElementPresent(WebUiBuiltInKeywords.groovy:1503)
	at PSSICancelDeleteHistoryIdentity.run(PSSICancelDeleteHistoryIdentity:30)
	at com.kms.katalon.core.main.ScriptEngine.run(ScriptEngine.java:194)
	at com.kms.katalon.core.main.ScriptEngine.runScriptAsRawText(ScriptEngine.java:119)
	at com.kms.katalon.core.main.TestCaseExecutor.runScript(TestCaseExecutor.java:448)
	at com.kms.katalon.core.main.TestCaseExecutor.doExecute(TestCaseExecutor.java:439)
	at com.kms.katalon.core.main.TestCaseExecutor.processExecutionPhase(TestCaseExecutor.java:418)
	at com.kms.katalon.core.main.TestCaseExecutor.accessMainPhase(TestCaseExecutor.java:410)
	at com.kms.katalon.core.main.TestCaseExecutor.execute(TestCaseExecutor.java:285)
	at com.kms.katalon.core.common.CommonExecutor.accessTestCaseMainPhase(CommonExecutor.java:65)
	at com.kms.katalon.core.main.TestSuiteExecutor.accessTestSuiteMainPhase(TestSuiteExecutor.java:148)
	at com.kms.katalon.core.main.TestSuiteExecutor.execute(TestSuiteExecutor.java:106)
	at com.kms.katalon.core.main.TestCaseMain.startTestSuite(TestCaseMain.java:180)
	at TempTestSuite1704709910178.run(TempTestSuite1704709910178.groovy:36)
	at java.base/jdk.internal.reflect.NativeMethodAccessorImpl.invoke0(Native Method)
	at java.base/jdk.internal.reflect.NativeMethodAccessorImpl.invoke(NativeMethodAccessorImpl.java:77)
	at java.base/jdk.internal.reflect.DelegatingMethodAccessorImpl.invoke(DelegatingMethodAccessorImpl.java:43)
Caused by: java.lang.IllegalArgumentException: Object is null
	at com.kms.katalon.core.helper.KeywordHelper.checkTestObjectParameter(KeywordHelper.java:33)
	at com.kms.katalon.core.webui.keyword.builtin.VerifyElementPresentKeyword$_verifyElementPresent_closure1.doCall(VerifyElementPresentKeyword.groovy:76)
	at com.kms.katalon.core.webui.keyword.builtin.VerifyElementPresentKeyword$_verifyElementPresent_closure1.call(VerifyElementPresentKeyword.groovy)
	at com.kms.katalon.core.webui.keyword.internal.WebUIKeywordMain.runKeyword(WebUIKeywordMain.groovy:20)
	... 20 more]]></system-err>
   </testsuite>
   <testsuite name="Detail Identity Test Suite" tests="1" failures="0" errors="0" time="11.959" skipped="0" timestamp="08-01-2024T17:36:10" hostname="USER - DESKTOP-HLRVE9S" id="Test Suites/Create BE History Identity/Detail Identity Test Suite">
      <properties>
         <property name="deviceName" value=""/>
         <property name="devicePlatform" value=""/>
         <property name="logFolder" value="C:\\Users\\USER\\git\\Kecilin-Automation-Test\\Reports\\20240108_173143\\Create BE History Identity\\Detail Identity Test Suite\\20240108_173152"/>
         <property name="logFiles" value="C:\\Users\\USER\\git\\Kecilin-Automation-Test\\Reports\\20240108_173143\\Create BE History Identity\\Detail Identity Test Suite\\20240108_173152\\execution0.log"/>
         <property name="attachments" value=""/>
         <property name="hostName" value="USER - DESKTOP-HLRVE9S"/>
         <property name="os" value="Windows 10 64bit"/>
         <property name="katalonVersion" value="9.2.0.212"/>
         <property name="browser" value="Chrome 120.0.0.0"/>
         <property name="hostAddress" value="192.168.100.189"/>
         <property name="sessionId" value="ef5aadac0892d43b9976087a5f353aa7"/>
         <property name="seleniumVersion" value="3.141.59"/>
         <property name="proxyInformation" value="ProxyInformation { proxyOption=NO_PROXY, proxyServerType=HTTP, username=, password=********, proxyServerAddress=, proxyServerPort=0, executionList=&quot;&quot;, isApplyToDesiredCapabilities=true }"/>
         <property name="platform" value="Windows 10"/>
      </properties>
      <testcase name="Test Cases/Offline PSSI Dashboard Function/Create BE History Identity/Detail Identity/PSSIViewIdentityDetail" time="11.391" classname="Test Cases/Offline PSSI Dashboard Function/Create BE History Identity/Detail Identity/PSSIViewIdentityDetail" status="PASSED">
         <system-out><![CDATA[08-01-2024T17:36:11 - [TEST_CASE][PASSED] - Test Cases/Offline PSSI Dashboard Function/Create BE History Identity/Detail Identity/PSSIViewIdentityDetail: Test Cases/Offline PSSI Dashboard Function/Create BE History Identity/Detail Identity/PSSIViewIdentityDetail

08-01-2024T17:36:11 - [TEST_STEP][PASSED] - baseUrl = offline_pssi_dashboard_url: null

08-01-2024T17:36:12 - [TEST_STEP][PASSED] - callTestCase(findTestCase("Offline PSSI Dashboard Function/Create BE History Identity/View History Identity/PSSIViewHistoryIdentityData"), [:]): Call Test Case 'Test Cases/Offline PSSI Dashboard Function/Create BE History Identity/View History Identity/PSSIViewHistoryIdentityData' successfully

08-01-2024T17:36:12 - [TEST_CASE][PASSED] - Test Cases/Offline PSSI Dashboard Function/Create BE History Identity/View History Identity/PSSIViewHistoryIdentityData: Test Cases/Offline PSSI Dashboard Function/Create BE History Identity/View History Identity/PSSIViewHistoryIdentityData

08-01-2024T17:36:12 - [TEST_STEP][PASSED] - baseUrl = offline_pssi_dashboard_url: null

08-01-2024T17:36:12 - [TEST_STEP][PASSED] - callTestCase(findTestCase("Offline PSSI Dashboard Function/Sign In/PSSISignInValidData"), [:]): Call Test Case 'Test Cases/Offline PSSI Dashboard Function/Sign In/PSSISignInValidData' successfully

08-01-2024T17:36:12 - [TEST_CASE][PASSED] - Test Cases/Offline PSSI Dashboard Function/Sign In/PSSISignInValidData: Test Cases/Offline PSSI Dashboard Function/Sign In/PSSISignInValidData

08-01-2024T17:36:13 - [TEST_STEP][PASSED] - failureHandling = STOP_ON_FAILURE: null

08-01-2024T17:36:13 - [TEST_STEP][PASSED] - baseUrl = offline_pssi_dashboard_url: null

08-01-2024T17:36:13 - [TEST_STEP][PASSED] - openBrowser(""): Browser is opened with url: ''

08-01-2024T17:36:13 - [MESSAGE][INFO] - Starting 'Chrome' driver

08-01-2024T17:36:13 - [MESSAGE][INFO] - Action delay is set to 0 milliseconds

08-01-2024T17:36:15 - [MESSAGE][PASSED] - Browser is opened with url: ''

08-01-2024T17:36:15 - [TEST_STEP][PASSED] - navigateToUrl(baseUrl): Navigate to 'https://monitoring.pssi-dev.kecilin.id' successfully

08-01-2024T17:36:16 - [MESSAGE][PASSED] - Navigate to 'https://monitoring.pssi-dev.kecilin.id' successfully

08-01-2024T17:36:16 - [TEST_STEP][PASSED] - maximizeWindow(): Current window maximized

08-01-2024T17:36:17 - [MESSAGE][PASSED] - Current window maximized

08-01-2024T17:36:17 - [TEST_STEP][PASSED] - setText(findTestObject("Object Repository/Page_Login/input_email"), "superadmin@app.com"): Text 'superadmin@app.com' is set on object 'Object Repository/Page_Login/input_email'

08-01-2024T17:36:18 - [MESSAGE][PASSED] - Text 'superadmin@app.com' is set on object 'Object Repository/Page_Login/input_email'

08-01-2024T17:36:18 - [TEST_STEP][PASSED] - setEncryptedText(findTestObject("Object Repository/Page_Login/input_password"), "8SQVv/p9jVScEs4/2CZsLw=="): Text ****** has been set on object 'Object Repository/Page_Login/input_password'

08-01-2024T17:36:18 - [MESSAGE][PASSED] - Text ****** has been set on object 'Object Repository/Page_Login/input_password'

08-01-2024T17:36:18 - [TEST_STEP][PASSED] - click(findTestObject("Object Repository/Page_Login/button_Sign In")): Object: 'Object Repository/Page_Login/button_Sign In' is clicked on

08-01-2024T17:36:20 - [MESSAGE][PASSED] - Object: 'Object Repository/Page_Login/button_Sign In' is clicked on

08-01-2024T17:36:20 - [MESSAGE][PASSED] - Call Test Case 'Test Cases/Offline PSSI Dashboard Function/Sign In/PSSISignInValidData' successfully

08-01-2024T17:36:20 - [TEST_STEP][PASSED] - navigateToUrl(baseUrl + "/history_identity"): Navigate to 'https://monitoring.pssi-dev.kecilin.id/history_identity' successfully

08-01-2024T17:36:21 - [MESSAGE][PASSED] - Navigate to 'https://monitoring.pssi-dev.kecilin.id/history_identity' successfully

08-01-2024T17:36:21 - [MESSAGE][PASSED] - Call Test Case 'Test Cases/Offline PSSI Dashboard Function/Create BE History Identity/View History Identity/PSSIViewHistoryIdentityData' successfully

08-01-2024T17:36:21 - [TEST_STEP][PASSED] - navigateToUrl(baseUrl + "/monitoring/result/6549de591c277f653708b3b7"): Navigate to 'https://monitoring.pssi-dev.kecilin.id/monitoring/result/6549de591c277f653708b3b7' successfully

08-01-2024T17:36:22 - [MESSAGE][PASSED] - Navigate to 'https://monitoring.pssi-dev.kecilin.id/monitoring/result/6549de591c277f653708b3b7' successfully]]></system-out>
         <system-err><![CDATA[]]></system-err>
      </testcase>
      <system-out><![CDATA[08-01-2024T17:36:10 - [TEST_SUITE][PASSED] - Detail Identity Test Suite: Test Cases/Offline PSSI Dashboard Function/Create BE History Identity/Detail Identity/PSSIViewIdentityDetail]]></system-out>
      <system-err><![CDATA[]]></system-err>
   </testsuite>
   <testsuite name="View History Identity Test Suite" tests="1" failures="0" errors="0" time="9.83" skipped="0" timestamp="08-01-2024T17:36:42" hostname="USER - DESKTOP-HLRVE9S" id="Test Suites/Create BE History Identity/View History Identity Test Suite">
      <properties>
         <property name="deviceName" value=""/>
         <property name="devicePlatform" value=""/>
         <property name="logFolder" value="C:\\Users\\USER\\git\\Kecilin-Automation-Test\\Reports\\20240108_173143\\Create BE History Identity\\View History Identity Test Suite\\20240108_173154"/>
         <property name="logFiles" value="C:\\Users\\USER\\git\\Kecilin-Automation-Test\\Reports\\20240108_173143\\Create BE History Identity\\View History Identity Test Suite\\20240108_173154\\execution0.log"/>
         <property name="attachments" value=""/>
         <property name="hostName" value="USER - DESKTOP-HLRVE9S"/>
         <property name="os" value="Windows 10 64bit"/>
         <property name="katalonVersion" value="9.2.0.212"/>
         <property name="browser" value="Chrome 120.0.0.0"/>
         <property name="hostAddress" value="192.168.100.189"/>
         <property name="sessionId" value="2ccdcc2b25fbbc9789e7ac8dee160e56"/>
         <property name="seleniumVersion" value="3.141.59"/>
         <property name="proxyInformation" value="ProxyInformation { proxyOption=NO_PROXY, proxyServerType=HTTP, username=, password=********, proxyServerAddress=, proxyServerPort=0, executionList=&quot;&quot;, isApplyToDesiredCapabilities=true }"/>
         <property name="platform" value="Windows 10"/>
      </properties>
      <testcase name="Test Cases/Offline PSSI Dashboard Function/Create BE History Identity/View History Identity/PSSIViewHistoryIdentityData" time="9.478" classname="Test Cases/Offline PSSI Dashboard Function/Create BE History Identity/View History Identity/PSSIViewHistoryIdentityData" status="PASSED">
         <system-out><![CDATA[08-01-2024T17:36:42 - [TEST_CASE][PASSED] - Test Cases/Offline PSSI Dashboard Function/Create BE History Identity/View History Identity/PSSIViewHistoryIdentityData: Test Cases/Offline PSSI Dashboard Function/Create BE History Identity/View History Identity/PSSIViewHistoryIdentityData

08-01-2024T17:36:42 - [TEST_STEP][PASSED] - baseUrl = offline_pssi_dashboard_url: null

08-01-2024T17:36:43 - [TEST_STEP][PASSED] - callTestCase(findTestCase("Offline PSSI Dashboard Function/Sign In/PSSISignInValidData"), [:]): Call Test Case 'Test Cases/Offline PSSI Dashboard Function/Sign In/PSSISignInValidData' successfully

08-01-2024T17:36:43 - [TEST_CASE][PASSED] - Test Cases/Offline PSSI Dashboard Function/Sign In/PSSISignInValidData: Test Cases/Offline PSSI Dashboard Function/Sign In/PSSISignInValidData

08-01-2024T17:36:44 - [TEST_STEP][PASSED] - failureHandling = STOP_ON_FAILURE: null

08-01-2024T17:36:44 - [TEST_STEP][PASSED] - baseUrl = offline_pssi_dashboard_url: null

08-01-2024T17:36:44 - [TEST_STEP][PASSED] - openBrowser(""): Browser is opened with url: ''

08-01-2024T17:36:44 - [MESSAGE][INFO] - Starting 'Chrome' driver

08-01-2024T17:36:44 - [MESSAGE][INFO] - Action delay is set to 0 milliseconds

08-01-2024T17:36:46 - [MESSAGE][PASSED] - Browser is opened with url: ''

08-01-2024T17:36:46 - [TEST_STEP][PASSED] - navigateToUrl(baseUrl): Navigate to 'https://monitoring.pssi-dev.kecilin.id' successfully

08-01-2024T17:36:47 - [MESSAGE][PASSED] - Navigate to 'https://monitoring.pssi-dev.kecilin.id' successfully

08-01-2024T17:36:47 - [TEST_STEP][PASSED] - maximizeWindow(): Current window maximized

08-01-2024T17:36:47 - [MESSAGE][PASSED] - Current window maximized

08-01-2024T17:36:47 - [TEST_STEP][PASSED] - setText(findTestObject("Object Repository/Page_Login/input_email"), "superadmin@app.com"): Text 'superadmin@app.com' is set on object 'Object Repository/Page_Login/input_email'

08-01-2024T17:36:48 - [MESSAGE][PASSED] - Text 'superadmin@app.com' is set on object 'Object Repository/Page_Login/input_email'

08-01-2024T17:36:48 - [TEST_STEP][PASSED] - setEncryptedText(findTestObject("Object Repository/Page_Login/input_password"), "8SQVv/p9jVScEs4/2CZsLw=="): Text ****** has been set on object 'Object Repository/Page_Login/input_password'

08-01-2024T17:36:49 - [MESSAGE][PASSED] - Text ****** has been set on object 'Object Repository/Page_Login/input_password'

08-01-2024T17:36:49 - [TEST_STEP][PASSED] - click(findTestObject("Object Repository/Page_Login/button_Sign In")): Object: 'Object Repository/Page_Login/button_Sign In' is clicked on

08-01-2024T17:36:51 - [MESSAGE][PASSED] - Object: 'Object Repository/Page_Login/button_Sign In' is clicked on

08-01-2024T17:36:51 - [MESSAGE][PASSED] - Call Test Case 'Test Cases/Offline PSSI Dashboard Function/Sign In/PSSISignInValidData' successfully

08-01-2024T17:36:51 - [TEST_STEP][PASSED] - navigateToUrl(baseUrl + "/history_identity"): Navigate to 'https://monitoring.pssi-dev.kecilin.id/history_identity' successfully

08-01-2024T17:36:51 - [MESSAGE][PASSED] - Navigate to 'https://monitoring.pssi-dev.kecilin.id/history_identity' successfully]]></system-out>
         <system-err><![CDATA[]]></system-err>
      </testcase>
      <system-out><![CDATA[08-01-2024T17:36:42 - [TEST_SUITE][PASSED] - View History Identity Test Suite: Test Cases/Offline PSSI Dashboard Function/Create BE History Identity/View History Identity/PSSIViewHistoryIdentityData]]></system-out>
      <system-err><![CDATA[]]></system-err>
   </testsuite>
</testsuites>
