<?xml version="1.0" encoding="UTF-8"?>
<testsuites name="View Role Management Test Suite" time="16.514" tests="1" failures="0" errors="0">
   <testsuite name="View Role Management Test Suite" tests="1" failures="0" errors="0" time="16.514" skipped="0" timestamp="22-01-2024T12:10:14" hostname="USER - DESKTOP-HLRVE9S" id="Test Suites/Create BE Role Management/View Role Management Test Suite">
      <properties>
         <property name="deviceName" value=""/>
         <property name="devicePlatform" value=""/>
         <property name="logFolder" value="C:\\Users\\USER\\git\\Kecilin-Automation-Test\\Reports\\20240122_114859\\Create BE Role Management\\View Role Management Test Suite\\20240122_114915"/>
         <property name="logFiles" value="C:\\Users\\USER\\git\\Kecilin-Automation-Test\\Reports\\20240122_114859\\Create BE Role Management\\View Role Management Test Suite\\20240122_114915\\execution0.log"/>
         <property name="attachments" value=""/>
         <property name="hostName" value="USER - DESKTOP-HLRVE9S"/>
         <property name="os" value="Windows 10 64bit"/>
         <property name="katalonVersion" value="9.2.0.212"/>
         <property name="browser" value="Chrome 120.0.0.0"/>
         <property name="hostAddress" value="192.168.100.189"/>
         <property name="sessionId" value="daaeb88175138fe8963184a975397af2"/>
         <property name="seleniumVersion" value="3.141.59"/>
         <property name="proxyInformation" value="ProxyInformation { proxyOption=NO_PROXY, proxyServerType=HTTP, username=, password=********, proxyServerAddress=, proxyServerPort=0, executionList=&quot;&quot;, isApplyToDesiredCapabilities=true }"/>
         <property name="platform" value="Windows 10"/>
      </properties>
      <testcase name="Test Cases/Offline PSSI Dashboard Function/Create BE Role Management/View Role Management/PSSIViewRoleManagement" time="15.979" classname="Test Cases/Offline PSSI Dashboard Function/Create BE Role Management/View Role Management/PSSIViewRoleManagement" status="PASSED">
         <system-out><![CDATA[22-01-2024T12:10:14 - [TEST_CASE][PASSED] - Test Cases/Offline PSSI Dashboard Function/Create BE Role Management/View Role Management/PSSIViewRoleManagement: Test Cases/Offline PSSI Dashboard Function/Create BE Role Management/View Role Management/PSSIViewRoleManagement

22-01-2024T12:10:15 - [TEST_STEP][PASSED] - failureHandling = STOP_ON_FAILURE: null

22-01-2024T12:10:15 - [TEST_STEP][PASSED] - baseUrl = offline_pssi_dashboard_url: null

22-01-2024T12:10:16 - [TEST_STEP][PASSED] - callTestCase(findTestCase("Offline PSSI Dashboard Function/Sign In/PSSISignInValidData"), [:], failureHandling): Call Test Case 'Test Cases/Offline PSSI Dashboard Function/Sign In/PSSISignInValidData' successfully

22-01-2024T12:10:17 - [TEST_CASE][PASSED] - Test Cases/Offline PSSI Dashboard Function/Sign In/PSSISignInValidData: Test Cases/Offline PSSI Dashboard Function/Sign In/PSSISignInValidData

22-01-2024T12:10:17 - [TEST_STEP][PASSED] - failureHandling = STOP_ON_FAILURE: null

22-01-2024T12:10:17 - [TEST_STEP][PASSED] - baseUrl = offline_pssi_dashboard_url: null

22-01-2024T12:10:17 - [TEST_STEP][PASSED] - openBrowser(""): Browser is opened with url: ''

22-01-2024T12:10:18 - [MESSAGE][INFO] - Starting 'Chrome' driver

22-01-2024T12:10:18 - [MESSAGE][INFO] - User set preference: ['unhandledPromptBehaviour', 'ignore']

22-01-2024T12:10:18 - [MESSAGE][INFO] - User set preference: ['unexpectedAlertBehaviour', 'ignore']

22-01-2024T12:10:18 - [MESSAGE][INFO] - Action delay is set to 0 milliseconds

22-01-2024T12:10:22 - [MESSAGE][PASSED] - Browser is opened with url: ''

22-01-2024T12:10:22 - [TEST_STEP][PASSED] - navigateToUrl(baseUrl): Navigate to 'https://monitoring.pssi-dev.kecilin.id' successfully

22-01-2024T12:10:23 - [MESSAGE][PASSED] - Navigate to 'https://monitoring.pssi-dev.kecilin.id' successfully

22-01-2024T12:10:23 - [TEST_STEP][PASSED] - maximizeWindow(): Current window maximized

22-01-2024T12:10:23 - [MESSAGE][PASSED] - Current window maximized

22-01-2024T12:10:23 - [TEST_STEP][PASSED] - setText(findTestObject("Object Repository/Page_Login/input_email"), "superadmin@app.com"): Text 'superadmin@app.com' is set on object 'Object Repository/Page_Login/input_email'

22-01-2024T12:10:25 - [MESSAGE][PASSED] - Text 'superadmin@app.com' is set on object 'Object Repository/Page_Login/input_email'

22-01-2024T12:10:25 - [TEST_STEP][PASSED] - setEncryptedText(findTestObject("Object Repository/Page_Login/input_password"), "8SQVv/p9jVScEs4/2CZsLw=="): Text ****** has been set on object 'Object Repository/Page_Login/input_password'

22-01-2024T12:10:25 - [MESSAGE][PASSED] - Text ****** has been set on object 'Object Repository/Page_Login/input_password'

22-01-2024T12:10:25 - [TEST_STEP][PASSED] - click(findTestObject("Object Repository/Page_Login/button_Sign In")): Object: 'Object Repository/Page_Login/button_Sign In' is clicked on

22-01-2024T12:10:28 - [MESSAGE][PASSED] - Object: 'Object Repository/Page_Login/button_Sign In' is clicked on

22-01-2024T12:10:28 - [MESSAGE][PASSED] - Call Test Case 'Test Cases/Offline PSSI Dashboard Function/Sign In/PSSISignInValidData' successfully

22-01-2024T12:10:28 - [TEST_STEP][PASSED] - scrollToElement(findTestObject("Page_Dashboard/Account Management Sidebar"), 0): Scroll to object 'Object Repository/Page_Dashboard/Account Management Sidebar' successfully

22-01-2024T12:10:28 - [MESSAGE][WARNING] - Timeout '0' is invalid. Using default page load timeout: '1'

22-01-2024T12:10:30 - [MESSAGE][INFO] - Unable to find the element located by 'By.xpath: id("sidenav-collapse-main")/ul[@class="navbar-nav"]/li[@class="nav-item"]/a[@class="nav-link"][count(. | //a[@class = 'nav-link  ' and @href = '/accounts' and (text() = '
            
              
                
              
            
            Account Management
          ' or . = '
            
              
                
              
            
            Account Management
          ')]) = count(//a[@class = 'nav-link  ' and @href = '/accounts' and (text() = '
            
              
                
              
            
            Account Management
          ' or . = '
            
              
                
              
            
            Account Management
          ')])]'. Please recheck the objects properties to make sure the desired element is located. 

22-01-2024T12:10:30 - [MESSAGE][WARNING] - [SELF-HEALING] Failed to find element with id 'Object Repository/Page_Dashboard/Account Management Sidebar'. Try using Self-healing.

22-01-2024T12:10:30 - [MESSAGE][WARNING] - [SELF-HEALING] The current locator of test object 'Object Repository/Page_Dashboard/Account Management Sidebar' was broken. Propose an alternative one: '//div[@id='sidenav-collapse-main']/ul/li[12]/a'.

22-01-2024T12:10:30 - [MESSAGE][PASSED] - Scroll to object 'Object Repository/Page_Dashboard/Account Management Sidebar' successfully

22-01-2024T12:10:30 - [TEST_STEP][PASSED] - navigateToUrl(baseUrl + "/roles", failureHandling): Navigate to 'https://monitoring.pssi-dev.kecilin.id/roles' successfully

22-01-2024T12:10:30 - [MESSAGE][PASSED] - Navigate to 'https://monitoring.pssi-dev.kecilin.id/roles' successfully]]></system-out>
         <system-err><![CDATA[]]></system-err>
      </testcase>
      <system-out><![CDATA[22-01-2024T12:10:14 - [TEST_SUITE][PASSED] - View Role Management Test Suite: Test Cases/Offline PSSI Dashboard Function/Create BE Role Management/View Role Management/PSSIViewRoleManagement]]></system-out>
      <system-err><![CDATA[]]></system-err>
   </testsuite>
</testsuites>
