<?xml version="1.0" encoding="UTF-8"?>
<testsuites name="Download Video Test Suite" time="282.737" tests="3" failures="3" errors="0">
   <testsuite name="Download Video Test Suite" tests="3" failures="3" errors="0" time="282.737" skipped="0" timestamp="17-01-2024T16:50:46" hostname="USER - DESKTOP-HLRVE9S" id="Test Suites/Create BE Download/Download Video Test Suite">
      <properties>
         <property name="deviceName" value=""/>
         <property name="devicePlatform" value=""/>
         <property name="logFolder" value="C:\\Users\\USER\\git\\Kecilin-Automation-Test\\Reports\\20240117_164656\\Create BE Download\\Download Video Test Suite\\20240117_164704"/>
         <property name="logFiles" value="C:\\Users\\USER\\git\\Kecilin-Automation-Test\\Reports\\20240117_164656\\Create BE Download\\Download Video Test Suite\\20240117_164704\\execution0.log"/>
         <property name="attachments" value="C:\\Users\\USER\\git\\Kecilin-Automation-Test\\Reports\\20240117_164656\\Create BE Download\\Download Video Test Suite\\20240117_164704\\1705485072990.png, C:\\Users\\USER\\git\\Kecilin-Automation-Test\\Reports\\20240117_164656\\Create BE Download\\Download Video Test Suite\\20240117_164704\\1705485098139.png, C:\\Users\\USER\\git\\Kecilin-Automation-Test\\Reports\\20240117_164656\\Create BE Download\\Download Video Test Suite\\20240117_164704\\1705485122032.png, C:\\Users\\USER\\git\\Kecilin-Automation-Test\\Reports\\20240117_164656\\Create BE Download\\Download Video Test Suite\\20240117_164704\\1705485148462.png, C:\\Users\\USER\\git\\Kecilin-Automation-Test\\Reports\\20240117_164656\\Create BE Download\\Download Video Test Suite\\20240117_164704\\1705485170998.png, C:\\Users\\USER\\git\\Kecilin-Automation-Test\\Reports\\20240117_164656\\Create BE Download\\Download Video Test Suite\\20240117_164704\\1705485197069.png, C:\\Users\\USER\\git\\Kecilin-Automation-Test\\Reports\\20240117_164656\\Create BE Download\\Download Video Test Suite\\20240117_164704\\1705485218233.png, C:\\Users\\USER\\git\\Kecilin-Automation-Test\\Reports\\20240117_164656\\Create BE Download\\Download Video Test Suite\\20240117_164704\\1705485232220.png, C:\\Users\\USER\\git\\Kecilin-Automation-Test\\Reports\\20240117_164656\\Create BE Download\\Download Video Test Suite\\20240117_164704\\1705485256137.png, C:\\Users\\USER\\git\\Kecilin-Automation-Test\\Reports\\20240117_164656\\Create BE Download\\Download Video Test Suite\\20240117_164704\\1705485279648.png, C:\\Users\\USER\\git\\Kecilin-Automation-Test\\Reports\\20240117_164656\\Create BE Download\\Download Video Test Suite\\20240117_164704\\1705485305168.png, C:\\Users\\USER\\git\\Kecilin-Automation-Test\\Reports\\20240117_164656\\Create BE Download\\Download Video Test Suite\\20240117_164704\\1705485329008.png"/>
         <property name="hostName" value="USER - DESKTOP-HLRVE9S"/>
         <property name="os" value="Windows 10 64bit"/>
         <property name="katalonVersion" value="9.2.0.212"/>
         <property name="browser" value="Chrome 120.0.0.0"/>
         <property name="hostAddress" value="192.168.100.189"/>
         <property name="sessionId" value="fa380f4ba1e4ffaf47ecf6eedbeb6a82"/>
         <property name="seleniumVersion" value="3.141.59"/>
         <property name="proxyInformation" value="ProxyInformation { proxyOption=NO_PROXY, proxyServerType=HTTP, username=, password=********, proxyServerAddress=, proxyServerPort=0, executionList=&quot;&quot;, isApplyToDesiredCapabilities=true }"/>
         <property name="platform" value="Windows 10"/>
      </properties>
      <testcase name="Test Cases/Offline PSSI Dashboard Function/Create BE Download/Download Video/Negative Test Case/PSSIUntickAllTickedData" time="26.348" classname="Test Cases/Offline PSSI Dashboard Function/Create BE Download/Download Video/Negative Test Case/PSSIUntickAllTickedData" status="FAILED">
         <failure type="FAILED" message="Test Cases/Offline PSSI Dashboard Function/Create BE Download/Download Video/Negative Test Case/PSSIUntickAllTickedData FAILED.&#xa;Reason:&#xa;com.kms.katalon.core.exception.StepFailedException: Unable to verify object is not present&#xa;	at com.kms.katalon.core.webui.keyword.internal.WebUIKeywordMain.stepFailed(WebUIKeywordMain.groovy:64)&#xa;	at com.kms.katalon.core.webui.keyword.internal.WebUIKeywordMain.runKeyword(WebUIKeywordMain.groovy:26)&#xa;	at com.kms.katalon.core.webui.keyword.internal.WebUIKeywordMain$runKeyword.call(Unknown Source)&#xa;	at com.kms.katalon.core.webui.keyword.builtin.VerifyElementNotPresentKeyword.verifyElementNotPresent(VerifyElementNotPresentKeyword.groovy:122)&#xa;	at com.kms.katalon.core.webui.keyword.builtin.VerifyElementNotPresentKeyword.execute(VerifyElementNotPresentKeyword.groovy:68)&#xa;	at com.kms.katalon.core.keyword.internal.KeywordExecutor.executeKeywordForPlatform(KeywordExecutor.groovy:74)&#xa;	at com.kms.katalon.core.webui.keyword.WebUiBuiltInKeywords.verifyElementNotPresent(WebUiBuiltInKeywords.groovy:1536)&#xa;	at PSSIUntickAllTickedData.run(PSSIUntickAllTickedData:29)&#xa;	at com.kms.katalon.core.main.ScriptEngine.run(ScriptEngine.java:194)&#xa;	at com.kms.katalon.core.main.ScriptEngine.runScriptAsRawText(ScriptEngine.java:119)&#xa;	at com.kms.katalon.core.main.TestCaseExecutor.runScript(TestCaseExecutor.java:448)&#xa;	at com.kms.katalon.core.main.TestCaseExecutor.doExecute(TestCaseExecutor.java:439)&#xa;	at com.kms.katalon.core.main.TestCaseExecutor.processExecutionPhase(TestCaseExecutor.java:418)&#xa;	at com.kms.katalon.core.main.TestCaseExecutor.accessMainPhase(TestCaseExecutor.java:410)&#xa;	at com.kms.katalon.core.main.TestCaseExecutor.execute(TestCaseExecutor.java:285)&#xa;	at com.kms.katalon.core.main.TestCaseExecutor.execute(TestCaseExecutor.java:369)&#xa;	at com.kms.katalon.core.main.TestCaseExecutor.execute(TestCaseExecutor.java:369)&#xa;	at com.kms.katalon.core.main.TestCaseExecutor.execute(TestCaseExecutor.java:369)&#xa;	at com.kms.katalon.core.common.CommonExecutor.accessTestCaseMainPhase(CommonExecutor.java:65)&#xa;	at com.kms.katalon.core.main.TestSuiteExecutor.accessTestSuiteMainPhase(TestSuiteExecutor.java:148)&#xa;	at com.kms.katalon.core.main.TestSuiteExecutor.execute(TestSuiteExecutor.java:106)&#xa;	at com.kms.katalon.core.main.TestCaseMain.startTestSuite(TestCaseMain.java:180)&#xa;	at TempTestSuite1705484824025.run(TempTestSuite1705484824025.groovy:36)&#xa;	at java.base/jdk.internal.reflect.NativeMethodAccessorImpl.invoke0(Native Method)&#xa;	at java.base/jdk.internal.reflect.NativeMethodAccessorImpl.invoke(NativeMethodAccessorImpl.java:77)&#xa;	at java.base/jdk.internal.reflect.DelegatingMethodAccessorImpl.invoke(DelegatingMethodAccessorImpl.java:43)&#xa;Caused by: java.lang.IllegalArgumentException: Object is null&#xa;	at com.kms.katalon.core.helper.KeywordHelper.checkTestObjectParameter(KeywordHelper.java:33)&#xa;	at com.kms.katalon.core.helper.KeywordHelper$checkTestObjectParameter.call(Unknown Source)&#xa;	at com.kms.katalon.core.helper.KeywordHelper$checkTestObjectParameter.call(Unknown Source)&#xa;	at com.kms.katalon.core.webui.keyword.builtin.VerifyElementNotPresentKeyword$_verifyElementNotPresent_closure1.doCall(VerifyElementNotPresentKeyword.groovy:75)&#xa;	at com.kms.katalon.core.webui.keyword.builtin.VerifyElementNotPresentKeyword$_verifyElementNotPresent_closure1.doCall(VerifyElementNotPresentKeyword.groovy)&#xa;	at java.base/jdk.internal.reflect.NativeMethodAccessorImpl.invoke0(Native Method)&#xa;	at java.base/jdk.internal.reflect.NativeMethodAccessorImpl.invoke(NativeMethodAccessorImpl.java:77)&#xa;	at java.base/jdk.internal.reflect.DelegatingMethodAccessorImpl.invoke(DelegatingMethodAccessorImpl.java:43)&#xa;	at com.kms.katalon.core.webui.keyword.internal.WebUIKeywordMain.runKeyword(WebUIKeywordMain.groovy:20)&#xa;	... 24 more&#xa;"/>
         <system-out><![CDATA[17-01-2024T16:52:02 - [TEST_CASE][FAILED] - Test Cases/Offline PSSI Dashboard Function/Create BE Download/Download Video/Negative Test Case/PSSIUntickAllTickedData: Test Cases/Offline PSSI Dashboard Function/Create BE Download/Download Video/Negative Test Case/PSSIUntickAllTickedData FAILED.
Reason:
com.kms.katalon.core.exception.StepFailedException: Unable to verify object is not present
	at com.kms.katalon.core.webui.keyword.internal.WebUIKeywordMain.stepFailed(WebUIKeywordMain.groovy:64)
	at com.kms.katalon.core.webui.keyword.internal.WebUIKeywordMain.runKeyword(WebUIKeywordMain.groovy:26)
	at com.kms.katalon.core.webui.keyword.internal.WebUIKeywordMain$runKeyword.call(Unknown Source)
	at com.kms.katalon.core.webui.keyword.builtin.VerifyElementNotPresentKeyword.verifyElementNotPresent(VerifyElementNotPresentKeyword.groovy:122)
	at com.kms.katalon.core.webui.keyword.builtin.VerifyElementNotPresentKeyword.execute(VerifyElementNotPresentKeyword.groovy:68)
	at com.kms.katalon.core.keyword.internal.KeywordExecutor.executeKeywordForPlatform(KeywordExecutor.groovy:74)
	at com.kms.katalon.core.webui.keyword.WebUiBuiltInKeywords.verifyElementNotPresent(WebUiBuiltInKeywords.groovy:1536)
	at PSSIUntickAllTickedData.run(PSSIUntickAllTickedData:29)
	at com.kms.katalon.core.main.ScriptEngine.run(ScriptEngine.java:194)
	at com.kms.katalon.core.main.ScriptEngine.runScriptAsRawText(ScriptEngine.java:119)
	at com.kms.katalon.core.main.TestCaseExecutor.runScript(TestCaseExecutor.java:448)
	at com.kms.katalon.core.main.TestCaseExecutor.doExecute(TestCaseExecutor.java:439)
	at com.kms.katalon.core.main.TestCaseExecutor.processExecutionPhase(TestCaseExecutor.java:418)
	at com.kms.katalon.core.main.TestCaseExecutor.accessMainPhase(TestCaseExecutor.java:410)
	at com.kms.katalon.core.main.TestCaseExecutor.execute(TestCaseExecutor.java:285)
	at com.kms.katalon.core.main.TestCaseExecutor.execute(TestCaseExecutor.java:369)
	at com.kms.katalon.core.main.TestCaseExecutor.execute(TestCaseExecutor.java:369)
	at com.kms.katalon.core.main.TestCaseExecutor.execute(TestCaseExecutor.java:369)
	at com.kms.katalon.core.common.CommonExecutor.accessTestCaseMainPhase(CommonExecutor.java:65)
	at com.kms.katalon.core.main.TestSuiteExecutor.accessTestSuiteMainPhase(TestSuiteExecutor.java:148)
	at com.kms.katalon.core.main.TestSuiteExecutor.execute(TestSuiteExecutor.java:106)
	at com.kms.katalon.core.main.TestCaseMain.startTestSuite(TestCaseMain.java:180)
	at TempTestSuite1705484824025.run(TempTestSuite1705484824025.groovy:36)
	at java.base/jdk.internal.reflect.NativeMethodAccessorImpl.invoke0(Native Method)
	at java.base/jdk.internal.reflect.NativeMethodAccessorImpl.invoke(NativeMethodAccessorImpl.java:77)
	at java.base/jdk.internal.reflect.DelegatingMethodAccessorImpl.invoke(DelegatingMethodAccessorImpl.java:43)
Caused by: java.lang.IllegalArgumentException: Object is null
	at com.kms.katalon.core.helper.KeywordHelper.checkTestObjectParameter(KeywordHelper.java:33)
	at com.kms.katalon.core.helper.KeywordHelper$checkTestObjectParameter.call(Unknown Source)
	at com.kms.katalon.core.helper.KeywordHelper$checkTestObjectParameter.call(Unknown Source)
	at com.kms.katalon.core.webui.keyword.builtin.VerifyElementNotPresentKeyword$_verifyElementNotPresent_closure1.doCall(VerifyElementNotPresentKeyword.groovy:75)
	at com.kms.katalon.core.webui.keyword.builtin.VerifyElementNotPresentKeyword$_verifyElementNotPresent_closure1.doCall(VerifyElementNotPresentKeyword.groovy)
	at java.base/jdk.internal.reflect.NativeMethodAccessorImpl.invoke0(Native Method)
	at java.base/jdk.internal.reflect.NativeMethodAccessorImpl.invoke(NativeMethodAccessorImpl.java:77)
	at java.base/jdk.internal.reflect.DelegatingMethodAccessorImpl.invoke(DelegatingMethodAccessorImpl.java:43)
	at com.kms.katalon.core.webui.keyword.internal.WebUIKeywordMain.runKeyword(WebUIKeywordMain.groovy:20)
	... 24 more


17-01-2024T16:52:02 - [TEST_STEP][PASSED] - baseUrl = offline_pssi_dashboard_url: null

17-01-2024T16:52:02 - [TEST_STEP][PASSED] - callTestCase(findTestCase("Offline PSSI Dashboard Function/Create BE Download/Filter Download/Positive Test Case/PSSIFilterStadiumAndCam"), [:]): Call Test Case 'Test Cases/Offline PSSI Dashboard Function/Create BE Download/Filter Download/Positive Test Case/PSSIFilterStadiumAndCam' successfully

17-01-2024T16:52:02 - [TEST_CASE][PASSED] - Test Cases/Offline PSSI Dashboard Function/Create BE Download/Filter Download/Positive Test Case/PSSIFilterStadiumAndCam: Test Cases/Offline PSSI Dashboard Function/Create BE Download/Filter Download/Positive Test Case/PSSIFilterStadiumAndCam

17-01-2024T16:52:02 - [TEST_STEP][PASSED] - baseUrl = offline_pssi_dashboard_url: null

17-01-2024T16:52:02 - [TEST_STEP][PASSED] - callTestCase(findTestCase("Offline PSSI Dashboard Function/Create BE Download/View Download Page/PSSIViewDownloadPage"), [:]): Call Test Case 'Test Cases/Offline PSSI Dashboard Function/Create BE Download/View Download Page/PSSIViewDownloadPage' successfully

17-01-2024T16:52:02 - [TEST_CASE][PASSED] - Test Cases/Offline PSSI Dashboard Function/Create BE Download/View Download Page/PSSIViewDownloadPage: Test Cases/Offline PSSI Dashboard Function/Create BE Download/View Download Page/PSSIViewDownloadPage

17-01-2024T16:52:02 - [TEST_STEP][PASSED] - baseUrl = offline_pssi_dashboard_url: null

17-01-2024T16:52:02 - [TEST_STEP][PASSED] - callTestCase(findTestCase("Offline PSSI Dashboard Function/Sign In/PSSISignInValidData"), [:]): Call Test Case 'Test Cases/Offline PSSI Dashboard Function/Sign In/PSSISignInValidData' successfully

17-01-2024T16:52:02 - [TEST_CASE][PASSED] - Test Cases/Offline PSSI Dashboard Function/Sign In/PSSISignInValidData: Test Cases/Offline PSSI Dashboard Function/Sign In/PSSISignInValidData

17-01-2024T16:52:02 - [TEST_STEP][PASSED] - failureHandling = STOP_ON_FAILURE: null

17-01-2024T16:52:02 - [TEST_STEP][PASSED] - baseUrl = offline_pssi_dashboard_url: null

17-01-2024T16:52:02 - [TEST_STEP][PASSED] - openBrowser(""): Browser is opened with url: ''

17-01-2024T16:52:02 - [MESSAGE][WARNING] - A browser is already opened. Closing browser and opening a new one

17-01-2024T16:52:03 - [MESSAGE][INFO] - Starting 'Chrome' driver

17-01-2024T16:52:03 - [MESSAGE][INFO] - Action delay is set to 0 milliseconds

17-01-2024T16:52:05 - [MESSAGE][PASSED] - Browser is opened with url: ''

17-01-2024T16:52:05 - [TEST_STEP][PASSED] - navigateToUrl(baseUrl): Navigate to 'https://monitoring.pssi-dev.kecilin.id' successfully

17-01-2024T16:52:07 - [MESSAGE][PASSED] - Navigate to 'https://monitoring.pssi-dev.kecilin.id' successfully

17-01-2024T16:52:07 - [TEST_STEP][PASSED] - maximizeWindow(): Current window maximized

17-01-2024T16:52:07 - [MESSAGE][PASSED] - Current window maximized

17-01-2024T16:52:07 - [TEST_STEP][PASSED] - setText(findTestObject("Object Repository/Page_Login/input_email"), "superadmin@app.com"): Text 'superadmin@app.com' is set on object 'Object Repository/Page_Login/input_email'

17-01-2024T16:52:08 - [MESSAGE][PASSED] - Text 'superadmin@app.com' is set on object 'Object Repository/Page_Login/input_email'

17-01-2024T16:52:08 - [TEST_STEP][PASSED] - setEncryptedText(findTestObject("Object Repository/Page_Login/input_password"), "8SQVv/p9jVScEs4/2CZsLw=="): Text ****** has been set on object 'Object Repository/Page_Login/input_password'

17-01-2024T16:52:08 - [MESSAGE][PASSED] - Text ****** has been set on object 'Object Repository/Page_Login/input_password'

17-01-2024T16:52:08 - [TEST_STEP][PASSED] - click(findTestObject("Object Repository/Page_Login/button_Sign In")): Object: 'Object Repository/Page_Login/button_Sign In' is clicked on

17-01-2024T16:52:13 - [MESSAGE][PASSED] - Object: 'Object Repository/Page_Login/button_Sign In' is clicked on

17-01-2024T16:52:13 - [MESSAGE][PASSED] - Call Test Case 'Test Cases/Offline PSSI Dashboard Function/Sign In/PSSISignInValidData' successfully

17-01-2024T16:52:13 - [TEST_STEP][PASSED] - navigateToUrl(baseUrl + "/downloads"): Navigate to 'https://monitoring.pssi-dev.kecilin.id/downloads' successfully

17-01-2024T16:52:13 - [MESSAGE][PASSED] - Navigate to 'https://monitoring.pssi-dev.kecilin.id/downloads' successfully

17-01-2024T16:52:13 - [MESSAGE][PASSED] - Call Test Case 'Test Cases/Offline PSSI Dashboard Function/Create BE Download/View Download Page/PSSIViewDownloadPage' successfully

17-01-2024T16:52:13 - [TEST_STEP][PASSED] - verifyElementNotPresent(findTestObject("Page_Playback Video/CCTV Selection Bar"), 0): Web element with id: 'Object Repository/Page_Playback Video/CCTV Selection Bar' located by 'By.xpath: id("select2-cctv-container")[count(. | //span[@class = 'select2-selection__rendered' and @id = 'select2-cctv-container' and @role = 'textbox' and @aria-readonly = 'true' and @title = '-- Search CCTV --' and (text() = '-- Search CCTV --' or . = '-- Search CCTV --')]) = count(//span[@class = 'select2-selection__rendered' and @id = 'select2-cctv-container' and @role = 'textbox' and @aria-readonly = 'true' and @title = '-- Search CCTV --' and (text() = '-- Search CCTV --' or . = '-- Search CCTV --')])]' is not present after '1' second(s)

17-01-2024T16:52:14 - [MESSAGE][WARNING] - Timeout '0' is invalid. Using default page load timeout: '1'

17-01-2024T16:52:14 - [MESSAGE][PASSED] - Web element with id: 'Object Repository/Page_Playback Video/CCTV Selection Bar' located by 'By.xpath: id("select2-cctv-container")[count(. | //span[@class = 'select2-selection__rendered' and @id = 'select2-cctv-container' and @role = 'textbox' and @aria-readonly = 'true' and @title = '-- Search CCTV --' and (text() = '-- Search CCTV --' or . = '-- Search CCTV --')]) = count(//span[@class = 'select2-selection__rendered' and @id = 'select2-cctv-container' and @role = 'textbox' and @aria-readonly = 'true' and @title = '-- Search CCTV --' and (text() = '-- Search CCTV --' or . = '-- Search CCTV --')])]' is not present after '1' second(s)

17-01-2024T16:52:14 - [TEST_STEP][PASSED] - verifyElementClickable(findTestObject("Page_Playback Video/Stadium Selection Bar")): Object 'Object Repository/Page_Playback Video/Stadium Selection Bar' is clickable

17-01-2024T16:52:14 - [MESSAGE][PASSED] - Object 'Object Repository/Page_Playback Video/Stadium Selection Bar' is clickable

17-01-2024T16:52:14 - [TEST_STEP][PASSED] - click(findTestObject("Page_Playback Video/Stadium Selection Bar")): Object: 'Object Repository/Page_Playback Video/Stadium Selection Bar' is clicked on

17-01-2024T16:52:15 - [MESSAGE][PASSED] - Object: 'Object Repository/Page_Playback Video/Stadium Selection Bar' is clicked on

17-01-2024T16:52:15 - [TEST_STEP][PASSED] - sendKeys(findTestObject("Page_Playback Video/Stadium Search Field"), Keys.chord(ENTER)): Keys 'ENTER + ' sent to object: 'Object Repository/Page_Playback Video/Stadium Search Field'

17-01-2024T16:52:15 - [MESSAGE][PASSED] - Keys 'ENTER + ' sent to object: 'Object Repository/Page_Playback Video/Stadium Search Field'

17-01-2024T16:52:15 - [TEST_STEP][PASSED] - verifyElementClickable(findTestObject("Page_Playback Video/CCTV Selection Bar")): Object 'Object Repository/Page_Playback Video/CCTV Selection Bar' is clickable

17-01-2024T16:52:16 - [MESSAGE][PASSED] - Object 'Object Repository/Page_Playback Video/CCTV Selection Bar' is clickable

17-01-2024T16:52:16 - [TEST_STEP][PASSED] - click(findTestObject("Page_Playback Video/CCTV Selection Bar")): Object: 'Object Repository/Page_Playback Video/CCTV Selection Bar' is clicked on

17-01-2024T16:52:16 - [MESSAGE][PASSED] - Object: 'Object Repository/Page_Playback Video/CCTV Selection Bar' is clicked on

17-01-2024T16:52:16 - [TEST_STEP][PASSED] - sendKeys(findTestObject("Page_Playback Video/CCTV Search Field"), Keys.chord(ARROW_DOWN)): Keys 'DOWN + ' sent to object: 'Object Repository/Page_Playback Video/CCTV Search Field'

17-01-2024T16:52:17 - [MESSAGE][PASSED] - Keys 'DOWN + ' sent to object: 'Object Repository/Page_Playback Video/CCTV Search Field'

17-01-2024T16:52:17 - [TEST_STEP][PASSED] - sendKeys(findTestObject("Page_Playback Video/CCTV Search Field"), Keys.chord(ENTER)): Keys 'ENTER + ' sent to object: 'Object Repository/Page_Playback Video/CCTV Search Field'

17-01-2024T16:52:17 - [MESSAGE][PASSED] - Keys 'ENTER + ' sent to object: 'Object Repository/Page_Playback Video/CCTV Search Field'

17-01-2024T16:52:17 - [TEST_STEP][PASSED] - verifyElementClickable(findTestObject("Page_Playback Video/button_Search")): Object 'Object Repository/Page_Playback Video/button_Search' is clickable

17-01-2024T16:52:18 - [MESSAGE][PASSED] - Object 'Object Repository/Page_Playback Video/button_Search' is clickable

17-01-2024T16:52:18 - [TEST_STEP][PASSED] - click(findTestObject("Page_Playback Video/button_Search")): Object: 'Object Repository/Page_Playback Video/button_Search' is clicked on

17-01-2024T16:52:18 - [MESSAGE][PASSED] - Object: 'Object Repository/Page_Playback Video/button_Search' is clicked on

17-01-2024T16:52:18 - [TEST_STEP][PASSED] - verifyTextPresent("Size", false): Text 'Size' is present on page 

17-01-2024T16:52:27 - [MESSAGE][PASSED] - Text 'Size' is present on page 

17-01-2024T16:52:27 - [TEST_STEP][PASSED] - verifyTextPresent("Name", false): Text 'Name' is present on page 

17-01-2024T16:52:27 - [MESSAGE][PASSED] - Text 'Name' is present on page 

17-01-2024T16:52:27 - [TEST_STEP][PASSED] - verifyTextPresent("Date Time", false): Text 'Date Time' is present on page 

17-01-2024T16:52:28 - [MESSAGE][PASSED] - Text 'Date Time' is present on page 

17-01-2024T16:52:28 - [TEST_STEP][PASSED] - verifyTextPresent("Action", false): Text 'Action' is present on page 

17-01-2024T16:52:28 - [MESSAGE][PASSED] - Text 'Action' is present on page 

17-01-2024T16:52:28 - [MESSAGE][PASSED] - Call Test Case 'Test Cases/Offline PSSI Dashboard Function/Create BE Download/Filter Download/Positive Test Case/PSSIFilterStadiumAndCam' successfully

17-01-2024T16:52:28 - [TEST_STEP][FAILED] - verifyElementNotPresent(findTestObject("Page_Download/Multiple Download Button"), 1): Unable to verify object is not present (Root cause: com.kms.katalon.core.exception.StepFailedException: Unable to verify object is not present
	at com.kms.katalon.core.webui.keyword.internal.WebUIKeywordMain.stepFailed(WebUIKeywordMain.groovy:64)
	at com.kms.katalon.core.webui.keyword.internal.WebUIKeywordMain.runKeyword(WebUIKeywordMain.groovy:26)
	at com.kms.katalon.core.webui.keyword.internal.WebUIKeywordMain$runKeyword.call(Unknown Source)
	at com.kms.katalon.core.webui.keyword.builtin.VerifyElementNotPresentKeyword.verifyElementNotPresent(VerifyElementNotPresentKeyword.groovy:122)
	at com.kms.katalon.core.webui.keyword.builtin.VerifyElementNotPresentKeyword.execute(VerifyElementNotPresentKeyword.groovy:68)
	at com.kms.katalon.core.keyword.internal.KeywordExecutor.executeKeywordForPlatform(KeywordExecutor.groovy:74)
	at com.kms.katalon.core.webui.keyword.WebUiBuiltInKeywords.verifyElementNotPresent(WebUiBuiltInKeywords.groovy:1536)
	at PSSIUntickAllTickedData.run(PSSIUntickAllTickedData:29)
	at com.kms.katalon.core.main.ScriptEngine.run(ScriptEngine.java:194)
	at com.kms.katalon.core.main.ScriptEngine.runScriptAsRawText(ScriptEngine.java:119)
	at com.kms.katalon.core.main.TestCaseExecutor.runScript(TestCaseExecutor.java:448)
	at com.kms.katalon.core.main.TestCaseExecutor.doExecute(TestCaseExecutor.java:439)
	at com.kms.katalon.core.main.TestCaseExecutor.processExecutionPhase(TestCaseExecutor.java:418)
	at com.kms.katalon.core.main.TestCaseExecutor.accessMainPhase(TestCaseExecutor.java:410)
	at com.kms.katalon.core.main.TestCaseExecutor.execute(TestCaseExecutor.java:285)
	at com.kms.katalon.core.main.TestCaseExecutor.execute(TestCaseExecutor.java:369)
	at com.kms.katalon.core.main.TestCaseExecutor.execute(TestCaseExecutor.java:369)
	at com.kms.katalon.core.main.TestCaseExecutor.execute(TestCaseExecutor.java:369)
	at com.kms.katalon.core.common.CommonExecutor.accessTestCaseMainPhase(CommonExecutor.java:65)
	at com.kms.katalon.core.main.TestSuiteExecutor.accessTestSuiteMainPhase(TestSuiteExecutor.java:148)
	at com.kms.katalon.core.main.TestSuiteExecutor.execute(TestSuiteExecutor.java:106)
	at com.kms.katalon.core.main.TestCaseMain.startTestSuite(TestCaseMain.java:180)
	at TempTestSuite1705484824025.run(TempTestSuite1705484824025.groovy:36)
	at java.base/jdk.internal.reflect.NativeMethodAccessorImpl.invoke0(Native Method)
	at java.base/jdk.internal.reflect.NativeMethodAccessorImpl.invoke(NativeMethodAccessorImpl.java:77)
	at java.base/jdk.internal.reflect.DelegatingMethodAccessorImpl.invoke(DelegatingMethodAccessorImpl.java:43)
Caused by: java.lang.IllegalArgumentException: Object is null
	at com.kms.katalon.core.helper.KeywordHelper.checkTestObjectParameter(KeywordHelper.java:33)
	at com.kms.katalon.core.helper.KeywordHelper$checkTestObjectParameter.call(Unknown Source)
	at com.kms.katalon.core.helper.KeywordHelper$checkTestObjectParameter.call(Unknown Source)
	at com.kms.katalon.core.webui.keyword.builtin.VerifyElementNotPresentKeyword$_verifyElementNotPresent_closure1.doCall(VerifyElementNotPresentKeyword.groovy:75)
	at com.kms.katalon.core.webui.keyword.builtin.VerifyElementNotPresentKeyword$_verifyElementNotPresent_closure1.doCall(VerifyElementNotPresentKeyword.groovy)
	at java.base/jdk.internal.reflect.NativeMethodAccessorImpl.invoke0(Native Method)
	at java.base/jdk.internal.reflect.NativeMethodAccessorImpl.invoke(NativeMethodAccessorImpl.java:77)
	at java.base/jdk.internal.reflect.DelegatingMethodAccessorImpl.invoke(DelegatingMethodAccessorImpl.java:43)
	at com.kms.katalon.core.webui.keyword.internal.WebUIKeywordMain.runKeyword(WebUIKeywordMain.groovy:20)
	at com.kms.katalon.core.webui.keyword.internal.WebUIKeywordMain$runKeyword.call(Unknown Source)
	at com.kms.katalon.core.webui.keyword.builtin.VerifyElementNotPresentKeyword.verifyElementNotPresent(VerifyElementNotPresentKeyword.groovy:122)
	at com.kms.katalon.core.webui.keyword.builtin.VerifyElementNotPresentKeyword.execute(VerifyElementNotPresentKeyword.groovy:68)
	at com.kms.katalon.core.keyword.internal.KeywordExecutor.executeKeywordForPlatform(KeywordExecutor.groovy:74)
	at com.kms.katalon.core.webui.keyword.WebUiBuiltInKeywords.verifyElementNotPresent(WebUiBuiltInKeywords.groovy:1536)
	at Script1704869452764.run(Script1704869452764.groovy:29)
	... 18 more
)

17-01-2024T16:52:28 - [MESSAGE][WARNING] - Test object with id 'Object Repository/Page_Download/Multiple Download Button' does not exist

17-01-2024T16:52:28 - [MESSAGE][WARNING] - Test object with id 'Object Repository/' does not exist

17-01-2024T16:52:28 - [MESSAGE][FAILED] - Unable to verify object is not present (Root cause: com.kms.katalon.core.exception.StepFailedException: Unable to verify object is not present
	at com.kms.katalon.core.webui.keyword.internal.WebUIKeywordMain.stepFailed(WebUIKeywordMain.groovy:64)
	at com.kms.katalon.core.webui.keyword.internal.WebUIKeywordMain.runKeyword(WebUIKeywordMain.groovy:26)
	at com.kms.katalon.core.webui.keyword.internal.WebUIKeywordMain$runKeyword.call(Unknown Source)
	at com.kms.katalon.core.webui.keyword.builtin.VerifyElementNotPresentKeyword.verifyElementNotPresent(VerifyElementNotPresentKeyword.groovy:122)
	at com.kms.katalon.core.webui.keyword.builtin.VerifyElementNotPresentKeyword.execute(VerifyElementNotPresentKeyword.groovy:68)
	at com.kms.katalon.core.keyword.internal.KeywordExecutor.executeKeywordForPlatform(KeywordExecutor.groovy:74)
	at com.kms.katalon.core.webui.keyword.WebUiBuiltInKeywords.verifyElementNotPresent(WebUiBuiltInKeywords.groovy:1536)
	at PSSIUntickAllTickedData.run(PSSIUntickAllTickedData:29)
	at com.kms.katalon.core.main.ScriptEngine.run(ScriptEngine.java:194)
	at com.kms.katalon.core.main.ScriptEngine.runScriptAsRawText(ScriptEngine.java:119)
	at com.kms.katalon.core.main.TestCaseExecutor.runScript(TestCaseExecutor.java:448)
	at com.kms.katalon.core.main.TestCaseExecutor.doExecute(TestCaseExecutor.java:439)
	at com.kms.katalon.core.main.TestCaseExecutor.processExecutionPhase(TestCaseExecutor.java:418)
	at com.kms.katalon.core.main.TestCaseExecutor.accessMainPhase(TestCaseExecutor.java:410)
	at com.kms.katalon.core.main.TestCaseExecutor.execute(TestCaseExecutor.java:285)
	at com.kms.katalon.core.main.TestCaseExecutor.execute(TestCaseExecutor.java:369)
	at com.kms.katalon.core.main.TestCaseExecutor.execute(TestCaseExecutor.java:369)
	at com.kms.katalon.core.main.TestCaseExecutor.execute(TestCaseExecutor.java:369)
	at com.kms.katalon.core.common.CommonExecutor.accessTestCaseMainPhase(CommonExecutor.java:65)
	at com.kms.katalon.core.main.TestSuiteExecutor.accessTestSuiteMainPhase(TestSuiteExecutor.java:148)
	at com.kms.katalon.core.main.TestSuiteExecutor.execute(TestSuiteExecutor.java:106)
	at com.kms.katalon.core.main.TestCaseMain.startTestSuite(TestCaseMain.java:180)
	at TempTestSuite1705484824025.run(TempTestSuite1705484824025.groovy:36)
	at java.base/jdk.internal.reflect.NativeMethodAccessorImpl.invoke0(Native Method)
	at java.base/jdk.internal.reflect.NativeMethodAccessorImpl.invoke(NativeMethodAccessorImpl.java:77)
	at java.base/jdk.internal.reflect.DelegatingMethodAccessorImpl.invoke(DelegatingMethodAccessorImpl.java:43)
Caused by: java.lang.IllegalArgumentException: Object is null
	at com.kms.katalon.core.helper.KeywordHelper.checkTestObjectParameter(KeywordHelper.java:33)
	at com.kms.katalon.core.helper.KeywordHelper$checkTestObjectParameter.call(Unknown Source)
	at com.kms.katalon.core.helper.KeywordHelper$checkTestObjectParameter.call(Unknown Source)
	at com.kms.katalon.core.webui.keyword.builtin.VerifyElementNotPresentKeyword$_verifyElementNotPresent_closure1.doCall(VerifyElementNotPresentKeyword.groovy:75)
	at com.kms.katalon.core.webui.keyword.builtin.VerifyElementNotPresentKeyword$_verifyElementNotPresent_closure1.doCall(VerifyElementNotPresentKeyword.groovy)
	at java.base/jdk.internal.reflect.NativeMethodAccessorImpl.invoke0(Native Method)
	at java.base/jdk.internal.reflect.NativeMethodAccessorImpl.invoke(NativeMethodAccessorImpl.java:77)
	at java.base/jdk.internal.reflect.DelegatingMethodAccessorImpl.invoke(DelegatingMethodAccessorImpl.java:43)
	at com.kms.katalon.core.webui.keyword.internal.WebUIKeywordMain.runKeyword(WebUIKeywordMain.groovy:20)
	at com.kms.katalon.core.webui.keyword.internal.WebUIKeywordMain$runKeyword.call(Unknown Source)
	at com.kms.katalon.core.webui.keyword.builtin.VerifyElementNotPresentKeyword.verifyElementNotPresent(VerifyElementNotPresentKeyword.groovy:122)
	at com.kms.katalon.core.webui.keyword.builtin.VerifyElementNotPresentKeyword.execute(VerifyElementNotPresentKeyword.groovy:68)
	at com.kms.katalon.core.keyword.internal.KeywordExecutor.executeKeywordForPlatform(KeywordExecutor.groovy:74)
	at com.kms.katalon.core.webui.keyword.WebUiBuiltInKeywords.verifyElementNotPresent(WebUiBuiltInKeywords.groovy:1536)
	at Script1704869452764.run(Script1704869452764.groovy:29)
	... 18 more
)
[[ATTACHMENT|C:\\Users\\USER\\git\\Kecilin-Automation-Test\\Reports\\20240117_164656\\Create BE Download\\Download Video Test Suite\\20240117_164704\\1705485148462.png]]]]></system-out>
         <system-err><![CDATA[17-01-2024T16:52:02 - [TEST_CASE][FAILED] - Test Cases/Offline PSSI Dashboard Function/Create BE Download/Download Video/Negative Test Case/PSSIUntickAllTickedData: Test Cases/Offline PSSI Dashboard Function/Create BE Download/Download Video/Negative Test Case/PSSIUntickAllTickedData FAILED.
Reason:
com.kms.katalon.core.exception.StepFailedException: Unable to verify object is not present
	at com.kms.katalon.core.webui.keyword.internal.WebUIKeywordMain.stepFailed(WebUIKeywordMain.groovy:64)
	at com.kms.katalon.core.webui.keyword.internal.WebUIKeywordMain.runKeyword(WebUIKeywordMain.groovy:26)
	at com.kms.katalon.core.webui.keyword.internal.WebUIKeywordMain$runKeyword.call(Unknown Source)
	at com.kms.katalon.core.webui.keyword.builtin.VerifyElementNotPresentKeyword.verifyElementNotPresent(VerifyElementNotPresentKeyword.groovy:122)
	at com.kms.katalon.core.webui.keyword.builtin.VerifyElementNotPresentKeyword.execute(VerifyElementNotPresentKeyword.groovy:68)
	at com.kms.katalon.core.keyword.internal.KeywordExecutor.executeKeywordForPlatform(KeywordExecutor.groovy:74)
	at com.kms.katalon.core.webui.keyword.WebUiBuiltInKeywords.verifyElementNotPresent(WebUiBuiltInKeywords.groovy:1536)
	at PSSIUntickAllTickedData.run(PSSIUntickAllTickedData:29)
	at com.kms.katalon.core.main.ScriptEngine.run(ScriptEngine.java:194)
	at com.kms.katalon.core.main.ScriptEngine.runScriptAsRawText(ScriptEngine.java:119)
	at com.kms.katalon.core.main.TestCaseExecutor.runScript(TestCaseExecutor.java:448)
	at com.kms.katalon.core.main.TestCaseExecutor.doExecute(TestCaseExecutor.java:439)
	at com.kms.katalon.core.main.TestCaseExecutor.processExecutionPhase(TestCaseExecutor.java:418)
	at com.kms.katalon.core.main.TestCaseExecutor.accessMainPhase(TestCaseExecutor.java:410)
	at com.kms.katalon.core.main.TestCaseExecutor.execute(TestCaseExecutor.java:285)
	at com.kms.katalon.core.main.TestCaseExecutor.execute(TestCaseExecutor.java:369)
	at com.kms.katalon.core.main.TestCaseExecutor.execute(TestCaseExecutor.java:369)
	at com.kms.katalon.core.main.TestCaseExecutor.execute(TestCaseExecutor.java:369)
	at com.kms.katalon.core.common.CommonExecutor.accessTestCaseMainPhase(CommonExecutor.java:65)
	at com.kms.katalon.core.main.TestSuiteExecutor.accessTestSuiteMainPhase(TestSuiteExecutor.java:148)
	at com.kms.katalon.core.main.TestSuiteExecutor.execute(TestSuiteExecutor.java:106)
	at com.kms.katalon.core.main.TestCaseMain.startTestSuite(TestCaseMain.java:180)
	at TempTestSuite1705484824025.run(TempTestSuite1705484824025.groovy:36)
	at java.base/jdk.internal.reflect.NativeMethodAccessorImpl.invoke0(Native Method)
	at java.base/jdk.internal.reflect.NativeMethodAccessorImpl.invoke(NativeMethodAccessorImpl.java:77)
	at java.base/jdk.internal.reflect.DelegatingMethodAccessorImpl.invoke(DelegatingMethodAccessorImpl.java:43)
Caused by: java.lang.IllegalArgumentException: Object is null
	at com.kms.katalon.core.helper.KeywordHelper.checkTestObjectParameter(KeywordHelper.java:33)
	at com.kms.katalon.core.helper.KeywordHelper$checkTestObjectParameter.call(Unknown Source)
	at com.kms.katalon.core.helper.KeywordHelper$checkTestObjectParameter.call(Unknown Source)
	at com.kms.katalon.core.webui.keyword.builtin.VerifyElementNotPresentKeyword$_verifyElementNotPresent_closure1.doCall(VerifyElementNotPresentKeyword.groovy:75)
	at com.kms.katalon.core.webui.keyword.builtin.VerifyElementNotPresentKeyword$_verifyElementNotPresent_closure1.doCall(VerifyElementNotPresentKeyword.groovy)
	at java.base/jdk.internal.reflect.NativeMethodAccessorImpl.invoke0(Native Method)
	at java.base/jdk.internal.reflect.NativeMethodAccessorImpl.invoke(NativeMethodAccessorImpl.java:77)
	at java.base/jdk.internal.reflect.DelegatingMethodAccessorImpl.invoke(DelegatingMethodAccessorImpl.java:43)
	at com.kms.katalon.core.webui.keyword.internal.WebUIKeywordMain.runKeyword(WebUIKeywordMain.groovy:20)
	... 24 more]]></system-err>
      </testcase>
      <testcase name="Test Cases/Offline PSSI Dashboard Function/Create BE Download/Download Video/Positive Test Case/PSSIMultipleDownload" time="14.037" classname="Test Cases/Offline PSSI Dashboard Function/Create BE Download/Download Video/Positive Test Case/PSSIMultipleDownload" status="FAILED">
         <failure type="FAILED" message="Test Cases/Offline PSSI Dashboard Function/Create BE Download/Download Video/Positive Test Case/PSSIMultipleDownload FAILED.&#xa;Reason:&#xa;com.kms.katalon.core.exception.StepFailedException: Unable to verify object is not present&#xa;	at com.kms.katalon.core.webui.keyword.internal.WebUIKeywordMain.stepFailed(WebUIKeywordMain.groovy:64)&#xa;	at com.kms.katalon.core.webui.keyword.internal.WebUIKeywordMain.runKeyword(WebUIKeywordMain.groovy:26)&#xa;	at com.kms.katalon.core.webui.keyword.internal.WebUIKeywordMain$runKeyword.call(Unknown Source)&#xa;	at com.kms.katalon.core.webui.keyword.builtin.VerifyElementNotPresentKeyword.verifyElementNotPresent(VerifyElementNotPresentKeyword.groovy:122)&#xa;	at com.kms.katalon.core.webui.keyword.builtin.VerifyElementNotPresentKeyword.execute(VerifyElementNotPresentKeyword.groovy:68)&#xa;	at com.kms.katalon.core.keyword.internal.KeywordExecutor.executeKeywordForPlatform(KeywordExecutor.groovy:74)&#xa;	at com.kms.katalon.core.webui.keyword.WebUiBuiltInKeywords.verifyElementNotPresent(WebUiBuiltInKeywords.groovy:1536)&#xa;	at PSSIMultipleDownload.run(PSSIMultipleDownload:29)&#xa;	at com.kms.katalon.core.main.ScriptEngine.run(ScriptEngine.java:194)&#xa;	at com.kms.katalon.core.main.ScriptEngine.runScriptAsRawText(ScriptEngine.java:119)&#xa;	at com.kms.katalon.core.main.TestCaseExecutor.runScript(TestCaseExecutor.java:448)&#xa;	at com.kms.katalon.core.main.TestCaseExecutor.doExecute(TestCaseExecutor.java:439)&#xa;	at com.kms.katalon.core.main.TestCaseExecutor.processExecutionPhase(TestCaseExecutor.java:418)&#xa;	at com.kms.katalon.core.main.TestCaseExecutor.accessMainPhase(TestCaseExecutor.java:410)&#xa;	at com.kms.katalon.core.main.TestCaseExecutor.execute(TestCaseExecutor.java:285)&#xa;	at com.kms.katalon.core.main.TestCaseExecutor.execute(TestCaseExecutor.java:369)&#xa;	at com.kms.katalon.core.main.TestCaseExecutor.execute(TestCaseExecutor.java:369)&#xa;	at com.kms.katalon.core.main.TestCaseExecutor.execute(TestCaseExecutor.java:369)&#xa;	at com.kms.katalon.core.common.CommonExecutor.accessTestCaseMainPhase(CommonExecutor.java:65)&#xa;	at com.kms.katalon.core.main.TestSuiteExecutor.accessTestSuiteMainPhase(TestSuiteExecutor.java:148)&#xa;	at com.kms.katalon.core.main.TestSuiteExecutor.execute(TestSuiteExecutor.java:106)&#xa;	at com.kms.katalon.core.main.TestCaseMain.startTestSuite(TestCaseMain.java:180)&#xa;	at TempTestSuite1705484824025.run(TempTestSuite1705484824025.groovy:36)&#xa;	at java.base/jdk.internal.reflect.NativeMethodAccessorImpl.invoke0(Native Method)&#xa;	at java.base/jdk.internal.reflect.NativeMethodAccessorImpl.invoke(NativeMethodAccessorImpl.java:77)&#xa;	at java.base/jdk.internal.reflect.DelegatingMethodAccessorImpl.invoke(DelegatingMethodAccessorImpl.java:43)&#xa;Caused by: java.lang.IllegalArgumentException: Object is null&#xa;	at com.kms.katalon.core.helper.KeywordHelper.checkTestObjectParameter(KeywordHelper.java:33)&#xa;	at com.kms.katalon.core.helper.KeywordHelper$checkTestObjectParameter.call(Unknown Source)&#xa;	at com.kms.katalon.core.helper.KeywordHelper$checkTestObjectParameter.call(Unknown Source)&#xa;	at com.kms.katalon.core.webui.keyword.builtin.VerifyElementNotPresentKeyword$_verifyElementNotPresent_closure1.doCall(VerifyElementNotPresentKeyword.groovy:75)&#xa;	at com.kms.katalon.core.webui.keyword.builtin.VerifyElementNotPresentKeyword$_verifyElementNotPresent_closure1.doCall(VerifyElementNotPresentKeyword.groovy)&#xa;	at java.base/jdk.internal.reflect.NativeMethodAccessorImpl.invoke0(Native Method)&#xa;	at java.base/jdk.internal.reflect.NativeMethodAccessorImpl.invoke(NativeMethodAccessorImpl.java:77)&#xa;	at java.base/jdk.internal.reflect.DelegatingMethodAccessorImpl.invoke(DelegatingMethodAccessorImpl.java:43)&#xa;	at com.kms.katalon.core.webui.keyword.internal.WebUIKeywordMain.runKeyword(WebUIKeywordMain.groovy:20)&#xa;	... 24 more&#xa;"/>
         <system-out><![CDATA[17-01-2024T16:53:38 - [TEST_CASE][FAILED] - Test Cases/Offline PSSI Dashboard Function/Create BE Download/Download Video/Positive Test Case/PSSIMultipleDownload: Test Cases/Offline PSSI Dashboard Function/Create BE Download/Download Video/Positive Test Case/PSSIMultipleDownload FAILED.
Reason:
com.kms.katalon.core.exception.StepFailedException: Unable to verify object is not present
	at com.kms.katalon.core.webui.keyword.internal.WebUIKeywordMain.stepFailed(WebUIKeywordMain.groovy:64)
	at com.kms.katalon.core.webui.keyword.internal.WebUIKeywordMain.runKeyword(WebUIKeywordMain.groovy:26)
	at com.kms.katalon.core.webui.keyword.internal.WebUIKeywordMain$runKeyword.call(Unknown Source)
	at com.kms.katalon.core.webui.keyword.builtin.VerifyElementNotPresentKeyword.verifyElementNotPresent(VerifyElementNotPresentKeyword.groovy:122)
	at com.kms.katalon.core.webui.keyword.builtin.VerifyElementNotPresentKeyword.execute(VerifyElementNotPresentKeyword.groovy:68)
	at com.kms.katalon.core.keyword.internal.KeywordExecutor.executeKeywordForPlatform(KeywordExecutor.groovy:74)
	at com.kms.katalon.core.webui.keyword.WebUiBuiltInKeywords.verifyElementNotPresent(WebUiBuiltInKeywords.groovy:1536)
	at PSSIMultipleDownload.run(PSSIMultipleDownload:29)
	at com.kms.katalon.core.main.ScriptEngine.run(ScriptEngine.java:194)
	at com.kms.katalon.core.main.ScriptEngine.runScriptAsRawText(ScriptEngine.java:119)
	at com.kms.katalon.core.main.TestCaseExecutor.runScript(TestCaseExecutor.java:448)
	at com.kms.katalon.core.main.TestCaseExecutor.doExecute(TestCaseExecutor.java:439)
	at com.kms.katalon.core.main.TestCaseExecutor.processExecutionPhase(TestCaseExecutor.java:418)
	at com.kms.katalon.core.main.TestCaseExecutor.accessMainPhase(TestCaseExecutor.java:410)
	at com.kms.katalon.core.main.TestCaseExecutor.execute(TestCaseExecutor.java:285)
	at com.kms.katalon.core.main.TestCaseExecutor.execute(TestCaseExecutor.java:369)
	at com.kms.katalon.core.main.TestCaseExecutor.execute(TestCaseExecutor.java:369)
	at com.kms.katalon.core.main.TestCaseExecutor.execute(TestCaseExecutor.java:369)
	at com.kms.katalon.core.common.CommonExecutor.accessTestCaseMainPhase(CommonExecutor.java:65)
	at com.kms.katalon.core.main.TestSuiteExecutor.accessTestSuiteMainPhase(TestSuiteExecutor.java:148)
	at com.kms.katalon.core.main.TestSuiteExecutor.execute(TestSuiteExecutor.java:106)
	at com.kms.katalon.core.main.TestCaseMain.startTestSuite(TestCaseMain.java:180)
	at TempTestSuite1705484824025.run(TempTestSuite1705484824025.groovy:36)
	at java.base/jdk.internal.reflect.NativeMethodAccessorImpl.invoke0(Native Method)
	at java.base/jdk.internal.reflect.NativeMethodAccessorImpl.invoke(NativeMethodAccessorImpl.java:77)
	at java.base/jdk.internal.reflect.DelegatingMethodAccessorImpl.invoke(DelegatingMethodAccessorImpl.java:43)
Caused by: java.lang.IllegalArgumentException: Object is null
	at com.kms.katalon.core.helper.KeywordHelper.checkTestObjectParameter(KeywordHelper.java:33)
	at com.kms.katalon.core.helper.KeywordHelper$checkTestObjectParameter.call(Unknown Source)
	at com.kms.katalon.core.helper.KeywordHelper$checkTestObjectParameter.call(Unknown Source)
	at com.kms.katalon.core.webui.keyword.builtin.VerifyElementNotPresentKeyword$_verifyElementNotPresent_closure1.doCall(VerifyElementNotPresentKeyword.groovy:75)
	at com.kms.katalon.core.webui.keyword.builtin.VerifyElementNotPresentKeyword$_verifyElementNotPresent_closure1.doCall(VerifyElementNotPresentKeyword.groovy)
	at java.base/jdk.internal.reflect.NativeMethodAccessorImpl.invoke0(Native Method)
	at java.base/jdk.internal.reflect.NativeMethodAccessorImpl.invoke(NativeMethodAccessorImpl.java:77)
	at java.base/jdk.internal.reflect.DelegatingMethodAccessorImpl.invoke(DelegatingMethodAccessorImpl.java:43)
	at com.kms.katalon.core.webui.keyword.internal.WebUIKeywordMain.runKeyword(WebUIKeywordMain.groovy:20)
	... 24 more


17-01-2024T16:53:38 - [TEST_STEP][PASSED] - baseUrl = offline_pssi_dashboard_url: null

17-01-2024T16:53:38 - [TEST_STEP][PASSED] - callTestCase(findTestCase("Offline PSSI Dashboard Function/Create BE Download/Filter Download/Positive Test Case/PSSIFilterStadiumAndCam"), [:]): Call Test Case 'Test Cases/Offline PSSI Dashboard Function/Create BE Download/Filter Download/Positive Test Case/PSSIFilterStadiumAndCam' successfully

17-01-2024T16:53:38 - [TEST_CASE][PASSED] - Test Cases/Offline PSSI Dashboard Function/Create BE Download/Filter Download/Positive Test Case/PSSIFilterStadiumAndCam: Test Cases/Offline PSSI Dashboard Function/Create BE Download/Filter Download/Positive Test Case/PSSIFilterStadiumAndCam

17-01-2024T16:53:38 - [TEST_STEP][PASSED] - baseUrl = offline_pssi_dashboard_url: null

17-01-2024T16:53:38 - [TEST_STEP][PASSED] - callTestCase(findTestCase("Offline PSSI Dashboard Function/Create BE Download/View Download Page/PSSIViewDownloadPage"), [:]): Call Test Case 'Test Cases/Offline PSSI Dashboard Function/Create BE Download/View Download Page/PSSIViewDownloadPage' successfully

17-01-2024T16:53:38 - [TEST_CASE][PASSED] - Test Cases/Offline PSSI Dashboard Function/Create BE Download/View Download Page/PSSIViewDownloadPage: Test Cases/Offline PSSI Dashboard Function/Create BE Download/View Download Page/PSSIViewDownloadPage

17-01-2024T16:53:38 - [TEST_STEP][PASSED] - baseUrl = offline_pssi_dashboard_url: null

17-01-2024T16:53:38 - [TEST_STEP][PASSED] - callTestCase(findTestCase("Offline PSSI Dashboard Function/Sign In/PSSISignInValidData"), [:]): Call Test Case 'Test Cases/Offline PSSI Dashboard Function/Sign In/PSSISignInValidData' successfully

17-01-2024T16:53:38 - [TEST_CASE][PASSED] - Test Cases/Offline PSSI Dashboard Function/Sign In/PSSISignInValidData: Test Cases/Offline PSSI Dashboard Function/Sign In/PSSISignInValidData

17-01-2024T16:53:38 - [TEST_STEP][PASSED] - failureHandling = STOP_ON_FAILURE: null

17-01-2024T16:53:38 - [TEST_STEP][PASSED] - baseUrl = offline_pssi_dashboard_url: null

17-01-2024T16:53:38 - [TEST_STEP][PASSED] - openBrowser(""): Browser is opened with url: ''

17-01-2024T16:53:38 - [MESSAGE][WARNING] - A browser is already opened. Closing browser and opening a new one

17-01-2024T16:53:39 - [MESSAGE][INFO] - Starting 'Chrome' driver

17-01-2024T16:53:39 - [MESSAGE][INFO] - Action delay is set to 0 milliseconds

17-01-2024T16:53:40 - [MESSAGE][PASSED] - Browser is opened with url: ''

17-01-2024T16:53:40 - [TEST_STEP][PASSED] - navigateToUrl(baseUrl): Navigate to 'https://monitoring.pssi-dev.kecilin.id' successfully

17-01-2024T16:53:41 - [MESSAGE][PASSED] - Navigate to 'https://monitoring.pssi-dev.kecilin.id' successfully

17-01-2024T16:53:41 - [TEST_STEP][PASSED] - maximizeWindow(): Current window maximized

17-01-2024T16:53:41 - [MESSAGE][PASSED] - Current window maximized

17-01-2024T16:53:41 - [TEST_STEP][PASSED] - setText(findTestObject("Object Repository/Page_Login/input_email"), "superadmin@app.com"): Text 'superadmin@app.com' is set on object 'Object Repository/Page_Login/input_email'

17-01-2024T16:53:42 - [MESSAGE][PASSED] - Text 'superadmin@app.com' is set on object 'Object Repository/Page_Login/input_email'

17-01-2024T16:53:42 - [TEST_STEP][PASSED] - setEncryptedText(findTestObject("Object Repository/Page_Login/input_password"), "8SQVv/p9jVScEs4/2CZsLw=="): Text ****** has been set on object 'Object Repository/Page_Login/input_password'

17-01-2024T16:53:42 - [MESSAGE][PASSED] - Text ****** has been set on object 'Object Repository/Page_Login/input_password'

17-01-2024T16:53:42 - [TEST_STEP][PASSED] - click(findTestObject("Object Repository/Page_Login/button_Sign In")): Object: 'Object Repository/Page_Login/button_Sign In' is clicked on

17-01-2024T16:53:44 - [MESSAGE][PASSED] - Object: 'Object Repository/Page_Login/button_Sign In' is clicked on

17-01-2024T16:53:44 - [MESSAGE][PASSED] - Call Test Case 'Test Cases/Offline PSSI Dashboard Function/Sign In/PSSISignInValidData' successfully

17-01-2024T16:53:44 - [TEST_STEP][PASSED] - navigateToUrl(baseUrl + "/downloads"): Navigate to 'https://monitoring.pssi-dev.kecilin.id/downloads' successfully

17-01-2024T16:53:45 - [MESSAGE][PASSED] - Navigate to 'https://monitoring.pssi-dev.kecilin.id/downloads' successfully

17-01-2024T16:53:45 - [MESSAGE][PASSED] - Call Test Case 'Test Cases/Offline PSSI Dashboard Function/Create BE Download/View Download Page/PSSIViewDownloadPage' successfully

17-01-2024T16:53:45 - [TEST_STEP][PASSED] - verifyElementNotPresent(findTestObject("Page_Playback Video/CCTV Selection Bar"), 0): Web element with id: 'Object Repository/Page_Playback Video/CCTV Selection Bar' located by 'By.xpath: id("select2-cctv-container")[count(. | //span[@class = 'select2-selection__rendered' and @id = 'select2-cctv-container' and @role = 'textbox' and @aria-readonly = 'true' and @title = '-- Search CCTV --' and (text() = '-- Search CCTV --' or . = '-- Search CCTV --')]) = count(//span[@class = 'select2-selection__rendered' and @id = 'select2-cctv-container' and @role = 'textbox' and @aria-readonly = 'true' and @title = '-- Search CCTV --' and (text() = '-- Search CCTV --' or . = '-- Search CCTV --')])]' is not present after '1' second(s)

17-01-2024T16:53:45 - [MESSAGE][WARNING] - Timeout '0' is invalid. Using default page load timeout: '1'

17-01-2024T16:53:45 - [MESSAGE][PASSED] - Web element with id: 'Object Repository/Page_Playback Video/CCTV Selection Bar' located by 'By.xpath: id("select2-cctv-container")[count(. | //span[@class = 'select2-selection__rendered' and @id = 'select2-cctv-container' and @role = 'textbox' and @aria-readonly = 'true' and @title = '-- Search CCTV --' and (text() = '-- Search CCTV --' or . = '-- Search CCTV --')]) = count(//span[@class = 'select2-selection__rendered' and @id = 'select2-cctv-container' and @role = 'textbox' and @aria-readonly = 'true' and @title = '-- Search CCTV --' and (text() = '-- Search CCTV --' or . = '-- Search CCTV --')])]' is not present after '1' second(s)

17-01-2024T16:53:45 - [TEST_STEP][PASSED] - verifyElementClickable(findTestObject("Page_Playback Video/Stadium Selection Bar")): Object 'Object Repository/Page_Playback Video/Stadium Selection Bar' is clickable

17-01-2024T16:53:45 - [MESSAGE][PASSED] - Object 'Object Repository/Page_Playback Video/Stadium Selection Bar' is clickable

17-01-2024T16:53:45 - [TEST_STEP][PASSED] - click(findTestObject("Page_Playback Video/Stadium Selection Bar")): Object: 'Object Repository/Page_Playback Video/Stadium Selection Bar' is clicked on

17-01-2024T16:53:46 - [MESSAGE][PASSED] - Object: 'Object Repository/Page_Playback Video/Stadium Selection Bar' is clicked on

17-01-2024T16:53:46 - [TEST_STEP][PASSED] - sendKeys(findTestObject("Page_Playback Video/Stadium Search Field"), Keys.chord(ENTER)): Keys 'ENTER + ' sent to object: 'Object Repository/Page_Playback Video/Stadium Search Field'

17-01-2024T16:53:46 - [MESSAGE][PASSED] - Keys 'ENTER + ' sent to object: 'Object Repository/Page_Playback Video/Stadium Search Field'

17-01-2024T16:53:46 - [TEST_STEP][PASSED] - verifyElementClickable(findTestObject("Page_Playback Video/CCTV Selection Bar")): Object 'Object Repository/Page_Playback Video/CCTV Selection Bar' is clickable

17-01-2024T16:53:47 - [MESSAGE][PASSED] - Object 'Object Repository/Page_Playback Video/CCTV Selection Bar' is clickable

17-01-2024T16:53:47 - [TEST_STEP][PASSED] - click(findTestObject("Page_Playback Video/CCTV Selection Bar")): Object: 'Object Repository/Page_Playback Video/CCTV Selection Bar' is clicked on

17-01-2024T16:53:48 - [MESSAGE][PASSED] - Object: 'Object Repository/Page_Playback Video/CCTV Selection Bar' is clicked on

17-01-2024T16:53:48 - [TEST_STEP][PASSED] - sendKeys(findTestObject("Page_Playback Video/CCTV Search Field"), Keys.chord(ARROW_DOWN)): Keys 'DOWN + ' sent to object: 'Object Repository/Page_Playback Video/CCTV Search Field'

17-01-2024T16:53:49 - [MESSAGE][PASSED] - Keys 'DOWN + ' sent to object: 'Object Repository/Page_Playback Video/CCTV Search Field'

17-01-2024T16:53:49 - [TEST_STEP][PASSED] - sendKeys(findTestObject("Page_Playback Video/CCTV Search Field"), Keys.chord(ENTER)): Keys 'ENTER + ' sent to object: 'Object Repository/Page_Playback Video/CCTV Search Field'

17-01-2024T16:53:49 - [MESSAGE][PASSED] - Keys 'ENTER + ' sent to object: 'Object Repository/Page_Playback Video/CCTV Search Field'

17-01-2024T16:53:49 - [TEST_STEP][PASSED] - verifyElementClickable(findTestObject("Page_Playback Video/button_Search")): Object 'Object Repository/Page_Playback Video/button_Search' is clickable

17-01-2024T16:53:50 - [MESSAGE][PASSED] - Object 'Object Repository/Page_Playback Video/button_Search' is clickable

17-01-2024T16:53:50 - [TEST_STEP][PASSED] - click(findTestObject("Page_Playback Video/button_Search")): Object: 'Object Repository/Page_Playback Video/button_Search' is clicked on

17-01-2024T16:53:50 - [MESSAGE][PASSED] - Object: 'Object Repository/Page_Playback Video/button_Search' is clicked on

17-01-2024T16:53:50 - [TEST_STEP][PASSED] - verifyTextPresent("Size", false): Text 'Size' is present on page 

17-01-2024T16:53:51 - [MESSAGE][PASSED] - Text 'Size' is present on page 

17-01-2024T16:53:51 - [TEST_STEP][PASSED] - verifyTextPresent("Name", false): Text 'Name' is present on page 

17-01-2024T16:53:51 - [MESSAGE][PASSED] - Text 'Name' is present on page 

17-01-2024T16:53:51 - [TEST_STEP][PASSED] - verifyTextPresent("Date Time", false): Text 'Date Time' is present on page 

17-01-2024T16:53:51 - [MESSAGE][PASSED] - Text 'Date Time' is present on page 

17-01-2024T16:53:51 - [TEST_STEP][PASSED] - verifyTextPresent("Action", false): Text 'Action' is present on page 

17-01-2024T16:53:52 - [MESSAGE][PASSED] - Text 'Action' is present on page 

17-01-2024T16:53:52 - [MESSAGE][PASSED] - Call Test Case 'Test Cases/Offline PSSI Dashboard Function/Create BE Download/Filter Download/Positive Test Case/PSSIFilterStadiumAndCam' successfully

17-01-2024T16:53:52 - [TEST_STEP][FAILED] - verifyElementNotPresent(findTestObject("Page_Download/Multiple Download Button"), 1): Unable to verify object is not present (Root cause: com.kms.katalon.core.exception.StepFailedException: Unable to verify object is not present
	at com.kms.katalon.core.webui.keyword.internal.WebUIKeywordMain.stepFailed(WebUIKeywordMain.groovy:64)
	at com.kms.katalon.core.webui.keyword.internal.WebUIKeywordMain.runKeyword(WebUIKeywordMain.groovy:26)
	at com.kms.katalon.core.webui.keyword.internal.WebUIKeywordMain$runKeyword.call(Unknown Source)
	at com.kms.katalon.core.webui.keyword.builtin.VerifyElementNotPresentKeyword.verifyElementNotPresent(VerifyElementNotPresentKeyword.groovy:122)
	at com.kms.katalon.core.webui.keyword.builtin.VerifyElementNotPresentKeyword.execute(VerifyElementNotPresentKeyword.groovy:68)
	at com.kms.katalon.core.keyword.internal.KeywordExecutor.executeKeywordForPlatform(KeywordExecutor.groovy:74)
	at com.kms.katalon.core.webui.keyword.WebUiBuiltInKeywords.verifyElementNotPresent(WebUiBuiltInKeywords.groovy:1536)
	at PSSIMultipleDownload.run(PSSIMultipleDownload:29)
	at com.kms.katalon.core.main.ScriptEngine.run(ScriptEngine.java:194)
	at com.kms.katalon.core.main.ScriptEngine.runScriptAsRawText(ScriptEngine.java:119)
	at com.kms.katalon.core.main.TestCaseExecutor.runScript(TestCaseExecutor.java:448)
	at com.kms.katalon.core.main.TestCaseExecutor.doExecute(TestCaseExecutor.java:439)
	at com.kms.katalon.core.main.TestCaseExecutor.processExecutionPhase(TestCaseExecutor.java:418)
	at com.kms.katalon.core.main.TestCaseExecutor.accessMainPhase(TestCaseExecutor.java:410)
	at com.kms.katalon.core.main.TestCaseExecutor.execute(TestCaseExecutor.java:285)
	at com.kms.katalon.core.main.TestCaseExecutor.execute(TestCaseExecutor.java:369)
	at com.kms.katalon.core.main.TestCaseExecutor.execute(TestCaseExecutor.java:369)
	at com.kms.katalon.core.main.TestCaseExecutor.execute(TestCaseExecutor.java:369)
	at com.kms.katalon.core.common.CommonExecutor.accessTestCaseMainPhase(CommonExecutor.java:65)
	at com.kms.katalon.core.main.TestSuiteExecutor.accessTestSuiteMainPhase(TestSuiteExecutor.java:148)
	at com.kms.katalon.core.main.TestSuiteExecutor.execute(TestSuiteExecutor.java:106)
	at com.kms.katalon.core.main.TestCaseMain.startTestSuite(TestCaseMain.java:180)
	at TempTestSuite1705484824025.run(TempTestSuite1705484824025.groovy:36)
	at java.base/jdk.internal.reflect.NativeMethodAccessorImpl.invoke0(Native Method)
	at java.base/jdk.internal.reflect.NativeMethodAccessorImpl.invoke(NativeMethodAccessorImpl.java:77)
	at java.base/jdk.internal.reflect.DelegatingMethodAccessorImpl.invoke(DelegatingMethodAccessorImpl.java:43)
Caused by: java.lang.IllegalArgumentException: Object is null
	at com.kms.katalon.core.helper.KeywordHelper.checkTestObjectParameter(KeywordHelper.java:33)
	at com.kms.katalon.core.helper.KeywordHelper$checkTestObjectParameter.call(Unknown Source)
	at com.kms.katalon.core.helper.KeywordHelper$checkTestObjectParameter.call(Unknown Source)
	at com.kms.katalon.core.webui.keyword.builtin.VerifyElementNotPresentKeyword$_verifyElementNotPresent_closure1.doCall(VerifyElementNotPresentKeyword.groovy:75)
	at com.kms.katalon.core.webui.keyword.builtin.VerifyElementNotPresentKeyword$_verifyElementNotPresent_closure1.doCall(VerifyElementNotPresentKeyword.groovy)
	at java.base/jdk.internal.reflect.NativeMethodAccessorImpl.invoke0(Native Method)
	at java.base/jdk.internal.reflect.NativeMethodAccessorImpl.invoke(NativeMethodAccessorImpl.java:77)
	at java.base/jdk.internal.reflect.DelegatingMethodAccessorImpl.invoke(DelegatingMethodAccessorImpl.java:43)
	at com.kms.katalon.core.webui.keyword.internal.WebUIKeywordMain.runKeyword(WebUIKeywordMain.groovy:20)
	at com.kms.katalon.core.webui.keyword.internal.WebUIKeywordMain$runKeyword.call(Unknown Source)
	at com.kms.katalon.core.webui.keyword.builtin.VerifyElementNotPresentKeyword.verifyElementNotPresent(VerifyElementNotPresentKeyword.groovy:122)
	at com.kms.katalon.core.webui.keyword.builtin.VerifyElementNotPresentKeyword.execute(VerifyElementNotPresentKeyword.groovy:68)
	at com.kms.katalon.core.keyword.internal.KeywordExecutor.executeKeywordForPlatform(KeywordExecutor.groovy:74)
	at com.kms.katalon.core.webui.keyword.WebUiBuiltInKeywords.verifyElementNotPresent(WebUiBuiltInKeywords.groovy:1536)
	at Script1704869022401.run(Script1704869022401.groovy:29)
	... 18 more
)

17-01-2024T16:53:52 - [MESSAGE][WARNING] - Test object with id 'Object Repository/Page_Download/Multiple Download Button' does not exist

17-01-2024T16:53:52 - [MESSAGE][WARNING] - Test object with id 'Object Repository/' does not exist

17-01-2024T16:53:52 - [MESSAGE][FAILED] - Unable to verify object is not present (Root cause: com.kms.katalon.core.exception.StepFailedException: Unable to verify object is not present
	at com.kms.katalon.core.webui.keyword.internal.WebUIKeywordMain.stepFailed(WebUIKeywordMain.groovy:64)
	at com.kms.katalon.core.webui.keyword.internal.WebUIKeywordMain.runKeyword(WebUIKeywordMain.groovy:26)
	at com.kms.katalon.core.webui.keyword.internal.WebUIKeywordMain$runKeyword.call(Unknown Source)
	at com.kms.katalon.core.webui.keyword.builtin.VerifyElementNotPresentKeyword.verifyElementNotPresent(VerifyElementNotPresentKeyword.groovy:122)
	at com.kms.katalon.core.webui.keyword.builtin.VerifyElementNotPresentKeyword.execute(VerifyElementNotPresentKeyword.groovy:68)
	at com.kms.katalon.core.keyword.internal.KeywordExecutor.executeKeywordForPlatform(KeywordExecutor.groovy:74)
	at com.kms.katalon.core.webui.keyword.WebUiBuiltInKeywords.verifyElementNotPresent(WebUiBuiltInKeywords.groovy:1536)
	at PSSIMultipleDownload.run(PSSIMultipleDownload:29)
	at com.kms.katalon.core.main.ScriptEngine.run(ScriptEngine.java:194)
	at com.kms.katalon.core.main.ScriptEngine.runScriptAsRawText(ScriptEngine.java:119)
	at com.kms.katalon.core.main.TestCaseExecutor.runScript(TestCaseExecutor.java:448)
	at com.kms.katalon.core.main.TestCaseExecutor.doExecute(TestCaseExecutor.java:439)
	at com.kms.katalon.core.main.TestCaseExecutor.processExecutionPhase(TestCaseExecutor.java:418)
	at com.kms.katalon.core.main.TestCaseExecutor.accessMainPhase(TestCaseExecutor.java:410)
	at com.kms.katalon.core.main.TestCaseExecutor.execute(TestCaseExecutor.java:285)
	at com.kms.katalon.core.main.TestCaseExecutor.execute(TestCaseExecutor.java:369)
	at com.kms.katalon.core.main.TestCaseExecutor.execute(TestCaseExecutor.java:369)
	at com.kms.katalon.core.main.TestCaseExecutor.execute(TestCaseExecutor.java:369)
	at com.kms.katalon.core.common.CommonExecutor.accessTestCaseMainPhase(CommonExecutor.java:65)
	at com.kms.katalon.core.main.TestSuiteExecutor.accessTestSuiteMainPhase(TestSuiteExecutor.java:148)
	at com.kms.katalon.core.main.TestSuiteExecutor.execute(TestSuiteExecutor.java:106)
	at com.kms.katalon.core.main.TestCaseMain.startTestSuite(TestCaseMain.java:180)
	at TempTestSuite1705484824025.run(TempTestSuite1705484824025.groovy:36)
	at java.base/jdk.internal.reflect.NativeMethodAccessorImpl.invoke0(Native Method)
	at java.base/jdk.internal.reflect.NativeMethodAccessorImpl.invoke(NativeMethodAccessorImpl.java:77)
	at java.base/jdk.internal.reflect.DelegatingMethodAccessorImpl.invoke(DelegatingMethodAccessorImpl.java:43)
Caused by: java.lang.IllegalArgumentException: Object is null
	at com.kms.katalon.core.helper.KeywordHelper.checkTestObjectParameter(KeywordHelper.java:33)
	at com.kms.katalon.core.helper.KeywordHelper$checkTestObjectParameter.call(Unknown Source)
	at com.kms.katalon.core.helper.KeywordHelper$checkTestObjectParameter.call(Unknown Source)
	at com.kms.katalon.core.webui.keyword.builtin.VerifyElementNotPresentKeyword$_verifyElementNotPresent_closure1.doCall(VerifyElementNotPresentKeyword.groovy:75)
	at com.kms.katalon.core.webui.keyword.builtin.VerifyElementNotPresentKeyword$_verifyElementNotPresent_closure1.doCall(VerifyElementNotPresentKeyword.groovy)
	at java.base/jdk.internal.reflect.NativeMethodAccessorImpl.invoke0(Native Method)
	at java.base/jdk.internal.reflect.NativeMethodAccessorImpl.invoke(NativeMethodAccessorImpl.java:77)
	at java.base/jdk.internal.reflect.DelegatingMethodAccessorImpl.invoke(DelegatingMethodAccessorImpl.java:43)
	at com.kms.katalon.core.webui.keyword.internal.WebUIKeywordMain.runKeyword(WebUIKeywordMain.groovy:20)
	at com.kms.katalon.core.webui.keyword.internal.WebUIKeywordMain$runKeyword.call(Unknown Source)
	at com.kms.katalon.core.webui.keyword.builtin.VerifyElementNotPresentKeyword.verifyElementNotPresent(VerifyElementNotPresentKeyword.groovy:122)
	at com.kms.katalon.core.webui.keyword.builtin.VerifyElementNotPresentKeyword.execute(VerifyElementNotPresentKeyword.groovy:68)
	at com.kms.katalon.core.keyword.internal.KeywordExecutor.executeKeywordForPlatform(KeywordExecutor.groovy:74)
	at com.kms.katalon.core.webui.keyword.WebUiBuiltInKeywords.verifyElementNotPresent(WebUiBuiltInKeywords.groovy:1536)
	at Script1704869022401.run(Script1704869022401.groovy:29)
	... 18 more
)
[[ATTACHMENT|C:\\Users\\USER\\git\\Kecilin-Automation-Test\\Reports\\20240117_164656\\Create BE Download\\Download Video Test Suite\\20240117_164704\\1705485232220.png]]]]></system-out>
         <system-err><![CDATA[17-01-2024T16:53:38 - [TEST_CASE][FAILED] - Test Cases/Offline PSSI Dashboard Function/Create BE Download/Download Video/Positive Test Case/PSSIMultipleDownload: Test Cases/Offline PSSI Dashboard Function/Create BE Download/Download Video/Positive Test Case/PSSIMultipleDownload FAILED.
Reason:
com.kms.katalon.core.exception.StepFailedException: Unable to verify object is not present
	at com.kms.katalon.core.webui.keyword.internal.WebUIKeywordMain.stepFailed(WebUIKeywordMain.groovy:64)
	at com.kms.katalon.core.webui.keyword.internal.WebUIKeywordMain.runKeyword(WebUIKeywordMain.groovy:26)
	at com.kms.katalon.core.webui.keyword.internal.WebUIKeywordMain$runKeyword.call(Unknown Source)
	at com.kms.katalon.core.webui.keyword.builtin.VerifyElementNotPresentKeyword.verifyElementNotPresent(VerifyElementNotPresentKeyword.groovy:122)
	at com.kms.katalon.core.webui.keyword.builtin.VerifyElementNotPresentKeyword.execute(VerifyElementNotPresentKeyword.groovy:68)
	at com.kms.katalon.core.keyword.internal.KeywordExecutor.executeKeywordForPlatform(KeywordExecutor.groovy:74)
	at com.kms.katalon.core.webui.keyword.WebUiBuiltInKeywords.verifyElementNotPresent(WebUiBuiltInKeywords.groovy:1536)
	at PSSIMultipleDownload.run(PSSIMultipleDownload:29)
	at com.kms.katalon.core.main.ScriptEngine.run(ScriptEngine.java:194)
	at com.kms.katalon.core.main.ScriptEngine.runScriptAsRawText(ScriptEngine.java:119)
	at com.kms.katalon.core.main.TestCaseExecutor.runScript(TestCaseExecutor.java:448)
	at com.kms.katalon.core.main.TestCaseExecutor.doExecute(TestCaseExecutor.java:439)
	at com.kms.katalon.core.main.TestCaseExecutor.processExecutionPhase(TestCaseExecutor.java:418)
	at com.kms.katalon.core.main.TestCaseExecutor.accessMainPhase(TestCaseExecutor.java:410)
	at com.kms.katalon.core.main.TestCaseExecutor.execute(TestCaseExecutor.java:285)
	at com.kms.katalon.core.main.TestCaseExecutor.execute(TestCaseExecutor.java:369)
	at com.kms.katalon.core.main.TestCaseExecutor.execute(TestCaseExecutor.java:369)
	at com.kms.katalon.core.main.TestCaseExecutor.execute(TestCaseExecutor.java:369)
	at com.kms.katalon.core.common.CommonExecutor.accessTestCaseMainPhase(CommonExecutor.java:65)
	at com.kms.katalon.core.main.TestSuiteExecutor.accessTestSuiteMainPhase(TestSuiteExecutor.java:148)
	at com.kms.katalon.core.main.TestSuiteExecutor.execute(TestSuiteExecutor.java:106)
	at com.kms.katalon.core.main.TestCaseMain.startTestSuite(TestCaseMain.java:180)
	at TempTestSuite1705484824025.run(TempTestSuite1705484824025.groovy:36)
	at java.base/jdk.internal.reflect.NativeMethodAccessorImpl.invoke0(Native Method)
	at java.base/jdk.internal.reflect.NativeMethodAccessorImpl.invoke(NativeMethodAccessorImpl.java:77)
	at java.base/jdk.internal.reflect.DelegatingMethodAccessorImpl.invoke(DelegatingMethodAccessorImpl.java:43)
Caused by: java.lang.IllegalArgumentException: Object is null
	at com.kms.katalon.core.helper.KeywordHelper.checkTestObjectParameter(KeywordHelper.java:33)
	at com.kms.katalon.core.helper.KeywordHelper$checkTestObjectParameter.call(Unknown Source)
	at com.kms.katalon.core.helper.KeywordHelper$checkTestObjectParameter.call(Unknown Source)
	at com.kms.katalon.core.webui.keyword.builtin.VerifyElementNotPresentKeyword$_verifyElementNotPresent_closure1.doCall(VerifyElementNotPresentKeyword.groovy:75)
	at com.kms.katalon.core.webui.keyword.builtin.VerifyElementNotPresentKeyword$_verifyElementNotPresent_closure1.doCall(VerifyElementNotPresentKeyword.groovy)
	at java.base/jdk.internal.reflect.NativeMethodAccessorImpl.invoke0(Native Method)
	at java.base/jdk.internal.reflect.NativeMethodAccessorImpl.invoke(NativeMethodAccessorImpl.java:77)
	at java.base/jdk.internal.reflect.DelegatingMethodAccessorImpl.invoke(DelegatingMethodAccessorImpl.java:43)
	at com.kms.katalon.core.webui.keyword.internal.WebUIKeywordMain.runKeyword(WebUIKeywordMain.groovy:20)
	... 24 more]]></system-err>
      </testcase>
      <testcase name="Test Cases/Offline PSSI Dashboard Function/Create BE Download/Download Video/Positive Test Case/PSSISingleDownload" time="23.79" classname="Test Cases/Offline PSSI Dashboard Function/Create BE Download/Download Video/Positive Test Case/PSSISingleDownload" status="FAILED">
         <failure type="FAILED" message="Test Cases/Offline PSSI Dashboard Function/Create BE Download/Download Video/Positive Test Case/PSSISingleDownload FAILED.&#xa;Reason:&#xa;com.kms.katalon.core.exception.StepFailedException: Unable to verify object to be clickable&#xa;	at com.kms.katalon.core.webui.keyword.internal.WebUIKeywordMain.stepFailed(WebUIKeywordMain.groovy:64)&#xa;	at com.kms.katalon.core.webui.keyword.internal.WebUIKeywordMain.runKeyword(WebUIKeywordMain.groovy:26)&#xa;	at com.kms.katalon.core.webui.keyword.builtin.VerifyElementClickableKeyword.verifyElementClickable(VerifyElementClickableKeyword.groovy:96)&#xa;	at com.kms.katalon.core.webui.keyword.builtin.VerifyElementClickableKeyword.execute(VerifyElementClickableKeyword.groovy:67)&#xa;	at com.kms.katalon.core.keyword.internal.KeywordExecutor.executeKeywordForPlatform(KeywordExecutor.groovy:74)&#xa;	at com.kms.katalon.core.webui.keyword.WebUiBuiltInKeywords.verifyElementClickable(WebUiBuiltInKeywords.groovy:605)&#xa;	at PSSISingleDownload.run(PSSISingleDownload:29)&#xa;	at com.kms.katalon.core.main.ScriptEngine.run(ScriptEngine.java:194)&#xa;	at com.kms.katalon.core.main.ScriptEngine.runScriptAsRawText(ScriptEngine.java:119)&#xa;	at com.kms.katalon.core.main.TestCaseExecutor.runScript(TestCaseExecutor.java:448)&#xa;	at com.kms.katalon.core.main.TestCaseExecutor.doExecute(TestCaseExecutor.java:439)&#xa;	at com.kms.katalon.core.main.TestCaseExecutor.processExecutionPhase(TestCaseExecutor.java:418)&#xa;	at com.kms.katalon.core.main.TestCaseExecutor.accessMainPhase(TestCaseExecutor.java:410)&#xa;	at com.kms.katalon.core.main.TestCaseExecutor.execute(TestCaseExecutor.java:285)&#xa;	at com.kms.katalon.core.main.TestCaseExecutor.execute(TestCaseExecutor.java:369)&#xa;	at com.kms.katalon.core.main.TestCaseExecutor.execute(TestCaseExecutor.java:369)&#xa;	at com.kms.katalon.core.main.TestCaseExecutor.execute(TestCaseExecutor.java:369)&#xa;	at com.kms.katalon.core.common.CommonExecutor.accessTestCaseMainPhase(CommonExecutor.java:65)&#xa;	at com.kms.katalon.core.main.TestSuiteExecutor.accessTestSuiteMainPhase(TestSuiteExecutor.java:148)&#xa;	at com.kms.katalon.core.main.TestSuiteExecutor.execute(TestSuiteExecutor.java:106)&#xa;	at com.kms.katalon.core.main.TestCaseMain.startTestSuite(TestCaseMain.java:180)&#xa;	at TempTestSuite1705484824025.run(TempTestSuite1705484824025.groovy:36)&#xa;	at java.base/jdk.internal.reflect.NativeMethodAccessorImpl.invoke0(Native Method)&#xa;	at java.base/jdk.internal.reflect.NativeMethodAccessorImpl.invoke(NativeMethodAccessorImpl.java:77)&#xa;	at java.base/jdk.internal.reflect.DelegatingMethodAccessorImpl.invoke(DelegatingMethodAccessorImpl.java:43)&#xa;Caused by: java.lang.IllegalArgumentException: Object is null&#xa;	at com.kms.katalon.core.helper.KeywordHelper.checkTestObjectParameter(KeywordHelper.java:33)&#xa;	at com.kms.katalon.core.webui.keyword.builtin.VerifyElementClickableKeyword$_verifyElementClickable_closure1.doCall(VerifyElementClickableKeyword.groovy:75)&#xa;	at com.kms.katalon.core.webui.keyword.builtin.VerifyElementClickableKeyword$_verifyElementClickable_closure1.call(VerifyElementClickableKeyword.groovy)&#xa;	at com.kms.katalon.core.webui.keyword.internal.WebUIKeywordMain.runKeyword(WebUIKeywordMain.groovy:20)&#xa;	... 23 more&#xa;"/>
         <system-out><![CDATA[17-01-2024T16:55:05 - [TEST_CASE][FAILED] - Test Cases/Offline PSSI Dashboard Function/Create BE Download/Download Video/Positive Test Case/PSSISingleDownload: Test Cases/Offline PSSI Dashboard Function/Create BE Download/Download Video/Positive Test Case/PSSISingleDownload FAILED.
Reason:
com.kms.katalon.core.exception.StepFailedException: Unable to verify object to be clickable
	at com.kms.katalon.core.webui.keyword.internal.WebUIKeywordMain.stepFailed(WebUIKeywordMain.groovy:64)
	at com.kms.katalon.core.webui.keyword.internal.WebUIKeywordMain.runKeyword(WebUIKeywordMain.groovy:26)
	at com.kms.katalon.core.webui.keyword.builtin.VerifyElementClickableKeyword.verifyElementClickable(VerifyElementClickableKeyword.groovy:96)
	at com.kms.katalon.core.webui.keyword.builtin.VerifyElementClickableKeyword.execute(VerifyElementClickableKeyword.groovy:67)
	at com.kms.katalon.core.keyword.internal.KeywordExecutor.executeKeywordForPlatform(KeywordExecutor.groovy:74)
	at com.kms.katalon.core.webui.keyword.WebUiBuiltInKeywords.verifyElementClickable(WebUiBuiltInKeywords.groovy:605)
	at PSSISingleDownload.run(PSSISingleDownload:29)
	at com.kms.katalon.core.main.ScriptEngine.run(ScriptEngine.java:194)
	at com.kms.katalon.core.main.ScriptEngine.runScriptAsRawText(ScriptEngine.java:119)
	at com.kms.katalon.core.main.TestCaseExecutor.runScript(TestCaseExecutor.java:448)
	at com.kms.katalon.core.main.TestCaseExecutor.doExecute(TestCaseExecutor.java:439)
	at com.kms.katalon.core.main.TestCaseExecutor.processExecutionPhase(TestCaseExecutor.java:418)
	at com.kms.katalon.core.main.TestCaseExecutor.accessMainPhase(TestCaseExecutor.java:410)
	at com.kms.katalon.core.main.TestCaseExecutor.execute(TestCaseExecutor.java:285)
	at com.kms.katalon.core.main.TestCaseExecutor.execute(TestCaseExecutor.java:369)
	at com.kms.katalon.core.main.TestCaseExecutor.execute(TestCaseExecutor.java:369)
	at com.kms.katalon.core.main.TestCaseExecutor.execute(TestCaseExecutor.java:369)
	at com.kms.katalon.core.common.CommonExecutor.accessTestCaseMainPhase(CommonExecutor.java:65)
	at com.kms.katalon.core.main.TestSuiteExecutor.accessTestSuiteMainPhase(TestSuiteExecutor.java:148)
	at com.kms.katalon.core.main.TestSuiteExecutor.execute(TestSuiteExecutor.java:106)
	at com.kms.katalon.core.main.TestCaseMain.startTestSuite(TestCaseMain.java:180)
	at TempTestSuite1705484824025.run(TempTestSuite1705484824025.groovy:36)
	at java.base/jdk.internal.reflect.NativeMethodAccessorImpl.invoke0(Native Method)
	at java.base/jdk.internal.reflect.NativeMethodAccessorImpl.invoke(NativeMethodAccessorImpl.java:77)
	at java.base/jdk.internal.reflect.DelegatingMethodAccessorImpl.invoke(DelegatingMethodAccessorImpl.java:43)
Caused by: java.lang.IllegalArgumentException: Object is null
	at com.kms.katalon.core.helper.KeywordHelper.checkTestObjectParameter(KeywordHelper.java:33)
	at com.kms.katalon.core.webui.keyword.builtin.VerifyElementClickableKeyword$_verifyElementClickable_closure1.doCall(VerifyElementClickableKeyword.groovy:75)
	at com.kms.katalon.core.webui.keyword.builtin.VerifyElementClickableKeyword$_verifyElementClickable_closure1.call(VerifyElementClickableKeyword.groovy)
	at com.kms.katalon.core.webui.keyword.internal.WebUIKeywordMain.runKeyword(WebUIKeywordMain.groovy:20)
	... 23 more


17-01-2024T16:55:05 - [TEST_STEP][PASSED] - baseUrl = offline_pssi_dashboard_url: null

17-01-2024T16:55:05 - [TEST_STEP][PASSED] - callTestCase(findTestCase("Offline PSSI Dashboard Function/Create BE Download/Filter Download/Positive Test Case/PSSIFilterStadiumAndCam"), [:]): Call Test Case 'Test Cases/Offline PSSI Dashboard Function/Create BE Download/Filter Download/Positive Test Case/PSSIFilterStadiumAndCam' successfully

17-01-2024T16:55:05 - [TEST_CASE][PASSED] - Test Cases/Offline PSSI Dashboard Function/Create BE Download/Filter Download/Positive Test Case/PSSIFilterStadiumAndCam: Test Cases/Offline PSSI Dashboard Function/Create BE Download/Filter Download/Positive Test Case/PSSIFilterStadiumAndCam

17-01-2024T16:55:05 - [TEST_STEP][PASSED] - baseUrl = offline_pssi_dashboard_url: null

17-01-2024T16:55:05 - [TEST_STEP][PASSED] - callTestCase(findTestCase("Offline PSSI Dashboard Function/Create BE Download/View Download Page/PSSIViewDownloadPage"), [:]): Call Test Case 'Test Cases/Offline PSSI Dashboard Function/Create BE Download/View Download Page/PSSIViewDownloadPage' successfully

17-01-2024T16:55:05 - [TEST_CASE][PASSED] - Test Cases/Offline PSSI Dashboard Function/Create BE Download/View Download Page/PSSIViewDownloadPage: Test Cases/Offline PSSI Dashboard Function/Create BE Download/View Download Page/PSSIViewDownloadPage

17-01-2024T16:55:05 - [TEST_STEP][PASSED] - baseUrl = offline_pssi_dashboard_url: null

17-01-2024T16:55:05 - [TEST_STEP][PASSED] - callTestCase(findTestCase("Offline PSSI Dashboard Function/Sign In/PSSISignInValidData"), [:]): Call Test Case 'Test Cases/Offline PSSI Dashboard Function/Sign In/PSSISignInValidData' successfully

17-01-2024T16:55:06 - [TEST_CASE][PASSED] - Test Cases/Offline PSSI Dashboard Function/Sign In/PSSISignInValidData: Test Cases/Offline PSSI Dashboard Function/Sign In/PSSISignInValidData

17-01-2024T16:55:06 - [TEST_STEP][PASSED] - failureHandling = STOP_ON_FAILURE: null

17-01-2024T16:55:06 - [TEST_STEP][PASSED] - baseUrl = offline_pssi_dashboard_url: null

17-01-2024T16:55:06 - [TEST_STEP][PASSED] - openBrowser(""): Browser is opened with url: ''

17-01-2024T16:55:06 - [MESSAGE][WARNING] - A browser is already opened. Closing browser and opening a new one

17-01-2024T16:55:06 - [MESSAGE][INFO] - Starting 'Chrome' driver

17-01-2024T16:55:06 - [MESSAGE][INFO] - Action delay is set to 0 milliseconds

17-01-2024T16:55:08 - [MESSAGE][PASSED] - Browser is opened with url: ''

17-01-2024T16:55:08 - [TEST_STEP][PASSED] - navigateToUrl(baseUrl): Navigate to 'https://monitoring.pssi-dev.kecilin.id' successfully

17-01-2024T16:55:09 - [MESSAGE][PASSED] - Navigate to 'https://monitoring.pssi-dev.kecilin.id' successfully

17-01-2024T16:55:09 - [TEST_STEP][PASSED] - maximizeWindow(): Current window maximized

17-01-2024T16:55:09 - [MESSAGE][PASSED] - Current window maximized

17-01-2024T16:55:09 - [TEST_STEP][PASSED] - setText(findTestObject("Object Repository/Page_Login/input_email"), "superadmin@app.com"): Text 'superadmin@app.com' is set on object 'Object Repository/Page_Login/input_email'

17-01-2024T16:55:10 - [MESSAGE][PASSED] - Text 'superadmin@app.com' is set on object 'Object Repository/Page_Login/input_email'

17-01-2024T16:55:10 - [TEST_STEP][PASSED] - setEncryptedText(findTestObject("Object Repository/Page_Login/input_password"), "8SQVv/p9jVScEs4/2CZsLw=="): Text ****** has been set on object 'Object Repository/Page_Login/input_password'

17-01-2024T16:55:11 - [MESSAGE][PASSED] - Text ****** has been set on object 'Object Repository/Page_Login/input_password'

17-01-2024T16:55:11 - [TEST_STEP][PASSED] - click(findTestObject("Object Repository/Page_Login/button_Sign In")): Object: 'Object Repository/Page_Login/button_Sign In' is clicked on

17-01-2024T16:55:13 - [MESSAGE][PASSED] - Object: 'Object Repository/Page_Login/button_Sign In' is clicked on

17-01-2024T16:55:13 - [MESSAGE][PASSED] - Call Test Case 'Test Cases/Offline PSSI Dashboard Function/Sign In/PSSISignInValidData' successfully

17-01-2024T16:55:13 - [TEST_STEP][PASSED] - navigateToUrl(baseUrl + "/downloads"): Navigate to 'https://monitoring.pssi-dev.kecilin.id/downloads' successfully

17-01-2024T16:55:13 - [MESSAGE][PASSED] - Navigate to 'https://monitoring.pssi-dev.kecilin.id/downloads' successfully

17-01-2024T16:55:13 - [MESSAGE][PASSED] - Call Test Case 'Test Cases/Offline PSSI Dashboard Function/Create BE Download/View Download Page/PSSIViewDownloadPage' successfully

17-01-2024T16:55:13 - [TEST_STEP][PASSED] - verifyElementNotPresent(findTestObject("Page_Playback Video/CCTV Selection Bar"), 0): Web element with id: 'Object Repository/Page_Playback Video/CCTV Selection Bar' located by 'By.xpath: id("select2-cctv-container")[count(. | //span[@class = 'select2-selection__rendered' and @id = 'select2-cctv-container' and @role = 'textbox' and @aria-readonly = 'true' and @title = '-- Search CCTV --' and (text() = '-- Search CCTV --' or . = '-- Search CCTV --')]) = count(//span[@class = 'select2-selection__rendered' and @id = 'select2-cctv-container' and @role = 'textbox' and @aria-readonly = 'true' and @title = '-- Search CCTV --' and (text() = '-- Search CCTV --' or . = '-- Search CCTV --')])]' is not present after '1' second(s)

17-01-2024T16:55:13 - [MESSAGE][WARNING] - Timeout '0' is invalid. Using default page load timeout: '1'

17-01-2024T16:55:14 - [MESSAGE][PASSED] - Web element with id: 'Object Repository/Page_Playback Video/CCTV Selection Bar' located by 'By.xpath: id("select2-cctv-container")[count(. | //span[@class = 'select2-selection__rendered' and @id = 'select2-cctv-container' and @role = 'textbox' and @aria-readonly = 'true' and @title = '-- Search CCTV --' and (text() = '-- Search CCTV --' or . = '-- Search CCTV --')]) = count(//span[@class = 'select2-selection__rendered' and @id = 'select2-cctv-container' and @role = 'textbox' and @aria-readonly = 'true' and @title = '-- Search CCTV --' and (text() = '-- Search CCTV --' or . = '-- Search CCTV --')])]' is not present after '1' second(s)

17-01-2024T16:55:14 - [TEST_STEP][PASSED] - verifyElementClickable(findTestObject("Page_Playback Video/Stadium Selection Bar")): Object 'Object Repository/Page_Playback Video/Stadium Selection Bar' is clickable

17-01-2024T16:55:14 - [MESSAGE][PASSED] - Object 'Object Repository/Page_Playback Video/Stadium Selection Bar' is clickable

17-01-2024T16:55:14 - [TEST_STEP][PASSED] - click(findTestObject("Page_Playback Video/Stadium Selection Bar")): Object: 'Object Repository/Page_Playback Video/Stadium Selection Bar' is clicked on

17-01-2024T16:55:15 - [MESSAGE][PASSED] - Object: 'Object Repository/Page_Playback Video/Stadium Selection Bar' is clicked on

17-01-2024T16:55:15 - [TEST_STEP][PASSED] - sendKeys(findTestObject("Page_Playback Video/Stadium Search Field"), Keys.chord(ENTER)): Keys 'ENTER + ' sent to object: 'Object Repository/Page_Playback Video/Stadium Search Field'

17-01-2024T16:55:15 - [MESSAGE][PASSED] - Keys 'ENTER + ' sent to object: 'Object Repository/Page_Playback Video/Stadium Search Field'

17-01-2024T16:55:15 - [TEST_STEP][PASSED] - verifyElementClickable(findTestObject("Page_Playback Video/CCTV Selection Bar")): Object 'Object Repository/Page_Playback Video/CCTV Selection Bar' is clickable

17-01-2024T16:55:16 - [MESSAGE][PASSED] - Object 'Object Repository/Page_Playback Video/CCTV Selection Bar' is clickable

17-01-2024T16:55:16 - [TEST_STEP][PASSED] - click(findTestObject("Page_Playback Video/CCTV Selection Bar")): Object: 'Object Repository/Page_Playback Video/CCTV Selection Bar' is clicked on

17-01-2024T16:55:16 - [MESSAGE][PASSED] - Object: 'Object Repository/Page_Playback Video/CCTV Selection Bar' is clicked on

17-01-2024T16:55:16 - [TEST_STEP][PASSED] - sendKeys(findTestObject("Page_Playback Video/CCTV Search Field"), Keys.chord(ARROW_DOWN)): Keys 'DOWN + ' sent to object: 'Object Repository/Page_Playback Video/CCTV Search Field'

17-01-2024T16:55:17 - [MESSAGE][PASSED] - Keys 'DOWN + ' sent to object: 'Object Repository/Page_Playback Video/CCTV Search Field'

17-01-2024T16:55:17 - [TEST_STEP][PASSED] - sendKeys(findTestObject("Page_Playback Video/CCTV Search Field"), Keys.chord(ENTER)): Keys 'ENTER + ' sent to object: 'Object Repository/Page_Playback Video/CCTV Search Field'

17-01-2024T16:55:17 - [MESSAGE][PASSED] - Keys 'ENTER + ' sent to object: 'Object Repository/Page_Playback Video/CCTV Search Field'

17-01-2024T16:55:17 - [TEST_STEP][PASSED] - verifyElementClickable(findTestObject("Page_Playback Video/button_Search")): Object 'Object Repository/Page_Playback Video/button_Search' is clickable

17-01-2024T16:55:18 - [MESSAGE][PASSED] - Object 'Object Repository/Page_Playback Video/button_Search' is clickable

17-01-2024T16:55:18 - [TEST_STEP][PASSED] - click(findTestObject("Page_Playback Video/button_Search")): Object: 'Object Repository/Page_Playback Video/button_Search' is clicked on

17-01-2024T16:55:18 - [MESSAGE][PASSED] - Object: 'Object Repository/Page_Playback Video/button_Search' is clicked on

17-01-2024T16:55:18 - [TEST_STEP][PASSED] - verifyTextPresent("Size", false): Text 'Size' is present on page 

17-01-2024T16:55:27 - [MESSAGE][PASSED] - Text 'Size' is present on page 

17-01-2024T16:55:27 - [TEST_STEP][PASSED] - verifyTextPresent("Name", false): Text 'Name' is present on page 

17-01-2024T16:55:28 - [MESSAGE][PASSED] - Text 'Name' is present on page 

17-01-2024T16:55:28 - [TEST_STEP][PASSED] - verifyTextPresent("Date Time", false): Text 'Date Time' is present on page 

17-01-2024T16:55:28 - [MESSAGE][PASSED] - Text 'Date Time' is present on page 

17-01-2024T16:55:28 - [TEST_STEP][PASSED] - verifyTextPresent("Action", false): Text 'Action' is present on page 

17-01-2024T16:55:28 - [MESSAGE][PASSED] - Text 'Action' is present on page 

17-01-2024T16:55:29 - [MESSAGE][PASSED] - Call Test Case 'Test Cases/Offline PSSI Dashboard Function/Create BE Download/Filter Download/Positive Test Case/PSSIFilterStadiumAndCam' successfully

17-01-2024T16:55:29 - [TEST_STEP][FAILED] - verifyElementClickable(findTestObject("Object Repository/Page_Download/Download First Row")): Unable to verify object to be clickable (Root cause: com.kms.katalon.core.exception.StepFailedException: Unable to verify object to be clickable
	at com.kms.katalon.core.webui.keyword.internal.WebUIKeywordMain.stepFailed(WebUIKeywordMain.groovy:64)
	at com.kms.katalon.core.webui.keyword.internal.WebUIKeywordMain.runKeyword(WebUIKeywordMain.groovy:26)
	at com.kms.katalon.core.webui.keyword.builtin.VerifyElementClickableKeyword.verifyElementClickable(VerifyElementClickableKeyword.groovy:96)
	at com.kms.katalon.core.webui.keyword.builtin.VerifyElementClickableKeyword.execute(VerifyElementClickableKeyword.groovy:67)
	at com.kms.katalon.core.keyword.internal.KeywordExecutor.executeKeywordForPlatform(KeywordExecutor.groovy:74)
	at com.kms.katalon.core.webui.keyword.WebUiBuiltInKeywords.verifyElementClickable(WebUiBuiltInKeywords.groovy:605)
	at PSSISingleDownload.run(PSSISingleDownload:29)
	at com.kms.katalon.core.main.ScriptEngine.run(ScriptEngine.java:194)
	at com.kms.katalon.core.main.ScriptEngine.runScriptAsRawText(ScriptEngine.java:119)
	at com.kms.katalon.core.main.TestCaseExecutor.runScript(TestCaseExecutor.java:448)
	at com.kms.katalon.core.main.TestCaseExecutor.doExecute(TestCaseExecutor.java:439)
	at com.kms.katalon.core.main.TestCaseExecutor.processExecutionPhase(TestCaseExecutor.java:418)
	at com.kms.katalon.core.main.TestCaseExecutor.accessMainPhase(TestCaseExecutor.java:410)
	at com.kms.katalon.core.main.TestCaseExecutor.execute(TestCaseExecutor.java:285)
	at com.kms.katalon.core.main.TestCaseExecutor.execute(TestCaseExecutor.java:369)
	at com.kms.katalon.core.main.TestCaseExecutor.execute(TestCaseExecutor.java:369)
	at com.kms.katalon.core.main.TestCaseExecutor.execute(TestCaseExecutor.java:369)
	at com.kms.katalon.core.common.CommonExecutor.accessTestCaseMainPhase(CommonExecutor.java:65)
	at com.kms.katalon.core.main.TestSuiteExecutor.accessTestSuiteMainPhase(TestSuiteExecutor.java:148)
	at com.kms.katalon.core.main.TestSuiteExecutor.execute(TestSuiteExecutor.java:106)
	at com.kms.katalon.core.main.TestCaseMain.startTestSuite(TestCaseMain.java:180)
	at TempTestSuite1705484824025.run(TempTestSuite1705484824025.groovy:36)
	at java.base/jdk.internal.reflect.NativeMethodAccessorImpl.invoke0(Native Method)
	at java.base/jdk.internal.reflect.NativeMethodAccessorImpl.invoke(NativeMethodAccessorImpl.java:77)
	at java.base/jdk.internal.reflect.DelegatingMethodAccessorImpl.invoke(DelegatingMethodAccessorImpl.java:43)
Caused by: java.lang.IllegalArgumentException: Object is null
	at com.kms.katalon.core.helper.KeywordHelper.checkTestObjectParameter(KeywordHelper.java:33)
	at com.kms.katalon.core.webui.keyword.builtin.VerifyElementClickableKeyword$_verifyElementClickable_closure1.doCall(VerifyElementClickableKeyword.groovy:75)
	at com.kms.katalon.core.webui.keyword.builtin.VerifyElementClickableKeyword$_verifyElementClickable_closure1.call(VerifyElementClickableKeyword.groovy)
	at com.kms.katalon.core.webui.keyword.internal.WebUIKeywordMain.runKeyword(WebUIKeywordMain.groovy:20)
	at com.kms.katalon.core.webui.keyword.builtin.VerifyElementClickableKeyword.verifyElementClickable(VerifyElementClickableKeyword.groovy:96)
	at com.kms.katalon.core.webui.keyword.builtin.VerifyElementClickableKeyword.execute(VerifyElementClickableKeyword.groovy:67)
	at com.kms.katalon.core.keyword.internal.KeywordExecutor.executeKeywordForPlatform(KeywordExecutor.groovy:74)
	at com.kms.katalon.core.webui.keyword.WebUiBuiltInKeywords.verifyElementClickable(WebUiBuiltInKeywords.groovy:605)
	at Script1704868262905.run(Script1704868262905.groovy:29)
	... 18 more
)

17-01-2024T16:55:29 - [MESSAGE][WARNING] - Test object with id 'Object Repository/Page_Download/Download First Row' does not exist

17-01-2024T16:55:29 - [MESSAGE][WARNING] - Test object with id 'Object Repository/' does not exist

17-01-2024T16:55:29 - [MESSAGE][FAILED] - Unable to verify object to be clickable (Root cause: com.kms.katalon.core.exception.StepFailedException: Unable to verify object to be clickable
	at com.kms.katalon.core.webui.keyword.internal.WebUIKeywordMain.stepFailed(WebUIKeywordMain.groovy:64)
	at com.kms.katalon.core.webui.keyword.internal.WebUIKeywordMain.runKeyword(WebUIKeywordMain.groovy:26)
	at com.kms.katalon.core.webui.keyword.builtin.VerifyElementClickableKeyword.verifyElementClickable(VerifyElementClickableKeyword.groovy:96)
	at com.kms.katalon.core.webui.keyword.builtin.VerifyElementClickableKeyword.execute(VerifyElementClickableKeyword.groovy:67)
	at com.kms.katalon.core.keyword.internal.KeywordExecutor.executeKeywordForPlatform(KeywordExecutor.groovy:74)
	at com.kms.katalon.core.webui.keyword.WebUiBuiltInKeywords.verifyElementClickable(WebUiBuiltInKeywords.groovy:605)
	at PSSISingleDownload.run(PSSISingleDownload:29)
	at com.kms.katalon.core.main.ScriptEngine.run(ScriptEngine.java:194)
	at com.kms.katalon.core.main.ScriptEngine.runScriptAsRawText(ScriptEngine.java:119)
	at com.kms.katalon.core.main.TestCaseExecutor.runScript(TestCaseExecutor.java:448)
	at com.kms.katalon.core.main.TestCaseExecutor.doExecute(TestCaseExecutor.java:439)
	at com.kms.katalon.core.main.TestCaseExecutor.processExecutionPhase(TestCaseExecutor.java:418)
	at com.kms.katalon.core.main.TestCaseExecutor.accessMainPhase(TestCaseExecutor.java:410)
	at com.kms.katalon.core.main.TestCaseExecutor.execute(TestCaseExecutor.java:285)
	at com.kms.katalon.core.main.TestCaseExecutor.execute(TestCaseExecutor.java:369)
	at com.kms.katalon.core.main.TestCaseExecutor.execute(TestCaseExecutor.java:369)
	at com.kms.katalon.core.main.TestCaseExecutor.execute(TestCaseExecutor.java:369)
	at com.kms.katalon.core.common.CommonExecutor.accessTestCaseMainPhase(CommonExecutor.java:65)
	at com.kms.katalon.core.main.TestSuiteExecutor.accessTestSuiteMainPhase(TestSuiteExecutor.java:148)
	at com.kms.katalon.core.main.TestSuiteExecutor.execute(TestSuiteExecutor.java:106)
	at com.kms.katalon.core.main.TestCaseMain.startTestSuite(TestCaseMain.java:180)
	at TempTestSuite1705484824025.run(TempTestSuite1705484824025.groovy:36)
	at java.base/jdk.internal.reflect.NativeMethodAccessorImpl.invoke0(Native Method)
	at java.base/jdk.internal.reflect.NativeMethodAccessorImpl.invoke(NativeMethodAccessorImpl.java:77)
	at java.base/jdk.internal.reflect.DelegatingMethodAccessorImpl.invoke(DelegatingMethodAccessorImpl.java:43)
Caused by: java.lang.IllegalArgumentException: Object is null
	at com.kms.katalon.core.helper.KeywordHelper.checkTestObjectParameter(KeywordHelper.java:33)
	at com.kms.katalon.core.webui.keyword.builtin.VerifyElementClickableKeyword$_verifyElementClickable_closure1.doCall(VerifyElementClickableKeyword.groovy:75)
	at com.kms.katalon.core.webui.keyword.builtin.VerifyElementClickableKeyword$_verifyElementClickable_closure1.call(VerifyElementClickableKeyword.groovy)
	at com.kms.katalon.core.webui.keyword.internal.WebUIKeywordMain.runKeyword(WebUIKeywordMain.groovy:20)
	at com.kms.katalon.core.webui.keyword.builtin.VerifyElementClickableKeyword.verifyElementClickable(VerifyElementClickableKeyword.groovy:96)
	at com.kms.katalon.core.webui.keyword.builtin.VerifyElementClickableKeyword.execute(VerifyElementClickableKeyword.groovy:67)
	at com.kms.katalon.core.keyword.internal.KeywordExecutor.executeKeywordForPlatform(KeywordExecutor.groovy:74)
	at com.kms.katalon.core.webui.keyword.WebUiBuiltInKeywords.verifyElementClickable(WebUiBuiltInKeywords.groovy:605)
	at Script1704868262905.run(Script1704868262905.groovy:29)
	... 18 more
)
[[ATTACHMENT|C:\\Users\\USER\\git\\Kecilin-Automation-Test\\Reports\\20240117_164656\\Create BE Download\\Download Video Test Suite\\20240117_164704\\1705485329008.png]]]]></system-out>
         <system-err><![CDATA[17-01-2024T16:55:05 - [TEST_CASE][FAILED] - Test Cases/Offline PSSI Dashboard Function/Create BE Download/Download Video/Positive Test Case/PSSISingleDownload: Test Cases/Offline PSSI Dashboard Function/Create BE Download/Download Video/Positive Test Case/PSSISingleDownload FAILED.
Reason:
com.kms.katalon.core.exception.StepFailedException: Unable to verify object to be clickable
	at com.kms.katalon.core.webui.keyword.internal.WebUIKeywordMain.stepFailed(WebUIKeywordMain.groovy:64)
	at com.kms.katalon.core.webui.keyword.internal.WebUIKeywordMain.runKeyword(WebUIKeywordMain.groovy:26)
	at com.kms.katalon.core.webui.keyword.builtin.VerifyElementClickableKeyword.verifyElementClickable(VerifyElementClickableKeyword.groovy:96)
	at com.kms.katalon.core.webui.keyword.builtin.VerifyElementClickableKeyword.execute(VerifyElementClickableKeyword.groovy:67)
	at com.kms.katalon.core.keyword.internal.KeywordExecutor.executeKeywordForPlatform(KeywordExecutor.groovy:74)
	at com.kms.katalon.core.webui.keyword.WebUiBuiltInKeywords.verifyElementClickable(WebUiBuiltInKeywords.groovy:605)
	at PSSISingleDownload.run(PSSISingleDownload:29)
	at com.kms.katalon.core.main.ScriptEngine.run(ScriptEngine.java:194)
	at com.kms.katalon.core.main.ScriptEngine.runScriptAsRawText(ScriptEngine.java:119)
	at com.kms.katalon.core.main.TestCaseExecutor.runScript(TestCaseExecutor.java:448)
	at com.kms.katalon.core.main.TestCaseExecutor.doExecute(TestCaseExecutor.java:439)
	at com.kms.katalon.core.main.TestCaseExecutor.processExecutionPhase(TestCaseExecutor.java:418)
	at com.kms.katalon.core.main.TestCaseExecutor.accessMainPhase(TestCaseExecutor.java:410)
	at com.kms.katalon.core.main.TestCaseExecutor.execute(TestCaseExecutor.java:285)
	at com.kms.katalon.core.main.TestCaseExecutor.execute(TestCaseExecutor.java:369)
	at com.kms.katalon.core.main.TestCaseExecutor.execute(TestCaseExecutor.java:369)
	at com.kms.katalon.core.main.TestCaseExecutor.execute(TestCaseExecutor.java:369)
	at com.kms.katalon.core.common.CommonExecutor.accessTestCaseMainPhase(CommonExecutor.java:65)
	at com.kms.katalon.core.main.TestSuiteExecutor.accessTestSuiteMainPhase(TestSuiteExecutor.java:148)
	at com.kms.katalon.core.main.TestSuiteExecutor.execute(TestSuiteExecutor.java:106)
	at com.kms.katalon.core.main.TestCaseMain.startTestSuite(TestCaseMain.java:180)
	at TempTestSuite1705484824025.run(TempTestSuite1705484824025.groovy:36)
	at java.base/jdk.internal.reflect.NativeMethodAccessorImpl.invoke0(Native Method)
	at java.base/jdk.internal.reflect.NativeMethodAccessorImpl.invoke(NativeMethodAccessorImpl.java:77)
	at java.base/jdk.internal.reflect.DelegatingMethodAccessorImpl.invoke(DelegatingMethodAccessorImpl.java:43)
Caused by: java.lang.IllegalArgumentException: Object is null
	at com.kms.katalon.core.helper.KeywordHelper.checkTestObjectParameter(KeywordHelper.java:33)
	at com.kms.katalon.core.webui.keyword.builtin.VerifyElementClickableKeyword$_verifyElementClickable_closure1.doCall(VerifyElementClickableKeyword.groovy:75)
	at com.kms.katalon.core.webui.keyword.builtin.VerifyElementClickableKeyword$_verifyElementClickable_closure1.call(VerifyElementClickableKeyword.groovy)
	at com.kms.katalon.core.webui.keyword.internal.WebUIKeywordMain.runKeyword(WebUIKeywordMain.groovy:20)
	... 23 more]]></system-err>
      </testcase>
      <system-out><![CDATA[17-01-2024T16:50:46 - [TEST_SUITE][FAILED] - Download Video Test Suite: Test Cases/Offline PSSI Dashboard Function/Create BE Download/Download Video/Negative Test Case/PSSIUntickAllTickedData FAILED.
Reason:
com.kms.katalon.core.exception.StepFailedException: Unable to verify object is not present
	at com.kms.katalon.core.webui.keyword.internal.WebUIKeywordMain.stepFailed(WebUIKeywordMain.groovy:64)
	at com.kms.katalon.core.webui.keyword.internal.WebUIKeywordMain.runKeyword(WebUIKeywordMain.groovy:26)
	at com.kms.katalon.core.webui.keyword.internal.WebUIKeywordMain$runKeyword.call(Unknown Source)
	at com.kms.katalon.core.webui.keyword.builtin.VerifyElementNotPresentKeyword.verifyElementNotPresent(VerifyElementNotPresentKeyword.groovy:122)
	at com.kms.katalon.core.webui.keyword.builtin.VerifyElementNotPresentKeyword.execute(VerifyElementNotPresentKeyword.groovy:68)
	at com.kms.katalon.core.keyword.internal.KeywordExecutor.executeKeywordForPlatform(KeywordExecutor.groovy:74)
	at com.kms.katalon.core.webui.keyword.WebUiBuiltInKeywords.verifyElementNotPresent(WebUiBuiltInKeywords.groovy:1536)
	at PSSIUntickAllTickedData.run(PSSIUntickAllTickedData:29)
	at com.kms.katalon.core.main.ScriptEngine.run(ScriptEngine.java:194)
	at com.kms.katalon.core.main.ScriptEngine.runScriptAsRawText(ScriptEngine.java:119)
	at com.kms.katalon.core.main.TestCaseExecutor.runScript(TestCaseExecutor.java:448)
	at com.kms.katalon.core.main.TestCaseExecutor.doExecute(TestCaseExecutor.java:439)
	at com.kms.katalon.core.main.TestCaseExecutor.processExecutionPhase(TestCaseExecutor.java:418)
	at com.kms.katalon.core.main.TestCaseExecutor.accessMainPhase(TestCaseExecutor.java:410)
	at com.kms.katalon.core.main.TestCaseExecutor.execute(TestCaseExecutor.java:285)
	at com.kms.katalon.core.common.CommonExecutor.accessTestCaseMainPhase(CommonExecutor.java:65)
	at com.kms.katalon.core.main.TestSuiteExecutor.accessTestSuiteMainPhase(TestSuiteExecutor.java:148)
	at com.kms.katalon.core.main.TestSuiteExecutor.execute(TestSuiteExecutor.java:106)
	at com.kms.katalon.core.main.TestCaseMain.startTestSuite(TestCaseMain.java:180)
	at TempTestSuite1705484824025.run(TempTestSuite1705484824025.groovy:36)
	at java.base/jdk.internal.reflect.NativeMethodAccessorImpl.invoke0(Native Method)
	at java.base/jdk.internal.reflect.NativeMethodAccessorImpl.invoke(NativeMethodAccessorImpl.java:77)
	at java.base/jdk.internal.reflect.DelegatingMethodAccessorImpl.invoke(DelegatingMethodAccessorImpl.java:43)
Caused by: java.lang.IllegalArgumentException: Object is null
	at com.kms.katalon.core.helper.KeywordHelper.checkTestObjectParameter(KeywordHelper.java:33)
	at com.kms.katalon.core.helper.KeywordHelper$checkTestObjectParameter.call(Unknown Source)
	at com.kms.katalon.core.helper.KeywordHelper$checkTestObjectParameter.call(Unknown Source)
	at com.kms.katalon.core.webui.keyword.builtin.VerifyElementNotPresentKeyword$_verifyElementNotPresent_closure1.doCall(VerifyElementNotPresentKeyword.groovy:75)
	at com.kms.katalon.core.webui.keyword.builtin.VerifyElementNotPresentKeyword$_verifyElementNotPresent_closure1.doCall(VerifyElementNotPresentKeyword.groovy)
	at java.base/jdk.internal.reflect.NativeMethodAccessorImpl.invoke0(Native Method)
	at java.base/jdk.internal.reflect.NativeMethodAccessorImpl.invoke(NativeMethodAccessorImpl.java:77)
	at java.base/jdk.internal.reflect.DelegatingMethodAccessorImpl.invoke(DelegatingMethodAccessorImpl.java:43)
	at com.kms.katalon.core.webui.keyword.internal.WebUIKeywordMain.runKeyword(WebUIKeywordMain.groovy:20)
	... 21 more]]></system-out>
      <system-err><![CDATA[17-01-2024T16:50:46 - [TEST_SUITE][FAILED] - Download Video Test Suite: Test Cases/Offline PSSI Dashboard Function/Create BE Download/Download Video/Negative Test Case/PSSIUntickAllTickedData FAILED.
Reason:
com.kms.katalon.core.exception.StepFailedException: Unable to verify object is not present
	at com.kms.katalon.core.webui.keyword.internal.WebUIKeywordMain.stepFailed(WebUIKeywordMain.groovy:64)
	at com.kms.katalon.core.webui.keyword.internal.WebUIKeywordMain.runKeyword(WebUIKeywordMain.groovy:26)
	at com.kms.katalon.core.webui.keyword.internal.WebUIKeywordMain$runKeyword.call(Unknown Source)
	at com.kms.katalon.core.webui.keyword.builtin.VerifyElementNotPresentKeyword.verifyElementNotPresent(VerifyElementNotPresentKeyword.groovy:122)
	at com.kms.katalon.core.webui.keyword.builtin.VerifyElementNotPresentKeyword.execute(VerifyElementNotPresentKeyword.groovy:68)
	at com.kms.katalon.core.keyword.internal.KeywordExecutor.executeKeywordForPlatform(KeywordExecutor.groovy:74)
	at com.kms.katalon.core.webui.keyword.WebUiBuiltInKeywords.verifyElementNotPresent(WebUiBuiltInKeywords.groovy:1536)
	at PSSIUntickAllTickedData.run(PSSIUntickAllTickedData:29)
	at com.kms.katalon.core.main.ScriptEngine.run(ScriptEngine.java:194)
	at com.kms.katalon.core.main.ScriptEngine.runScriptAsRawText(ScriptEngine.java:119)
	at com.kms.katalon.core.main.TestCaseExecutor.runScript(TestCaseExecutor.java:448)
	at com.kms.katalon.core.main.TestCaseExecutor.doExecute(TestCaseExecutor.java:439)
	at com.kms.katalon.core.main.TestCaseExecutor.processExecutionPhase(TestCaseExecutor.java:418)
	at com.kms.katalon.core.main.TestCaseExecutor.accessMainPhase(TestCaseExecutor.java:410)
	at com.kms.katalon.core.main.TestCaseExecutor.execute(TestCaseExecutor.java:285)
	at com.kms.katalon.core.common.CommonExecutor.accessTestCaseMainPhase(CommonExecutor.java:65)
	at com.kms.katalon.core.main.TestSuiteExecutor.accessTestSuiteMainPhase(TestSuiteExecutor.java:148)
	at com.kms.katalon.core.main.TestSuiteExecutor.execute(TestSuiteExecutor.java:106)
	at com.kms.katalon.core.main.TestCaseMain.startTestSuite(TestCaseMain.java:180)
	at TempTestSuite1705484824025.run(TempTestSuite1705484824025.groovy:36)
	at java.base/jdk.internal.reflect.NativeMethodAccessorImpl.invoke0(Native Method)
	at java.base/jdk.internal.reflect.NativeMethodAccessorImpl.invoke(NativeMethodAccessorImpl.java:77)
	at java.base/jdk.internal.reflect.DelegatingMethodAccessorImpl.invoke(DelegatingMethodAccessorImpl.java:43)
Caused by: java.lang.IllegalArgumentException: Object is null
	at com.kms.katalon.core.helper.KeywordHelper.checkTestObjectParameter(KeywordHelper.java:33)
	at com.kms.katalon.core.helper.KeywordHelper$checkTestObjectParameter.call(Unknown Source)
	at com.kms.katalon.core.helper.KeywordHelper$checkTestObjectParameter.call(Unknown Source)
	at com.kms.katalon.core.webui.keyword.builtin.VerifyElementNotPresentKeyword$_verifyElementNotPresent_closure1.doCall(VerifyElementNotPresentKeyword.groovy:75)
	at com.kms.katalon.core.webui.keyword.builtin.VerifyElementNotPresentKeyword$_verifyElementNotPresent_closure1.doCall(VerifyElementNotPresentKeyword.groovy)
	at java.base/jdk.internal.reflect.NativeMethodAccessorImpl.invoke0(Native Method)
	at java.base/jdk.internal.reflect.NativeMethodAccessorImpl.invoke(NativeMethodAccessorImpl.java:77)
	at java.base/jdk.internal.reflect.DelegatingMethodAccessorImpl.invoke(DelegatingMethodAccessorImpl.java:43)
	at com.kms.katalon.core.webui.keyword.internal.WebUIKeywordMain.runKeyword(WebUIKeywordMain.groovy:20)
	... 21 more]]></system-err>
   </testsuite>
</testsuites>
