<?xml version="1.0" encoding="UTF-8"?>
<testsuites name="Edit Account Test Suite" time="681.233" tests="6" failures="6" errors="0">
   <testsuite name="Edit Account Test Suite" tests="6" failures="6" errors="0" time="681.233" skipped="0" timestamp="19-01-2024T11:32:58" hostname="USER - DESKTOP-HLRVE9S" id="Test Suites/Create BE Account Management/Edit Account Test Suite">
      <properties>
         <property name="deviceName" value=""/>
         <property name="devicePlatform" value=""/>
         <property name="logFolder" value="C:\\Users\\USER\\git\\Kecilin-Automation-Test\\Reports\\20240119_111826\\Create BE Account Management\\Edit Account Test Suite\\20240119_111835"/>
         <property name="logFiles" value="C:\\Users\\USER\\git\\Kecilin-Automation-Test\\Reports\\20240119_111826\\Create BE Account Management\\Edit Account Test Suite\\20240119_111835\\execution0.log"/>
         <property name="attachments" value="C:\\Users\\USER\\git\\Kecilin-Automation-Test\\Reports\\20240119_111826\\Create BE Account Management\\Edit Account Test Suite\\20240119_111835\\1705638814131.png, C:\\Users\\USER\\git\\Kecilin-Automation-Test\\Reports\\20240119_111826\\Create BE Account Management\\Edit Account Test Suite\\20240119_111835\\1705638814369.png, C:\\Users\\USER\\git\\Kecilin-Automation-Test\\Reports\\20240119_111826\\Create BE Account Management\\Edit Account Test Suite\\20240119_111835\\1705638846519.png, C:\\Users\\USER\\git\\Kecilin-Automation-Test\\Reports\\20240119_111826\\Create BE Account Management\\Edit Account Test Suite\\20240119_111835\\1705638846740.png, C:\\Users\\USER\\git\\Kecilin-Automation-Test\\Reports\\20240119_111826\\Create BE Account Management\\Edit Account Test Suite\\20240119_111835\\1705638877617.png, C:\\Users\\USER\\git\\Kecilin-Automation-Test\\Reports\\20240119_111826\\Create BE Account Management\\Edit Account Test Suite\\20240119_111835\\1705638877792.png, C:\\Users\\USER\\git\\Kecilin-Automation-Test\\Reports\\20240119_111826\\Create BE Account Management\\Edit Account Test Suite\\20240119_111835\\1705638909014.png, C:\\Users\\USER\\git\\Kecilin-Automation-Test\\Reports\\20240119_111826\\Create BE Account Management\\Edit Account Test Suite\\20240119_111835\\1705638909203.png, C:\\Users\\USER\\git\\Kecilin-Automation-Test\\Reports\\20240119_111826\\Create BE Account Management\\Edit Account Test Suite\\20240119_111835\\1705638926259.png, C:\\Users\\USER\\git\\Kecilin-Automation-Test\\Reports\\20240119_111826\\Create BE Account Management\\Edit Account Test Suite\\20240119_111835\\1705638943754.png, C:\\Users\\USER\\git\\Kecilin-Automation-Test\\Reports\\20240119_111826\\Create BE Account Management\\Edit Account Test Suite\\20240119_111835\\1705638961883.png, C:\\Users\\USER\\git\\Kecilin-Automation-Test\\Reports\\20240119_111826\\Create BE Account Management\\Edit Account Test Suite\\20240119_111835\\1705638980208.png, C:\\Users\\USER\\git\\Kecilin-Automation-Test\\Reports\\20240119_111826\\Create BE Account Management\\Edit Account Test Suite\\20240119_111835\\1705639012396.png, C:\\Users\\USER\\git\\Kecilin-Automation-Test\\Reports\\20240119_111826\\Create BE Account Management\\Edit Account Test Suite\\20240119_111835\\1705639012589.png, C:\\Users\\USER\\git\\Kecilin-Automation-Test\\Reports\\20240119_111826\\Create BE Account Management\\Edit Account Test Suite\\20240119_111835\\1705639045925.png, C:\\Users\\USER\\git\\Kecilin-Automation-Test\\Reports\\20240119_111826\\Create BE Account Management\\Edit Account Test Suite\\20240119_111835\\1705639046115.png, C:\\Users\\USER\\git\\Kecilin-Automation-Test\\Reports\\20240119_111826\\Create BE Account Management\\Edit Account Test Suite\\20240119_111835\\1705639078385.png, C:\\Users\\USER\\git\\Kecilin-Automation-Test\\Reports\\20240119_111826\\Create BE Account Management\\Edit Account Test Suite\\20240119_111835\\1705639078573.png, C:\\Users\\USER\\git\\Kecilin-Automation-Test\\Reports\\20240119_111826\\Create BE Account Management\\Edit Account Test Suite\\20240119_111835\\1705639110909.png, C:\\Users\\USER\\git\\Kecilin-Automation-Test\\Reports\\20240119_111826\\Create BE Account Management\\Edit Account Test Suite\\20240119_111835\\1705639111145.png, C:\\Users\\USER\\git\\Kecilin-Automation-Test\\Reports\\20240119_111826\\Create BE Account Management\\Edit Account Test Suite\\20240119_111835\\1705639134953.png, C:\\Users\\USER\\git\\Kecilin-Automation-Test\\Reports\\20240119_111826\\Create BE Account Management\\Edit Account Test Suite\\20240119_111835\\1705639135129.png, C:\\Users\\USER\\git\\Kecilin-Automation-Test\\Reports\\20240119_111826\\Create BE Account Management\\Edit Account Test Suite\\20240119_111835\\1705639159004.png, C:\\Users\\USER\\git\\Kecilin-Automation-Test\\Reports\\20240119_111826\\Create BE Account Management\\Edit Account Test Suite\\20240119_111835\\1705639159238.png, C:\\Users\\USER\\git\\Kecilin-Automation-Test\\Reports\\20240119_111826\\Create BE Account Management\\Edit Account Test Suite\\20240119_111835\\1705639183475.png, C:\\Users\\USER\\git\\Kecilin-Automation-Test\\Reports\\20240119_111826\\Create BE Account Management\\Edit Account Test Suite\\20240119_111835\\1705639183676.png, C:\\Users\\USER\\git\\Kecilin-Automation-Test\\Reports\\20240119_111826\\Create BE Account Management\\Edit Account Test Suite\\20240119_111835\\1705639218554.png, C:\\Users\\USER\\git\\Kecilin-Automation-Test\\Reports\\20240119_111826\\Create BE Account Management\\Edit Account Test Suite\\20240119_111835\\1705639218732.png, C:\\Users\\USER\\git\\Kecilin-Automation-Test\\Reports\\20240119_111826\\Create BE Account Management\\Edit Account Test Suite\\20240119_111835\\1705639249940.png, C:\\Users\\USER\\git\\Kecilin-Automation-Test\\Reports\\20240119_111826\\Create BE Account Management\\Edit Account Test Suite\\20240119_111835\\1705639250183.png, C:\\Users\\USER\\git\\Kecilin-Automation-Test\\Reports\\20240119_111826\\Create BE Account Management\\Edit Account Test Suite\\20240119_111835\\1705639282030.png, C:\\Users\\USER\\git\\Kecilin-Automation-Test\\Reports\\20240119_111826\\Create BE Account Management\\Edit Account Test Suite\\20240119_111835\\1705639282228.png, C:\\Users\\USER\\git\\Kecilin-Automation-Test\\Reports\\20240119_111826\\Create BE Account Management\\Edit Account Test Suite\\20240119_111835\\1705639314933.png, C:\\Users\\USER\\git\\Kecilin-Automation-Test\\Reports\\20240119_111826\\Create BE Account Management\\Edit Account Test Suite\\20240119_111835\\1705639315178.png, C:\\Users\\USER\\git\\Kecilin-Automation-Test\\Reports\\20240119_111826\\Create BE Account Management\\Edit Account Test Suite\\20240119_111835\\1705639346046.png, C:\\Users\\USER\\git\\Kecilin-Automation-Test\\Reports\\20240119_111826\\Create BE Account Management\\Edit Account Test Suite\\20240119_111835\\1705639346210.png, C:\\Users\\USER\\git\\Kecilin-Automation-Test\\Reports\\20240119_111826\\Create BE Account Management\\Edit Account Test Suite\\20240119_111835\\1705639367752.png, C:\\Users\\USER\\git\\Kecilin-Automation-Test\\Reports\\20240119_111826\\Create BE Account Management\\Edit Account Test Suite\\20240119_111835\\1705639388607.png, C:\\Users\\USER\\git\\Kecilin-Automation-Test\\Reports\\20240119_111826\\Create BE Account Management\\Edit Account Test Suite\\20240119_111835\\1705639410662.png, C:\\Users\\USER\\git\\Kecilin-Automation-Test\\Reports\\20240119_111826\\Create BE Account Management\\Edit Account Test Suite\\20240119_111835\\1705639459562.png"/>
         <property name="hostName" value="USER - DESKTOP-HLRVE9S"/>
         <property name="os" value="Windows 10 64bit"/>
         <property name="katalonVersion" value="9.2.0.212"/>
         <property name="browser" value="Chrome 120.0.0.0"/>
         <property name="hostAddress" value="192.168.100.189"/>
         <property name="sessionId" value="85b16bf4b98a84ed3db711d3046cdb65"/>
         <property name="seleniumVersion" value="3.141.59"/>
         <property name="proxyInformation" value="ProxyInformation { proxyOption=NO_PROXY, proxyServerType=HTTP, username=, password=********, proxyServerAddress=, proxyServerPort=0, executionList=&quot;&quot;, isApplyToDesiredCapabilities=true }"/>
         <property name="platform" value="Windows 10"/>
      </properties>
      <testcase name="Test Cases/Offline PSSI Dashboard Function/Create BE Account Management/Edit Account/Negative Test Case/PSSIEditAccountDuplicateEmail" time="31.43" classname="Test Cases/Offline PSSI Dashboard Function/Create BE Account Management/Edit Account/Negative Test Case/PSSIEditAccountDuplicateEmail" status="FAILED">
         <failure type="FAILED" message="Test Cases/Offline PSSI Dashboard Function/Create BE Account Management/Edit Account/Negative Test Case/PSSIEditAccountDuplicateEmail FAILED.&#xa;Reason:&#xa;com.kms.katalon.core.exception.StepFailedException: Unable to verify object 'Object Repository/Page_Create Account/Password Field' to be clickable&#xa;	at com.kms.katalon.core.webui.keyword.internal.WebUIKeywordMain.stepFailed(WebUIKeywordMain.groovy:64)&#xa;	at com.kms.katalon.core.webui.keyword.internal.WebUIKeywordMain.runKeyword(WebUIKeywordMain.groovy:26)&#xa;	at com.kms.katalon.core.webui.keyword.builtin.VerifyElementClickableKeyword.verifyElementClickable(VerifyElementClickableKeyword.groovy:96)&#xa;	at com.kms.katalon.core.webui.keyword.builtin.VerifyElementClickableKeyword.execute(VerifyElementClickableKeyword.groovy:67)&#xa;	at com.kms.katalon.core.keyword.internal.KeywordExecutor.executeKeywordForPlatform(KeywordExecutor.groovy:74)&#xa;	at com.kms.katalon.core.webui.keyword.WebUiBuiltInKeywords.verifyElementClickable(WebUiBuiltInKeywords.groovy:605)&#xa;	at PSSIEditAccountDuplicateEmail.run(PSSIEditAccountDuplicateEmail:37)&#xa;	at com.kms.katalon.core.main.ScriptEngine.run(ScriptEngine.java:194)&#xa;	at com.kms.katalon.core.main.ScriptEngine.runScriptAsRawText(ScriptEngine.java:119)&#xa;	at com.kms.katalon.core.main.TestCaseExecutor.runScript(TestCaseExecutor.java:448)&#xa;	at com.kms.katalon.core.main.TestCaseExecutor.doExecute(TestCaseExecutor.java:439)&#xa;	at com.kms.katalon.core.main.TestCaseExecutor.processExecutionPhase(TestCaseExecutor.java:418)&#xa;	at com.kms.katalon.core.main.TestCaseExecutor.accessMainPhase(TestCaseExecutor.java:410)&#xa;	at com.kms.katalon.core.main.TestCaseExecutor.execute(TestCaseExecutor.java:285)&#xa;	at com.kms.katalon.core.main.TestCaseExecutor.execute(TestCaseExecutor.java:369)&#xa;	at com.kms.katalon.core.main.TestCaseExecutor.execute(TestCaseExecutor.java:369)&#xa;	at com.kms.katalon.core.main.TestCaseExecutor.execute(TestCaseExecutor.java:369)&#xa;	at com.kms.katalon.core.common.CommonExecutor.accessTestCaseMainPhase(CommonExecutor.java:65)&#xa;	at com.kms.katalon.core.main.TestSuiteExecutor.accessTestSuiteMainPhase(TestSuiteExecutor.java:148)&#xa;	at com.kms.katalon.core.main.TestSuiteExecutor.execute(TestSuiteExecutor.java:106)&#xa;	at com.kms.katalon.core.main.TestCaseMain.startTestSuite(TestCaseMain.java:180)&#xa;	at TempTestSuite1705637915236.run(TempTestSuite1705637915236.groovy:36)&#xa;	at java.base/jdk.internal.reflect.NativeMethodAccessorImpl.invoke0(Native Method)&#xa;	at java.base/jdk.internal.reflect.NativeMethodAccessorImpl.invoke(NativeMethodAccessorImpl.java:77)&#xa;	at java.base/jdk.internal.reflect.DelegatingMethodAccessorImpl.invoke(DelegatingMethodAccessorImpl.java:43)&#xa;Caused by: com.kms.katalon.core.exception.StepFailedException: Web element with id: 'Object Repository/Page_Create Account/Password Field' located by 'id(&quot;password&quot;)[count(. | //input[@type = 'text' and @class = 'form-control ' and @id = 'password' and @name = 'password' and @placeholder = 'Password']) = count(//input[@type = 'text' and @class = 'form-control ' and @id = 'password' and @name = 'password' and @placeholder = 'Password'])]' not found&#xa;	at com.kms.katalon.core.webui.keyword.internal.WebUIKeywordMain.stepFailed(WebUIKeywordMain.groovy:64)&#xa;	at com.kms.katalon.core.webui.keyword.builtin.VerifyElementClickableKeyword$_verifyElementClickable_closure1.doCall(VerifyElementClickableKeyword.groovy:88)&#xa;	at com.kms.katalon.core.webui.keyword.builtin.VerifyElementClickableKeyword$_verifyElementClickable_closure1.call(VerifyElementClickableKeyword.groovy)&#xa;	at com.kms.katalon.core.webui.keyword.internal.WebUIKeywordMain.runKeyword(WebUIKeywordMain.groovy:20)&#xa;	... 23 more&#xa;"/>
         <system-out><![CDATA[19-01-2024T11:34:37 - [TEST_CASE][FAILED] - Test Cases/Offline PSSI Dashboard Function/Create BE Account Management/Edit Account/Negative Test Case/PSSIEditAccountDuplicateEmail: Test Cases/Offline PSSI Dashboard Function/Create BE Account Management/Edit Account/Negative Test Case/PSSIEditAccountDuplicateEmail FAILED.
Reason:
com.kms.katalon.core.exception.StepFailedException: Unable to verify object 'Object Repository/Page_Create Account/Password Field' to be clickable
	at com.kms.katalon.core.webui.keyword.internal.WebUIKeywordMain.stepFailed(WebUIKeywordMain.groovy:64)
	at com.kms.katalon.core.webui.keyword.internal.WebUIKeywordMain.runKeyword(WebUIKeywordMain.groovy:26)
	at com.kms.katalon.core.webui.keyword.builtin.VerifyElementClickableKeyword.verifyElementClickable(VerifyElementClickableKeyword.groovy:96)
	at com.kms.katalon.core.webui.keyword.builtin.VerifyElementClickableKeyword.execute(VerifyElementClickableKeyword.groovy:67)
	at com.kms.katalon.core.keyword.internal.KeywordExecutor.executeKeywordForPlatform(KeywordExecutor.groovy:74)
	at com.kms.katalon.core.webui.keyword.WebUiBuiltInKeywords.verifyElementClickable(WebUiBuiltInKeywords.groovy:605)
	at PSSIEditAccountDuplicateEmail.run(PSSIEditAccountDuplicateEmail:37)
	at com.kms.katalon.core.main.ScriptEngine.run(ScriptEngine.java:194)
	at com.kms.katalon.core.main.ScriptEngine.runScriptAsRawText(ScriptEngine.java:119)
	at com.kms.katalon.core.main.TestCaseExecutor.runScript(TestCaseExecutor.java:448)
	at com.kms.katalon.core.main.TestCaseExecutor.doExecute(TestCaseExecutor.java:439)
	at com.kms.katalon.core.main.TestCaseExecutor.processExecutionPhase(TestCaseExecutor.java:418)
	at com.kms.katalon.core.main.TestCaseExecutor.accessMainPhase(TestCaseExecutor.java:410)
	at com.kms.katalon.core.main.TestCaseExecutor.execute(TestCaseExecutor.java:285)
	at com.kms.katalon.core.main.TestCaseExecutor.execute(TestCaseExecutor.java:369)
	at com.kms.katalon.core.main.TestCaseExecutor.execute(TestCaseExecutor.java:369)
	at com.kms.katalon.core.main.TestCaseExecutor.execute(TestCaseExecutor.java:369)
	at com.kms.katalon.core.common.CommonExecutor.accessTestCaseMainPhase(CommonExecutor.java:65)
	at com.kms.katalon.core.main.TestSuiteExecutor.accessTestSuiteMainPhase(TestSuiteExecutor.java:148)
	at com.kms.katalon.core.main.TestSuiteExecutor.execute(TestSuiteExecutor.java:106)
	at com.kms.katalon.core.main.TestCaseMain.startTestSuite(TestCaseMain.java:180)
	at TempTestSuite1705637915236.run(TempTestSuite1705637915236.groovy:36)
	at java.base/jdk.internal.reflect.NativeMethodAccessorImpl.invoke0(Native Method)
	at java.base/jdk.internal.reflect.NativeMethodAccessorImpl.invoke(NativeMethodAccessorImpl.java:77)
	at java.base/jdk.internal.reflect.DelegatingMethodAccessorImpl.invoke(DelegatingMethodAccessorImpl.java:43)
Caused by: com.kms.katalon.core.exception.StepFailedException: Web element with id: 'Object Repository/Page_Create Account/Password Field' located by 'id("password")[count(. | //input[@type = 'text' and @class = 'form-control ' and @id = 'password' and @name = 'password' and @placeholder = 'Password']) = count(//input[@type = 'text' and @class = 'form-control ' and @id = 'password' and @name = 'password' and @placeholder = 'Password'])]' not found
	at com.kms.katalon.core.webui.keyword.internal.WebUIKeywordMain.stepFailed(WebUIKeywordMain.groovy:64)
	at com.kms.katalon.core.webui.keyword.builtin.VerifyElementClickableKeyword$_verifyElementClickable_closure1.doCall(VerifyElementClickableKeyword.groovy:88)
	at com.kms.katalon.core.webui.keyword.builtin.VerifyElementClickableKeyword$_verifyElementClickable_closure1.call(VerifyElementClickableKeyword.groovy)
	at com.kms.katalon.core.webui.keyword.internal.WebUIKeywordMain.runKeyword(WebUIKeywordMain.groovy:20)
	... 23 more


19-01-2024T11:34:38 - [TEST_STEP][PASSED] - failureHandling = STOP_ON_FAILURE: null

19-01-2024T11:34:38 - [TEST_STEP][PASSED] - baseUrl = offline_pssi_dashboard_url: null

19-01-2024T11:34:38 - [TEST_STEP][PASSED] - callTestCase(findTestCase("Offline PSSI Dashboard Function/Create BE Account Management/View Account Management/PSSIViewAccountManagement"), [:], failureHandling): Call Test Case 'Test Cases/Offline PSSI Dashboard Function/Create BE Account Management/View Account Management/PSSIViewAccountManagement' successfully

19-01-2024T11:34:38 - [TEST_CASE][PASSED] - Test Cases/Offline PSSI Dashboard Function/Create BE Account Management/View Account Management/PSSIViewAccountManagement: Test Cases/Offline PSSI Dashboard Function/Create BE Account Management/View Account Management/PSSIViewAccountManagement

19-01-2024T11:34:38 - [TEST_STEP][PASSED] - failureHandling = STOP_ON_FAILURE: null

19-01-2024T11:34:38 - [TEST_STEP][PASSED] - baseUrl = offline_pssi_dashboard_url: null

19-01-2024T11:34:38 - [TEST_STEP][PASSED] - callTestCase(findTestCase("Offline PSSI Dashboard Function/Sign In/PSSISignInValidData"), [:], failureHandling): Call Test Case 'Test Cases/Offline PSSI Dashboard Function/Sign In/PSSISignInValidData' successfully

19-01-2024T11:34:38 - [TEST_CASE][PASSED] - Test Cases/Offline PSSI Dashboard Function/Sign In/PSSISignInValidData: Test Cases/Offline PSSI Dashboard Function/Sign In/PSSISignInValidData

19-01-2024T11:34:38 - [TEST_STEP][PASSED] - failureHandling = STOP_ON_FAILURE: null

19-01-2024T11:34:38 - [TEST_STEP][PASSED] - baseUrl = offline_pssi_dashboard_url: null

19-01-2024T11:34:38 - [TEST_STEP][PASSED] - openBrowser(""): Browser is opened with url: ''

19-01-2024T11:34:38 - [MESSAGE][WARNING] - A browser is already opened. Closing browser and opening a new one

19-01-2024T11:34:38 - [MESSAGE][INFO] - Starting 'Chrome' driver

19-01-2024T11:34:38 - [MESSAGE][INFO] - User set preference: ['unhandledPromptBehaviour', 'ignore']

19-01-2024T11:34:38 - [MESSAGE][INFO] - User set preference: ['unexpectedAlertBehaviour', 'ignore']

19-01-2024T11:34:38 - [MESSAGE][INFO] - Action delay is set to 0 milliseconds

19-01-2024T11:34:39 - [MESSAGE][PASSED] - Browser is opened with url: ''

19-01-2024T11:34:39 - [TEST_STEP][PASSED] - navigateToUrl(baseUrl): Navigate to 'https://monitoring.pssi-dev.kecilin.id' successfully

19-01-2024T11:34:40 - [MESSAGE][PASSED] - Navigate to 'https://monitoring.pssi-dev.kecilin.id' successfully

19-01-2024T11:34:40 - [TEST_STEP][PASSED] - maximizeWindow(): Current window maximized

19-01-2024T11:34:40 - [MESSAGE][PASSED] - Current window maximized

19-01-2024T11:34:40 - [TEST_STEP][PASSED] - setText(findTestObject("Object Repository/Page_Login/input_email"), "superadmin@app.com"): Text 'superadmin@app.com' is set on object 'Object Repository/Page_Login/input_email'

19-01-2024T11:34:41 - [MESSAGE][PASSED] - Text 'superadmin@app.com' is set on object 'Object Repository/Page_Login/input_email'

19-01-2024T11:34:41 - [TEST_STEP][PASSED] - setEncryptedText(findTestObject("Object Repository/Page_Login/input_password"), "8SQVv/p9jVScEs4/2CZsLw=="): Text ****** has been set on object 'Object Repository/Page_Login/input_password'

19-01-2024T11:34:41 - [MESSAGE][PASSED] - Text ****** has been set on object 'Object Repository/Page_Login/input_password'

19-01-2024T11:34:41 - [TEST_STEP][PASSED] - click(findTestObject("Object Repository/Page_Login/button_Sign In")): Object: 'Object Repository/Page_Login/button_Sign In' is clicked on

19-01-2024T11:34:43 - [MESSAGE][PASSED] - Object: 'Object Repository/Page_Login/button_Sign In' is clicked on

19-01-2024T11:34:43 - [MESSAGE][PASSED] - Call Test Case 'Test Cases/Offline PSSI Dashboard Function/Sign In/PSSISignInValidData' successfully

19-01-2024T11:34:43 - [TEST_STEP][PASSED] - scrollToElement(findTestObject("Page_Dashboard/Account Management Sidebar"), 0): Scroll to object 'Object Repository/Page_Dashboard/Account Management Sidebar' successfully

19-01-2024T11:34:43 - [MESSAGE][WARNING] - Timeout '0' is invalid. Using default page load timeout: '1'

19-01-2024T11:34:46 - [MESSAGE][INFO] - Unable to find the element located by 'By.xpath: id("sidenav-collapse-main")/ul[@class="navbar-nav"]/li[@class="nav-item"]/a[@class="nav-link"][count(. | //a[@class = 'nav-link  ' and @href = '/accounts' and (text() = '
            
              
                
              
            
            Account Management
          ' or . = '
            
              
                
              
            
            Account Management
          ')]) = count(//a[@class = 'nav-link  ' and @href = '/accounts' and (text() = '
            
              
                
              
            
            Account Management
          ' or . = '
            
              
                
              
            
            Account Management
          ')])]'. Please recheck the objects properties to make sure the desired element is located. 

19-01-2024T11:34:46 - [MESSAGE][WARNING] - [SELF-HEALING] Failed to find element with id 'Object Repository/Page_Dashboard/Account Management Sidebar'. Try using Self-healing.

19-01-2024T11:34:46 - [MESSAGE][WARNING] - [SELF-HEALING] The current locator of test object 'Object Repository/Page_Dashboard/Account Management Sidebar' was broken. Propose an alternative one: '//div[@id='sidenav-collapse-main']/ul/li[12]/a'.

19-01-2024T11:34:46 - [MESSAGE][PASSED] - Scroll to object 'Object Repository/Page_Dashboard/Account Management Sidebar' successfully

19-01-2024T11:34:46 - [TEST_STEP][PASSED] - navigateToUrl(baseUrl + "/accounts", failureHandling): Navigate to 'https://monitoring.pssi-dev.kecilin.id/accounts' successfully

19-01-2024T11:34:46 - [MESSAGE][PASSED] - Navigate to 'https://monitoring.pssi-dev.kecilin.id/accounts' successfully

19-01-2024T11:34:46 - [MESSAGE][INFO] - 

19-01-2024T11:34:46 - [MESSAGE][INFO] - ===================== Self-healing Report ====================

19-01-2024T11:34:46 - [MESSAGE][INFO] - One of the failed test object locators has been recovered by Self-healing. Please refer to the Self-healing Insights tab for more details.

19-01-2024T11:34:46 - [MESSAGE][INFO] - To learn more about Self-healing, please read https://docs.katalon.com/katalon-studio/docs/self-healing.html

19-01-2024T11:34:46 - [MESSAGE][INFO] - ==============================================================

19-01-2024T11:34:46 - [MESSAGE][PASSED] - Call Test Case 'Test Cases/Offline PSSI Dashboard Function/Create BE Account Management/View Account Management/PSSIViewAccountManagement' successfully

19-01-2024T11:34:46 - [TEST_STEP][PASSED] - navigateToUrl(baseUrl + "/accounts/edit/652c095d63d9d69bc80121ca", failureHandling): Navigate to 'https://monitoring.pssi-dev.kecilin.id/accounts/edit/652c095d63d9d69bc80121ca' successfully

19-01-2024T11:34:47 - [MESSAGE][PASSED] - Navigate to 'https://monitoring.pssi-dev.kecilin.id/accounts/edit/652c095d63d9d69bc80121ca' successfully

19-01-2024T11:34:47 - [TEST_STEP][PASSED] - verifyElementClickable(findTestObject("Page_Create Account/Name Field")): Object 'Object Repository/Page_Create Account/Name Field' is clickable

19-01-2024T11:34:49 - [MESSAGE][INFO] - Unable to find the element located by 'By.xpath: id("name")[count(. | //input[@type = 'text' and @class = 'form-control ' and @id = 'name' and @name = 'name' and @placeholder = 'Nama']) = count(//input[@type = 'text' and @class = 'form-control ' and @id = 'name' and @name = 'name' and @placeholder = 'Nama'])]'. Please recheck the objects properties to make sure the desired element is located. 

19-01-2024T11:34:49 - [MESSAGE][WARNING] - [SELF-HEALING] Failed to find element with id 'Object Repository/Page_Create Account/Name Field'. Try using Self-healing.

19-01-2024T11:34:50 - [MESSAGE][WARNING] - [SELF-HEALING] The current locator of test object 'Object Repository/Page_Create Account/Name Field' was broken. Propose an alternative one: '//input[@id='name']'.

19-01-2024T11:34:50 - [MESSAGE][PASSED] - Object 'Object Repository/Page_Create Account/Name Field' is clickable

19-01-2024T11:34:50 - [TEST_STEP][PASSED] - setText(findTestObject("Page_Create Account/Name Field"), "eheheheheheh"): Text 'eheheheheheh' is set on object 'Object Repository/Page_Create Account/Name Field'

19-01-2024T11:34:52 - [MESSAGE][INFO] - Unable to find the element located by 'By.xpath: id("name")[count(. | //input[@type = 'text' and @class = 'form-control ' and @id = 'name' and @name = 'name' and @placeholder = 'Nama']) = count(//input[@type = 'text' and @class = 'form-control ' and @id = 'name' and @name = 'name' and @placeholder = 'Nama'])]'. Please recheck the objects properties to make sure the desired element is located. 

19-01-2024T11:34:52 - [MESSAGE][WARNING] - [SELF-HEALING] Failed to find element with id 'Object Repository/Page_Create Account/Name Field'. Try using Self-healing.

19-01-2024T11:34:52 - [MESSAGE][WARNING] - [SELF-HEALING] The current locator of test object 'Object Repository/Page_Create Account/Name Field' was broken. Propose an alternative one: '//input[@id='name']'.

19-01-2024T11:34:54 - [MESSAGE][INFO] - Unable to find the element located by 'By.xpath: id("name")[count(. | //input[@type = 'text' and @class = 'form-control ' and @id = 'name' and @name = 'name' and @placeholder = 'Nama']) = count(//input[@type = 'text' and @class = 'form-control ' and @id = 'name' and @name = 'name' and @placeholder = 'Nama'])]'. Please recheck the objects properties to make sure the desired element is located. 

19-01-2024T11:34:54 - [MESSAGE][WARNING] - [SELF-HEALING] Failed to find element with id 'Object Repository/Page_Create Account/Name Field'. Try using Self-healing.

19-01-2024T11:34:55 - [MESSAGE][WARNING] - [SELF-HEALING] The current locator of test object 'Object Repository/Page_Create Account/Name Field' was broken. Propose an alternative one: '//input[@id='name']'.

19-01-2024T11:34:55 - [MESSAGE][PASSED] - Text 'eheheheheheh' is set on object 'Object Repository/Page_Create Account/Name Field'

19-01-2024T11:34:55 - [TEST_STEP][PASSED] - verifyElementClickable(findTestObject("Page_Create Account/Email Field")): Object 'Object Repository/Page_Create Account/Email Field' is clickable

19-01-2024T11:34:57 - [MESSAGE][INFO] - Unable to find the element located by 'By.xpath: id("email")[count(. | //input[@type = 'email' and @class = 'form-control ' and @id = 'email' and @name = 'email' and @placeholder = 'Email']) = count(//input[@type = 'email' and @class = 'form-control ' and @id = 'email' and @name = 'email' and @placeholder = 'Email'])]'. Please recheck the objects properties to make sure the desired element is located. 

19-01-2024T11:34:57 - [MESSAGE][WARNING] - [SELF-HEALING] Failed to find element with id 'Object Repository/Page_Create Account/Email Field'. Try using Self-healing.

19-01-2024T11:34:57 - [MESSAGE][WARNING] - [SELF-HEALING] The current locator of test object 'Object Repository/Page_Create Account/Email Field' was broken. Propose an alternative one: '//input[@id='email']'.

19-01-2024T11:34:57 - [MESSAGE][PASSED] - Object 'Object Repository/Page_Create Account/Email Field' is clickable

19-01-2024T11:34:57 - [TEST_STEP][PASSED] - setText(findTestObject("Page_Create Account/Email Field"), "superadmin@app.com"): Text 'superadmin@app.com' is set on object 'Object Repository/Page_Create Account/Email Field'

19-01-2024T11:34:59 - [MESSAGE][INFO] - Unable to find the element located by 'By.xpath: id("email")[count(. | //input[@type = 'email' and @class = 'form-control ' and @id = 'email' and @name = 'email' and @placeholder = 'Email']) = count(//input[@type = 'email' and @class = 'form-control ' and @id = 'email' and @name = 'email' and @placeholder = 'Email'])]'. Please recheck the objects properties to make sure the desired element is located. 

19-01-2024T11:34:59 - [MESSAGE][WARNING] - [SELF-HEALING] Failed to find element with id 'Object Repository/Page_Create Account/Email Field'. Try using Self-healing.

19-01-2024T11:35:00 - [MESSAGE][WARNING] - [SELF-HEALING] The current locator of test object 'Object Repository/Page_Create Account/Email Field' was broken. Propose an alternative one: '//input[@id='email']'.

19-01-2024T11:35:02 - [MESSAGE][INFO] - Unable to find the element located by 'By.xpath: id("email")[count(. | //input[@type = 'email' and @class = 'form-control ' and @id = 'email' and @name = 'email' and @placeholder = 'Email']) = count(//input[@type = 'email' and @class = 'form-control ' and @id = 'email' and @name = 'email' and @placeholder = 'Email'])]'. Please recheck the objects properties to make sure the desired element is located. 

19-01-2024T11:35:02 - [MESSAGE][WARNING] - [SELF-HEALING] Failed to find element with id 'Object Repository/Page_Create Account/Email Field'. Try using Self-healing.

19-01-2024T11:35:02 - [MESSAGE][WARNING] - [SELF-HEALING] The current locator of test object 'Object Repository/Page_Create Account/Email Field' was broken. Propose an alternative one: '//input[@id='email']'.

19-01-2024T11:35:02 - [MESSAGE][PASSED] - Text 'superadmin@app.com' is set on object 'Object Repository/Page_Create Account/Email Field'

19-01-2024T11:35:02 - [TEST_STEP][FAILED] - verifyElementClickable(findTestObject("Page_Create Account/Password Field")): Unable to verify object 'Object Repository/Page_Create Account/Password Field' to be clickable (Root cause: com.kms.katalon.core.exception.StepFailedException: Unable to verify object 'Object Repository/Page_Create Account/Password Field' to be clickable
	at com.kms.katalon.core.webui.keyword.internal.WebUIKeywordMain.stepFailed(WebUIKeywordMain.groovy:64)
	at com.kms.katalon.core.webui.keyword.internal.WebUIKeywordMain.runKeyword(WebUIKeywordMain.groovy:26)
	at com.kms.katalon.core.webui.keyword.builtin.VerifyElementClickableKeyword.verifyElementClickable(VerifyElementClickableKeyword.groovy:96)
	at com.kms.katalon.core.webui.keyword.builtin.VerifyElementClickableKeyword.execute(VerifyElementClickableKeyword.groovy:67)
	at com.kms.katalon.core.keyword.internal.KeywordExecutor.executeKeywordForPlatform(KeywordExecutor.groovy:74)
	at com.kms.katalon.core.webui.keyword.WebUiBuiltInKeywords.verifyElementClickable(WebUiBuiltInKeywords.groovy:605)
	at PSSIEditAccountDuplicateEmail.run(PSSIEditAccountDuplicateEmail:37)
	at com.kms.katalon.core.main.ScriptEngine.run(ScriptEngine.java:194)
	at com.kms.katalon.core.main.ScriptEngine.runScriptAsRawText(ScriptEngine.java:119)
	at com.kms.katalon.core.main.TestCaseExecutor.runScript(TestCaseExecutor.java:448)
	at com.kms.katalon.core.main.TestCaseExecutor.doExecute(TestCaseExecutor.java:439)
	at com.kms.katalon.core.main.TestCaseExecutor.processExecutionPhase(TestCaseExecutor.java:418)
	at com.kms.katalon.core.main.TestCaseExecutor.accessMainPhase(TestCaseExecutor.java:410)
	at com.kms.katalon.core.main.TestCaseExecutor.execute(TestCaseExecutor.java:285)
	at com.kms.katalon.core.main.TestCaseExecutor.execute(TestCaseExecutor.java:369)
	at com.kms.katalon.core.main.TestCaseExecutor.execute(TestCaseExecutor.java:369)
	at com.kms.katalon.core.main.TestCaseExecutor.execute(TestCaseExecutor.java:369)
	at com.kms.katalon.core.common.CommonExecutor.accessTestCaseMainPhase(CommonExecutor.java:65)
	at com.kms.katalon.core.main.TestSuiteExecutor.accessTestSuiteMainPhase(TestSuiteExecutor.java:148)
	at com.kms.katalon.core.main.TestSuiteExecutor.execute(TestSuiteExecutor.java:106)
	at com.kms.katalon.core.main.TestCaseMain.startTestSuite(TestCaseMain.java:180)
	at TempTestSuite1705637915236.run(TempTestSuite1705637915236.groovy:36)
	at java.base/jdk.internal.reflect.NativeMethodAccessorImpl.invoke0(Native Method)
	at java.base/jdk.internal.reflect.NativeMethodAccessorImpl.invoke(NativeMethodAccessorImpl.java:77)
	at java.base/jdk.internal.reflect.DelegatingMethodAccessorImpl.invoke(DelegatingMethodAccessorImpl.java:43)
Caused by: com.kms.katalon.core.exception.StepFailedException: Web element with id: 'Object Repository/Page_Create Account/Password Field' located by 'id("password")[count(. | //input[@type = 'text' and @class = 'form-control ' and @id = 'password' and @name = 'password' and @placeholder = 'Password']) = count(//input[@type = 'text' and @class = 'form-control ' and @id = 'password' and @name = 'password' and @placeholder = 'Password'])]' not found
	at com.kms.katalon.core.webui.keyword.internal.WebUIKeywordMain.stepFailed(WebUIKeywordMain.groovy:64)
	at com.kms.katalon.core.webui.keyword.builtin.VerifyElementClickableKeyword$_verifyElementClickable_closure1.doCall(VerifyElementClickableKeyword.groovy:88)
	at com.kms.katalon.core.webui.keyword.builtin.VerifyElementClickableKeyword$_verifyElementClickable_closure1.call(VerifyElementClickableKeyword.groovy)
	at com.kms.katalon.core.webui.keyword.internal.WebUIKeywordMain.runKeyword(WebUIKeywordMain.groovy:20)
	... 23 more
)

19-01-2024T11:35:04 - [MESSAGE][INFO] - Unable to find the element located by 'By.xpath: id("password")[count(. | //input[@type = 'text' and @class = 'form-control ' and @id = 'password' and @name = 'password' and @placeholder = 'Password']) = count(//input[@type = 'text' and @class = 'form-control ' and @id = 'password' and @name = 'password' and @placeholder = 'Password'])]'. Please recheck the objects properties to make sure the desired element is located. 

19-01-2024T11:35:04 - [MESSAGE][WARNING] - [SELF-HEALING] Failed to find element with id 'Object Repository/Page_Create Account/Password Field'. Try using Self-healing.

19-01-2024T11:35:06 - [MESSAGE][INFO] - Unable to find the element located by 'By.xpath: //input[@id='password']'. Please recheck the objects properties to make sure the desired element is located. 

19-01-2024T11:35:06 - [MESSAGE][INFO] - [SELF-HEALING] Failed Locator: '//input[@id='password']'.

19-01-2024T11:35:06 - [MESSAGE][INFO] - [SELF-HEALING] Failed Locator: '//div[3]/input'.

19-01-2024T11:35:07 - [MESSAGE][INFO] - [SELF-HEALING] Failed Locator: '//input[@type = 'text' and @id = 'password' and @name = 'password' and @placeholder = 'Password']'.

19-01-2024T11:35:07 - [MESSAGE][INFO] - [SELF-HEALING] Failed Locator: '//input[@id='password']'.

19-01-2024T11:35:07 - [MESSAGE][INFO] - [SELF-HEALING] Failed Locator: '//div[3]/input'.

19-01-2024T11:35:07 - [MESSAGE][INFO] - [SELF-HEALING] Failed Locator: '//input[@type = 'text' and @id = 'password' and @name = 'password' and @placeholder = 'Password']'.

19-01-2024T11:35:09 - [MESSAGE][INFO] - Unable to find the element located by 'By.cssSelector: #password'. Please recheck the objects properties to make sure the desired element is located. 

19-01-2024T11:35:09 - [MESSAGE][FAILED] - Web element with id: 'Object Repository/Page_Create Account/Password Field' located by 'id("password")[count(. | //input[@type = 'text' and @class = 'form-control ' and @id = 'password' and @name = 'password' and @placeholder = 'Password']) = count(//input[@type = 'text' and @class = 'form-control ' and @id = 'password' and @name = 'password' and @placeholder = 'Password'])]' not found (Root cause: com.kms.katalon.core.exception.StepFailedException: Web element with id: 'Object Repository/Page_Create Account/Password Field' located by 'id("password")[count(. | //input[@type = 'text' and @class = 'form-control ' and @id = 'password' and @name = 'password' and @placeholder = 'Password']) = count(//input[@type = 'text' and @class = 'form-control ' and @id = 'password' and @name = 'password' and @placeholder = 'Password'])]' not found
	at com.kms.katalon.core.webui.keyword.internal.WebUIKeywordMain.stepFailed(WebUIKeywordMain.groovy:64)
	at com.kms.katalon.core.webui.keyword.builtin.VerifyElementClickableKeyword$_verifyElementClickable_closure1.doCall(VerifyElementClickableKeyword.groovy:88)
	at com.kms.katalon.core.webui.keyword.builtin.VerifyElementClickableKeyword$_verifyElementClickable_closure1.call(VerifyElementClickableKeyword.groovy)
	at com.kms.katalon.core.webui.keyword.internal.WebUIKeywordMain.runKeyword(WebUIKeywordMain.groovy:20)
	at com.kms.katalon.core.webui.keyword.builtin.VerifyElementClickableKeyword.verifyElementClickable(VerifyElementClickableKeyword.groovy:96)
	at com.kms.katalon.core.webui.keyword.builtin.VerifyElementClickableKeyword.execute(VerifyElementClickableKeyword.groovy:67)
	at com.kms.katalon.core.keyword.internal.KeywordExecutor.executeKeywordForPlatform(KeywordExecutor.groovy:74)
	at com.kms.katalon.core.webui.keyword.WebUiBuiltInKeywords.verifyElementClickable(WebUiBuiltInKeywords.groovy:605)
	at PSSIEditAccountDuplicateEmail.run(PSSIEditAccountDuplicateEmail:37)
	at com.kms.katalon.core.main.ScriptEngine.run(ScriptEngine.java:194)
	at com.kms.katalon.core.main.ScriptEngine.runScriptAsRawText(ScriptEngine.java:119)
	at com.kms.katalon.core.main.TestCaseExecutor.runScript(TestCaseExecutor.java:448)
	at com.kms.katalon.core.main.TestCaseExecutor.doExecute(TestCaseExecutor.java:439)
	at com.kms.katalon.core.main.TestCaseExecutor.processExecutionPhase(TestCaseExecutor.java:418)
	at com.kms.katalon.core.main.TestCaseExecutor.accessMainPhase(TestCaseExecutor.java:410)
	at com.kms.katalon.core.main.TestCaseExecutor.execute(TestCaseExecutor.java:285)
	at com.kms.katalon.core.main.TestCaseExecutor.execute(TestCaseExecutor.java:369)
	at com.kms.katalon.core.main.TestCaseExecutor.execute(TestCaseExecutor.java:369)
	at com.kms.katalon.core.main.TestCaseExecutor.execute(TestCaseExecutor.java:369)
	at com.kms.katalon.core.common.CommonExecutor.accessTestCaseMainPhase(CommonExecutor.java:65)
	at com.kms.katalon.core.main.TestSuiteExecutor.accessTestSuiteMainPhase(TestSuiteExecutor.java:148)
	at com.kms.katalon.core.main.TestSuiteExecutor.execute(TestSuiteExecutor.java:106)
	at com.kms.katalon.core.main.TestCaseMain.startTestSuite(TestCaseMain.java:180)
	at TempTestSuite1705637915236.run(TempTestSuite1705637915236.groovy:36)
	at java.base/jdk.internal.reflect.NativeMethodAccessorImpl.invoke0(Native Method)
	at java.base/jdk.internal.reflect.NativeMethodAccessorImpl.invoke(NativeMethodAccessorImpl.java:77)
	at java.base/jdk.internal.reflect.DelegatingMethodAccessorImpl.invoke(DelegatingMethodAccessorImpl.java:43)
)
[[ATTACHMENT|C:\\Users\\USER\\git\\Kecilin-Automation-Test\\Reports\\20240119_111826\\Create BE Account Management\\Edit Account Test Suite\\20240119_111835\\1705638909014.png]]

19-01-2024T11:35:09 - [MESSAGE][FAILED] - Unable to verify object 'Object Repository/Page_Create Account/Password Field' to be clickable (Root cause: com.kms.katalon.core.exception.StepFailedException: Unable to verify object 'Object Repository/Page_Create Account/Password Field' to be clickable
	at com.kms.katalon.core.webui.keyword.internal.WebUIKeywordMain.stepFailed(WebUIKeywordMain.groovy:64)
	at com.kms.katalon.core.webui.keyword.internal.WebUIKeywordMain.runKeyword(WebUIKeywordMain.groovy:26)
	at com.kms.katalon.core.webui.keyword.builtin.VerifyElementClickableKeyword.verifyElementClickable(VerifyElementClickableKeyword.groovy:96)
	at com.kms.katalon.core.webui.keyword.builtin.VerifyElementClickableKeyword.execute(VerifyElementClickableKeyword.groovy:67)
	at com.kms.katalon.core.keyword.internal.KeywordExecutor.executeKeywordForPlatform(KeywordExecutor.groovy:74)
	at com.kms.katalon.core.webui.keyword.WebUiBuiltInKeywords.verifyElementClickable(WebUiBuiltInKeywords.groovy:605)
	at PSSIEditAccountDuplicateEmail.run(PSSIEditAccountDuplicateEmail:37)
	at com.kms.katalon.core.main.ScriptEngine.run(ScriptEngine.java:194)
	at com.kms.katalon.core.main.ScriptEngine.runScriptAsRawText(ScriptEngine.java:119)
	at com.kms.katalon.core.main.TestCaseExecutor.runScript(TestCaseExecutor.java:448)
	at com.kms.katalon.core.main.TestCaseExecutor.doExecute(TestCaseExecutor.java:439)
	at com.kms.katalon.core.main.TestCaseExecutor.processExecutionPhase(TestCaseExecutor.java:418)
	at com.kms.katalon.core.main.TestCaseExecutor.accessMainPhase(TestCaseExecutor.java:410)
	at com.kms.katalon.core.main.TestCaseExecutor.execute(TestCaseExecutor.java:285)
	at com.kms.katalon.core.main.TestCaseExecutor.execute(TestCaseExecutor.java:369)
	at com.kms.katalon.core.main.TestCaseExecutor.execute(TestCaseExecutor.java:369)
	at com.kms.katalon.core.main.TestCaseExecutor.execute(TestCaseExecutor.java:369)
	at com.kms.katalon.core.common.CommonExecutor.accessTestCaseMainPhase(CommonExecutor.java:65)
	at com.kms.katalon.core.main.TestSuiteExecutor.accessTestSuiteMainPhase(TestSuiteExecutor.java:148)
	at com.kms.katalon.core.main.TestSuiteExecutor.execute(TestSuiteExecutor.java:106)
	at com.kms.katalon.core.main.TestCaseMain.startTestSuite(TestCaseMain.java:180)
	at TempTestSuite1705637915236.run(TempTestSuite1705637915236.groovy:36)
	at java.base/jdk.internal.reflect.NativeMethodAccessorImpl.invoke0(Native Method)
	at java.base/jdk.internal.reflect.NativeMethodAccessorImpl.invoke(NativeMethodAccessorImpl.java:77)
	at java.base/jdk.internal.reflect.DelegatingMethodAccessorImpl.invoke(DelegatingMethodAccessorImpl.java:43)
Caused by: com.kms.katalon.core.exception.StepFailedException: Web element with id: 'Object Repository/Page_Create Account/Password Field' located by 'id("password")[count(. | //input[@type = 'text' and @class = 'form-control ' and @id = 'password' and @name = 'password' and @placeholder = 'Password']) = count(//input[@type = 'text' and @class = 'form-control ' and @id = 'password' and @name = 'password' and @placeholder = 'Password'])]' not found
	at com.kms.katalon.core.webui.keyword.internal.WebUIKeywordMain.stepFailed(WebUIKeywordMain.groovy:64)
	at com.kms.katalon.core.webui.keyword.builtin.VerifyElementClickableKeyword$_verifyElementClickable_closure1.doCall(VerifyElementClickableKeyword.groovy:88)
	at com.kms.katalon.core.webui.keyword.builtin.VerifyElementClickableKeyword$_verifyElementClickable_closure1.call(VerifyElementClickableKeyword.groovy)
	at com.kms.katalon.core.webui.keyword.internal.WebUIKeywordMain.runKeyword(WebUIKeywordMain.groovy:20)
	... 23 more
)
[[ATTACHMENT|C:\\Users\\USER\\git\\Kecilin-Automation-Test\\Reports\\20240119_111826\\Create BE Account Management\\Edit Account Test Suite\\20240119_111835\\1705638909203.png]]]]></system-out>
         <system-err><![CDATA[19-01-2024T11:34:37 - [TEST_CASE][FAILED] - Test Cases/Offline PSSI Dashboard Function/Create BE Account Management/Edit Account/Negative Test Case/PSSIEditAccountDuplicateEmail: Test Cases/Offline PSSI Dashboard Function/Create BE Account Management/Edit Account/Negative Test Case/PSSIEditAccountDuplicateEmail FAILED.
Reason:
com.kms.katalon.core.exception.StepFailedException: Unable to verify object 'Object Repository/Page_Create Account/Password Field' to be clickable
	at com.kms.katalon.core.webui.keyword.internal.WebUIKeywordMain.stepFailed(WebUIKeywordMain.groovy:64)
	at com.kms.katalon.core.webui.keyword.internal.WebUIKeywordMain.runKeyword(WebUIKeywordMain.groovy:26)
	at com.kms.katalon.core.webui.keyword.builtin.VerifyElementClickableKeyword.verifyElementClickable(VerifyElementClickableKeyword.groovy:96)
	at com.kms.katalon.core.webui.keyword.builtin.VerifyElementClickableKeyword.execute(VerifyElementClickableKeyword.groovy:67)
	at com.kms.katalon.core.keyword.internal.KeywordExecutor.executeKeywordForPlatform(KeywordExecutor.groovy:74)
	at com.kms.katalon.core.webui.keyword.WebUiBuiltInKeywords.verifyElementClickable(WebUiBuiltInKeywords.groovy:605)
	at PSSIEditAccountDuplicateEmail.run(PSSIEditAccountDuplicateEmail:37)
	at com.kms.katalon.core.main.ScriptEngine.run(ScriptEngine.java:194)
	at com.kms.katalon.core.main.ScriptEngine.runScriptAsRawText(ScriptEngine.java:119)
	at com.kms.katalon.core.main.TestCaseExecutor.runScript(TestCaseExecutor.java:448)
	at com.kms.katalon.core.main.TestCaseExecutor.doExecute(TestCaseExecutor.java:439)
	at com.kms.katalon.core.main.TestCaseExecutor.processExecutionPhase(TestCaseExecutor.java:418)
	at com.kms.katalon.core.main.TestCaseExecutor.accessMainPhase(TestCaseExecutor.java:410)
	at com.kms.katalon.core.main.TestCaseExecutor.execute(TestCaseExecutor.java:285)
	at com.kms.katalon.core.main.TestCaseExecutor.execute(TestCaseExecutor.java:369)
	at com.kms.katalon.core.main.TestCaseExecutor.execute(TestCaseExecutor.java:369)
	at com.kms.katalon.core.main.TestCaseExecutor.execute(TestCaseExecutor.java:369)
	at com.kms.katalon.core.common.CommonExecutor.accessTestCaseMainPhase(CommonExecutor.java:65)
	at com.kms.katalon.core.main.TestSuiteExecutor.accessTestSuiteMainPhase(TestSuiteExecutor.java:148)
	at com.kms.katalon.core.main.TestSuiteExecutor.execute(TestSuiteExecutor.java:106)
	at com.kms.katalon.core.main.TestCaseMain.startTestSuite(TestCaseMain.java:180)
	at TempTestSuite1705637915236.run(TempTestSuite1705637915236.groovy:36)
	at java.base/jdk.internal.reflect.NativeMethodAccessorImpl.invoke0(Native Method)
	at java.base/jdk.internal.reflect.NativeMethodAccessorImpl.invoke(NativeMethodAccessorImpl.java:77)
	at java.base/jdk.internal.reflect.DelegatingMethodAccessorImpl.invoke(DelegatingMethodAccessorImpl.java:43)
Caused by: com.kms.katalon.core.exception.StepFailedException: Web element with id: 'Object Repository/Page_Create Account/Password Field' located by 'id("password")[count(. | //input[@type = 'text' and @class = 'form-control ' and @id = 'password' and @name = 'password' and @placeholder = 'Password']) = count(//input[@type = 'text' and @class = 'form-control ' and @id = 'password' and @name = 'password' and @placeholder = 'Password'])]' not found
	at com.kms.katalon.core.webui.keyword.internal.WebUIKeywordMain.stepFailed(WebUIKeywordMain.groovy:64)
	at com.kms.katalon.core.webui.keyword.builtin.VerifyElementClickableKeyword$_verifyElementClickable_closure1.doCall(VerifyElementClickableKeyword.groovy:88)
	at com.kms.katalon.core.webui.keyword.builtin.VerifyElementClickableKeyword$_verifyElementClickable_closure1.call(VerifyElementClickableKeyword.groovy)
	at com.kms.katalon.core.webui.keyword.internal.WebUIKeywordMain.runKeyword(WebUIKeywordMain.groovy:20)
	... 23 more]]></system-err>
      </testcase>
      <testcase name="Test Cases/Offline PSSI Dashboard Function/Create BE Account Management/Edit Account/Negative Test Case/PSSIEditAccountEmptyMandatoryField" time="18.408" classname="Test Cases/Offline PSSI Dashboard Function/Create BE Account Management/Edit Account/Negative Test Case/PSSIEditAccountEmptyMandatoryField" status="FAILED">
         <failure type="FAILED" message="Test Cases/Offline PSSI Dashboard Function/Create BE Account Management/Edit Account/Negative Test Case/PSSIEditAccountEmptyMandatoryField FAILED.&#xa;Reason:&#xa;com.kms.katalon.core.exception.StepFailedException: Unable to verify text 'Create Account' is present &#xa;	at com.kms.katalon.core.webui.keyword.internal.WebUIKeywordMain.stepFailed(WebUIKeywordMain.groovy:64)&#xa;	at com.kms.katalon.core.webui.keyword.internal.WebUIKeywordMain.runKeyword(WebUIKeywordMain.groovy:26)&#xa;	at com.kms.katalon.core.webui.keyword.builtin.VerifyTextPresentKeyword.verifyTextPresent(VerifyTextPresentKeyword.groovy:83)&#xa;	at com.kms.katalon.core.webui.keyword.builtin.VerifyTextPresentKeyword.execute(VerifyTextPresentKeyword.groovy:68)&#xa;	at com.kms.katalon.core.keyword.internal.KeywordExecutor.executeKeywordForPlatform(KeywordExecutor.groovy:74)&#xa;	at com.kms.katalon.core.webui.keyword.WebUiBuiltInKeywords.verifyTextPresent(WebUiBuiltInKeywords.groovy:1762)&#xa;	at PSSIEditAccountEmptyMandatoryField.run(PSSIEditAccountEmptyMandatoryField:42)&#xa;	at com.kms.katalon.core.main.ScriptEngine.run(ScriptEngine.java:194)&#xa;	at com.kms.katalon.core.main.ScriptEngine.runScriptAsRawText(ScriptEngine.java:119)&#xa;	at com.kms.katalon.core.main.TestCaseExecutor.runScript(TestCaseExecutor.java:448)&#xa;	at com.kms.katalon.core.main.TestCaseExecutor.doExecute(TestCaseExecutor.java:439)&#xa;	at com.kms.katalon.core.main.TestCaseExecutor.processExecutionPhase(TestCaseExecutor.java:418)&#xa;	at com.kms.katalon.core.main.TestCaseExecutor.accessMainPhase(TestCaseExecutor.java:410)&#xa;	at com.kms.katalon.core.main.TestCaseExecutor.execute(TestCaseExecutor.java:285)&#xa;	at com.kms.katalon.core.main.TestCaseExecutor.execute(TestCaseExecutor.java:369)&#xa;	at com.kms.katalon.core.main.TestCaseExecutor.execute(TestCaseExecutor.java:369)&#xa;	at com.kms.katalon.core.main.TestCaseExecutor.execute(TestCaseExecutor.java:369)&#xa;	at com.kms.katalon.core.common.CommonExecutor.accessTestCaseMainPhase(CommonExecutor.java:65)&#xa;	at com.kms.katalon.core.main.TestSuiteExecutor.accessTestSuiteMainPhase(TestSuiteExecutor.java:148)&#xa;	at com.kms.katalon.core.main.TestSuiteExecutor.execute(TestSuiteExecutor.java:106)&#xa;	at com.kms.katalon.core.main.TestCaseMain.startTestSuite(TestCaseMain.java:180)&#xa;	at TempTestSuite1705637915236.run(TempTestSuite1705637915236.groovy:36)&#xa;	at java.base/jdk.internal.reflect.NativeMethodAccessorImpl.invoke0(Native Method)&#xa;	at java.base/jdk.internal.reflect.NativeMethodAccessorImpl.invoke(NativeMethodAccessorImpl.java:77)&#xa;	at java.base/jdk.internal.reflect.DelegatingMethodAccessorImpl.invoke(DelegatingMethodAccessorImpl.java:43)&#xa;Caused by: com.kms.katalon.core.exception.StepFailedException: Text 'Create Account' is not present on page &#xa;	at com.kms.katalon.core.webui.keyword.internal.WebUIKeywordMain.stepFailed(WebUIKeywordMain.groovy:64)&#xa;	at com.kms.katalon.core.webui.keyword.builtin.VerifyTextPresentKeyword$_verifyTextPresent_closure1.doCall(VerifyTextPresentKeyword.groovy:79)&#xa;	at com.kms.katalon.core.webui.keyword.builtin.VerifyTextPresentKeyword$_verifyTextPresent_closure1.call(VerifyTextPresentKeyword.groovy)&#xa;	at com.kms.katalon.core.webui.keyword.internal.WebUIKeywordMain.runKeyword(WebUIKeywordMain.groovy:20)&#xa;	... 23 more&#xa;"/>
         <system-out><![CDATA[19-01-2024T11:36:02 - [TEST_CASE][FAILED] - Test Cases/Offline PSSI Dashboard Function/Create BE Account Management/Edit Account/Negative Test Case/PSSIEditAccountEmptyMandatoryField: Test Cases/Offline PSSI Dashboard Function/Create BE Account Management/Edit Account/Negative Test Case/PSSIEditAccountEmptyMandatoryField FAILED.
Reason:
com.kms.katalon.core.exception.StepFailedException: Unable to verify text 'Create Account' is present 
	at com.kms.katalon.core.webui.keyword.internal.WebUIKeywordMain.stepFailed(WebUIKeywordMain.groovy:64)
	at com.kms.katalon.core.webui.keyword.internal.WebUIKeywordMain.runKeyword(WebUIKeywordMain.groovy:26)
	at com.kms.katalon.core.webui.keyword.builtin.VerifyTextPresentKeyword.verifyTextPresent(VerifyTextPresentKeyword.groovy:83)
	at com.kms.katalon.core.webui.keyword.builtin.VerifyTextPresentKeyword.execute(VerifyTextPresentKeyword.groovy:68)
	at com.kms.katalon.core.keyword.internal.KeywordExecutor.executeKeywordForPlatform(KeywordExecutor.groovy:74)
	at com.kms.katalon.core.webui.keyword.WebUiBuiltInKeywords.verifyTextPresent(WebUiBuiltInKeywords.groovy:1762)
	at PSSIEditAccountEmptyMandatoryField.run(PSSIEditAccountEmptyMandatoryField:42)
	at com.kms.katalon.core.main.ScriptEngine.run(ScriptEngine.java:194)
	at com.kms.katalon.core.main.ScriptEngine.runScriptAsRawText(ScriptEngine.java:119)
	at com.kms.katalon.core.main.TestCaseExecutor.runScript(TestCaseExecutor.java:448)
	at com.kms.katalon.core.main.TestCaseExecutor.doExecute(TestCaseExecutor.java:439)
	at com.kms.katalon.core.main.TestCaseExecutor.processExecutionPhase(TestCaseExecutor.java:418)
	at com.kms.katalon.core.main.TestCaseExecutor.accessMainPhase(TestCaseExecutor.java:410)
	at com.kms.katalon.core.main.TestCaseExecutor.execute(TestCaseExecutor.java:285)
	at com.kms.katalon.core.main.TestCaseExecutor.execute(TestCaseExecutor.java:369)
	at com.kms.katalon.core.main.TestCaseExecutor.execute(TestCaseExecutor.java:369)
	at com.kms.katalon.core.main.TestCaseExecutor.execute(TestCaseExecutor.java:369)
	at com.kms.katalon.core.common.CommonExecutor.accessTestCaseMainPhase(CommonExecutor.java:65)
	at com.kms.katalon.core.main.TestSuiteExecutor.accessTestSuiteMainPhase(TestSuiteExecutor.java:148)
	at com.kms.katalon.core.main.TestSuiteExecutor.execute(TestSuiteExecutor.java:106)
	at com.kms.katalon.core.main.TestCaseMain.startTestSuite(TestCaseMain.java:180)
	at TempTestSuite1705637915236.run(TempTestSuite1705637915236.groovy:36)
	at java.base/jdk.internal.reflect.NativeMethodAccessorImpl.invoke0(Native Method)
	at java.base/jdk.internal.reflect.NativeMethodAccessorImpl.invoke(NativeMethodAccessorImpl.java:77)
	at java.base/jdk.internal.reflect.DelegatingMethodAccessorImpl.invoke(DelegatingMethodAccessorImpl.java:43)
Caused by: com.kms.katalon.core.exception.StepFailedException: Text 'Create Account' is not present on page 
	at com.kms.katalon.core.webui.keyword.internal.WebUIKeywordMain.stepFailed(WebUIKeywordMain.groovy:64)
	at com.kms.katalon.core.webui.keyword.builtin.VerifyTextPresentKeyword$_verifyTextPresent_closure1.doCall(VerifyTextPresentKeyword.groovy:79)
	at com.kms.katalon.core.webui.keyword.builtin.VerifyTextPresentKeyword$_verifyTextPresent_closure1.call(VerifyTextPresentKeyword.groovy)
	at com.kms.katalon.core.webui.keyword.internal.WebUIKeywordMain.runKeyword(WebUIKeywordMain.groovy:20)
	... 23 more


19-01-2024T11:36:02 - [TEST_STEP][PASSED] - failureHandling = STOP_ON_FAILURE: null

19-01-2024T11:36:02 - [TEST_STEP][PASSED] - baseUrl = offline_pssi_dashboard_url: null

19-01-2024T11:36:02 - [TEST_STEP][PASSED] - callTestCase(findTestCase("Offline PSSI Dashboard Function/Create BE Account Management/View Account Management/PSSIViewAccountManagement"), [:], failureHandling): Call Test Case 'Test Cases/Offline PSSI Dashboard Function/Create BE Account Management/View Account Management/PSSIViewAccountManagement' successfully

19-01-2024T11:36:02 - [TEST_CASE][PASSED] - Test Cases/Offline PSSI Dashboard Function/Create BE Account Management/View Account Management/PSSIViewAccountManagement: Test Cases/Offline PSSI Dashboard Function/Create BE Account Management/View Account Management/PSSIViewAccountManagement

19-01-2024T11:36:02 - [TEST_STEP][PASSED] - failureHandling = STOP_ON_FAILURE: null

19-01-2024T11:36:02 - [TEST_STEP][PASSED] - baseUrl = offline_pssi_dashboard_url: null

19-01-2024T11:36:02 - [TEST_STEP][PASSED] - callTestCase(findTestCase("Offline PSSI Dashboard Function/Sign In/PSSISignInValidData"), [:], failureHandling): Call Test Case 'Test Cases/Offline PSSI Dashboard Function/Sign In/PSSISignInValidData' successfully

19-01-2024T11:36:02 - [TEST_CASE][PASSED] - Test Cases/Offline PSSI Dashboard Function/Sign In/PSSISignInValidData: Test Cases/Offline PSSI Dashboard Function/Sign In/PSSISignInValidData

19-01-2024T11:36:02 - [TEST_STEP][PASSED] - failureHandling = STOP_ON_FAILURE: null

19-01-2024T11:36:02 - [TEST_STEP][PASSED] - baseUrl = offline_pssi_dashboard_url: null

19-01-2024T11:36:02 - [TEST_STEP][PASSED] - openBrowser(""): Browser is opened with url: ''

19-01-2024T11:36:02 - [MESSAGE][WARNING] - A browser is already opened. Closing browser and opening a new one

19-01-2024T11:36:02 - [MESSAGE][INFO] - Starting 'Chrome' driver

19-01-2024T11:36:02 - [MESSAGE][INFO] - User set preference: ['unhandledPromptBehaviour', 'ignore']

19-01-2024T11:36:02 - [MESSAGE][INFO] - User set preference: ['unexpectedAlertBehaviour', 'ignore']

19-01-2024T11:36:02 - [MESSAGE][INFO] - Action delay is set to 0 milliseconds

19-01-2024T11:36:03 - [MESSAGE][PASSED] - Browser is opened with url: ''

19-01-2024T11:36:03 - [TEST_STEP][PASSED] - navigateToUrl(baseUrl): Navigate to 'https://monitoring.pssi-dev.kecilin.id' successfully

19-01-2024T11:36:04 - [MESSAGE][PASSED] - Navigate to 'https://monitoring.pssi-dev.kecilin.id' successfully

19-01-2024T11:36:04 - [TEST_STEP][PASSED] - maximizeWindow(): Current window maximized

19-01-2024T11:36:04 - [MESSAGE][PASSED] - Current window maximized

19-01-2024T11:36:04 - [TEST_STEP][PASSED] - setText(findTestObject("Object Repository/Page_Login/input_email"), "superadmin@app.com"): Text 'superadmin@app.com' is set on object 'Object Repository/Page_Login/input_email'

19-01-2024T11:36:05 - [MESSAGE][PASSED] - Text 'superadmin@app.com' is set on object 'Object Repository/Page_Login/input_email'

19-01-2024T11:36:05 - [TEST_STEP][PASSED] - setEncryptedText(findTestObject("Object Repository/Page_Login/input_password"), "8SQVv/p9jVScEs4/2CZsLw=="): Text ****** has been set on object 'Object Repository/Page_Login/input_password'

19-01-2024T11:36:06 - [MESSAGE][PASSED] - Text ****** has been set on object 'Object Repository/Page_Login/input_password'

19-01-2024T11:36:06 - [TEST_STEP][PASSED] - click(findTestObject("Object Repository/Page_Login/button_Sign In")): Object: 'Object Repository/Page_Login/button_Sign In' is clicked on

19-01-2024T11:36:08 - [MESSAGE][PASSED] - Object: 'Object Repository/Page_Login/button_Sign In' is clicked on

19-01-2024T11:36:08 - [MESSAGE][PASSED] - Call Test Case 'Test Cases/Offline PSSI Dashboard Function/Sign In/PSSISignInValidData' successfully

19-01-2024T11:36:08 - [TEST_STEP][PASSED] - scrollToElement(findTestObject("Page_Dashboard/Account Management Sidebar"), 0): Scroll to object 'Object Repository/Page_Dashboard/Account Management Sidebar' successfully

19-01-2024T11:36:08 - [MESSAGE][WARNING] - Timeout '0' is invalid. Using default page load timeout: '1'

19-01-2024T11:36:10 - [MESSAGE][INFO] - Unable to find the element located by 'By.xpath: id("sidenav-collapse-main")/ul[@class="navbar-nav"]/li[@class="nav-item"]/a[@class="nav-link"][count(. | //a[@class = 'nav-link  ' and @href = '/accounts' and (text() = '
            
              
                
              
            
            Account Management
          ' or . = '
            
              
                
              
            
            Account Management
          ')]) = count(//a[@class = 'nav-link  ' and @href = '/accounts' and (text() = '
            
              
                
              
            
            Account Management
          ' or . = '
            
              
                
              
            
            Account Management
          ')])]'. Please recheck the objects properties to make sure the desired element is located. 

19-01-2024T11:36:10 - [MESSAGE][WARNING] - [SELF-HEALING] Failed to find element with id 'Object Repository/Page_Dashboard/Account Management Sidebar'. Try using Self-healing.

19-01-2024T11:36:10 - [MESSAGE][WARNING] - [SELF-HEALING] The current locator of test object 'Object Repository/Page_Dashboard/Account Management Sidebar' was broken. Propose an alternative one: '//div[@id='sidenav-collapse-main']/ul/li[12]/a'.

19-01-2024T11:36:10 - [MESSAGE][PASSED] - Scroll to object 'Object Repository/Page_Dashboard/Account Management Sidebar' successfully

19-01-2024T11:36:10 - [TEST_STEP][PASSED] - navigateToUrl(baseUrl + "/accounts", failureHandling): Navigate to 'https://monitoring.pssi-dev.kecilin.id/accounts' successfully

19-01-2024T11:36:11 - [MESSAGE][PASSED] - Navigate to 'https://monitoring.pssi-dev.kecilin.id/accounts' successfully

19-01-2024T11:36:11 - [MESSAGE][INFO] - 

19-01-2024T11:36:11 - [MESSAGE][INFO] - ===================== Self-healing Report ====================

19-01-2024T11:36:11 - [MESSAGE][INFO] - One of the failed test object locators has been recovered by Self-healing. Please refer to the Self-healing Insights tab for more details.

19-01-2024T11:36:11 - [MESSAGE][INFO] - To learn more about Self-healing, please read https://docs.katalon.com/katalon-studio/docs/self-healing.html

19-01-2024T11:36:11 - [MESSAGE][INFO] - ==============================================================

19-01-2024T11:36:11 - [MESSAGE][PASSED] - Call Test Case 'Test Cases/Offline PSSI Dashboard Function/Create BE Account Management/View Account Management/PSSIViewAccountManagement' successfully

19-01-2024T11:36:11 - [TEST_STEP][PASSED] - navigateToUrl(baseUrl + "/accounts/edit/652c095d63d9d69bc80121ca", failureHandling): Navigate to 'https://monitoring.pssi-dev.kecilin.id/accounts/edit/652c095d63d9d69bc80121ca' successfully

19-01-2024T11:36:11 - [MESSAGE][PASSED] - Navigate to 'https://monitoring.pssi-dev.kecilin.id/accounts/edit/652c095d63d9d69bc80121ca' successfully

19-01-2024T11:36:11 - [TEST_STEP][PASSED] - verifyElementClickable(findTestObject("Page_Create Account/Image Field")): Object 'Object Repository/Page_Create Account/Image Field' is clickable

19-01-2024T11:36:14 - [MESSAGE][INFO] - Unable to find the element located by 'By.xpath: id("image")[count(. | //input[@type = 'file' and @class = 'form-control' and @id = 'image' and @name = 'image' and @accept = 'image/png, image/jpg, image/jpeg']) = count(//input[@type = 'file' and @class = 'form-control' and @id = 'image' and @name = 'image' and @accept = 'image/png, image/jpg, image/jpeg'])]'. Please recheck the objects properties to make sure the desired element is located. 

19-01-2024T11:36:14 - [MESSAGE][WARNING] - [SELF-HEALING] Failed to find element with id 'Object Repository/Page_Create Account/Image Field'. Try using Self-healing.

19-01-2024T11:36:14 - [MESSAGE][WARNING] - [SELF-HEALING] The current locator of test object 'Object Repository/Page_Create Account/Image Field' was broken. Propose an alternative one: '//input[@id='image']'.

19-01-2024T11:36:14 - [MESSAGE][PASSED] - Object 'Object Repository/Page_Create Account/Image Field' is clickable

19-01-2024T11:36:14 - [TEST_STEP][PASSED] - uploadFile(findTestObject("Page_Create Account/Image Field"), "C:\Users\USER\Downloads\unnamed (3).jpg"): File 'C:\Users\USER\Downloads\unnamed (3).jpg' sent to object: 'Object Repository/Page_Create Account/Image Field'

19-01-2024T11:36:16 - [MESSAGE][INFO] - Unable to find the element located by 'By.xpath: id("image")[count(. | //input[@type = 'file' and @class = 'form-control' and @id = 'image' and @name = 'image' and @accept = 'image/png, image/jpg, image/jpeg']) = count(//input[@type = 'file' and @class = 'form-control' and @id = 'image' and @name = 'image' and @accept = 'image/png, image/jpg, image/jpeg'])]'. Please recheck the objects properties to make sure the desired element is located. 

19-01-2024T11:36:16 - [MESSAGE][WARNING] - [SELF-HEALING] Failed to find element with id 'Object Repository/Page_Create Account/Image Field'. Try using Self-healing.

19-01-2024T11:36:16 - [MESSAGE][WARNING] - [SELF-HEALING] The current locator of test object 'Object Repository/Page_Create Account/Image Field' was broken. Propose an alternative one: '//input[@id='image']'.

19-01-2024T11:36:16 - [MESSAGE][PASSED] - File 'C:\Users\USER\Downloads\unnamed (3).jpg' sent to object: 'Object Repository/Page_Create Account/Image Field'

19-01-2024T11:36:16 - [TEST_STEP][PASSED] - verifyElementClickable(findTestObject("Page_Create Account/Save Button")): Object 'Object Repository/Page_Create Account/Save Button' is clickable

19-01-2024T11:36:17 - [MESSAGE][PASSED] - Object 'Object Repository/Page_Create Account/Save Button' is clickable

19-01-2024T11:36:17 - [TEST_STEP][PASSED] - click(findTestObject("Page_Create Account/Save Button")): Object: 'Object Repository/Page_Create Account/Save Button' is clicked on

19-01-2024T11:36:19 - [MESSAGE][PASSED] - Object: 'Object Repository/Page_Create Account/Save Button' is clicked on

19-01-2024T11:36:19 - [TEST_STEP][FAILED] - verifyTextPresent("Create Account", false): Unable to verify text 'Create Account' is present  (Root cause: com.kms.katalon.core.exception.StepFailedException: Unable to verify text 'Create Account' is present 
	at com.kms.katalon.core.webui.keyword.internal.WebUIKeywordMain.stepFailed(WebUIKeywordMain.groovy:64)
	at com.kms.katalon.core.webui.keyword.internal.WebUIKeywordMain.runKeyword(WebUIKeywordMain.groovy:26)
	at com.kms.katalon.core.webui.keyword.builtin.VerifyTextPresentKeyword.verifyTextPresent(VerifyTextPresentKeyword.groovy:83)
	at com.kms.katalon.core.webui.keyword.builtin.VerifyTextPresentKeyword.execute(VerifyTextPresentKeyword.groovy:68)
	at com.kms.katalon.core.keyword.internal.KeywordExecutor.executeKeywordForPlatform(KeywordExecutor.groovy:74)
	at com.kms.katalon.core.webui.keyword.WebUiBuiltInKeywords.verifyTextPresent(WebUiBuiltInKeywords.groovy:1762)
	at PSSIEditAccountEmptyMandatoryField.run(PSSIEditAccountEmptyMandatoryField:42)
	at com.kms.katalon.core.main.ScriptEngine.run(ScriptEngine.java:194)
	at com.kms.katalon.core.main.ScriptEngine.runScriptAsRawText(ScriptEngine.java:119)
	at com.kms.katalon.core.main.TestCaseExecutor.runScript(TestCaseExecutor.java:448)
	at com.kms.katalon.core.main.TestCaseExecutor.doExecute(TestCaseExecutor.java:439)
	at com.kms.katalon.core.main.TestCaseExecutor.processExecutionPhase(TestCaseExecutor.java:418)
	at com.kms.katalon.core.main.TestCaseExecutor.accessMainPhase(TestCaseExecutor.java:410)
	at com.kms.katalon.core.main.TestCaseExecutor.execute(TestCaseExecutor.java:285)
	at com.kms.katalon.core.main.TestCaseExecutor.execute(TestCaseExecutor.java:369)
	at com.kms.katalon.core.main.TestCaseExecutor.execute(TestCaseExecutor.java:369)
	at com.kms.katalon.core.main.TestCaseExecutor.execute(TestCaseExecutor.java:369)
	at com.kms.katalon.core.common.CommonExecutor.accessTestCaseMainPhase(CommonExecutor.java:65)
	at com.kms.katalon.core.main.TestSuiteExecutor.accessTestSuiteMainPhase(TestSuiteExecutor.java:148)
	at com.kms.katalon.core.main.TestSuiteExecutor.execute(TestSuiteExecutor.java:106)
	at com.kms.katalon.core.main.TestCaseMain.startTestSuite(TestCaseMain.java:180)
	at TempTestSuite1705637915236.run(TempTestSuite1705637915236.groovy:36)
	at java.base/jdk.internal.reflect.NativeMethodAccessorImpl.invoke0(Native Method)
	at java.base/jdk.internal.reflect.NativeMethodAccessorImpl.invoke(NativeMethodAccessorImpl.java:77)
	at java.base/jdk.internal.reflect.DelegatingMethodAccessorImpl.invoke(DelegatingMethodAccessorImpl.java:43)
Caused by: com.kms.katalon.core.exception.StepFailedException: Text 'Create Account' is not present on page 
	at com.kms.katalon.core.webui.keyword.internal.WebUIKeywordMain.stepFailed(WebUIKeywordMain.groovy:64)
	at com.kms.katalon.core.webui.keyword.builtin.VerifyTextPresentKeyword$_verifyTextPresent_closure1.doCall(VerifyTextPresentKeyword.groovy:79)
	at com.kms.katalon.core.webui.keyword.builtin.VerifyTextPresentKeyword$_verifyTextPresent_closure1.call(VerifyTextPresentKeyword.groovy)
	at com.kms.katalon.core.webui.keyword.internal.WebUIKeywordMain.runKeyword(WebUIKeywordMain.groovy:20)
	... 23 more
)

19-01-2024T11:36:20 - [MESSAGE][FAILED] - Text 'Create Account' is not present on page  (Root cause: com.kms.katalon.core.exception.StepFailedException: Text 'Create Account' is not present on page 
	at com.kms.katalon.core.webui.keyword.internal.WebUIKeywordMain.stepFailed(WebUIKeywordMain.groovy:64)
	at com.kms.katalon.core.webui.keyword.builtin.VerifyTextPresentKeyword$_verifyTextPresent_closure1.doCall(VerifyTextPresentKeyword.groovy:79)
	at com.kms.katalon.core.webui.keyword.builtin.VerifyTextPresentKeyword$_verifyTextPresent_closure1.call(VerifyTextPresentKeyword.groovy)
	at com.kms.katalon.core.webui.keyword.internal.WebUIKeywordMain.runKeyword(WebUIKeywordMain.groovy:20)
	at com.kms.katalon.core.webui.keyword.builtin.VerifyTextPresentKeyword.verifyTextPresent(VerifyTextPresentKeyword.groovy:83)
	at com.kms.katalon.core.webui.keyword.builtin.VerifyTextPresentKeyword.execute(VerifyTextPresentKeyword.groovy:68)
	at com.kms.katalon.core.keyword.internal.KeywordExecutor.executeKeywordForPlatform(KeywordExecutor.groovy:74)
	at com.kms.katalon.core.webui.keyword.WebUiBuiltInKeywords.verifyTextPresent(WebUiBuiltInKeywords.groovy:1762)
	at PSSIEditAccountEmptyMandatoryField.run(PSSIEditAccountEmptyMandatoryField:42)
	at com.kms.katalon.core.main.ScriptEngine.run(ScriptEngine.java:194)
	at com.kms.katalon.core.main.ScriptEngine.runScriptAsRawText(ScriptEngine.java:119)
	at com.kms.katalon.core.main.TestCaseExecutor.runScript(TestCaseExecutor.java:448)
	at com.kms.katalon.core.main.TestCaseExecutor.doExecute(TestCaseExecutor.java:439)
	at com.kms.katalon.core.main.TestCaseExecutor.processExecutionPhase(TestCaseExecutor.java:418)
	at com.kms.katalon.core.main.TestCaseExecutor.accessMainPhase(TestCaseExecutor.java:410)
	at com.kms.katalon.core.main.TestCaseExecutor.execute(TestCaseExecutor.java:285)
	at com.kms.katalon.core.main.TestCaseExecutor.execute(TestCaseExecutor.java:369)
	at com.kms.katalon.core.main.TestCaseExecutor.execute(TestCaseExecutor.java:369)
	at com.kms.katalon.core.main.TestCaseExecutor.execute(TestCaseExecutor.java:369)
	at com.kms.katalon.core.common.CommonExecutor.accessTestCaseMainPhase(CommonExecutor.java:65)
	at com.kms.katalon.core.main.TestSuiteExecutor.accessTestSuiteMainPhase(TestSuiteExecutor.java:148)
	at com.kms.katalon.core.main.TestSuiteExecutor.execute(TestSuiteExecutor.java:106)
	at com.kms.katalon.core.main.TestCaseMain.startTestSuite(TestCaseMain.java:180)
	at TempTestSuite1705637915236.run(TempTestSuite1705637915236.groovy:36)
	at java.base/jdk.internal.reflect.NativeMethodAccessorImpl.invoke0(Native Method)
	at java.base/jdk.internal.reflect.NativeMethodAccessorImpl.invoke(NativeMethodAccessorImpl.java:77)
	at java.base/jdk.internal.reflect.DelegatingMethodAccessorImpl.invoke(DelegatingMethodAccessorImpl.java:43)
)

19-01-2024T11:36:20 - [MESSAGE][FAILED] - Unable to verify text 'Create Account' is present  (Root cause: com.kms.katalon.core.exception.StepFailedException: Unable to verify text 'Create Account' is present 
	at com.kms.katalon.core.webui.keyword.internal.WebUIKeywordMain.stepFailed(WebUIKeywordMain.groovy:64)
	at com.kms.katalon.core.webui.keyword.internal.WebUIKeywordMain.runKeyword(WebUIKeywordMain.groovy:26)
	at com.kms.katalon.core.webui.keyword.builtin.VerifyTextPresentKeyword.verifyTextPresent(VerifyTextPresentKeyword.groovy:83)
	at com.kms.katalon.core.webui.keyword.builtin.VerifyTextPresentKeyword.execute(VerifyTextPresentKeyword.groovy:68)
	at com.kms.katalon.core.keyword.internal.KeywordExecutor.executeKeywordForPlatform(KeywordExecutor.groovy:74)
	at com.kms.katalon.core.webui.keyword.WebUiBuiltInKeywords.verifyTextPresent(WebUiBuiltInKeywords.groovy:1762)
	at PSSIEditAccountEmptyMandatoryField.run(PSSIEditAccountEmptyMandatoryField:42)
	at com.kms.katalon.core.main.ScriptEngine.run(ScriptEngine.java:194)
	at com.kms.katalon.core.main.ScriptEngine.runScriptAsRawText(ScriptEngine.java:119)
	at com.kms.katalon.core.main.TestCaseExecutor.runScript(TestCaseExecutor.java:448)
	at com.kms.katalon.core.main.TestCaseExecutor.doExecute(TestCaseExecutor.java:439)
	at com.kms.katalon.core.main.TestCaseExecutor.processExecutionPhase(TestCaseExecutor.java:418)
	at com.kms.katalon.core.main.TestCaseExecutor.accessMainPhase(TestCaseExecutor.java:410)
	at com.kms.katalon.core.main.TestCaseExecutor.execute(TestCaseExecutor.java:285)
	at com.kms.katalon.core.main.TestCaseExecutor.execute(TestCaseExecutor.java:369)
	at com.kms.katalon.core.main.TestCaseExecutor.execute(TestCaseExecutor.java:369)
	at com.kms.katalon.core.main.TestCaseExecutor.execute(TestCaseExecutor.java:369)
	at com.kms.katalon.core.common.CommonExecutor.accessTestCaseMainPhase(CommonExecutor.java:65)
	at com.kms.katalon.core.main.TestSuiteExecutor.accessTestSuiteMainPhase(TestSuiteExecutor.java:148)
	at com.kms.katalon.core.main.TestSuiteExecutor.execute(TestSuiteExecutor.java:106)
	at com.kms.katalon.core.main.TestCaseMain.startTestSuite(TestCaseMain.java:180)
	at TempTestSuite1705637915236.run(TempTestSuite1705637915236.groovy:36)
	at java.base/jdk.internal.reflect.NativeMethodAccessorImpl.invoke0(Native Method)
	at java.base/jdk.internal.reflect.NativeMethodAccessorImpl.invoke(NativeMethodAccessorImpl.java:77)
	at java.base/jdk.internal.reflect.DelegatingMethodAccessorImpl.invoke(DelegatingMethodAccessorImpl.java:43)
Caused by: com.kms.katalon.core.exception.StepFailedException: Text 'Create Account' is not present on page 
	at com.kms.katalon.core.webui.keyword.internal.WebUIKeywordMain.stepFailed(WebUIKeywordMain.groovy:64)
	at com.kms.katalon.core.webui.keyword.builtin.VerifyTextPresentKeyword$_verifyTextPresent_closure1.doCall(VerifyTextPresentKeyword.groovy:79)
	at com.kms.katalon.core.webui.keyword.builtin.VerifyTextPresentKeyword$_verifyTextPresent_closure1.call(VerifyTextPresentKeyword.groovy)
	at com.kms.katalon.core.webui.keyword.internal.WebUIKeywordMain.runKeyword(WebUIKeywordMain.groovy:20)
	... 23 more
)
[[ATTACHMENT|C:\\Users\\USER\\git\\Kecilin-Automation-Test\\Reports\\20240119_111826\\Create BE Account Management\\Edit Account Test Suite\\20240119_111835\\1705638980208.png]]]]></system-out>
         <system-err><![CDATA[19-01-2024T11:36:02 - [TEST_CASE][FAILED] - Test Cases/Offline PSSI Dashboard Function/Create BE Account Management/Edit Account/Negative Test Case/PSSIEditAccountEmptyMandatoryField: Test Cases/Offline PSSI Dashboard Function/Create BE Account Management/Edit Account/Negative Test Case/PSSIEditAccountEmptyMandatoryField FAILED.
Reason:
com.kms.katalon.core.exception.StepFailedException: Unable to verify text 'Create Account' is present 
	at com.kms.katalon.core.webui.keyword.internal.WebUIKeywordMain.stepFailed(WebUIKeywordMain.groovy:64)
	at com.kms.katalon.core.webui.keyword.internal.WebUIKeywordMain.runKeyword(WebUIKeywordMain.groovy:26)
	at com.kms.katalon.core.webui.keyword.builtin.VerifyTextPresentKeyword.verifyTextPresent(VerifyTextPresentKeyword.groovy:83)
	at com.kms.katalon.core.webui.keyword.builtin.VerifyTextPresentKeyword.execute(VerifyTextPresentKeyword.groovy:68)
	at com.kms.katalon.core.keyword.internal.KeywordExecutor.executeKeywordForPlatform(KeywordExecutor.groovy:74)
	at com.kms.katalon.core.webui.keyword.WebUiBuiltInKeywords.verifyTextPresent(WebUiBuiltInKeywords.groovy:1762)
	at PSSIEditAccountEmptyMandatoryField.run(PSSIEditAccountEmptyMandatoryField:42)
	at com.kms.katalon.core.main.ScriptEngine.run(ScriptEngine.java:194)
	at com.kms.katalon.core.main.ScriptEngine.runScriptAsRawText(ScriptEngine.java:119)
	at com.kms.katalon.core.main.TestCaseExecutor.runScript(TestCaseExecutor.java:448)
	at com.kms.katalon.core.main.TestCaseExecutor.doExecute(TestCaseExecutor.java:439)
	at com.kms.katalon.core.main.TestCaseExecutor.processExecutionPhase(TestCaseExecutor.java:418)
	at com.kms.katalon.core.main.TestCaseExecutor.accessMainPhase(TestCaseExecutor.java:410)
	at com.kms.katalon.core.main.TestCaseExecutor.execute(TestCaseExecutor.java:285)
	at com.kms.katalon.core.main.TestCaseExecutor.execute(TestCaseExecutor.java:369)
	at com.kms.katalon.core.main.TestCaseExecutor.execute(TestCaseExecutor.java:369)
	at com.kms.katalon.core.main.TestCaseExecutor.execute(TestCaseExecutor.java:369)
	at com.kms.katalon.core.common.CommonExecutor.accessTestCaseMainPhase(CommonExecutor.java:65)
	at com.kms.katalon.core.main.TestSuiteExecutor.accessTestSuiteMainPhase(TestSuiteExecutor.java:148)
	at com.kms.katalon.core.main.TestSuiteExecutor.execute(TestSuiteExecutor.java:106)
	at com.kms.katalon.core.main.TestCaseMain.startTestSuite(TestCaseMain.java:180)
	at TempTestSuite1705637915236.run(TempTestSuite1705637915236.groovy:36)
	at java.base/jdk.internal.reflect.NativeMethodAccessorImpl.invoke0(Native Method)
	at java.base/jdk.internal.reflect.NativeMethodAccessorImpl.invoke(NativeMethodAccessorImpl.java:77)
	at java.base/jdk.internal.reflect.DelegatingMethodAccessorImpl.invoke(DelegatingMethodAccessorImpl.java:43)
Caused by: com.kms.katalon.core.exception.StepFailedException: Text 'Create Account' is not present on page 
	at com.kms.katalon.core.webui.keyword.internal.WebUIKeywordMain.stepFailed(WebUIKeywordMain.groovy:64)
	at com.kms.katalon.core.webui.keyword.builtin.VerifyTextPresentKeyword$_verifyTextPresent_closure1.doCall(VerifyTextPresentKeyword.groovy:79)
	at com.kms.katalon.core.webui.keyword.builtin.VerifyTextPresentKeyword$_verifyTextPresent_closure1.call(VerifyTextPresentKeyword.groovy)
	at com.kms.katalon.core.webui.keyword.internal.WebUIKeywordMain.runKeyword(WebUIKeywordMain.groovy:20)
	... 23 more]]></system-err>
      </testcase>
      <testcase name="Test Cases/Offline PSSI Dashboard Function/Create BE Account Management/Edit Account/Negative Test Case/PSSIEditAccountExceedMaxChar" time="32.546" classname="Test Cases/Offline PSSI Dashboard Function/Create BE Account Management/Edit Account/Negative Test Case/PSSIEditAccountExceedMaxChar" status="FAILED">
         <failure type="FAILED" message="Test Cases/Offline PSSI Dashboard Function/Create BE Account Management/Edit Account/Negative Test Case/PSSIEditAccountExceedMaxChar FAILED.&#xa;Reason:&#xa;com.kms.katalon.core.exception.StepFailedException: Unable to verify object 'Object Repository/Page_Create Account/Password Field' to be clickable&#xa;	at com.kms.katalon.core.webui.keyword.internal.WebUIKeywordMain.stepFailed(WebUIKeywordMain.groovy:64)&#xa;	at com.kms.katalon.core.webui.keyword.internal.WebUIKeywordMain.runKeyword(WebUIKeywordMain.groovy:26)&#xa;	at com.kms.katalon.core.webui.keyword.builtin.VerifyElementClickableKeyword.verifyElementClickable(VerifyElementClickableKeyword.groovy:96)&#xa;	at com.kms.katalon.core.webui.keyword.builtin.VerifyElementClickableKeyword.execute(VerifyElementClickableKeyword.groovy:67)&#xa;	at com.kms.katalon.core.keyword.internal.KeywordExecutor.executeKeywordForPlatform(KeywordExecutor.groovy:74)&#xa;	at com.kms.katalon.core.webui.keyword.WebUiBuiltInKeywords.verifyElementClickable(WebUiBuiltInKeywords.groovy:605)&#xa;	at PSSIEditAccountExceedMaxChar.run(PSSIEditAccountExceedMaxChar:36)&#xa;	at com.kms.katalon.core.main.ScriptEngine.run(ScriptEngine.java:194)&#xa;	at com.kms.katalon.core.main.ScriptEngine.runScriptAsRawText(ScriptEngine.java:119)&#xa;	at com.kms.katalon.core.main.TestCaseExecutor.runScript(TestCaseExecutor.java:448)&#xa;	at com.kms.katalon.core.main.TestCaseExecutor.doExecute(TestCaseExecutor.java:439)&#xa;	at com.kms.katalon.core.main.TestCaseExecutor.processExecutionPhase(TestCaseExecutor.java:418)&#xa;	at com.kms.katalon.core.main.TestCaseExecutor.accessMainPhase(TestCaseExecutor.java:410)&#xa;	at com.kms.katalon.core.main.TestCaseExecutor.execute(TestCaseExecutor.java:285)&#xa;	at com.kms.katalon.core.main.TestCaseExecutor.execute(TestCaseExecutor.java:369)&#xa;	at com.kms.katalon.core.main.TestCaseExecutor.execute(TestCaseExecutor.java:369)&#xa;	at com.kms.katalon.core.main.TestCaseExecutor.execute(TestCaseExecutor.java:369)&#xa;	at com.kms.katalon.core.common.CommonExecutor.accessTestCaseMainPhase(CommonExecutor.java:65)&#xa;	at com.kms.katalon.core.main.TestSuiteExecutor.accessTestSuiteMainPhase(TestSuiteExecutor.java:148)&#xa;	at com.kms.katalon.core.main.TestSuiteExecutor.execute(TestSuiteExecutor.java:106)&#xa;	at com.kms.katalon.core.main.TestCaseMain.startTestSuite(TestCaseMain.java:180)&#xa;	at TempTestSuite1705637915236.run(TempTestSuite1705637915236.groovy:36)&#xa;	at java.base/jdk.internal.reflect.NativeMethodAccessorImpl.invoke0(Native Method)&#xa;	at java.base/jdk.internal.reflect.NativeMethodAccessorImpl.invoke(NativeMethodAccessorImpl.java:77)&#xa;	at java.base/jdk.internal.reflect.DelegatingMethodAccessorImpl.invoke(DelegatingMethodAccessorImpl.java:43)&#xa;Caused by: com.kms.katalon.core.exception.StepFailedException: Web element with id: 'Object Repository/Page_Create Account/Password Field' located by 'id(&quot;password&quot;)[count(. | //input[@type = 'text' and @class = 'form-control ' and @id = 'password' and @name = 'password' and @placeholder = 'Password']) = count(//input[@type = 'text' and @class = 'form-control ' and @id = 'password' and @name = 'password' and @placeholder = 'Password'])]' not found&#xa;	at com.kms.katalon.core.webui.keyword.internal.WebUIKeywordMain.stepFailed(WebUIKeywordMain.groovy:64)&#xa;	at com.kms.katalon.core.webui.keyword.builtin.VerifyElementClickableKeyword$_verifyElementClickable_closure1.doCall(VerifyElementClickableKeyword.groovy:88)&#xa;	at com.kms.katalon.core.webui.keyword.builtin.VerifyElementClickableKeyword$_verifyElementClickable_closure1.call(VerifyElementClickableKeyword.groovy)&#xa;	at com.kms.katalon.core.webui.keyword.internal.WebUIKeywordMain.runKeyword(WebUIKeywordMain.groovy:20)&#xa;	... 23 more&#xa;"/>
         <system-out><![CDATA[19-01-2024T11:37:58 - [TEST_CASE][FAILED] - Test Cases/Offline PSSI Dashboard Function/Create BE Account Management/Edit Account/Negative Test Case/PSSIEditAccountExceedMaxChar: Test Cases/Offline PSSI Dashboard Function/Create BE Account Management/Edit Account/Negative Test Case/PSSIEditAccountExceedMaxChar FAILED.
Reason:
com.kms.katalon.core.exception.StepFailedException: Unable to verify object 'Object Repository/Page_Create Account/Password Field' to be clickable
	at com.kms.katalon.core.webui.keyword.internal.WebUIKeywordMain.stepFailed(WebUIKeywordMain.groovy:64)
	at com.kms.katalon.core.webui.keyword.internal.WebUIKeywordMain.runKeyword(WebUIKeywordMain.groovy:26)
	at com.kms.katalon.core.webui.keyword.builtin.VerifyElementClickableKeyword.verifyElementClickable(VerifyElementClickableKeyword.groovy:96)
	at com.kms.katalon.core.webui.keyword.builtin.VerifyElementClickableKeyword.execute(VerifyElementClickableKeyword.groovy:67)
	at com.kms.katalon.core.keyword.internal.KeywordExecutor.executeKeywordForPlatform(KeywordExecutor.groovy:74)
	at com.kms.katalon.core.webui.keyword.WebUiBuiltInKeywords.verifyElementClickable(WebUiBuiltInKeywords.groovy:605)
	at PSSIEditAccountExceedMaxChar.run(PSSIEditAccountExceedMaxChar:36)
	at com.kms.katalon.core.main.ScriptEngine.run(ScriptEngine.java:194)
	at com.kms.katalon.core.main.ScriptEngine.runScriptAsRawText(ScriptEngine.java:119)
	at com.kms.katalon.core.main.TestCaseExecutor.runScript(TestCaseExecutor.java:448)
	at com.kms.katalon.core.main.TestCaseExecutor.doExecute(TestCaseExecutor.java:439)
	at com.kms.katalon.core.main.TestCaseExecutor.processExecutionPhase(TestCaseExecutor.java:418)
	at com.kms.katalon.core.main.TestCaseExecutor.accessMainPhase(TestCaseExecutor.java:410)
	at com.kms.katalon.core.main.TestCaseExecutor.execute(TestCaseExecutor.java:285)
	at com.kms.katalon.core.main.TestCaseExecutor.execute(TestCaseExecutor.java:369)
	at com.kms.katalon.core.main.TestCaseExecutor.execute(TestCaseExecutor.java:369)
	at com.kms.katalon.core.main.TestCaseExecutor.execute(TestCaseExecutor.java:369)
	at com.kms.katalon.core.common.CommonExecutor.accessTestCaseMainPhase(CommonExecutor.java:65)
	at com.kms.katalon.core.main.TestSuiteExecutor.accessTestSuiteMainPhase(TestSuiteExecutor.java:148)
	at com.kms.katalon.core.main.TestSuiteExecutor.execute(TestSuiteExecutor.java:106)
	at com.kms.katalon.core.main.TestCaseMain.startTestSuite(TestCaseMain.java:180)
	at TempTestSuite1705637915236.run(TempTestSuite1705637915236.groovy:36)
	at java.base/jdk.internal.reflect.NativeMethodAccessorImpl.invoke0(Native Method)
	at java.base/jdk.internal.reflect.NativeMethodAccessorImpl.invoke(NativeMethodAccessorImpl.java:77)
	at java.base/jdk.internal.reflect.DelegatingMethodAccessorImpl.invoke(DelegatingMethodAccessorImpl.java:43)
Caused by: com.kms.katalon.core.exception.StepFailedException: Web element with id: 'Object Repository/Page_Create Account/Password Field' located by 'id("password")[count(. | //input[@type = 'text' and @class = 'form-control ' and @id = 'password' and @name = 'password' and @placeholder = 'Password']) = count(//input[@type = 'text' and @class = 'form-control ' and @id = 'password' and @name = 'password' and @placeholder = 'Password'])]' not found
	at com.kms.katalon.core.webui.keyword.internal.WebUIKeywordMain.stepFailed(WebUIKeywordMain.groovy:64)
	at com.kms.katalon.core.webui.keyword.builtin.VerifyElementClickableKeyword$_verifyElementClickable_closure1.doCall(VerifyElementClickableKeyword.groovy:88)
	at com.kms.katalon.core.webui.keyword.builtin.VerifyElementClickableKeyword$_verifyElementClickable_closure1.call(VerifyElementClickableKeyword.groovy)
	at com.kms.katalon.core.webui.keyword.internal.WebUIKeywordMain.runKeyword(WebUIKeywordMain.groovy:20)
	... 23 more


19-01-2024T11:37:58 - [TEST_STEP][PASSED] - failureHandling = STOP_ON_FAILURE: null

19-01-2024T11:37:58 - [TEST_STEP][PASSED] - baseUrl = offline_pssi_dashboard_url: null

19-01-2024T11:37:58 - [TEST_STEP][PASSED] - callTestCase(findTestCase("Offline PSSI Dashboard Function/Create BE Account Management/View Account Management/PSSIViewAccountManagement"), [:], failureHandling): Call Test Case 'Test Cases/Offline PSSI Dashboard Function/Create BE Account Management/View Account Management/PSSIViewAccountManagement' successfully

19-01-2024T11:37:58 - [TEST_CASE][PASSED] - Test Cases/Offline PSSI Dashboard Function/Create BE Account Management/View Account Management/PSSIViewAccountManagement: Test Cases/Offline PSSI Dashboard Function/Create BE Account Management/View Account Management/PSSIViewAccountManagement

19-01-2024T11:37:58 - [TEST_STEP][PASSED] - failureHandling = STOP_ON_FAILURE: null

19-01-2024T11:37:58 - [TEST_STEP][PASSED] - baseUrl = offline_pssi_dashboard_url: null

19-01-2024T11:37:58 - [TEST_STEP][PASSED] - callTestCase(findTestCase("Offline PSSI Dashboard Function/Sign In/PSSISignInValidData"), [:], failureHandling): Call Test Case 'Test Cases/Offline PSSI Dashboard Function/Sign In/PSSISignInValidData' successfully

19-01-2024T11:37:58 - [TEST_CASE][PASSED] - Test Cases/Offline PSSI Dashboard Function/Sign In/PSSISignInValidData: Test Cases/Offline PSSI Dashboard Function/Sign In/PSSISignInValidData

19-01-2024T11:37:58 - [TEST_STEP][PASSED] - failureHandling = STOP_ON_FAILURE: null

19-01-2024T11:37:58 - [TEST_STEP][PASSED] - baseUrl = offline_pssi_dashboard_url: null

19-01-2024T11:37:58 - [TEST_STEP][PASSED] - openBrowser(""): Browser is opened with url: ''

19-01-2024T11:37:58 - [MESSAGE][WARNING] - A browser is already opened. Closing browser and opening a new one

19-01-2024T11:37:59 - [MESSAGE][INFO] - Starting 'Chrome' driver

19-01-2024T11:37:59 - [MESSAGE][INFO] - User set preference: ['unhandledPromptBehaviour', 'ignore']

19-01-2024T11:37:59 - [MESSAGE][INFO] - User set preference: ['unexpectedAlertBehaviour', 'ignore']

19-01-2024T11:37:59 - [MESSAGE][INFO] - Action delay is set to 0 milliseconds

19-01-2024T11:38:00 - [MESSAGE][PASSED] - Browser is opened with url: ''

19-01-2024T11:38:00 - [TEST_STEP][PASSED] - navigateToUrl(baseUrl): Navigate to 'https://monitoring.pssi-dev.kecilin.id' successfully

19-01-2024T11:38:01 - [MESSAGE][PASSED] - Navigate to 'https://monitoring.pssi-dev.kecilin.id' successfully

19-01-2024T11:38:01 - [TEST_STEP][PASSED] - maximizeWindow(): Current window maximized

19-01-2024T11:38:01 - [MESSAGE][PASSED] - Current window maximized

19-01-2024T11:38:01 - [TEST_STEP][PASSED] - setText(findTestObject("Object Repository/Page_Login/input_email"), "superadmin@app.com"): Text 'superadmin@app.com' is set on object 'Object Repository/Page_Login/input_email'

19-01-2024T11:38:02 - [MESSAGE][PASSED] - Text 'superadmin@app.com' is set on object 'Object Repository/Page_Login/input_email'

19-01-2024T11:38:02 - [TEST_STEP][PASSED] - setEncryptedText(findTestObject("Object Repository/Page_Login/input_password"), "8SQVv/p9jVScEs4/2CZsLw=="): Text ****** has been set on object 'Object Repository/Page_Login/input_password'

19-01-2024T11:38:02 - [MESSAGE][PASSED] - Text ****** has been set on object 'Object Repository/Page_Login/input_password'

19-01-2024T11:38:02 - [TEST_STEP][PASSED] - click(findTestObject("Object Repository/Page_Login/button_Sign In")): Object: 'Object Repository/Page_Login/button_Sign In' is clicked on

19-01-2024T11:38:04 - [MESSAGE][PASSED] - Object: 'Object Repository/Page_Login/button_Sign In' is clicked on

19-01-2024T11:38:04 - [MESSAGE][PASSED] - Call Test Case 'Test Cases/Offline PSSI Dashboard Function/Sign In/PSSISignInValidData' successfully

19-01-2024T11:38:04 - [TEST_STEP][PASSED] - scrollToElement(findTestObject("Page_Dashboard/Account Management Sidebar"), 0): Scroll to object 'Object Repository/Page_Dashboard/Account Management Sidebar' successfully

19-01-2024T11:38:04 - [MESSAGE][WARNING] - Timeout '0' is invalid. Using default page load timeout: '1'

19-01-2024T11:38:07 - [MESSAGE][INFO] - Unable to find the element located by 'By.xpath: id("sidenav-collapse-main")/ul[@class="navbar-nav"]/li[@class="nav-item"]/a[@class="nav-link"][count(. | //a[@class = 'nav-link  ' and @href = '/accounts' and (text() = '
            
              
                
              
            
            Account Management
          ' or . = '
            
              
                
              
            
            Account Management
          ')]) = count(//a[@class = 'nav-link  ' and @href = '/accounts' and (text() = '
            
              
                
              
            
            Account Management
          ' or . = '
            
              
                
              
            
            Account Management
          ')])]'. Please recheck the objects properties to make sure the desired element is located. 

19-01-2024T11:38:07 - [MESSAGE][WARNING] - [SELF-HEALING] Failed to find element with id 'Object Repository/Page_Dashboard/Account Management Sidebar'. Try using Self-healing.

19-01-2024T11:38:07 - [MESSAGE][WARNING] - [SELF-HEALING] The current locator of test object 'Object Repository/Page_Dashboard/Account Management Sidebar' was broken. Propose an alternative one: '//div[@id='sidenav-collapse-main']/ul/li[12]/a'.

19-01-2024T11:38:07 - [MESSAGE][PASSED] - Scroll to object 'Object Repository/Page_Dashboard/Account Management Sidebar' successfully

19-01-2024T11:38:07 - [TEST_STEP][PASSED] - navigateToUrl(baseUrl + "/accounts", failureHandling): Navigate to 'https://monitoring.pssi-dev.kecilin.id/accounts' successfully

19-01-2024T11:38:08 - [MESSAGE][PASSED] - Navigate to 'https://monitoring.pssi-dev.kecilin.id/accounts' successfully

19-01-2024T11:38:08 - [MESSAGE][INFO] - 

19-01-2024T11:38:08 - [MESSAGE][INFO] - ===================== Self-healing Report ====================

19-01-2024T11:38:08 - [MESSAGE][INFO] - One of the failed test object locators has been recovered by Self-healing. Please refer to the Self-healing Insights tab for more details.

19-01-2024T11:38:08 - [MESSAGE][INFO] - To learn more about Self-healing, please read https://docs.katalon.com/katalon-studio/docs/self-healing.html

19-01-2024T11:38:08 - [MESSAGE][INFO] - ==============================================================

19-01-2024T11:38:08 - [MESSAGE][PASSED] - Call Test Case 'Test Cases/Offline PSSI Dashboard Function/Create BE Account Management/View Account Management/PSSIViewAccountManagement' successfully

19-01-2024T11:38:08 - [TEST_STEP][PASSED] - navigateToUrl(baseUrl + "/accounts/edit/652c095d63d9d69bc80121ca", failureHandling): Navigate to 'https://monitoring.pssi-dev.kecilin.id/accounts/edit/652c095d63d9d69bc80121ca' successfully

19-01-2024T11:38:08 - [MESSAGE][PASSED] - Navigate to 'https://monitoring.pssi-dev.kecilin.id/accounts/edit/652c095d63d9d69bc80121ca' successfully

19-01-2024T11:38:08 - [TEST_STEP][PASSED] - verifyElementClickable(findTestObject("Page_Create Account/Name Field")): Object 'Object Repository/Page_Create Account/Name Field' is clickable

19-01-2024T11:38:10 - [MESSAGE][INFO] - Unable to find the element located by 'By.xpath: id("name")[count(. | //input[@type = 'text' and @class = 'form-control ' and @id = 'name' and @name = 'name' and @placeholder = 'Nama']) = count(//input[@type = 'text' and @class = 'form-control ' and @id = 'name' and @name = 'name' and @placeholder = 'Nama'])]'. Please recheck the objects properties to make sure the desired element is located. 

19-01-2024T11:38:10 - [MESSAGE][WARNING] - [SELF-HEALING] Failed to find element with id 'Object Repository/Page_Create Account/Name Field'. Try using Self-healing.

19-01-2024T11:38:11 - [MESSAGE][WARNING] - [SELF-HEALING] The current locator of test object 'Object Repository/Page_Create Account/Name Field' was broken. Propose an alternative one: '//input[@id='name']'.

19-01-2024T11:38:11 - [MESSAGE][PASSED] - Object 'Object Repository/Page_Create Account/Name Field' is clickable

19-01-2024T11:38:11 - [TEST_STEP][PASSED] - setText(findTestObject("Page_Create Account/Name Field"), "superadmin brisuperadmin brisuperadmin brisuperadmin brisuperadmin brisuperadmin brisuperadmin brisuperadmin brisuperadmin brisuperadmin brisuperadmin brisuperadmin brisuperadmin brisuperadmin brisuperadmin brisuperadmin brisuperadmin brisuperadmin brisiii"): Text 'superadmin brisuperadmin brisuperadmin brisuperadmin brisuperadmin brisuperadmin brisuperadmin brisuperadmin brisuperadmin brisuperadmin brisuperadmin brisuperadmin brisuperadmin brisuperadmin brisuperadmin brisuperadmin brisuperadmin brisuperadmin brisiii' is set on object 'Object Repository/Page_Create Account/Name Field'

19-01-2024T11:38:13 - [MESSAGE][INFO] - Unable to find the element located by 'By.xpath: id("name")[count(. | //input[@type = 'text' and @class = 'form-control ' and @id = 'name' and @name = 'name' and @placeholder = 'Nama']) = count(//input[@type = 'text' and @class = 'form-control ' and @id = 'name' and @name = 'name' and @placeholder = 'Nama'])]'. Please recheck the objects properties to make sure the desired element is located. 

19-01-2024T11:38:13 - [MESSAGE][WARNING] - [SELF-HEALING] Failed to find element with id 'Object Repository/Page_Create Account/Name Field'. Try using Self-healing.

19-01-2024T11:38:13 - [MESSAGE][WARNING] - [SELF-HEALING] The current locator of test object 'Object Repository/Page_Create Account/Name Field' was broken. Propose an alternative one: '//input[@id='name']'.

19-01-2024T11:38:15 - [MESSAGE][INFO] - Unable to find the element located by 'By.xpath: id("name")[count(. | //input[@type = 'text' and @class = 'form-control ' and @id = 'name' and @name = 'name' and @placeholder = 'Nama']) = count(//input[@type = 'text' and @class = 'form-control ' and @id = 'name' and @name = 'name' and @placeholder = 'Nama'])]'. Please recheck the objects properties to make sure the desired element is located. 

19-01-2024T11:38:15 - [MESSAGE][WARNING] - [SELF-HEALING] Failed to find element with id 'Object Repository/Page_Create Account/Name Field'. Try using Self-healing.

19-01-2024T11:38:16 - [MESSAGE][WARNING] - [SELF-HEALING] The current locator of test object 'Object Repository/Page_Create Account/Name Field' was broken. Propose an alternative one: '//input[@id='name']'.

19-01-2024T11:38:17 - [MESSAGE][PASSED] - Text 'superadmin brisuperadmin brisuperadmin brisuperadmin brisuperadmin brisuperadmin brisuperadmin brisuperadmin brisuperadmin brisuperadmin brisuperadmin brisuperadmin brisuperadmin brisuperadmin brisuperadmin brisuperadmin brisuperadmin brisuperadmin brisiii' is set on object 'Object Repository/Page_Create Account/Name Field'

19-01-2024T11:38:17 - [TEST_STEP][PASSED] - verifyElementClickable(findTestObject("Page_Create Account/Email Field")): Object 'Object Repository/Page_Create Account/Email Field' is clickable

19-01-2024T11:38:19 - [MESSAGE][INFO] - Unable to find the element located by 'By.xpath: id("email")[count(. | //input[@type = 'email' and @class = 'form-control ' and @id = 'email' and @name = 'email' and @placeholder = 'Email']) = count(//input[@type = 'email' and @class = 'form-control ' and @id = 'email' and @name = 'email' and @placeholder = 'Email'])]'. Please recheck the objects properties to make sure the desired element is located. 

19-01-2024T11:38:19 - [MESSAGE][WARNING] - [SELF-HEALING] Failed to find element with id 'Object Repository/Page_Create Account/Email Field'. Try using Self-healing.

19-01-2024T11:38:19 - [MESSAGE][WARNING] - [SELF-HEALING] The current locator of test object 'Object Repository/Page_Create Account/Email Field' was broken. Propose an alternative one: '//input[@id='email']'.

19-01-2024T11:38:19 - [MESSAGE][PASSED] - Object 'Object Repository/Page_Create Account/Email Field' is clickable

19-01-2024T11:38:19 - [TEST_STEP][PASSED] - setText(findTestObject("Page_Create Account/Email Field"), "vieweruser@yopmail.com"): Text 'vieweruser@yopmail.com' is set on object 'Object Repository/Page_Create Account/Email Field'

19-01-2024T11:38:21 - [MESSAGE][INFO] - Unable to find the element located by 'By.xpath: id("email")[count(. | //input[@type = 'email' and @class = 'form-control ' and @id = 'email' and @name = 'email' and @placeholder = 'Email']) = count(//input[@type = 'email' and @class = 'form-control ' and @id = 'email' and @name = 'email' and @placeholder = 'Email'])]'. Please recheck the objects properties to make sure the desired element is located. 

19-01-2024T11:38:21 - [MESSAGE][WARNING] - [SELF-HEALING] Failed to find element with id 'Object Repository/Page_Create Account/Email Field'. Try using Self-healing.

19-01-2024T11:38:22 - [MESSAGE][WARNING] - [SELF-HEALING] The current locator of test object 'Object Repository/Page_Create Account/Email Field' was broken. Propose an alternative one: '//input[@id='email']'.

19-01-2024T11:38:24 - [MESSAGE][INFO] - Unable to find the element located by 'By.xpath: id("email")[count(. | //input[@type = 'email' and @class = 'form-control ' and @id = 'email' and @name = 'email' and @placeholder = 'Email']) = count(//input[@type = 'email' and @class = 'form-control ' and @id = 'email' and @name = 'email' and @placeholder = 'Email'])]'. Please recheck the objects properties to make sure the desired element is located. 

19-01-2024T11:38:24 - [MESSAGE][WARNING] - [SELF-HEALING] Failed to find element with id 'Object Repository/Page_Create Account/Email Field'. Try using Self-healing.

19-01-2024T11:38:24 - [MESSAGE][WARNING] - [SELF-HEALING] The current locator of test object 'Object Repository/Page_Create Account/Email Field' was broken. Propose an alternative one: '//input[@id='email']'.

19-01-2024T11:38:24 - [MESSAGE][PASSED] - Text 'vieweruser@yopmail.com' is set on object 'Object Repository/Page_Create Account/Email Field'

19-01-2024T11:38:24 - [TEST_STEP][FAILED] - verifyElementClickable(findTestObject("Page_Create Account/Password Field")): Unable to verify object 'Object Repository/Page_Create Account/Password Field' to be clickable (Root cause: com.kms.katalon.core.exception.StepFailedException: Unable to verify object 'Object Repository/Page_Create Account/Password Field' to be clickable
	at com.kms.katalon.core.webui.keyword.internal.WebUIKeywordMain.stepFailed(WebUIKeywordMain.groovy:64)
	at com.kms.katalon.core.webui.keyword.internal.WebUIKeywordMain.runKeyword(WebUIKeywordMain.groovy:26)
	at com.kms.katalon.core.webui.keyword.builtin.VerifyElementClickableKeyword.verifyElementClickable(VerifyElementClickableKeyword.groovy:96)
	at com.kms.katalon.core.webui.keyword.builtin.VerifyElementClickableKeyword.execute(VerifyElementClickableKeyword.groovy:67)
	at com.kms.katalon.core.keyword.internal.KeywordExecutor.executeKeywordForPlatform(KeywordExecutor.groovy:74)
	at com.kms.katalon.core.webui.keyword.WebUiBuiltInKeywords.verifyElementClickable(WebUiBuiltInKeywords.groovy:605)
	at PSSIEditAccountExceedMaxChar.run(PSSIEditAccountExceedMaxChar:36)
	at com.kms.katalon.core.main.ScriptEngine.run(ScriptEngine.java:194)
	at com.kms.katalon.core.main.ScriptEngine.runScriptAsRawText(ScriptEngine.java:119)
	at com.kms.katalon.core.main.TestCaseExecutor.runScript(TestCaseExecutor.java:448)
	at com.kms.katalon.core.main.TestCaseExecutor.doExecute(TestCaseExecutor.java:439)
	at com.kms.katalon.core.main.TestCaseExecutor.processExecutionPhase(TestCaseExecutor.java:418)
	at com.kms.katalon.core.main.TestCaseExecutor.accessMainPhase(TestCaseExecutor.java:410)
	at com.kms.katalon.core.main.TestCaseExecutor.execute(TestCaseExecutor.java:285)
	at com.kms.katalon.core.main.TestCaseExecutor.execute(TestCaseExecutor.java:369)
	at com.kms.katalon.core.main.TestCaseExecutor.execute(TestCaseExecutor.java:369)
	at com.kms.katalon.core.main.TestCaseExecutor.execute(TestCaseExecutor.java:369)
	at com.kms.katalon.core.common.CommonExecutor.accessTestCaseMainPhase(CommonExecutor.java:65)
	at com.kms.katalon.core.main.TestSuiteExecutor.accessTestSuiteMainPhase(TestSuiteExecutor.java:148)
	at com.kms.katalon.core.main.TestSuiteExecutor.execute(TestSuiteExecutor.java:106)
	at com.kms.katalon.core.main.TestCaseMain.startTestSuite(TestCaseMain.java:180)
	at TempTestSuite1705637915236.run(TempTestSuite1705637915236.groovy:36)
	at java.base/jdk.internal.reflect.NativeMethodAccessorImpl.invoke0(Native Method)
	at java.base/jdk.internal.reflect.NativeMethodAccessorImpl.invoke(NativeMethodAccessorImpl.java:77)
	at java.base/jdk.internal.reflect.DelegatingMethodAccessorImpl.invoke(DelegatingMethodAccessorImpl.java:43)
Caused by: com.kms.katalon.core.exception.StepFailedException: Web element with id: 'Object Repository/Page_Create Account/Password Field' located by 'id("password")[count(. | //input[@type = 'text' and @class = 'form-control ' and @id = 'password' and @name = 'password' and @placeholder = 'Password']) = count(//input[@type = 'text' and @class = 'form-control ' and @id = 'password' and @name = 'password' and @placeholder = 'Password'])]' not found
	at com.kms.katalon.core.webui.keyword.internal.WebUIKeywordMain.stepFailed(WebUIKeywordMain.groovy:64)
	at com.kms.katalon.core.webui.keyword.builtin.VerifyElementClickableKeyword$_verifyElementClickable_closure1.doCall(VerifyElementClickableKeyword.groovy:88)
	at com.kms.katalon.core.webui.keyword.builtin.VerifyElementClickableKeyword$_verifyElementClickable_closure1.call(VerifyElementClickableKeyword.groovy)
	at com.kms.katalon.core.webui.keyword.internal.WebUIKeywordMain.runKeyword(WebUIKeywordMain.groovy:20)
	... 23 more
)

19-01-2024T11:38:26 - [MESSAGE][INFO] - Unable to find the element located by 'By.xpath: id("password")[count(. | //input[@type = 'text' and @class = 'form-control ' and @id = 'password' and @name = 'password' and @placeholder = 'Password']) = count(//input[@type = 'text' and @class = 'form-control ' and @id = 'password' and @name = 'password' and @placeholder = 'Password'])]'. Please recheck the objects properties to make sure the desired element is located. 

19-01-2024T11:38:26 - [MESSAGE][WARNING] - [SELF-HEALING] Failed to find element with id 'Object Repository/Page_Create Account/Password Field'. Try using Self-healing.

19-01-2024T11:38:28 - [MESSAGE][INFO] - Unable to find the element located by 'By.xpath: //input[@id='password']'. Please recheck the objects properties to make sure the desired element is located. 

19-01-2024T11:38:28 - [MESSAGE][INFO] - [SELF-HEALING] Failed Locator: '//input[@id='password']'.

19-01-2024T11:38:28 - [MESSAGE][INFO] - [SELF-HEALING] Failed Locator: '//div[3]/input'.

19-01-2024T11:38:28 - [MESSAGE][INFO] - [SELF-HEALING] Failed Locator: '//input[@type = 'text' and @id = 'password' and @name = 'password' and @placeholder = 'Password']'.

19-01-2024T11:38:29 - [MESSAGE][INFO] - [SELF-HEALING] Failed Locator: '//input[@id='password']'.

19-01-2024T11:38:29 - [MESSAGE][INFO] - [SELF-HEALING] Failed Locator: '//div[3]/input'.

19-01-2024T11:38:29 - [MESSAGE][INFO] - [SELF-HEALING] Failed Locator: '//input[@type = 'text' and @id = 'password' and @name = 'password' and @placeholder = 'Password']'.

19-01-2024T11:38:30 - [MESSAGE][INFO] - Unable to find the element located by 'By.cssSelector: #password'. Please recheck the objects properties to make sure the desired element is located. 

19-01-2024T11:38:31 - [MESSAGE][FAILED] - Web element with id: 'Object Repository/Page_Create Account/Password Field' located by 'id("password")[count(. | //input[@type = 'text' and @class = 'form-control ' and @id = 'password' and @name = 'password' and @placeholder = 'Password']) = count(//input[@type = 'text' and @class = 'form-control ' and @id = 'password' and @name = 'password' and @placeholder = 'Password'])]' not found (Root cause: com.kms.katalon.core.exception.StepFailedException: Web element with id: 'Object Repository/Page_Create Account/Password Field' located by 'id("password")[count(. | //input[@type = 'text' and @class = 'form-control ' and @id = 'password' and @name = 'password' and @placeholder = 'Password']) = count(//input[@type = 'text' and @class = 'form-control ' and @id = 'password' and @name = 'password' and @placeholder = 'Password'])]' not found
	at com.kms.katalon.core.webui.keyword.internal.WebUIKeywordMain.stepFailed(WebUIKeywordMain.groovy:64)
	at com.kms.katalon.core.webui.keyword.builtin.VerifyElementClickableKeyword$_verifyElementClickable_closure1.doCall(VerifyElementClickableKeyword.groovy:88)
	at com.kms.katalon.core.webui.keyword.builtin.VerifyElementClickableKeyword$_verifyElementClickable_closure1.call(VerifyElementClickableKeyword.groovy)
	at com.kms.katalon.core.webui.keyword.internal.WebUIKeywordMain.runKeyword(WebUIKeywordMain.groovy:20)
	at com.kms.katalon.core.webui.keyword.builtin.VerifyElementClickableKeyword.verifyElementClickable(VerifyElementClickableKeyword.groovy:96)
	at com.kms.katalon.core.webui.keyword.builtin.VerifyElementClickableKeyword.execute(VerifyElementClickableKeyword.groovy:67)
	at com.kms.katalon.core.keyword.internal.KeywordExecutor.executeKeywordForPlatform(KeywordExecutor.groovy:74)
	at com.kms.katalon.core.webui.keyword.WebUiBuiltInKeywords.verifyElementClickable(WebUiBuiltInKeywords.groovy:605)
	at PSSIEditAccountExceedMaxChar.run(PSSIEditAccountExceedMaxChar:36)
	at com.kms.katalon.core.main.ScriptEngine.run(ScriptEngine.java:194)
	at com.kms.katalon.core.main.ScriptEngine.runScriptAsRawText(ScriptEngine.java:119)
	at com.kms.katalon.core.main.TestCaseExecutor.runScript(TestCaseExecutor.java:448)
	at com.kms.katalon.core.main.TestCaseExecutor.doExecute(TestCaseExecutor.java:439)
	at com.kms.katalon.core.main.TestCaseExecutor.processExecutionPhase(TestCaseExecutor.java:418)
	at com.kms.katalon.core.main.TestCaseExecutor.accessMainPhase(TestCaseExecutor.java:410)
	at com.kms.katalon.core.main.TestCaseExecutor.execute(TestCaseExecutor.java:285)
	at com.kms.katalon.core.main.TestCaseExecutor.execute(TestCaseExecutor.java:369)
	at com.kms.katalon.core.main.TestCaseExecutor.execute(TestCaseExecutor.java:369)
	at com.kms.katalon.core.main.TestCaseExecutor.execute(TestCaseExecutor.java:369)
	at com.kms.katalon.core.common.CommonExecutor.accessTestCaseMainPhase(CommonExecutor.java:65)
	at com.kms.katalon.core.main.TestSuiteExecutor.accessTestSuiteMainPhase(TestSuiteExecutor.java:148)
	at com.kms.katalon.core.main.TestSuiteExecutor.execute(TestSuiteExecutor.java:106)
	at com.kms.katalon.core.main.TestCaseMain.startTestSuite(TestCaseMain.java:180)
	at TempTestSuite1705637915236.run(TempTestSuite1705637915236.groovy:36)
	at java.base/jdk.internal.reflect.NativeMethodAccessorImpl.invoke0(Native Method)
	at java.base/jdk.internal.reflect.NativeMethodAccessorImpl.invoke(NativeMethodAccessorImpl.java:77)
	at java.base/jdk.internal.reflect.DelegatingMethodAccessorImpl.invoke(DelegatingMethodAccessorImpl.java:43)
)
[[ATTACHMENT|C:\\Users\\USER\\git\\Kecilin-Automation-Test\\Reports\\20240119_111826\\Create BE Account Management\\Edit Account Test Suite\\20240119_111835\\1705639110909.png]]

19-01-2024T11:38:31 - [MESSAGE][FAILED] - Unable to verify object 'Object Repository/Page_Create Account/Password Field' to be clickable (Root cause: com.kms.katalon.core.exception.StepFailedException: Unable to verify object 'Object Repository/Page_Create Account/Password Field' to be clickable
	at com.kms.katalon.core.webui.keyword.internal.WebUIKeywordMain.stepFailed(WebUIKeywordMain.groovy:64)
	at com.kms.katalon.core.webui.keyword.internal.WebUIKeywordMain.runKeyword(WebUIKeywordMain.groovy:26)
	at com.kms.katalon.core.webui.keyword.builtin.VerifyElementClickableKeyword.verifyElementClickable(VerifyElementClickableKeyword.groovy:96)
	at com.kms.katalon.core.webui.keyword.builtin.VerifyElementClickableKeyword.execute(VerifyElementClickableKeyword.groovy:67)
	at com.kms.katalon.core.keyword.internal.KeywordExecutor.executeKeywordForPlatform(KeywordExecutor.groovy:74)
	at com.kms.katalon.core.webui.keyword.WebUiBuiltInKeywords.verifyElementClickable(WebUiBuiltInKeywords.groovy:605)
	at PSSIEditAccountExceedMaxChar.run(PSSIEditAccountExceedMaxChar:36)
	at com.kms.katalon.core.main.ScriptEngine.run(ScriptEngine.java:194)
	at com.kms.katalon.core.main.ScriptEngine.runScriptAsRawText(ScriptEngine.java:119)
	at com.kms.katalon.core.main.TestCaseExecutor.runScript(TestCaseExecutor.java:448)
	at com.kms.katalon.core.main.TestCaseExecutor.doExecute(TestCaseExecutor.java:439)
	at com.kms.katalon.core.main.TestCaseExecutor.processExecutionPhase(TestCaseExecutor.java:418)
	at com.kms.katalon.core.main.TestCaseExecutor.accessMainPhase(TestCaseExecutor.java:410)
	at com.kms.katalon.core.main.TestCaseExecutor.execute(TestCaseExecutor.java:285)
	at com.kms.katalon.core.main.TestCaseExecutor.execute(TestCaseExecutor.java:369)
	at com.kms.katalon.core.main.TestCaseExecutor.execute(TestCaseExecutor.java:369)
	at com.kms.katalon.core.main.TestCaseExecutor.execute(TestCaseExecutor.java:369)
	at com.kms.katalon.core.common.CommonExecutor.accessTestCaseMainPhase(CommonExecutor.java:65)
	at com.kms.katalon.core.main.TestSuiteExecutor.accessTestSuiteMainPhase(TestSuiteExecutor.java:148)
	at com.kms.katalon.core.main.TestSuiteExecutor.execute(TestSuiteExecutor.java:106)
	at com.kms.katalon.core.main.TestCaseMain.startTestSuite(TestCaseMain.java:180)
	at TempTestSuite1705637915236.run(TempTestSuite1705637915236.groovy:36)
	at java.base/jdk.internal.reflect.NativeMethodAccessorImpl.invoke0(Native Method)
	at java.base/jdk.internal.reflect.NativeMethodAccessorImpl.invoke(NativeMethodAccessorImpl.java:77)
	at java.base/jdk.internal.reflect.DelegatingMethodAccessorImpl.invoke(DelegatingMethodAccessorImpl.java:43)
Caused by: com.kms.katalon.core.exception.StepFailedException: Web element with id: 'Object Repository/Page_Create Account/Password Field' located by 'id("password")[count(. | //input[@type = 'text' and @class = 'form-control ' and @id = 'password' and @name = 'password' and @placeholder = 'Password']) = count(//input[@type = 'text' and @class = 'form-control ' and @id = 'password' and @name = 'password' and @placeholder = 'Password'])]' not found
	at com.kms.katalon.core.webui.keyword.internal.WebUIKeywordMain.stepFailed(WebUIKeywordMain.groovy:64)
	at com.kms.katalon.core.webui.keyword.builtin.VerifyElementClickableKeyword$_verifyElementClickable_closure1.doCall(VerifyElementClickableKeyword.groovy:88)
	at com.kms.katalon.core.webui.keyword.builtin.VerifyElementClickableKeyword$_verifyElementClickable_closure1.call(VerifyElementClickableKeyword.groovy)
	at com.kms.katalon.core.webui.keyword.internal.WebUIKeywordMain.runKeyword(WebUIKeywordMain.groovy:20)
	... 23 more
)
[[ATTACHMENT|C:\\Users\\USER\\git\\Kecilin-Automation-Test\\Reports\\20240119_111826\\Create BE Account Management\\Edit Account Test Suite\\20240119_111835\\1705639111145.png]]]]></system-out>
         <system-err><![CDATA[19-01-2024T11:37:58 - [TEST_CASE][FAILED] - Test Cases/Offline PSSI Dashboard Function/Create BE Account Management/Edit Account/Negative Test Case/PSSIEditAccountExceedMaxChar: Test Cases/Offline PSSI Dashboard Function/Create BE Account Management/Edit Account/Negative Test Case/PSSIEditAccountExceedMaxChar FAILED.
Reason:
com.kms.katalon.core.exception.StepFailedException: Unable to verify object 'Object Repository/Page_Create Account/Password Field' to be clickable
	at com.kms.katalon.core.webui.keyword.internal.WebUIKeywordMain.stepFailed(WebUIKeywordMain.groovy:64)
	at com.kms.katalon.core.webui.keyword.internal.WebUIKeywordMain.runKeyword(WebUIKeywordMain.groovy:26)
	at com.kms.katalon.core.webui.keyword.builtin.VerifyElementClickableKeyword.verifyElementClickable(VerifyElementClickableKeyword.groovy:96)
	at com.kms.katalon.core.webui.keyword.builtin.VerifyElementClickableKeyword.execute(VerifyElementClickableKeyword.groovy:67)
	at com.kms.katalon.core.keyword.internal.KeywordExecutor.executeKeywordForPlatform(KeywordExecutor.groovy:74)
	at com.kms.katalon.core.webui.keyword.WebUiBuiltInKeywords.verifyElementClickable(WebUiBuiltInKeywords.groovy:605)
	at PSSIEditAccountExceedMaxChar.run(PSSIEditAccountExceedMaxChar:36)
	at com.kms.katalon.core.main.ScriptEngine.run(ScriptEngine.java:194)
	at com.kms.katalon.core.main.ScriptEngine.runScriptAsRawText(ScriptEngine.java:119)
	at com.kms.katalon.core.main.TestCaseExecutor.runScript(TestCaseExecutor.java:448)
	at com.kms.katalon.core.main.TestCaseExecutor.doExecute(TestCaseExecutor.java:439)
	at com.kms.katalon.core.main.TestCaseExecutor.processExecutionPhase(TestCaseExecutor.java:418)
	at com.kms.katalon.core.main.TestCaseExecutor.accessMainPhase(TestCaseExecutor.java:410)
	at com.kms.katalon.core.main.TestCaseExecutor.execute(TestCaseExecutor.java:285)
	at com.kms.katalon.core.main.TestCaseExecutor.execute(TestCaseExecutor.java:369)
	at com.kms.katalon.core.main.TestCaseExecutor.execute(TestCaseExecutor.java:369)
	at com.kms.katalon.core.main.TestCaseExecutor.execute(TestCaseExecutor.java:369)
	at com.kms.katalon.core.common.CommonExecutor.accessTestCaseMainPhase(CommonExecutor.java:65)
	at com.kms.katalon.core.main.TestSuiteExecutor.accessTestSuiteMainPhase(TestSuiteExecutor.java:148)
	at com.kms.katalon.core.main.TestSuiteExecutor.execute(TestSuiteExecutor.java:106)
	at com.kms.katalon.core.main.TestCaseMain.startTestSuite(TestCaseMain.java:180)
	at TempTestSuite1705637915236.run(TempTestSuite1705637915236.groovy:36)
	at java.base/jdk.internal.reflect.NativeMethodAccessorImpl.invoke0(Native Method)
	at java.base/jdk.internal.reflect.NativeMethodAccessorImpl.invoke(NativeMethodAccessorImpl.java:77)
	at java.base/jdk.internal.reflect.DelegatingMethodAccessorImpl.invoke(DelegatingMethodAccessorImpl.java:43)
Caused by: com.kms.katalon.core.exception.StepFailedException: Web element with id: 'Object Repository/Page_Create Account/Password Field' located by 'id("password")[count(. | //input[@type = 'text' and @class = 'form-control ' and @id = 'password' and @name = 'password' and @placeholder = 'Password']) = count(//input[@type = 'text' and @class = 'form-control ' and @id = 'password' and @name = 'password' and @placeholder = 'Password'])]' not found
	at com.kms.katalon.core.webui.keyword.internal.WebUIKeywordMain.stepFailed(WebUIKeywordMain.groovy:64)
	at com.kms.katalon.core.webui.keyword.builtin.VerifyElementClickableKeyword$_verifyElementClickable_closure1.doCall(VerifyElementClickableKeyword.groovy:88)
	at com.kms.katalon.core.webui.keyword.builtin.VerifyElementClickableKeyword$_verifyElementClickable_closure1.call(VerifyElementClickableKeyword.groovy)
	at com.kms.katalon.core.webui.keyword.internal.WebUIKeywordMain.runKeyword(WebUIKeywordMain.groovy:20)
	... 23 more]]></system-err>
      </testcase>
      <testcase name="Test Cases/Offline PSSI Dashboard Function/Create BE Account Management/Edit Account/Negative Test Case/PSSIEditAccountInvalidEmailFormat" time="35.041" classname="Test Cases/Offline PSSI Dashboard Function/Create BE Account Management/Edit Account/Negative Test Case/PSSIEditAccountInvalidEmailFormat" status="FAILED">
         <failure type="FAILED" message="Test Cases/Offline PSSI Dashboard Function/Create BE Account Management/Edit Account/Negative Test Case/PSSIEditAccountInvalidEmailFormat FAILED.&#xa;Reason:&#xa;com.kms.katalon.core.exception.StepFailedException: Unable to verify object 'Object Repository/Page_Create Account/Password Field' to be clickable&#xa;	at com.kms.katalon.core.webui.keyword.internal.WebUIKeywordMain.stepFailed(WebUIKeywordMain.groovy:64)&#xa;	at com.kms.katalon.core.webui.keyword.internal.WebUIKeywordMain.runKeyword(WebUIKeywordMain.groovy:26)&#xa;	at com.kms.katalon.core.webui.keyword.builtin.VerifyElementClickableKeyword.verifyElementClickable(VerifyElementClickableKeyword.groovy:96)&#xa;	at com.kms.katalon.core.webui.keyword.builtin.VerifyElementClickableKeyword.execute(VerifyElementClickableKeyword.groovy:67)&#xa;	at com.kms.katalon.core.keyword.internal.KeywordExecutor.executeKeywordForPlatform(KeywordExecutor.groovy:74)&#xa;	at com.kms.katalon.core.webui.keyword.WebUiBuiltInKeywords.verifyElementClickable(WebUiBuiltInKeywords.groovy:605)&#xa;	at PSSIEditAccountInvalidEmailFormat.run(PSSIEditAccountInvalidEmailFormat:37)&#xa;	at com.kms.katalon.core.main.ScriptEngine.run(ScriptEngine.java:194)&#xa;	at com.kms.katalon.core.main.ScriptEngine.runScriptAsRawText(ScriptEngine.java:119)&#xa;	at com.kms.katalon.core.main.TestCaseExecutor.runScript(TestCaseExecutor.java:448)&#xa;	at com.kms.katalon.core.main.TestCaseExecutor.doExecute(TestCaseExecutor.java:439)&#xa;	at com.kms.katalon.core.main.TestCaseExecutor.processExecutionPhase(TestCaseExecutor.java:418)&#xa;	at com.kms.katalon.core.main.TestCaseExecutor.accessMainPhase(TestCaseExecutor.java:410)&#xa;	at com.kms.katalon.core.main.TestCaseExecutor.execute(TestCaseExecutor.java:285)&#xa;	at com.kms.katalon.core.main.TestCaseExecutor.execute(TestCaseExecutor.java:369)&#xa;	at com.kms.katalon.core.main.TestCaseExecutor.execute(TestCaseExecutor.java:369)&#xa;	at com.kms.katalon.core.main.TestCaseExecutor.execute(TestCaseExecutor.java:369)&#xa;	at com.kms.katalon.core.common.CommonExecutor.accessTestCaseMainPhase(CommonExecutor.java:65)&#xa;	at com.kms.katalon.core.main.TestSuiteExecutor.accessTestSuiteMainPhase(TestSuiteExecutor.java:148)&#xa;	at com.kms.katalon.core.main.TestSuiteExecutor.execute(TestSuiteExecutor.java:106)&#xa;	at com.kms.katalon.core.main.TestCaseMain.startTestSuite(TestCaseMain.java:180)&#xa;	at TempTestSuite1705637915236.run(TempTestSuite1705637915236.groovy:36)&#xa;	at java.base/jdk.internal.reflect.NativeMethodAccessorImpl.invoke0(Native Method)&#xa;	at java.base/jdk.internal.reflect.NativeMethodAccessorImpl.invoke(NativeMethodAccessorImpl.java:77)&#xa;	at java.base/jdk.internal.reflect.DelegatingMethodAccessorImpl.invoke(DelegatingMethodAccessorImpl.java:43)&#xa;Caused by: com.kms.katalon.core.exception.StepFailedException: Web element with id: 'Object Repository/Page_Create Account/Password Field' located by 'id(&quot;password&quot;)[count(. | //input[@type = 'text' and @class = 'form-control ' and @id = 'password' and @name = 'password' and @placeholder = 'Password']) = count(//input[@type = 'text' and @class = 'form-control ' and @id = 'password' and @name = 'password' and @placeholder = 'Password'])]' not found&#xa;	at com.kms.katalon.core.webui.keyword.internal.WebUIKeywordMain.stepFailed(WebUIKeywordMain.groovy:64)&#xa;	at com.kms.katalon.core.webui.keyword.builtin.VerifyElementClickableKeyword$_verifyElementClickable_closure1.doCall(VerifyElementClickableKeyword.groovy:88)&#xa;	at com.kms.katalon.core.webui.keyword.builtin.VerifyElementClickableKeyword$_verifyElementClickable_closure1.call(VerifyElementClickableKeyword.groovy)&#xa;	at com.kms.katalon.core.webui.keyword.internal.WebUIKeywordMain.runKeyword(WebUIKeywordMain.groovy:20)&#xa;	... 23 more&#xa;"/>
         <system-out><![CDATA[19-01-2024T11:39:43 - [TEST_CASE][FAILED] - Test Cases/Offline PSSI Dashboard Function/Create BE Account Management/Edit Account/Negative Test Case/PSSIEditAccountInvalidEmailFormat: Test Cases/Offline PSSI Dashboard Function/Create BE Account Management/Edit Account/Negative Test Case/PSSIEditAccountInvalidEmailFormat FAILED.
Reason:
com.kms.katalon.core.exception.StepFailedException: Unable to verify object 'Object Repository/Page_Create Account/Password Field' to be clickable
	at com.kms.katalon.core.webui.keyword.internal.WebUIKeywordMain.stepFailed(WebUIKeywordMain.groovy:64)
	at com.kms.katalon.core.webui.keyword.internal.WebUIKeywordMain.runKeyword(WebUIKeywordMain.groovy:26)
	at com.kms.katalon.core.webui.keyword.builtin.VerifyElementClickableKeyword.verifyElementClickable(VerifyElementClickableKeyword.groovy:96)
	at com.kms.katalon.core.webui.keyword.builtin.VerifyElementClickableKeyword.execute(VerifyElementClickableKeyword.groovy:67)
	at com.kms.katalon.core.keyword.internal.KeywordExecutor.executeKeywordForPlatform(KeywordExecutor.groovy:74)
	at com.kms.katalon.core.webui.keyword.WebUiBuiltInKeywords.verifyElementClickable(WebUiBuiltInKeywords.groovy:605)
	at PSSIEditAccountInvalidEmailFormat.run(PSSIEditAccountInvalidEmailFormat:37)
	at com.kms.katalon.core.main.ScriptEngine.run(ScriptEngine.java:194)
	at com.kms.katalon.core.main.ScriptEngine.runScriptAsRawText(ScriptEngine.java:119)
	at com.kms.katalon.core.main.TestCaseExecutor.runScript(TestCaseExecutor.java:448)
	at com.kms.katalon.core.main.TestCaseExecutor.doExecute(TestCaseExecutor.java:439)
	at com.kms.katalon.core.main.TestCaseExecutor.processExecutionPhase(TestCaseExecutor.java:418)
	at com.kms.katalon.core.main.TestCaseExecutor.accessMainPhase(TestCaseExecutor.java:410)
	at com.kms.katalon.core.main.TestCaseExecutor.execute(TestCaseExecutor.java:285)
	at com.kms.katalon.core.main.TestCaseExecutor.execute(TestCaseExecutor.java:369)
	at com.kms.katalon.core.main.TestCaseExecutor.execute(TestCaseExecutor.java:369)
	at com.kms.katalon.core.main.TestCaseExecutor.execute(TestCaseExecutor.java:369)
	at com.kms.katalon.core.common.CommonExecutor.accessTestCaseMainPhase(CommonExecutor.java:65)
	at com.kms.katalon.core.main.TestSuiteExecutor.accessTestSuiteMainPhase(TestSuiteExecutor.java:148)
	at com.kms.katalon.core.main.TestSuiteExecutor.execute(TestSuiteExecutor.java:106)
	at com.kms.katalon.core.main.TestCaseMain.startTestSuite(TestCaseMain.java:180)
	at TempTestSuite1705637915236.run(TempTestSuite1705637915236.groovy:36)
	at java.base/jdk.internal.reflect.NativeMethodAccessorImpl.invoke0(Native Method)
	at java.base/jdk.internal.reflect.NativeMethodAccessorImpl.invoke(NativeMethodAccessorImpl.java:77)
	at java.base/jdk.internal.reflect.DelegatingMethodAccessorImpl.invoke(DelegatingMethodAccessorImpl.java:43)
Caused by: com.kms.katalon.core.exception.StepFailedException: Web element with id: 'Object Repository/Page_Create Account/Password Field' located by 'id("password")[count(. | //input[@type = 'text' and @class = 'form-control ' and @id = 'password' and @name = 'password' and @placeholder = 'Password']) = count(//input[@type = 'text' and @class = 'form-control ' and @id = 'password' and @name = 'password' and @placeholder = 'Password'])]' not found
	at com.kms.katalon.core.webui.keyword.internal.WebUIKeywordMain.stepFailed(WebUIKeywordMain.groovy:64)
	at com.kms.katalon.core.webui.keyword.builtin.VerifyElementClickableKeyword$_verifyElementClickable_closure1.doCall(VerifyElementClickableKeyword.groovy:88)
	at com.kms.katalon.core.webui.keyword.builtin.VerifyElementClickableKeyword$_verifyElementClickable_closure1.call(VerifyElementClickableKeyword.groovy)
	at com.kms.katalon.core.webui.keyword.internal.WebUIKeywordMain.runKeyword(WebUIKeywordMain.groovy:20)
	... 23 more


19-01-2024T11:39:43 - [TEST_STEP][PASSED] - failureHandling = STOP_ON_FAILURE: null

19-01-2024T11:39:43 - [TEST_STEP][PASSED] - baseUrl = offline_pssi_dashboard_url: null

19-01-2024T11:39:43 - [TEST_STEP][PASSED] - callTestCase(findTestCase("Offline PSSI Dashboard Function/Create BE Account Management/View Account Management/PSSIViewAccountManagement"), [:], failureHandling): Call Test Case 'Test Cases/Offline PSSI Dashboard Function/Create BE Account Management/View Account Management/PSSIViewAccountManagement' successfully

19-01-2024T11:39:43 - [TEST_CASE][PASSED] - Test Cases/Offline PSSI Dashboard Function/Create BE Account Management/View Account Management/PSSIViewAccountManagement: Test Cases/Offline PSSI Dashboard Function/Create BE Account Management/View Account Management/PSSIViewAccountManagement

19-01-2024T11:39:43 - [TEST_STEP][PASSED] - failureHandling = STOP_ON_FAILURE: null

19-01-2024T11:39:43 - [TEST_STEP][PASSED] - baseUrl = offline_pssi_dashboard_url: null

19-01-2024T11:39:43 - [TEST_STEP][PASSED] - callTestCase(findTestCase("Offline PSSI Dashboard Function/Sign In/PSSISignInValidData"), [:], failureHandling): Call Test Case 'Test Cases/Offline PSSI Dashboard Function/Sign In/PSSISignInValidData' successfully

19-01-2024T11:39:44 - [TEST_CASE][PASSED] - Test Cases/Offline PSSI Dashboard Function/Sign In/PSSISignInValidData: Test Cases/Offline PSSI Dashboard Function/Sign In/PSSISignInValidData

19-01-2024T11:39:44 - [TEST_STEP][PASSED] - failureHandling = STOP_ON_FAILURE: null

19-01-2024T11:39:44 - [TEST_STEP][PASSED] - baseUrl = offline_pssi_dashboard_url: null

19-01-2024T11:39:44 - [TEST_STEP][PASSED] - openBrowser(""): Browser is opened with url: ''

19-01-2024T11:39:44 - [MESSAGE][WARNING] - A browser is already opened. Closing browser and opening a new one

19-01-2024T11:39:44 - [MESSAGE][INFO] - Starting 'Chrome' driver

19-01-2024T11:39:44 - [MESSAGE][INFO] - User set preference: ['unhandledPromptBehaviour', 'ignore']

19-01-2024T11:39:44 - [MESSAGE][INFO] - User set preference: ['unexpectedAlertBehaviour', 'ignore']

19-01-2024T11:39:44 - [MESSAGE][INFO] - Action delay is set to 0 milliseconds

19-01-2024T11:39:45 - [MESSAGE][PASSED] - Browser is opened with url: ''

19-01-2024T11:39:45 - [TEST_STEP][PASSED] - navigateToUrl(baseUrl): Navigate to 'https://monitoring.pssi-dev.kecilin.id' successfully

19-01-2024T11:39:56 - [MESSAGE][PASSED] - Navigate to 'https://monitoring.pssi-dev.kecilin.id' successfully

19-01-2024T11:39:56 - [TEST_STEP][PASSED] - maximizeWindow(): Current window maximized

19-01-2024T11:39:56 - [MESSAGE][PASSED] - Current window maximized

19-01-2024T11:39:56 - [TEST_STEP][PASSED] - setText(findTestObject("Object Repository/Page_Login/input_email"), "superadmin@app.com"): Text 'superadmin@app.com' is set on object 'Object Repository/Page_Login/input_email'

19-01-2024T11:39:57 - [MESSAGE][PASSED] - Text 'superadmin@app.com' is set on object 'Object Repository/Page_Login/input_email'

19-01-2024T11:39:57 - [TEST_STEP][PASSED] - setEncryptedText(findTestObject("Object Repository/Page_Login/input_password"), "8SQVv/p9jVScEs4/2CZsLw=="): Text ****** has been set on object 'Object Repository/Page_Login/input_password'

19-01-2024T11:39:57 - [MESSAGE][PASSED] - Text ****** has been set on object 'Object Repository/Page_Login/input_password'

19-01-2024T11:39:57 - [TEST_STEP][PASSED] - click(findTestObject("Object Repository/Page_Login/button_Sign In")): Object: 'Object Repository/Page_Login/button_Sign In' is clicked on

19-01-2024T11:39:59 - [MESSAGE][PASSED] - Object: 'Object Repository/Page_Login/button_Sign In' is clicked on

19-01-2024T11:39:59 - [MESSAGE][PASSED] - Call Test Case 'Test Cases/Offline PSSI Dashboard Function/Sign In/PSSISignInValidData' successfully

19-01-2024T11:39:59 - [TEST_STEP][PASSED] - scrollToElement(findTestObject("Page_Dashboard/Account Management Sidebar"), 0): Scroll to object 'Object Repository/Page_Dashboard/Account Management Sidebar' successfully

19-01-2024T11:39:59 - [MESSAGE][WARNING] - Timeout '0' is invalid. Using default page load timeout: '1'

19-01-2024T11:40:01 - [MESSAGE][INFO] - Unable to find the element located by 'By.xpath: id("sidenav-collapse-main")/ul[@class="navbar-nav"]/li[@class="nav-item"]/a[@class="nav-link"][count(. | //a[@class = 'nav-link  ' and @href = '/accounts' and (text() = '
            
              
                
              
            
            Account Management
          ' or . = '
            
              
                
              
            
            Account Management
          ')]) = count(//a[@class = 'nav-link  ' and @href = '/accounts' and (text() = '
            
              
                
              
            
            Account Management
          ' or . = '
            
              
                
              
            
            Account Management
          ')])]'. Please recheck the objects properties to make sure the desired element is located. 

19-01-2024T11:40:01 - [MESSAGE][WARNING] - [SELF-HEALING] Failed to find element with id 'Object Repository/Page_Dashboard/Account Management Sidebar'. Try using Self-healing.

19-01-2024T11:40:02 - [MESSAGE][WARNING] - [SELF-HEALING] The current locator of test object 'Object Repository/Page_Dashboard/Account Management Sidebar' was broken. Propose an alternative one: '//div[@id='sidenav-collapse-main']/ul/li[12]/a'.

19-01-2024T11:40:02 - [MESSAGE][PASSED] - Scroll to object 'Object Repository/Page_Dashboard/Account Management Sidebar' successfully

19-01-2024T11:40:02 - [TEST_STEP][PASSED] - navigateToUrl(baseUrl + "/accounts", failureHandling): Navigate to 'https://monitoring.pssi-dev.kecilin.id/accounts' successfully

19-01-2024T11:40:02 - [MESSAGE][PASSED] - Navigate to 'https://monitoring.pssi-dev.kecilin.id/accounts' successfully

19-01-2024T11:40:02 - [MESSAGE][INFO] - 

19-01-2024T11:40:02 - [MESSAGE][INFO] - ===================== Self-healing Report ====================

19-01-2024T11:40:02 - [MESSAGE][INFO] - One of the failed test object locators has been recovered by Self-healing. Please refer to the Self-healing Insights tab for more details.

19-01-2024T11:40:02 - [MESSAGE][INFO] - To learn more about Self-healing, please read https://docs.katalon.com/katalon-studio/docs/self-healing.html

19-01-2024T11:40:02 - [MESSAGE][INFO] - ==============================================================

19-01-2024T11:40:02 - [MESSAGE][PASSED] - Call Test Case 'Test Cases/Offline PSSI Dashboard Function/Create BE Account Management/View Account Management/PSSIViewAccountManagement' successfully

19-01-2024T11:40:02 - [TEST_STEP][PASSED] - navigateToUrl(baseUrl + "/accounts/edit/652c095d63d9d69bc80121ca", failureHandling): Navigate to 'https://monitoring.pssi-dev.kecilin.id/accounts/edit/652c095d63d9d69bc80121ca' successfully

19-01-2024T11:40:04 - [MESSAGE][PASSED] - Navigate to 'https://monitoring.pssi-dev.kecilin.id/accounts/edit/652c095d63d9d69bc80121ca' successfully

19-01-2024T11:40:04 - [TEST_STEP][PASSED] - verifyElementClickable(findTestObject("Page_Create Account/Email Field")): Object 'Object Repository/Page_Create Account/Email Field' is clickable

19-01-2024T11:40:06 - [MESSAGE][INFO] - Unable to find the element located by 'By.xpath: id("email")[count(. | //input[@type = 'email' and @class = 'form-control ' and @id = 'email' and @name = 'email' and @placeholder = 'Email']) = count(//input[@type = 'email' and @class = 'form-control ' and @id = 'email' and @name = 'email' and @placeholder = 'Email'])]'. Please recheck the objects properties to make sure the desired element is located. 

19-01-2024T11:40:06 - [MESSAGE][WARNING] - [SELF-HEALING] Failed to find element with id 'Object Repository/Page_Create Account/Email Field'. Try using Self-healing.

19-01-2024T11:40:06 - [MESSAGE][WARNING] - [SELF-HEALING] The current locator of test object 'Object Repository/Page_Create Account/Email Field' was broken. Propose an alternative one: '//input[@id='email']'.

19-01-2024T11:40:06 - [MESSAGE][PASSED] - Object 'Object Repository/Page_Create Account/Email Field' is clickable

19-01-2024T11:40:06 - [TEST_STEP][PASSED] - setText(findTestObject("Page_Create Account/Email Field"), "vieweruser@a"): Text 'vieweruser@a' is set on object 'Object Repository/Page_Create Account/Email Field'

19-01-2024T11:40:09 - [MESSAGE][INFO] - Unable to find the element located by 'By.xpath: id("email")[count(. | //input[@type = 'email' and @class = 'form-control ' and @id = 'email' and @name = 'email' and @placeholder = 'Email']) = count(//input[@type = 'email' and @class = 'form-control ' and @id = 'email' and @name = 'email' and @placeholder = 'Email'])]'. Please recheck the objects properties to make sure the desired element is located. 

19-01-2024T11:40:09 - [MESSAGE][WARNING] - [SELF-HEALING] Failed to find element with id 'Object Repository/Page_Create Account/Email Field'. Try using Self-healing.

19-01-2024T11:40:09 - [MESSAGE][WARNING] - [SELF-HEALING] The current locator of test object 'Object Repository/Page_Create Account/Email Field' was broken. Propose an alternative one: '//input[@id='email']'.

19-01-2024T11:40:11 - [MESSAGE][INFO] - Unable to find the element located by 'By.xpath: id("email")[count(. | //input[@type = 'email' and @class = 'form-control ' and @id = 'email' and @name = 'email' and @placeholder = 'Email']) = count(//input[@type = 'email' and @class = 'form-control ' and @id = 'email' and @name = 'email' and @placeholder = 'Email'])]'. Please recheck the objects properties to make sure the desired element is located. 

19-01-2024T11:40:11 - [MESSAGE][WARNING] - [SELF-HEALING] Failed to find element with id 'Object Repository/Page_Create Account/Email Field'. Try using Self-healing.

19-01-2024T11:40:12 - [MESSAGE][WARNING] - [SELF-HEALING] The current locator of test object 'Object Repository/Page_Create Account/Email Field' was broken. Propose an alternative one: '//input[@id='email']'.

19-01-2024T11:40:12 - [MESSAGE][PASSED] - Text 'vieweruser@a' is set on object 'Object Repository/Page_Create Account/Email Field'

19-01-2024T11:40:12 - [TEST_STEP][FAILED] - verifyElementClickable(findTestObject("Page_Create Account/Password Field")): Unable to verify object 'Object Repository/Page_Create Account/Password Field' to be clickable (Root cause: com.kms.katalon.core.exception.StepFailedException: Unable to verify object 'Object Repository/Page_Create Account/Password Field' to be clickable
	at com.kms.katalon.core.webui.keyword.internal.WebUIKeywordMain.stepFailed(WebUIKeywordMain.groovy:64)
	at com.kms.katalon.core.webui.keyword.internal.WebUIKeywordMain.runKeyword(WebUIKeywordMain.groovy:26)
	at com.kms.katalon.core.webui.keyword.builtin.VerifyElementClickableKeyword.verifyElementClickable(VerifyElementClickableKeyword.groovy:96)
	at com.kms.katalon.core.webui.keyword.builtin.VerifyElementClickableKeyword.execute(VerifyElementClickableKeyword.groovy:67)
	at com.kms.katalon.core.keyword.internal.KeywordExecutor.executeKeywordForPlatform(KeywordExecutor.groovy:74)
	at com.kms.katalon.core.webui.keyword.WebUiBuiltInKeywords.verifyElementClickable(WebUiBuiltInKeywords.groovy:605)
	at PSSIEditAccountInvalidEmailFormat.run(PSSIEditAccountInvalidEmailFormat:37)
	at com.kms.katalon.core.main.ScriptEngine.run(ScriptEngine.java:194)
	at com.kms.katalon.core.main.ScriptEngine.runScriptAsRawText(ScriptEngine.java:119)
	at com.kms.katalon.core.main.TestCaseExecutor.runScript(TestCaseExecutor.java:448)
	at com.kms.katalon.core.main.TestCaseExecutor.doExecute(TestCaseExecutor.java:439)
	at com.kms.katalon.core.main.TestCaseExecutor.processExecutionPhase(TestCaseExecutor.java:418)
	at com.kms.katalon.core.main.TestCaseExecutor.accessMainPhase(TestCaseExecutor.java:410)
	at com.kms.katalon.core.main.TestCaseExecutor.execute(TestCaseExecutor.java:285)
	at com.kms.katalon.core.main.TestCaseExecutor.execute(TestCaseExecutor.java:369)
	at com.kms.katalon.core.main.TestCaseExecutor.execute(TestCaseExecutor.java:369)
	at com.kms.katalon.core.main.TestCaseExecutor.execute(TestCaseExecutor.java:369)
	at com.kms.katalon.core.common.CommonExecutor.accessTestCaseMainPhase(CommonExecutor.java:65)
	at com.kms.katalon.core.main.TestSuiteExecutor.accessTestSuiteMainPhase(TestSuiteExecutor.java:148)
	at com.kms.katalon.core.main.TestSuiteExecutor.execute(TestSuiteExecutor.java:106)
	at com.kms.katalon.core.main.TestCaseMain.startTestSuite(TestCaseMain.java:180)
	at TempTestSuite1705637915236.run(TempTestSuite1705637915236.groovy:36)
	at java.base/jdk.internal.reflect.NativeMethodAccessorImpl.invoke0(Native Method)
	at java.base/jdk.internal.reflect.NativeMethodAccessorImpl.invoke(NativeMethodAccessorImpl.java:77)
	at java.base/jdk.internal.reflect.DelegatingMethodAccessorImpl.invoke(DelegatingMethodAccessorImpl.java:43)
Caused by: com.kms.katalon.core.exception.StepFailedException: Web element with id: 'Object Repository/Page_Create Account/Password Field' located by 'id("password")[count(. | //input[@type = 'text' and @class = 'form-control ' and @id = 'password' and @name = 'password' and @placeholder = 'Password']) = count(//input[@type = 'text' and @class = 'form-control ' and @id = 'password' and @name = 'password' and @placeholder = 'Password'])]' not found
	at com.kms.katalon.core.webui.keyword.internal.WebUIKeywordMain.stepFailed(WebUIKeywordMain.groovy:64)
	at com.kms.katalon.core.webui.keyword.builtin.VerifyElementClickableKeyword$_verifyElementClickable_closure1.doCall(VerifyElementClickableKeyword.groovy:88)
	at com.kms.katalon.core.webui.keyword.builtin.VerifyElementClickableKeyword$_verifyElementClickable_closure1.call(VerifyElementClickableKeyword.groovy)
	at com.kms.katalon.core.webui.keyword.internal.WebUIKeywordMain.runKeyword(WebUIKeywordMain.groovy:20)
	... 23 more
)

19-01-2024T11:40:14 - [MESSAGE][INFO] - Unable to find the element located by 'By.xpath: id("password")[count(. | //input[@type = 'text' and @class = 'form-control ' and @id = 'password' and @name = 'password' and @placeholder = 'Password']) = count(//input[@type = 'text' and @class = 'form-control ' and @id = 'password' and @name = 'password' and @placeholder = 'Password'])]'. Please recheck the objects properties to make sure the desired element is located. 

19-01-2024T11:40:14 - [MESSAGE][WARNING] - [SELF-HEALING] Failed to find element with id 'Object Repository/Page_Create Account/Password Field'. Try using Self-healing.

19-01-2024T11:40:15 - [MESSAGE][INFO] - Unable to find the element located by 'By.xpath: //input[@id='password']'. Please recheck the objects properties to make sure the desired element is located. 

19-01-2024T11:40:15 - [MESSAGE][INFO] - [SELF-HEALING] Failed Locator: '//input[@id='password']'.

19-01-2024T11:40:16 - [MESSAGE][INFO] - [SELF-HEALING] Failed Locator: '//div[3]/input'.

19-01-2024T11:40:16 - [MESSAGE][INFO] - [SELF-HEALING] Failed Locator: '//input[@type = 'text' and @id = 'password' and @name = 'password' and @placeholder = 'Password']'.

19-01-2024T11:40:16 - [MESSAGE][INFO] - [SELF-HEALING] Failed Locator: '//input[@id='password']'.

19-01-2024T11:40:16 - [MESSAGE][INFO] - [SELF-HEALING] Failed Locator: '//div[3]/input'.

19-01-2024T11:40:17 - [MESSAGE][INFO] - [SELF-HEALING] Failed Locator: '//input[@type = 'text' and @id = 'password' and @name = 'password' and @placeholder = 'Password']'.

19-01-2024T11:40:18 - [MESSAGE][INFO] - Unable to find the element located by 'By.cssSelector: #password'. Please recheck the objects properties to make sure the desired element is located. 

19-01-2024T11:40:18 - [MESSAGE][FAILED] - Web element with id: 'Object Repository/Page_Create Account/Password Field' located by 'id("password")[count(. | //input[@type = 'text' and @class = 'form-control ' and @id = 'password' and @name = 'password' and @placeholder = 'Password']) = count(//input[@type = 'text' and @class = 'form-control ' and @id = 'password' and @name = 'password' and @placeholder = 'Password'])]' not found (Root cause: com.kms.katalon.core.exception.StepFailedException: Web element with id: 'Object Repository/Page_Create Account/Password Field' located by 'id("password")[count(. | //input[@type = 'text' and @class = 'form-control ' and @id = 'password' and @name = 'password' and @placeholder = 'Password']) = count(//input[@type = 'text' and @class = 'form-control ' and @id = 'password' and @name = 'password' and @placeholder = 'Password'])]' not found
	at com.kms.katalon.core.webui.keyword.internal.WebUIKeywordMain.stepFailed(WebUIKeywordMain.groovy:64)
	at com.kms.katalon.core.webui.keyword.builtin.VerifyElementClickableKeyword$_verifyElementClickable_closure1.doCall(VerifyElementClickableKeyword.groovy:88)
	at com.kms.katalon.core.webui.keyword.builtin.VerifyElementClickableKeyword$_verifyElementClickable_closure1.call(VerifyElementClickableKeyword.groovy)
	at com.kms.katalon.core.webui.keyword.internal.WebUIKeywordMain.runKeyword(WebUIKeywordMain.groovy:20)
	at com.kms.katalon.core.webui.keyword.builtin.VerifyElementClickableKeyword.verifyElementClickable(VerifyElementClickableKeyword.groovy:96)
	at com.kms.katalon.core.webui.keyword.builtin.VerifyElementClickableKeyword.execute(VerifyElementClickableKeyword.groovy:67)
	at com.kms.katalon.core.keyword.internal.KeywordExecutor.executeKeywordForPlatform(KeywordExecutor.groovy:74)
	at com.kms.katalon.core.webui.keyword.WebUiBuiltInKeywords.verifyElementClickable(WebUiBuiltInKeywords.groovy:605)
	at PSSIEditAccountInvalidEmailFormat.run(PSSIEditAccountInvalidEmailFormat:37)
	at com.kms.katalon.core.main.ScriptEngine.run(ScriptEngine.java:194)
	at com.kms.katalon.core.main.ScriptEngine.runScriptAsRawText(ScriptEngine.java:119)
	at com.kms.katalon.core.main.TestCaseExecutor.runScript(TestCaseExecutor.java:448)
	at com.kms.katalon.core.main.TestCaseExecutor.doExecute(TestCaseExecutor.java:439)
	at com.kms.katalon.core.main.TestCaseExecutor.processExecutionPhase(TestCaseExecutor.java:418)
	at com.kms.katalon.core.main.TestCaseExecutor.accessMainPhase(TestCaseExecutor.java:410)
	at com.kms.katalon.core.main.TestCaseExecutor.execute(TestCaseExecutor.java:285)
	at com.kms.katalon.core.main.TestCaseExecutor.execute(TestCaseExecutor.java:369)
	at com.kms.katalon.core.main.TestCaseExecutor.execute(TestCaseExecutor.java:369)
	at com.kms.katalon.core.main.TestCaseExecutor.execute(TestCaseExecutor.java:369)
	at com.kms.katalon.core.common.CommonExecutor.accessTestCaseMainPhase(CommonExecutor.java:65)
	at com.kms.katalon.core.main.TestSuiteExecutor.accessTestSuiteMainPhase(TestSuiteExecutor.java:148)
	at com.kms.katalon.core.main.TestSuiteExecutor.execute(TestSuiteExecutor.java:106)
	at com.kms.katalon.core.main.TestCaseMain.startTestSuite(TestCaseMain.java:180)
	at TempTestSuite1705637915236.run(TempTestSuite1705637915236.groovy:36)
	at java.base/jdk.internal.reflect.NativeMethodAccessorImpl.invoke0(Native Method)
	at java.base/jdk.internal.reflect.NativeMethodAccessorImpl.invoke(NativeMethodAccessorImpl.java:77)
	at java.base/jdk.internal.reflect.DelegatingMethodAccessorImpl.invoke(DelegatingMethodAccessorImpl.java:43)
)
[[ATTACHMENT|C:\\Users\\USER\\git\\Kecilin-Automation-Test\\Reports\\20240119_111826\\Create BE Account Management\\Edit Account Test Suite\\20240119_111835\\1705639218554.png]]

19-01-2024T11:40:18 - [MESSAGE][FAILED] - Unable to verify object 'Object Repository/Page_Create Account/Password Field' to be clickable (Root cause: com.kms.katalon.core.exception.StepFailedException: Unable to verify object 'Object Repository/Page_Create Account/Password Field' to be clickable
	at com.kms.katalon.core.webui.keyword.internal.WebUIKeywordMain.stepFailed(WebUIKeywordMain.groovy:64)
	at com.kms.katalon.core.webui.keyword.internal.WebUIKeywordMain.runKeyword(WebUIKeywordMain.groovy:26)
	at com.kms.katalon.core.webui.keyword.builtin.VerifyElementClickableKeyword.verifyElementClickable(VerifyElementClickableKeyword.groovy:96)
	at com.kms.katalon.core.webui.keyword.builtin.VerifyElementClickableKeyword.execute(VerifyElementClickableKeyword.groovy:67)
	at com.kms.katalon.core.keyword.internal.KeywordExecutor.executeKeywordForPlatform(KeywordExecutor.groovy:74)
	at com.kms.katalon.core.webui.keyword.WebUiBuiltInKeywords.verifyElementClickable(WebUiBuiltInKeywords.groovy:605)
	at PSSIEditAccountInvalidEmailFormat.run(PSSIEditAccountInvalidEmailFormat:37)
	at com.kms.katalon.core.main.ScriptEngine.run(ScriptEngine.java:194)
	at com.kms.katalon.core.main.ScriptEngine.runScriptAsRawText(ScriptEngine.java:119)
	at com.kms.katalon.core.main.TestCaseExecutor.runScript(TestCaseExecutor.java:448)
	at com.kms.katalon.core.main.TestCaseExecutor.doExecute(TestCaseExecutor.java:439)
	at com.kms.katalon.core.main.TestCaseExecutor.processExecutionPhase(TestCaseExecutor.java:418)
	at com.kms.katalon.core.main.TestCaseExecutor.accessMainPhase(TestCaseExecutor.java:410)
	at com.kms.katalon.core.main.TestCaseExecutor.execute(TestCaseExecutor.java:285)
	at com.kms.katalon.core.main.TestCaseExecutor.execute(TestCaseExecutor.java:369)
	at com.kms.katalon.core.main.TestCaseExecutor.execute(TestCaseExecutor.java:369)
	at com.kms.katalon.core.main.TestCaseExecutor.execute(TestCaseExecutor.java:369)
	at com.kms.katalon.core.common.CommonExecutor.accessTestCaseMainPhase(CommonExecutor.java:65)
	at com.kms.katalon.core.main.TestSuiteExecutor.accessTestSuiteMainPhase(TestSuiteExecutor.java:148)
	at com.kms.katalon.core.main.TestSuiteExecutor.execute(TestSuiteExecutor.java:106)
	at com.kms.katalon.core.main.TestCaseMain.startTestSuite(TestCaseMain.java:180)
	at TempTestSuite1705637915236.run(TempTestSuite1705637915236.groovy:36)
	at java.base/jdk.internal.reflect.NativeMethodAccessorImpl.invoke0(Native Method)
	at java.base/jdk.internal.reflect.NativeMethodAccessorImpl.invoke(NativeMethodAccessorImpl.java:77)
	at java.base/jdk.internal.reflect.DelegatingMethodAccessorImpl.invoke(DelegatingMethodAccessorImpl.java:43)
Caused by: com.kms.katalon.core.exception.StepFailedException: Web element with id: 'Object Repository/Page_Create Account/Password Field' located by 'id("password")[count(. | //input[@type = 'text' and @class = 'form-control ' and @id = 'password' and @name = 'password' and @placeholder = 'Password']) = count(//input[@type = 'text' and @class = 'form-control ' and @id = 'password' and @name = 'password' and @placeholder = 'Password'])]' not found
	at com.kms.katalon.core.webui.keyword.internal.WebUIKeywordMain.stepFailed(WebUIKeywordMain.groovy:64)
	at com.kms.katalon.core.webui.keyword.builtin.VerifyElementClickableKeyword$_verifyElementClickable_closure1.doCall(VerifyElementClickableKeyword.groovy:88)
	at com.kms.katalon.core.webui.keyword.builtin.VerifyElementClickableKeyword$_verifyElementClickable_closure1.call(VerifyElementClickableKeyword.groovy)
	at com.kms.katalon.core.webui.keyword.internal.WebUIKeywordMain.runKeyword(WebUIKeywordMain.groovy:20)
	... 23 more
)
[[ATTACHMENT|C:\\Users\\USER\\git\\Kecilin-Automation-Test\\Reports\\20240119_111826\\Create BE Account Management\\Edit Account Test Suite\\20240119_111835\\1705639218732.png]]]]></system-out>
         <system-err><![CDATA[19-01-2024T11:39:43 - [TEST_CASE][FAILED] - Test Cases/Offline PSSI Dashboard Function/Create BE Account Management/Edit Account/Negative Test Case/PSSIEditAccountInvalidEmailFormat: Test Cases/Offline PSSI Dashboard Function/Create BE Account Management/Edit Account/Negative Test Case/PSSIEditAccountInvalidEmailFormat FAILED.
Reason:
com.kms.katalon.core.exception.StepFailedException: Unable to verify object 'Object Repository/Page_Create Account/Password Field' to be clickable
	at com.kms.katalon.core.webui.keyword.internal.WebUIKeywordMain.stepFailed(WebUIKeywordMain.groovy:64)
	at com.kms.katalon.core.webui.keyword.internal.WebUIKeywordMain.runKeyword(WebUIKeywordMain.groovy:26)
	at com.kms.katalon.core.webui.keyword.builtin.VerifyElementClickableKeyword.verifyElementClickable(VerifyElementClickableKeyword.groovy:96)
	at com.kms.katalon.core.webui.keyword.builtin.VerifyElementClickableKeyword.execute(VerifyElementClickableKeyword.groovy:67)
	at com.kms.katalon.core.keyword.internal.KeywordExecutor.executeKeywordForPlatform(KeywordExecutor.groovy:74)
	at com.kms.katalon.core.webui.keyword.WebUiBuiltInKeywords.verifyElementClickable(WebUiBuiltInKeywords.groovy:605)
	at PSSIEditAccountInvalidEmailFormat.run(PSSIEditAccountInvalidEmailFormat:37)
	at com.kms.katalon.core.main.ScriptEngine.run(ScriptEngine.java:194)
	at com.kms.katalon.core.main.ScriptEngine.runScriptAsRawText(ScriptEngine.java:119)
	at com.kms.katalon.core.main.TestCaseExecutor.runScript(TestCaseExecutor.java:448)
	at com.kms.katalon.core.main.TestCaseExecutor.doExecute(TestCaseExecutor.java:439)
	at com.kms.katalon.core.main.TestCaseExecutor.processExecutionPhase(TestCaseExecutor.java:418)
	at com.kms.katalon.core.main.TestCaseExecutor.accessMainPhase(TestCaseExecutor.java:410)
	at com.kms.katalon.core.main.TestCaseExecutor.execute(TestCaseExecutor.java:285)
	at com.kms.katalon.core.main.TestCaseExecutor.execute(TestCaseExecutor.java:369)
	at com.kms.katalon.core.main.TestCaseExecutor.execute(TestCaseExecutor.java:369)
	at com.kms.katalon.core.main.TestCaseExecutor.execute(TestCaseExecutor.java:369)
	at com.kms.katalon.core.common.CommonExecutor.accessTestCaseMainPhase(CommonExecutor.java:65)
	at com.kms.katalon.core.main.TestSuiteExecutor.accessTestSuiteMainPhase(TestSuiteExecutor.java:148)
	at com.kms.katalon.core.main.TestSuiteExecutor.execute(TestSuiteExecutor.java:106)
	at com.kms.katalon.core.main.TestCaseMain.startTestSuite(TestCaseMain.java:180)
	at TempTestSuite1705637915236.run(TempTestSuite1705637915236.groovy:36)
	at java.base/jdk.internal.reflect.NativeMethodAccessorImpl.invoke0(Native Method)
	at java.base/jdk.internal.reflect.NativeMethodAccessorImpl.invoke(NativeMethodAccessorImpl.java:77)
	at java.base/jdk.internal.reflect.DelegatingMethodAccessorImpl.invoke(DelegatingMethodAccessorImpl.java:43)
Caused by: com.kms.katalon.core.exception.StepFailedException: Web element with id: 'Object Repository/Page_Create Account/Password Field' located by 'id("password")[count(. | //input[@type = 'text' and @class = 'form-control ' and @id = 'password' and @name = 'password' and @placeholder = 'Password']) = count(//input[@type = 'text' and @class = 'form-control ' and @id = 'password' and @name = 'password' and @placeholder = 'Password'])]' not found
	at com.kms.katalon.core.webui.keyword.internal.WebUIKeywordMain.stepFailed(WebUIKeywordMain.groovy:64)
	at com.kms.katalon.core.webui.keyword.builtin.VerifyElementClickableKeyword$_verifyElementClickable_closure1.doCall(VerifyElementClickableKeyword.groovy:88)
	at com.kms.katalon.core.webui.keyword.builtin.VerifyElementClickableKeyword$_verifyElementClickable_closure1.call(VerifyElementClickableKeyword.groovy)
	at com.kms.katalon.core.webui.keyword.internal.WebUIKeywordMain.runKeyword(WebUIKeywordMain.groovy:20)
	... 23 more]]></system-err>
      </testcase>
      <testcase name="Test Cases/Offline PSSI Dashboard Function/Create BE Account Management/Edit Account/Negative Test Case/PSSIEditAccountInvalidPicFormat" time="31.007" classname="Test Cases/Offline PSSI Dashboard Function/Create BE Account Management/Edit Account/Negative Test Case/PSSIEditAccountInvalidPicFormat" status="FAILED">
         <failure type="FAILED" message="Test Cases/Offline PSSI Dashboard Function/Create BE Account Management/Edit Account/Negative Test Case/PSSIEditAccountInvalidPicFormat FAILED.&#xa;Reason:&#xa;com.kms.katalon.core.exception.StepFailedException: Unable to verify object 'Object Repository/Page_Create Account/Password Field' to be clickable&#xa;	at com.kms.katalon.core.webui.keyword.internal.WebUIKeywordMain.stepFailed(WebUIKeywordMain.groovy:64)&#xa;	at com.kms.katalon.core.webui.keyword.internal.WebUIKeywordMain.runKeyword(WebUIKeywordMain.groovy:26)&#xa;	at com.kms.katalon.core.webui.keyword.builtin.VerifyElementClickableKeyword.verifyElementClickable(VerifyElementClickableKeyword.groovy:96)&#xa;	at com.kms.katalon.core.webui.keyword.builtin.VerifyElementClickableKeyword.execute(VerifyElementClickableKeyword.groovy:67)&#xa;	at com.kms.katalon.core.keyword.internal.KeywordExecutor.executeKeywordForPlatform(KeywordExecutor.groovy:74)&#xa;	at com.kms.katalon.core.webui.keyword.WebUiBuiltInKeywords.verifyElementClickable(WebUiBuiltInKeywords.groovy:605)&#xa;	at PSSIEditAccountInvalidPicFormat.run(PSSIEditAccountInvalidPicFormat:37)&#xa;	at com.kms.katalon.core.main.ScriptEngine.run(ScriptEngine.java:194)&#xa;	at com.kms.katalon.core.main.ScriptEngine.runScriptAsRawText(ScriptEngine.java:119)&#xa;	at com.kms.katalon.core.main.TestCaseExecutor.runScript(TestCaseExecutor.java:448)&#xa;	at com.kms.katalon.core.main.TestCaseExecutor.doExecute(TestCaseExecutor.java:439)&#xa;	at com.kms.katalon.core.main.TestCaseExecutor.processExecutionPhase(TestCaseExecutor.java:418)&#xa;	at com.kms.katalon.core.main.TestCaseExecutor.accessMainPhase(TestCaseExecutor.java:410)&#xa;	at com.kms.katalon.core.main.TestCaseExecutor.execute(TestCaseExecutor.java:285)&#xa;	at com.kms.katalon.core.main.TestCaseExecutor.execute(TestCaseExecutor.java:369)&#xa;	at com.kms.katalon.core.main.TestCaseExecutor.execute(TestCaseExecutor.java:369)&#xa;	at com.kms.katalon.core.main.TestCaseExecutor.execute(TestCaseExecutor.java:369)&#xa;	at com.kms.katalon.core.common.CommonExecutor.accessTestCaseMainPhase(CommonExecutor.java:65)&#xa;	at com.kms.katalon.core.main.TestSuiteExecutor.accessTestSuiteMainPhase(TestSuiteExecutor.java:148)&#xa;	at com.kms.katalon.core.main.TestSuiteExecutor.execute(TestSuiteExecutor.java:106)&#xa;	at com.kms.katalon.core.main.TestCaseMain.startTestSuite(TestCaseMain.java:180)&#xa;	at TempTestSuite1705637915236.run(TempTestSuite1705637915236.groovy:36)&#xa;	at java.base/jdk.internal.reflect.NativeMethodAccessorImpl.invoke0(Native Method)&#xa;	at java.base/jdk.internal.reflect.NativeMethodAccessorImpl.invoke(NativeMethodAccessorImpl.java:77)&#xa;	at java.base/jdk.internal.reflect.DelegatingMethodAccessorImpl.invoke(DelegatingMethodAccessorImpl.java:43)&#xa;Caused by: com.kms.katalon.core.exception.StepFailedException: Web element with id: 'Object Repository/Page_Create Account/Password Field' located by 'id(&quot;password&quot;)[count(. | //input[@type = 'text' and @class = 'form-control ' and @id = 'password' and @name = 'password' and @placeholder = 'Password']) = count(//input[@type = 'text' and @class = 'form-control ' and @id = 'password' and @name = 'password' and @placeholder = 'Password'])]' not found&#xa;	at com.kms.katalon.core.webui.keyword.internal.WebUIKeywordMain.stepFailed(WebUIKeywordMain.groovy:64)&#xa;	at com.kms.katalon.core.webui.keyword.builtin.VerifyElementClickableKeyword$_verifyElementClickable_closure1.doCall(VerifyElementClickableKeyword.groovy:88)&#xa;	at com.kms.katalon.core.webui.keyword.builtin.VerifyElementClickableKeyword$_verifyElementClickable_closure1.call(VerifyElementClickableKeyword.groovy)&#xa;	at com.kms.katalon.core.webui.keyword.internal.WebUIKeywordMain.runKeyword(WebUIKeywordMain.groovy:20)&#xa;	... 23 more&#xa;"/>
         <system-out><![CDATA[19-01-2024T11:41:55 - [TEST_CASE][FAILED] - Test Cases/Offline PSSI Dashboard Function/Create BE Account Management/Edit Account/Negative Test Case/PSSIEditAccountInvalidPicFormat: Test Cases/Offline PSSI Dashboard Function/Create BE Account Management/Edit Account/Negative Test Case/PSSIEditAccountInvalidPicFormat FAILED.
Reason:
com.kms.katalon.core.exception.StepFailedException: Unable to verify object 'Object Repository/Page_Create Account/Password Field' to be clickable
	at com.kms.katalon.core.webui.keyword.internal.WebUIKeywordMain.stepFailed(WebUIKeywordMain.groovy:64)
	at com.kms.katalon.core.webui.keyword.internal.WebUIKeywordMain.runKeyword(WebUIKeywordMain.groovy:26)
	at com.kms.katalon.core.webui.keyword.builtin.VerifyElementClickableKeyword.verifyElementClickable(VerifyElementClickableKeyword.groovy:96)
	at com.kms.katalon.core.webui.keyword.builtin.VerifyElementClickableKeyword.execute(VerifyElementClickableKeyword.groovy:67)
	at com.kms.katalon.core.keyword.internal.KeywordExecutor.executeKeywordForPlatform(KeywordExecutor.groovy:74)
	at com.kms.katalon.core.webui.keyword.WebUiBuiltInKeywords.verifyElementClickable(WebUiBuiltInKeywords.groovy:605)
	at PSSIEditAccountInvalidPicFormat.run(PSSIEditAccountInvalidPicFormat:37)
	at com.kms.katalon.core.main.ScriptEngine.run(ScriptEngine.java:194)
	at com.kms.katalon.core.main.ScriptEngine.runScriptAsRawText(ScriptEngine.java:119)
	at com.kms.katalon.core.main.TestCaseExecutor.runScript(TestCaseExecutor.java:448)
	at com.kms.katalon.core.main.TestCaseExecutor.doExecute(TestCaseExecutor.java:439)
	at com.kms.katalon.core.main.TestCaseExecutor.processExecutionPhase(TestCaseExecutor.java:418)
	at com.kms.katalon.core.main.TestCaseExecutor.accessMainPhase(TestCaseExecutor.java:410)
	at com.kms.katalon.core.main.TestCaseExecutor.execute(TestCaseExecutor.java:285)
	at com.kms.katalon.core.main.TestCaseExecutor.execute(TestCaseExecutor.java:369)
	at com.kms.katalon.core.main.TestCaseExecutor.execute(TestCaseExecutor.java:369)
	at com.kms.katalon.core.main.TestCaseExecutor.execute(TestCaseExecutor.java:369)
	at com.kms.katalon.core.common.CommonExecutor.accessTestCaseMainPhase(CommonExecutor.java:65)
	at com.kms.katalon.core.main.TestSuiteExecutor.accessTestSuiteMainPhase(TestSuiteExecutor.java:148)
	at com.kms.katalon.core.main.TestSuiteExecutor.execute(TestSuiteExecutor.java:106)
	at com.kms.katalon.core.main.TestCaseMain.startTestSuite(TestCaseMain.java:180)
	at TempTestSuite1705637915236.run(TempTestSuite1705637915236.groovy:36)
	at java.base/jdk.internal.reflect.NativeMethodAccessorImpl.invoke0(Native Method)
	at java.base/jdk.internal.reflect.NativeMethodAccessorImpl.invoke(NativeMethodAccessorImpl.java:77)
	at java.base/jdk.internal.reflect.DelegatingMethodAccessorImpl.invoke(DelegatingMethodAccessorImpl.java:43)
Caused by: com.kms.katalon.core.exception.StepFailedException: Web element with id: 'Object Repository/Page_Create Account/Password Field' located by 'id("password")[count(. | //input[@type = 'text' and @class = 'form-control ' and @id = 'password' and @name = 'password' and @placeholder = 'Password']) = count(//input[@type = 'text' and @class = 'form-control ' and @id = 'password' and @name = 'password' and @placeholder = 'Password'])]' not found
	at com.kms.katalon.core.webui.keyword.internal.WebUIKeywordMain.stepFailed(WebUIKeywordMain.groovy:64)
	at com.kms.katalon.core.webui.keyword.builtin.VerifyElementClickableKeyword$_verifyElementClickable_closure1.doCall(VerifyElementClickableKeyword.groovy:88)
	at com.kms.katalon.core.webui.keyword.builtin.VerifyElementClickableKeyword$_verifyElementClickable_closure1.call(VerifyElementClickableKeyword.groovy)
	at com.kms.katalon.core.webui.keyword.internal.WebUIKeywordMain.runKeyword(WebUIKeywordMain.groovy:20)
	... 23 more


19-01-2024T11:41:55 - [TEST_STEP][PASSED] - failureHandling = STOP_ON_FAILURE: null

19-01-2024T11:41:55 - [TEST_STEP][PASSED] - baseUrl = offline_pssi_dashboard_url: null

19-01-2024T11:41:55 - [TEST_STEP][PASSED] - callTestCase(findTestCase("Offline PSSI Dashboard Function/Create BE Account Management/View Account Management/PSSIViewAccountManagement"), [:], failureHandling): Call Test Case 'Test Cases/Offline PSSI Dashboard Function/Create BE Account Management/View Account Management/PSSIViewAccountManagement' successfully

19-01-2024T11:41:55 - [TEST_CASE][PASSED] - Test Cases/Offline PSSI Dashboard Function/Create BE Account Management/View Account Management/PSSIViewAccountManagement: Test Cases/Offline PSSI Dashboard Function/Create BE Account Management/View Account Management/PSSIViewAccountManagement

19-01-2024T11:41:55 - [TEST_STEP][PASSED] - failureHandling = STOP_ON_FAILURE: null

19-01-2024T11:41:55 - [TEST_STEP][PASSED] - baseUrl = offline_pssi_dashboard_url: null

19-01-2024T11:41:55 - [TEST_STEP][PASSED] - callTestCase(findTestCase("Offline PSSI Dashboard Function/Sign In/PSSISignInValidData"), [:], failureHandling): Call Test Case 'Test Cases/Offline PSSI Dashboard Function/Sign In/PSSISignInValidData' successfully

19-01-2024T11:41:55 - [TEST_CASE][PASSED] - Test Cases/Offline PSSI Dashboard Function/Sign In/PSSISignInValidData: Test Cases/Offline PSSI Dashboard Function/Sign In/PSSISignInValidData

19-01-2024T11:41:55 - [TEST_STEP][PASSED] - failureHandling = STOP_ON_FAILURE: null

19-01-2024T11:41:55 - [TEST_STEP][PASSED] - baseUrl = offline_pssi_dashboard_url: null

19-01-2024T11:41:55 - [TEST_STEP][PASSED] - openBrowser(""): Browser is opened with url: ''

19-01-2024T11:41:55 - [MESSAGE][WARNING] - A browser is already opened. Closing browser and opening a new one

19-01-2024T11:41:55 - [MESSAGE][INFO] - Starting 'Chrome' driver

19-01-2024T11:41:55 - [MESSAGE][INFO] - User set preference: ['unhandledPromptBehaviour', 'ignore']

19-01-2024T11:41:55 - [MESSAGE][INFO] - User set preference: ['unexpectedAlertBehaviour', 'ignore']

19-01-2024T11:41:55 - [MESSAGE][INFO] - Action delay is set to 0 milliseconds

19-01-2024T11:41:56 - [MESSAGE][PASSED] - Browser is opened with url: ''

19-01-2024T11:41:56 - [TEST_STEP][PASSED] - navigateToUrl(baseUrl): Navigate to 'https://monitoring.pssi-dev.kecilin.id' successfully

19-01-2024T11:41:58 - [MESSAGE][PASSED] - Navigate to 'https://monitoring.pssi-dev.kecilin.id' successfully

19-01-2024T11:41:58 - [TEST_STEP][PASSED] - maximizeWindow(): Current window maximized

19-01-2024T11:41:58 - [MESSAGE][PASSED] - Current window maximized

19-01-2024T11:41:58 - [TEST_STEP][PASSED] - setText(findTestObject("Object Repository/Page_Login/input_email"), "superadmin@app.com"): Text 'superadmin@app.com' is set on object 'Object Repository/Page_Login/input_email'

19-01-2024T11:41:59 - [MESSAGE][PASSED] - Text 'superadmin@app.com' is set on object 'Object Repository/Page_Login/input_email'

19-01-2024T11:41:59 - [TEST_STEP][PASSED] - setEncryptedText(findTestObject("Object Repository/Page_Login/input_password"), "8SQVv/p9jVScEs4/2CZsLw=="): Text ****** has been set on object 'Object Repository/Page_Login/input_password'

19-01-2024T11:41:59 - [MESSAGE][PASSED] - Text ****** has been set on object 'Object Repository/Page_Login/input_password'

19-01-2024T11:41:59 - [TEST_STEP][PASSED] - click(findTestObject("Object Repository/Page_Login/button_Sign In")): Object: 'Object Repository/Page_Login/button_Sign In' is clicked on

19-01-2024T11:42:01 - [MESSAGE][PASSED] - Object: 'Object Repository/Page_Login/button_Sign In' is clicked on

19-01-2024T11:42:01 - [MESSAGE][PASSED] - Call Test Case 'Test Cases/Offline PSSI Dashboard Function/Sign In/PSSISignInValidData' successfully

19-01-2024T11:42:01 - [TEST_STEP][PASSED] - scrollToElement(findTestObject("Page_Dashboard/Account Management Sidebar"), 0): Scroll to object 'Object Repository/Page_Dashboard/Account Management Sidebar' successfully

19-01-2024T11:42:01 - [MESSAGE][WARNING] - Timeout '0' is invalid. Using default page load timeout: '1'

19-01-2024T11:42:03 - [MESSAGE][INFO] - Unable to find the element located by 'By.xpath: id("sidenav-collapse-main")/ul[@class="navbar-nav"]/li[@class="nav-item"]/a[@class="nav-link"][count(. | //a[@class = 'nav-link  ' and @href = '/accounts' and (text() = '
            
              
                
              
            
            Account Management
          ' or . = '
            
              
                
              
            
            Account Management
          ')]) = count(//a[@class = 'nav-link  ' and @href = '/accounts' and (text() = '
            
              
                
              
            
            Account Management
          ' or . = '
            
              
                
              
            
            Account Management
          ')])]'. Please recheck the objects properties to make sure the desired element is located. 

19-01-2024T11:42:03 - [MESSAGE][WARNING] - [SELF-HEALING] Failed to find element with id 'Object Repository/Page_Dashboard/Account Management Sidebar'. Try using Self-healing.

19-01-2024T11:42:03 - [MESSAGE][WARNING] - [SELF-HEALING] The current locator of test object 'Object Repository/Page_Dashboard/Account Management Sidebar' was broken. Propose an alternative one: '//div[@id='sidenav-collapse-main']/ul/li[12]/a'.

19-01-2024T11:42:03 - [MESSAGE][PASSED] - Scroll to object 'Object Repository/Page_Dashboard/Account Management Sidebar' successfully

19-01-2024T11:42:03 - [TEST_STEP][PASSED] - navigateToUrl(baseUrl + "/accounts", failureHandling): Navigate to 'https://monitoring.pssi-dev.kecilin.id/accounts' successfully

19-01-2024T11:42:04 - [MESSAGE][PASSED] - Navigate to 'https://monitoring.pssi-dev.kecilin.id/accounts' successfully

19-01-2024T11:42:04 - [MESSAGE][INFO] - 

19-01-2024T11:42:04 - [MESSAGE][INFO] - ===================== Self-healing Report ====================

19-01-2024T11:42:04 - [MESSAGE][INFO] - One of the failed test object locators has been recovered by Self-healing. Please refer to the Self-healing Insights tab for more details.

19-01-2024T11:42:04 - [MESSAGE][INFO] - To learn more about Self-healing, please read https://docs.katalon.com/katalon-studio/docs/self-healing.html

19-01-2024T11:42:04 - [MESSAGE][INFO] - ==============================================================

19-01-2024T11:42:04 - [MESSAGE][PASSED] - Call Test Case 'Test Cases/Offline PSSI Dashboard Function/Create BE Account Management/View Account Management/PSSIViewAccountManagement' successfully

19-01-2024T11:42:04 - [TEST_STEP][PASSED] - navigateToUrl(baseUrl + "/accounts/edit/652c095d63d9d69bc80121ca", failureHandling): Navigate to 'https://monitoring.pssi-dev.kecilin.id/accounts/edit/652c095d63d9d69bc80121ca' successfully

19-01-2024T11:42:04 - [MESSAGE][PASSED] - Navigate to 'https://monitoring.pssi-dev.kecilin.id/accounts/edit/652c095d63d9d69bc80121ca' successfully

19-01-2024T11:42:04 - [TEST_STEP][PASSED] - verifyElementClickable(findTestObject("Page_Create Account/Name Field")): Object 'Object Repository/Page_Create Account/Name Field' is clickable

19-01-2024T11:42:06 - [MESSAGE][INFO] - Unable to find the element located by 'By.xpath: id("name")[count(. | //input[@type = 'text' and @class = 'form-control ' and @id = 'name' and @name = 'name' and @placeholder = 'Nama']) = count(//input[@type = 'text' and @class = 'form-control ' and @id = 'name' and @name = 'name' and @placeholder = 'Nama'])]'. Please recheck the objects properties to make sure the desired element is located. 

19-01-2024T11:42:06 - [MESSAGE][WARNING] - [SELF-HEALING] Failed to find element with id 'Object Repository/Page_Create Account/Name Field'. Try using Self-healing.

19-01-2024T11:42:07 - [MESSAGE][WARNING] - [SELF-HEALING] The current locator of test object 'Object Repository/Page_Create Account/Name Field' was broken. Propose an alternative one: '//input[@id='name']'.

19-01-2024T11:42:07 - [MESSAGE][PASSED] - Object 'Object Repository/Page_Create Account/Name Field' is clickable

19-01-2024T11:42:07 - [TEST_STEP][PASSED] - setText(findTestObject("Page_Create Account/Name Field"), "tes pic ngaco10"): Text 'tes pic ngaco10' is set on object 'Object Repository/Page_Create Account/Name Field'

19-01-2024T11:42:09 - [MESSAGE][INFO] - Unable to find the element located by 'By.xpath: id("name")[count(. | //input[@type = 'text' and @class = 'form-control ' and @id = 'name' and @name = 'name' and @placeholder = 'Nama']) = count(//input[@type = 'text' and @class = 'form-control ' and @id = 'name' and @name = 'name' and @placeholder = 'Nama'])]'. Please recheck the objects properties to make sure the desired element is located. 

19-01-2024T11:42:09 - [MESSAGE][WARNING] - [SELF-HEALING] Failed to find element with id 'Object Repository/Page_Create Account/Name Field'. Try using Self-healing.

19-01-2024T11:42:09 - [MESSAGE][WARNING] - [SELF-HEALING] The current locator of test object 'Object Repository/Page_Create Account/Name Field' was broken. Propose an alternative one: '//input[@id='name']'.

19-01-2024T11:42:11 - [MESSAGE][INFO] - Unable to find the element located by 'By.xpath: id("name")[count(. | //input[@type = 'text' and @class = 'form-control ' and @id = 'name' and @name = 'name' and @placeholder = 'Nama']) = count(//input[@type = 'text' and @class = 'form-control ' and @id = 'name' and @name = 'name' and @placeholder = 'Nama'])]'. Please recheck the objects properties to make sure the desired element is located. 

19-01-2024T11:42:11 - [MESSAGE][WARNING] - [SELF-HEALING] Failed to find element with id 'Object Repository/Page_Create Account/Name Field'. Try using Self-healing.

19-01-2024T11:42:12 - [MESSAGE][WARNING] - [SELF-HEALING] The current locator of test object 'Object Repository/Page_Create Account/Name Field' was broken. Propose an alternative one: '//input[@id='name']'.

19-01-2024T11:42:12 - [MESSAGE][PASSED] - Text 'tes pic ngaco10' is set on object 'Object Repository/Page_Create Account/Name Field'

19-01-2024T11:42:12 - [TEST_STEP][PASSED] - verifyElementClickable(findTestObject("Page_Create Account/Email Field")): Object 'Object Repository/Page_Create Account/Email Field' is clickable

19-01-2024T11:42:14 - [MESSAGE][INFO] - Unable to find the element located by 'By.xpath: id("email")[count(. | //input[@type = 'email' and @class = 'form-control ' and @id = 'email' and @name = 'email' and @placeholder = 'Email']) = count(//input[@type = 'email' and @class = 'form-control ' and @id = 'email' and @name = 'email' and @placeholder = 'Email'])]'. Please recheck the objects properties to make sure the desired element is located. 

19-01-2024T11:42:14 - [MESSAGE][WARNING] - [SELF-HEALING] Failed to find element with id 'Object Repository/Page_Create Account/Email Field'. Try using Self-healing.

19-01-2024T11:42:14 - [MESSAGE][WARNING] - [SELF-HEALING] The current locator of test object 'Object Repository/Page_Create Account/Email Field' was broken. Propose an alternative one: '//input[@id='email']'.

19-01-2024T11:42:14 - [MESSAGE][PASSED] - Object 'Object Repository/Page_Create Account/Email Field' is clickable

19-01-2024T11:42:14 - [TEST_STEP][PASSED] - setText(findTestObject("Page_Create Account/Email Field"), "tespicngaco91@ngaco.com"): Text 'tespicngaco91@ngaco.com' is set on object 'Object Repository/Page_Create Account/Email Field'

19-01-2024T11:42:16 - [MESSAGE][INFO] - Unable to find the element located by 'By.xpath: id("email")[count(. | //input[@type = 'email' and @class = 'form-control ' and @id = 'email' and @name = 'email' and @placeholder = 'Email']) = count(//input[@type = 'email' and @class = 'form-control ' and @id = 'email' and @name = 'email' and @placeholder = 'Email'])]'. Please recheck the objects properties to make sure the desired element is located. 

19-01-2024T11:42:16 - [MESSAGE][WARNING] - [SELF-HEALING] Failed to find element with id 'Object Repository/Page_Create Account/Email Field'. Try using Self-healing.

19-01-2024T11:42:17 - [MESSAGE][WARNING] - [SELF-HEALING] The current locator of test object 'Object Repository/Page_Create Account/Email Field' was broken. Propose an alternative one: '//input[@id='email']'.

19-01-2024T11:42:19 - [MESSAGE][INFO] - Unable to find the element located by 'By.xpath: id("email")[count(. | //input[@type = 'email' and @class = 'form-control ' and @id = 'email' and @name = 'email' and @placeholder = 'Email']) = count(//input[@type = 'email' and @class = 'form-control ' and @id = 'email' and @name = 'email' and @placeholder = 'Email'])]'. Please recheck the objects properties to make sure the desired element is located. 

19-01-2024T11:42:19 - [MESSAGE][WARNING] - [SELF-HEALING] Failed to find element with id 'Object Repository/Page_Create Account/Email Field'. Try using Self-healing.

19-01-2024T11:42:19 - [MESSAGE][WARNING] - [SELF-HEALING] The current locator of test object 'Object Repository/Page_Create Account/Email Field' was broken. Propose an alternative one: '//input[@id='email']'.

19-01-2024T11:42:19 - [MESSAGE][PASSED] - Text 'tespicngaco91@ngaco.com' is set on object 'Object Repository/Page_Create Account/Email Field'

19-01-2024T11:42:19 - [TEST_STEP][FAILED] - verifyElementClickable(findTestObject("Page_Create Account/Password Field")): Unable to verify object 'Object Repository/Page_Create Account/Password Field' to be clickable (Root cause: com.kms.katalon.core.exception.StepFailedException: Unable to verify object 'Object Repository/Page_Create Account/Password Field' to be clickable
	at com.kms.katalon.core.webui.keyword.internal.WebUIKeywordMain.stepFailed(WebUIKeywordMain.groovy:64)
	at com.kms.katalon.core.webui.keyword.internal.WebUIKeywordMain.runKeyword(WebUIKeywordMain.groovy:26)
	at com.kms.katalon.core.webui.keyword.builtin.VerifyElementClickableKeyword.verifyElementClickable(VerifyElementClickableKeyword.groovy:96)
	at com.kms.katalon.core.webui.keyword.builtin.VerifyElementClickableKeyword.execute(VerifyElementClickableKeyword.groovy:67)
	at com.kms.katalon.core.keyword.internal.KeywordExecutor.executeKeywordForPlatform(KeywordExecutor.groovy:74)
	at com.kms.katalon.core.webui.keyword.WebUiBuiltInKeywords.verifyElementClickable(WebUiBuiltInKeywords.groovy:605)
	at PSSIEditAccountInvalidPicFormat.run(PSSIEditAccountInvalidPicFormat:37)
	at com.kms.katalon.core.main.ScriptEngine.run(ScriptEngine.java:194)
	at com.kms.katalon.core.main.ScriptEngine.runScriptAsRawText(ScriptEngine.java:119)
	at com.kms.katalon.core.main.TestCaseExecutor.runScript(TestCaseExecutor.java:448)
	at com.kms.katalon.core.main.TestCaseExecutor.doExecute(TestCaseExecutor.java:439)
	at com.kms.katalon.core.main.TestCaseExecutor.processExecutionPhase(TestCaseExecutor.java:418)
	at com.kms.katalon.core.main.TestCaseExecutor.accessMainPhase(TestCaseExecutor.java:410)
	at com.kms.katalon.core.main.TestCaseExecutor.execute(TestCaseExecutor.java:285)
	at com.kms.katalon.core.main.TestCaseExecutor.execute(TestCaseExecutor.java:369)
	at com.kms.katalon.core.main.TestCaseExecutor.execute(TestCaseExecutor.java:369)
	at com.kms.katalon.core.main.TestCaseExecutor.execute(TestCaseExecutor.java:369)
	at com.kms.katalon.core.common.CommonExecutor.accessTestCaseMainPhase(CommonExecutor.java:65)
	at com.kms.katalon.core.main.TestSuiteExecutor.accessTestSuiteMainPhase(TestSuiteExecutor.java:148)
	at com.kms.katalon.core.main.TestSuiteExecutor.execute(TestSuiteExecutor.java:106)
	at com.kms.katalon.core.main.TestCaseMain.startTestSuite(TestCaseMain.java:180)
	at TempTestSuite1705637915236.run(TempTestSuite1705637915236.groovy:36)
	at java.base/jdk.internal.reflect.NativeMethodAccessorImpl.invoke0(Native Method)
	at java.base/jdk.internal.reflect.NativeMethodAccessorImpl.invoke(NativeMethodAccessorImpl.java:77)
	at java.base/jdk.internal.reflect.DelegatingMethodAccessorImpl.invoke(DelegatingMethodAccessorImpl.java:43)
Caused by: com.kms.katalon.core.exception.StepFailedException: Web element with id: 'Object Repository/Page_Create Account/Password Field' located by 'id("password")[count(. | //input[@type = 'text' and @class = 'form-control ' and @id = 'password' and @name = 'password' and @placeholder = 'Password']) = count(//input[@type = 'text' and @class = 'form-control ' and @id = 'password' and @name = 'password' and @placeholder = 'Password'])]' not found
	at com.kms.katalon.core.webui.keyword.internal.WebUIKeywordMain.stepFailed(WebUIKeywordMain.groovy:64)
	at com.kms.katalon.core.webui.keyword.builtin.VerifyElementClickableKeyword$_verifyElementClickable_closure1.doCall(VerifyElementClickableKeyword.groovy:88)
	at com.kms.katalon.core.webui.keyword.builtin.VerifyElementClickableKeyword$_verifyElementClickable_closure1.call(VerifyElementClickableKeyword.groovy)
	at com.kms.katalon.core.webui.keyword.internal.WebUIKeywordMain.runKeyword(WebUIKeywordMain.groovy:20)
	... 23 more
)

19-01-2024T11:42:21 - [MESSAGE][INFO] - Unable to find the element located by 'By.xpath: id("password")[count(. | //input[@type = 'text' and @class = 'form-control ' and @id = 'password' and @name = 'password' and @placeholder = 'Password']) = count(//input[@type = 'text' and @class = 'form-control ' and @id = 'password' and @name = 'password' and @placeholder = 'Password'])]'. Please recheck the objects properties to make sure the desired element is located. 

19-01-2024T11:42:21 - [MESSAGE][WARNING] - [SELF-HEALING] Failed to find element with id 'Object Repository/Page_Create Account/Password Field'. Try using Self-healing.

19-01-2024T11:42:23 - [MESSAGE][INFO] - Unable to find the element located by 'By.xpath: //input[@id='password']'. Please recheck the objects properties to make sure the desired element is located. 

19-01-2024T11:42:23 - [MESSAGE][INFO] - [SELF-HEALING] Failed Locator: '//input[@id='password']'.

19-01-2024T11:42:23 - [MESSAGE][INFO] - [SELF-HEALING] Failed Locator: '//div[3]/input'.

19-01-2024T11:42:24 - [MESSAGE][INFO] - [SELF-HEALING] Failed Locator: '//input[@type = 'text' and @id = 'password' and @name = 'password' and @placeholder = 'Password']'.

19-01-2024T11:42:24 - [MESSAGE][INFO] - [SELF-HEALING] Failed Locator: '//input[@id='password']'.

19-01-2024T11:42:24 - [MESSAGE][INFO] - [SELF-HEALING] Failed Locator: '//div[3]/input'.

19-01-2024T11:42:24 - [MESSAGE][INFO] - [SELF-HEALING] Failed Locator: '//input[@type = 'text' and @id = 'password' and @name = 'password' and @placeholder = 'Password']'.

19-01-2024T11:42:26 - [MESSAGE][INFO] - Unable to find the element located by 'By.cssSelector: #password'. Please recheck the objects properties to make sure the desired element is located. 

19-01-2024T11:42:26 - [MESSAGE][FAILED] - Web element with id: 'Object Repository/Page_Create Account/Password Field' located by 'id("password")[count(. | //input[@type = 'text' and @class = 'form-control ' and @id = 'password' and @name = 'password' and @placeholder = 'Password']) = count(//input[@type = 'text' and @class = 'form-control ' and @id = 'password' and @name = 'password' and @placeholder = 'Password'])]' not found (Root cause: com.kms.katalon.core.exception.StepFailedException: Web element with id: 'Object Repository/Page_Create Account/Password Field' located by 'id("password")[count(. | //input[@type = 'text' and @class = 'form-control ' and @id = 'password' and @name = 'password' and @placeholder = 'Password']) = count(//input[@type = 'text' and @class = 'form-control ' and @id = 'password' and @name = 'password' and @placeholder = 'Password'])]' not found
	at com.kms.katalon.core.webui.keyword.internal.WebUIKeywordMain.stepFailed(WebUIKeywordMain.groovy:64)
	at com.kms.katalon.core.webui.keyword.builtin.VerifyElementClickableKeyword$_verifyElementClickable_closure1.doCall(VerifyElementClickableKeyword.groovy:88)
	at com.kms.katalon.core.webui.keyword.builtin.VerifyElementClickableKeyword$_verifyElementClickable_closure1.call(VerifyElementClickableKeyword.groovy)
	at com.kms.katalon.core.webui.keyword.internal.WebUIKeywordMain.runKeyword(WebUIKeywordMain.groovy:20)
	at com.kms.katalon.core.webui.keyword.builtin.VerifyElementClickableKeyword.verifyElementClickable(VerifyElementClickableKeyword.groovy:96)
	at com.kms.katalon.core.webui.keyword.builtin.VerifyElementClickableKeyword.execute(VerifyElementClickableKeyword.groovy:67)
	at com.kms.katalon.core.keyword.internal.KeywordExecutor.executeKeywordForPlatform(KeywordExecutor.groovy:74)
	at com.kms.katalon.core.webui.keyword.WebUiBuiltInKeywords.verifyElementClickable(WebUiBuiltInKeywords.groovy:605)
	at PSSIEditAccountInvalidPicFormat.run(PSSIEditAccountInvalidPicFormat:37)
	at com.kms.katalon.core.main.ScriptEngine.run(ScriptEngine.java:194)
	at com.kms.katalon.core.main.ScriptEngine.runScriptAsRawText(ScriptEngine.java:119)
	at com.kms.katalon.core.main.TestCaseExecutor.runScript(TestCaseExecutor.java:448)
	at com.kms.katalon.core.main.TestCaseExecutor.doExecute(TestCaseExecutor.java:439)
	at com.kms.katalon.core.main.TestCaseExecutor.processExecutionPhase(TestCaseExecutor.java:418)
	at com.kms.katalon.core.main.TestCaseExecutor.accessMainPhase(TestCaseExecutor.java:410)
	at com.kms.katalon.core.main.TestCaseExecutor.execute(TestCaseExecutor.java:285)
	at com.kms.katalon.core.main.TestCaseExecutor.execute(TestCaseExecutor.java:369)
	at com.kms.katalon.core.main.TestCaseExecutor.execute(TestCaseExecutor.java:369)
	at com.kms.katalon.core.main.TestCaseExecutor.execute(TestCaseExecutor.java:369)
	at com.kms.katalon.core.common.CommonExecutor.accessTestCaseMainPhase(CommonExecutor.java:65)
	at com.kms.katalon.core.main.TestSuiteExecutor.accessTestSuiteMainPhase(TestSuiteExecutor.java:148)
	at com.kms.katalon.core.main.TestSuiteExecutor.execute(TestSuiteExecutor.java:106)
	at com.kms.katalon.core.main.TestCaseMain.startTestSuite(TestCaseMain.java:180)
	at TempTestSuite1705637915236.run(TempTestSuite1705637915236.groovy:36)
	at java.base/jdk.internal.reflect.NativeMethodAccessorImpl.invoke0(Native Method)
	at java.base/jdk.internal.reflect.NativeMethodAccessorImpl.invoke(NativeMethodAccessorImpl.java:77)
	at java.base/jdk.internal.reflect.DelegatingMethodAccessorImpl.invoke(DelegatingMethodAccessorImpl.java:43)
)
[[ATTACHMENT|C:\\Users\\USER\\git\\Kecilin-Automation-Test\\Reports\\20240119_111826\\Create BE Account Management\\Edit Account Test Suite\\20240119_111835\\1705639346046.png]]

19-01-2024T11:42:26 - [MESSAGE][FAILED] - Unable to verify object 'Object Repository/Page_Create Account/Password Field' to be clickable (Root cause: com.kms.katalon.core.exception.StepFailedException: Unable to verify object 'Object Repository/Page_Create Account/Password Field' to be clickable
	at com.kms.katalon.core.webui.keyword.internal.WebUIKeywordMain.stepFailed(WebUIKeywordMain.groovy:64)
	at com.kms.katalon.core.webui.keyword.internal.WebUIKeywordMain.runKeyword(WebUIKeywordMain.groovy:26)
	at com.kms.katalon.core.webui.keyword.builtin.VerifyElementClickableKeyword.verifyElementClickable(VerifyElementClickableKeyword.groovy:96)
	at com.kms.katalon.core.webui.keyword.builtin.VerifyElementClickableKeyword.execute(VerifyElementClickableKeyword.groovy:67)
	at com.kms.katalon.core.keyword.internal.KeywordExecutor.executeKeywordForPlatform(KeywordExecutor.groovy:74)
	at com.kms.katalon.core.webui.keyword.WebUiBuiltInKeywords.verifyElementClickable(WebUiBuiltInKeywords.groovy:605)
	at PSSIEditAccountInvalidPicFormat.run(PSSIEditAccountInvalidPicFormat:37)
	at com.kms.katalon.core.main.ScriptEngine.run(ScriptEngine.java:194)
	at com.kms.katalon.core.main.ScriptEngine.runScriptAsRawText(ScriptEngine.java:119)
	at com.kms.katalon.core.main.TestCaseExecutor.runScript(TestCaseExecutor.java:448)
	at com.kms.katalon.core.main.TestCaseExecutor.doExecute(TestCaseExecutor.java:439)
	at com.kms.katalon.core.main.TestCaseExecutor.processExecutionPhase(TestCaseExecutor.java:418)
	at com.kms.katalon.core.main.TestCaseExecutor.accessMainPhase(TestCaseExecutor.java:410)
	at com.kms.katalon.core.main.TestCaseExecutor.execute(TestCaseExecutor.java:285)
	at com.kms.katalon.core.main.TestCaseExecutor.execute(TestCaseExecutor.java:369)
	at com.kms.katalon.core.main.TestCaseExecutor.execute(TestCaseExecutor.java:369)
	at com.kms.katalon.core.main.TestCaseExecutor.execute(TestCaseExecutor.java:369)
	at com.kms.katalon.core.common.CommonExecutor.accessTestCaseMainPhase(CommonExecutor.java:65)
	at com.kms.katalon.core.main.TestSuiteExecutor.accessTestSuiteMainPhase(TestSuiteExecutor.java:148)
	at com.kms.katalon.core.main.TestSuiteExecutor.execute(TestSuiteExecutor.java:106)
	at com.kms.katalon.core.main.TestCaseMain.startTestSuite(TestCaseMain.java:180)
	at TempTestSuite1705637915236.run(TempTestSuite1705637915236.groovy:36)
	at java.base/jdk.internal.reflect.NativeMethodAccessorImpl.invoke0(Native Method)
	at java.base/jdk.internal.reflect.NativeMethodAccessorImpl.invoke(NativeMethodAccessorImpl.java:77)
	at java.base/jdk.internal.reflect.DelegatingMethodAccessorImpl.invoke(DelegatingMethodAccessorImpl.java:43)
Caused by: com.kms.katalon.core.exception.StepFailedException: Web element with id: 'Object Repository/Page_Create Account/Password Field' located by 'id("password")[count(. | //input[@type = 'text' and @class = 'form-control ' and @id = 'password' and @name = 'password' and @placeholder = 'Password']) = count(//input[@type = 'text' and @class = 'form-control ' and @id = 'password' and @name = 'password' and @placeholder = 'Password'])]' not found
	at com.kms.katalon.core.webui.keyword.internal.WebUIKeywordMain.stepFailed(WebUIKeywordMain.groovy:64)
	at com.kms.katalon.core.webui.keyword.builtin.VerifyElementClickableKeyword$_verifyElementClickable_closure1.doCall(VerifyElementClickableKeyword.groovy:88)
	at com.kms.katalon.core.webui.keyword.builtin.VerifyElementClickableKeyword$_verifyElementClickable_closure1.call(VerifyElementClickableKeyword.groovy)
	at com.kms.katalon.core.webui.keyword.internal.WebUIKeywordMain.runKeyword(WebUIKeywordMain.groovy:20)
	... 23 more
)
[[ATTACHMENT|C:\\Users\\USER\\git\\Kecilin-Automation-Test\\Reports\\20240119_111826\\Create BE Account Management\\Edit Account Test Suite\\20240119_111835\\1705639346210.png]]]]></system-out>
         <system-err><![CDATA[19-01-2024T11:41:55 - [TEST_CASE][FAILED] - Test Cases/Offline PSSI Dashboard Function/Create BE Account Management/Edit Account/Negative Test Case/PSSIEditAccountInvalidPicFormat: Test Cases/Offline PSSI Dashboard Function/Create BE Account Management/Edit Account/Negative Test Case/PSSIEditAccountInvalidPicFormat FAILED.
Reason:
com.kms.katalon.core.exception.StepFailedException: Unable to verify object 'Object Repository/Page_Create Account/Password Field' to be clickable
	at com.kms.katalon.core.webui.keyword.internal.WebUIKeywordMain.stepFailed(WebUIKeywordMain.groovy:64)
	at com.kms.katalon.core.webui.keyword.internal.WebUIKeywordMain.runKeyword(WebUIKeywordMain.groovy:26)
	at com.kms.katalon.core.webui.keyword.builtin.VerifyElementClickableKeyword.verifyElementClickable(VerifyElementClickableKeyword.groovy:96)
	at com.kms.katalon.core.webui.keyword.builtin.VerifyElementClickableKeyword.execute(VerifyElementClickableKeyword.groovy:67)
	at com.kms.katalon.core.keyword.internal.KeywordExecutor.executeKeywordForPlatform(KeywordExecutor.groovy:74)
	at com.kms.katalon.core.webui.keyword.WebUiBuiltInKeywords.verifyElementClickable(WebUiBuiltInKeywords.groovy:605)
	at PSSIEditAccountInvalidPicFormat.run(PSSIEditAccountInvalidPicFormat:37)
	at com.kms.katalon.core.main.ScriptEngine.run(ScriptEngine.java:194)
	at com.kms.katalon.core.main.ScriptEngine.runScriptAsRawText(ScriptEngine.java:119)
	at com.kms.katalon.core.main.TestCaseExecutor.runScript(TestCaseExecutor.java:448)
	at com.kms.katalon.core.main.TestCaseExecutor.doExecute(TestCaseExecutor.java:439)
	at com.kms.katalon.core.main.TestCaseExecutor.processExecutionPhase(TestCaseExecutor.java:418)
	at com.kms.katalon.core.main.TestCaseExecutor.accessMainPhase(TestCaseExecutor.java:410)
	at com.kms.katalon.core.main.TestCaseExecutor.execute(TestCaseExecutor.java:285)
	at com.kms.katalon.core.main.TestCaseExecutor.execute(TestCaseExecutor.java:369)
	at com.kms.katalon.core.main.TestCaseExecutor.execute(TestCaseExecutor.java:369)
	at com.kms.katalon.core.main.TestCaseExecutor.execute(TestCaseExecutor.java:369)
	at com.kms.katalon.core.common.CommonExecutor.accessTestCaseMainPhase(CommonExecutor.java:65)
	at com.kms.katalon.core.main.TestSuiteExecutor.accessTestSuiteMainPhase(TestSuiteExecutor.java:148)
	at com.kms.katalon.core.main.TestSuiteExecutor.execute(TestSuiteExecutor.java:106)
	at com.kms.katalon.core.main.TestCaseMain.startTestSuite(TestCaseMain.java:180)
	at TempTestSuite1705637915236.run(TempTestSuite1705637915236.groovy:36)
	at java.base/jdk.internal.reflect.NativeMethodAccessorImpl.invoke0(Native Method)
	at java.base/jdk.internal.reflect.NativeMethodAccessorImpl.invoke(NativeMethodAccessorImpl.java:77)
	at java.base/jdk.internal.reflect.DelegatingMethodAccessorImpl.invoke(DelegatingMethodAccessorImpl.java:43)
Caused by: com.kms.katalon.core.exception.StepFailedException: Web element with id: 'Object Repository/Page_Create Account/Password Field' located by 'id("password")[count(. | //input[@type = 'text' and @class = 'form-control ' and @id = 'password' and @name = 'password' and @placeholder = 'Password']) = count(//input[@type = 'text' and @class = 'form-control ' and @id = 'password' and @name = 'password' and @placeholder = 'Password'])]' not found
	at com.kms.katalon.core.webui.keyword.internal.WebUIKeywordMain.stepFailed(WebUIKeywordMain.groovy:64)
	at com.kms.katalon.core.webui.keyword.builtin.VerifyElementClickableKeyword$_verifyElementClickable_closure1.doCall(VerifyElementClickableKeyword.groovy:88)
	at com.kms.katalon.core.webui.keyword.builtin.VerifyElementClickableKeyword$_verifyElementClickable_closure1.call(VerifyElementClickableKeyword.groovy)
	at com.kms.katalon.core.webui.keyword.internal.WebUIKeywordMain.runKeyword(WebUIKeywordMain.groovy:20)
	... 23 more]]></system-err>
      </testcase>
      <testcase name="Test Cases/Offline PSSI Dashboard Function/Create BE Account Management/Edit Account/Positive Test Case/PSSIEditAccountValidData" time="48.841" classname="Test Cases/Offline PSSI Dashboard Function/Create BE Account Management/Edit Account/Positive Test Case/PSSIEditAccountValidData" status="FAILED">
         <failure type="FAILED" message="Test Cases/Offline PSSI Dashboard Function/Create BE Account Management/Edit Account/Positive Test Case/PSSIEditAccountValidData FAILED.&#xa;Reason:&#xa;com.kms.katalon.core.exception.StepFailedException: Unable to clear text of object 'Object Repository/Page_Create Account/Password Field'&#xa;	at com.kms.katalon.core.webui.keyword.internal.WebUIKeywordMain.stepFailed(WebUIKeywordMain.groovy:64)&#xa;	at com.kms.katalon.core.webui.keyword.internal.WebUIKeywordMain.runKeyword(WebUIKeywordMain.groovy:42)&#xa;	at com.kms.katalon.core.webui.keyword.builtin.ClearTextKeyword.clearText(ClearTextKeyword.groovy:61)&#xa;	at com.kms.katalon.core.webui.keyword.builtin.ClearTextKeyword.execute(ClearTextKeyword.groovy:34)&#xa;	at com.kms.katalon.core.keyword.internal.KeywordExecutor.executeKeywordForPlatform(KeywordExecutor.groovy:74)&#xa;	at com.kms.katalon.core.webui.keyword.WebUiBuiltInKeywords.clearText(WebUiBuiltInKeywords.groovy:4989)&#xa;	at PSSIEditAccountValidData.run(PSSIEditAccountValidData:35)&#xa;	at com.kms.katalon.core.main.ScriptEngine.run(ScriptEngine.java:194)&#xa;	at com.kms.katalon.core.main.ScriptEngine.runScriptAsRawText(ScriptEngine.java:119)&#xa;	at com.kms.katalon.core.main.TestCaseExecutor.runScript(TestCaseExecutor.java:448)&#xa;	at com.kms.katalon.core.main.TestCaseExecutor.doExecute(TestCaseExecutor.java:439)&#xa;	at com.kms.katalon.core.main.TestCaseExecutor.processExecutionPhase(TestCaseExecutor.java:418)&#xa;	at com.kms.katalon.core.main.TestCaseExecutor.accessMainPhase(TestCaseExecutor.java:410)&#xa;	at com.kms.katalon.core.main.TestCaseExecutor.execute(TestCaseExecutor.java:285)&#xa;	at com.kms.katalon.core.main.TestCaseExecutor.execute(TestCaseExecutor.java:369)&#xa;	at com.kms.katalon.core.main.TestCaseExecutor.execute(TestCaseExecutor.java:369)&#xa;	at com.kms.katalon.core.main.TestCaseExecutor.execute(TestCaseExecutor.java:369)&#xa;	at com.kms.katalon.core.common.CommonExecutor.accessTestCaseMainPhase(CommonExecutor.java:65)&#xa;	at com.kms.katalon.core.main.TestSuiteExecutor.accessTestSuiteMainPhase(TestSuiteExecutor.java:148)&#xa;	at com.kms.katalon.core.main.TestSuiteExecutor.execute(TestSuiteExecutor.java:106)&#xa;	at com.kms.katalon.core.main.TestCaseMain.startTestSuite(TestCaseMain.java:180)&#xa;	at TempTestSuite1705637915236.run(TempTestSuite1705637915236.groovy:36)&#xa;	at java.base/jdk.internal.reflect.NativeMethodAccessorImpl.invoke0(Native Method)&#xa;	at java.base/jdk.internal.reflect.NativeMethodAccessorImpl.invoke(NativeMethodAccessorImpl.java:77)&#xa;	at java.base/jdk.internal.reflect.DelegatingMethodAccessorImpl.invoke(DelegatingMethodAccessorImpl.java:43)&#xa;Caused by: com.kms.katalon.core.webui.exception.WebElementNotFoundException: Web element with id: 'Object Repository/Page_Create Account/Password Field' located by 'id(&quot;password&quot;)[count(. | //input[@type = 'text' and @class = 'form-control ' and @id = 'password' and @name = 'password' and @placeholder = 'Password']) = count(//input[@type = 'text' and @class = 'form-control ' and @id = 'password' and @name = 'password' and @placeholder = 'Password'])]' not found&#xa;	at com.kms.katalon.core.webui.common.WebUiCommonHelper.findWebElement(WebUiCommonHelper.java:1379)&#xa;	at com.kms.katalon.core.webui.keyword.internal.WebUIAbstractKeyword.findWebElement(WebUIAbstractKeyword.groovy:27)&#xa;	at com.kms.katalon.core.webui.keyword.internal.WebUIAbstractKeyword.findWebElement(WebUIAbstractKeyword.groovy:26)&#xa;	at com.kms.katalon.core.webui.keyword.builtin.ClearTextKeyword$_clearText_closure1.doCall(ClearTextKeyword.groovy:44)&#xa;	at com.kms.katalon.core.webui.keyword.builtin.ClearTextKeyword$_clearText_closure1.call(ClearTextKeyword.groovy)&#xa;	at com.kms.katalon.core.webui.keyword.internal.WebUIKeywordMain.runKeyword(WebUIKeywordMain.groovy:33)&#xa;	... 23 more&#xa;"/>
         <system-out><![CDATA[19-01-2024T11:43:30 - [TEST_CASE][FAILED] - Test Cases/Offline PSSI Dashboard Function/Create BE Account Management/Edit Account/Positive Test Case/PSSIEditAccountValidData: Test Cases/Offline PSSI Dashboard Function/Create BE Account Management/Edit Account/Positive Test Case/PSSIEditAccountValidData FAILED.
Reason:
com.kms.katalon.core.exception.StepFailedException: Unable to clear text of object 'Object Repository/Page_Create Account/Password Field'
	at com.kms.katalon.core.webui.keyword.internal.WebUIKeywordMain.stepFailed(WebUIKeywordMain.groovy:64)
	at com.kms.katalon.core.webui.keyword.internal.WebUIKeywordMain.runKeyword(WebUIKeywordMain.groovy:42)
	at com.kms.katalon.core.webui.keyword.builtin.ClearTextKeyword.clearText(ClearTextKeyword.groovy:61)
	at com.kms.katalon.core.webui.keyword.builtin.ClearTextKeyword.execute(ClearTextKeyword.groovy:34)
	at com.kms.katalon.core.keyword.internal.KeywordExecutor.executeKeywordForPlatform(KeywordExecutor.groovy:74)
	at com.kms.katalon.core.webui.keyword.WebUiBuiltInKeywords.clearText(WebUiBuiltInKeywords.groovy:4989)
	at PSSIEditAccountValidData.run(PSSIEditAccountValidData:35)
	at com.kms.katalon.core.main.ScriptEngine.run(ScriptEngine.java:194)
	at com.kms.katalon.core.main.ScriptEngine.runScriptAsRawText(ScriptEngine.java:119)
	at com.kms.katalon.core.main.TestCaseExecutor.runScript(TestCaseExecutor.java:448)
	at com.kms.katalon.core.main.TestCaseExecutor.doExecute(TestCaseExecutor.java:439)
	at com.kms.katalon.core.main.TestCaseExecutor.processExecutionPhase(TestCaseExecutor.java:418)
	at com.kms.katalon.core.main.TestCaseExecutor.accessMainPhase(TestCaseExecutor.java:410)
	at com.kms.katalon.core.main.TestCaseExecutor.execute(TestCaseExecutor.java:285)
	at com.kms.katalon.core.main.TestCaseExecutor.execute(TestCaseExecutor.java:369)
	at com.kms.katalon.core.main.TestCaseExecutor.execute(TestCaseExecutor.java:369)
	at com.kms.katalon.core.main.TestCaseExecutor.execute(TestCaseExecutor.java:369)
	at com.kms.katalon.core.common.CommonExecutor.accessTestCaseMainPhase(CommonExecutor.java:65)
	at com.kms.katalon.core.main.TestSuiteExecutor.accessTestSuiteMainPhase(TestSuiteExecutor.java:148)
	at com.kms.katalon.core.main.TestSuiteExecutor.execute(TestSuiteExecutor.java:106)
	at com.kms.katalon.core.main.TestCaseMain.startTestSuite(TestCaseMain.java:180)
	at TempTestSuite1705637915236.run(TempTestSuite1705637915236.groovy:36)
	at java.base/jdk.internal.reflect.NativeMethodAccessorImpl.invoke0(Native Method)
	at java.base/jdk.internal.reflect.NativeMethodAccessorImpl.invoke(NativeMethodAccessorImpl.java:77)
	at java.base/jdk.internal.reflect.DelegatingMethodAccessorImpl.invoke(DelegatingMethodAccessorImpl.java:43)
Caused by: com.kms.katalon.core.webui.exception.WebElementNotFoundException: Web element with id: 'Object Repository/Page_Create Account/Password Field' located by 'id("password")[count(. | //input[@type = 'text' and @class = 'form-control ' and @id = 'password' and @name = 'password' and @placeholder = 'Password']) = count(//input[@type = 'text' and @class = 'form-control ' and @id = 'password' and @name = 'password' and @placeholder = 'Password'])]' not found
	at com.kms.katalon.core.webui.common.WebUiCommonHelper.findWebElement(WebUiCommonHelper.java:1379)
	at com.kms.katalon.core.webui.keyword.internal.WebUIAbstractKeyword.findWebElement(WebUIAbstractKeyword.groovy:27)
	at com.kms.katalon.core.webui.keyword.internal.WebUIAbstractKeyword.findWebElement(WebUIAbstractKeyword.groovy:26)
	at com.kms.katalon.core.webui.keyword.builtin.ClearTextKeyword$_clearText_closure1.doCall(ClearTextKeyword.groovy:44)
	at com.kms.katalon.core.webui.keyword.builtin.ClearTextKeyword$_clearText_closure1.call(ClearTextKeyword.groovy)
	at com.kms.katalon.core.webui.keyword.internal.WebUIKeywordMain.runKeyword(WebUIKeywordMain.groovy:33)
	... 23 more


19-01-2024T11:43:30 - [TEST_STEP][PASSED] - failureHandling = STOP_ON_FAILURE: null

19-01-2024T11:43:30 - [TEST_STEP][PASSED] - baseUrl = offline_pssi_dashboard_url: null

19-01-2024T11:43:30 - [TEST_STEP][PASSED] - callTestCase(findTestCase("Offline PSSI Dashboard Function/Create BE Account Management/View Account Management/PSSIViewAccountManagement"), [:], failureHandling): Call Test Case 'Test Cases/Offline PSSI Dashboard Function/Create BE Account Management/View Account Management/PSSIViewAccountManagement' successfully

19-01-2024T11:43:30 - [TEST_CASE][PASSED] - Test Cases/Offline PSSI Dashboard Function/Create BE Account Management/View Account Management/PSSIViewAccountManagement: Test Cases/Offline PSSI Dashboard Function/Create BE Account Management/View Account Management/PSSIViewAccountManagement

19-01-2024T11:43:30 - [TEST_STEP][PASSED] - failureHandling = STOP_ON_FAILURE: null

19-01-2024T11:43:30 - [TEST_STEP][PASSED] - baseUrl = offline_pssi_dashboard_url: null

19-01-2024T11:43:30 - [TEST_STEP][PASSED] - callTestCase(findTestCase("Offline PSSI Dashboard Function/Sign In/PSSISignInValidData"), [:], failureHandling): Call Test Case 'Test Cases/Offline PSSI Dashboard Function/Sign In/PSSISignInValidData' successfully

19-01-2024T11:43:31 - [TEST_CASE][PASSED] - Test Cases/Offline PSSI Dashboard Function/Sign In/PSSISignInValidData: Test Cases/Offline PSSI Dashboard Function/Sign In/PSSISignInValidData

19-01-2024T11:43:31 - [TEST_STEP][PASSED] - failureHandling = STOP_ON_FAILURE: null

19-01-2024T11:43:31 - [TEST_STEP][PASSED] - baseUrl = offline_pssi_dashboard_url: null

19-01-2024T11:43:31 - [TEST_STEP][PASSED] - openBrowser(""): Browser is opened with url: ''

19-01-2024T11:43:31 - [MESSAGE][WARNING] - A browser is already opened. Closing browser and opening a new one

19-01-2024T11:43:31 - [MESSAGE][INFO] - Starting 'Chrome' driver

19-01-2024T11:43:31 - [MESSAGE][INFO] - User set preference: ['unhandledPromptBehaviour', 'ignore']

19-01-2024T11:43:31 - [MESSAGE][INFO] - User set preference: ['unexpectedAlertBehaviour', 'ignore']

19-01-2024T11:43:31 - [MESSAGE][INFO] - Action delay is set to 0 milliseconds

19-01-2024T11:43:32 - [MESSAGE][PASSED] - Browser is opened with url: ''

19-01-2024T11:43:32 - [TEST_STEP][PASSED] - navigateToUrl(baseUrl): Navigate to 'https://monitoring.pssi-dev.kecilin.id' successfully

19-01-2024T11:43:44 - [MESSAGE][PASSED] - Navigate to 'https://monitoring.pssi-dev.kecilin.id' successfully

19-01-2024T11:43:44 - [TEST_STEP][PASSED] - maximizeWindow(): Current window maximized

19-01-2024T11:43:49 - [MESSAGE][PASSED] - Current window maximized

19-01-2024T11:43:49 - [TEST_STEP][PASSED] - setText(findTestObject("Object Repository/Page_Login/input_email"), "superadmin@app.com"): Text 'superadmin@app.com' is set on object 'Object Repository/Page_Login/input_email'

19-01-2024T11:43:50 - [MESSAGE][PASSED] - Text 'superadmin@app.com' is set on object 'Object Repository/Page_Login/input_email'

19-01-2024T11:43:50 - [TEST_STEP][PASSED] - setEncryptedText(findTestObject("Object Repository/Page_Login/input_password"), "8SQVv/p9jVScEs4/2CZsLw=="): Text ****** has been set on object 'Object Repository/Page_Login/input_password'

19-01-2024T11:43:50 - [MESSAGE][PASSED] - Text ****** has been set on object 'Object Repository/Page_Login/input_password'

19-01-2024T11:43:50 - [TEST_STEP][PASSED] - click(findTestObject("Object Repository/Page_Login/button_Sign In")): Object: 'Object Repository/Page_Login/button_Sign In' is clicked on

19-01-2024T11:44:03 - [MESSAGE][PASSED] - Object: 'Object Repository/Page_Login/button_Sign In' is clicked on

19-01-2024T11:44:03 - [MESSAGE][PASSED] - Call Test Case 'Test Cases/Offline PSSI Dashboard Function/Sign In/PSSISignInValidData' successfully

19-01-2024T11:44:03 - [TEST_STEP][PASSED] - scrollToElement(findTestObject("Page_Dashboard/Account Management Sidebar"), 0): Scroll to object 'Object Repository/Page_Dashboard/Account Management Sidebar' successfully

19-01-2024T11:44:04 - [MESSAGE][WARNING] - Timeout '0' is invalid. Using default page load timeout: '1'

19-01-2024T11:44:06 - [MESSAGE][INFO] - Unable to find the element located by 'By.xpath: id("sidenav-collapse-main")/ul[@class="navbar-nav"]/li[@class="nav-item"]/a[@class="nav-link"][count(. | //a[@class = 'nav-link  ' and @href = '/accounts' and (text() = '
            
              
                
              
            
            Account Management
          ' or . = '
            
              
                
              
            
            Account Management
          ')]) = count(//a[@class = 'nav-link  ' and @href = '/accounts' and (text() = '
            
              
                
              
            
            Account Management
          ' or . = '
            
              
                
              
            
            Account Management
          ')])]'. Please recheck the objects properties to make sure the desired element is located. 

19-01-2024T11:44:06 - [MESSAGE][WARNING] - [SELF-HEALING] Failed to find element with id 'Object Repository/Page_Dashboard/Account Management Sidebar'. Try using Self-healing.

19-01-2024T11:44:06 - [MESSAGE][WARNING] - [SELF-HEALING] The current locator of test object 'Object Repository/Page_Dashboard/Account Management Sidebar' was broken. Propose an alternative one: '//div[@id='sidenav-collapse-main']/ul/li[12]/a'.

19-01-2024T11:44:06 - [MESSAGE][PASSED] - Scroll to object 'Object Repository/Page_Dashboard/Account Management Sidebar' successfully

19-01-2024T11:44:06 - [TEST_STEP][PASSED] - navigateToUrl(baseUrl + "/accounts", failureHandling): Navigate to 'https://monitoring.pssi-dev.kecilin.id/accounts' successfully

19-01-2024T11:44:07 - [MESSAGE][PASSED] - Navigate to 'https://monitoring.pssi-dev.kecilin.id/accounts' successfully

19-01-2024T11:44:07 - [MESSAGE][INFO] - 

19-01-2024T11:44:07 - [MESSAGE][INFO] - ===================== Self-healing Report ====================

19-01-2024T11:44:07 - [MESSAGE][INFO] - One of the failed test object locators has been recovered by Self-healing. Please refer to the Self-healing Insights tab for more details.

19-01-2024T11:44:07 - [MESSAGE][INFO] - To learn more about Self-healing, please read https://docs.katalon.com/katalon-studio/docs/self-healing.html

19-01-2024T11:44:07 - [MESSAGE][INFO] - ==============================================================

19-01-2024T11:44:07 - [MESSAGE][PASSED] - Call Test Case 'Test Cases/Offline PSSI Dashboard Function/Create BE Account Management/View Account Management/PSSIViewAccountManagement' successfully

19-01-2024T11:44:07 - [TEST_STEP][PASSED] - navigateToUrl(baseUrl + "/accounts/edit/652c095d63d9d69bc80121ca", failureHandling): Navigate to 'https://monitoring.pssi-dev.kecilin.id/accounts/edit/652c095d63d9d69bc80121ca' successfully

19-01-2024T11:44:08 - [MESSAGE][PASSED] - Navigate to 'https://monitoring.pssi-dev.kecilin.id/accounts/edit/652c095d63d9d69bc80121ca' successfully

19-01-2024T11:44:08 - [TEST_STEP][PASSED] - clearText(findTestObject("Page_Create Account/Name Field")): Text of object 'Object Repository/Page_Create Account/Name Field' is cleared

19-01-2024T11:44:10 - [MESSAGE][INFO] - Unable to find the element located by 'By.xpath: id("name")[count(. | //input[@type = 'text' and @class = 'form-control ' and @id = 'name' and @name = 'name' and @placeholder = 'Nama']) = count(//input[@type = 'text' and @class = 'form-control ' and @id = 'name' and @name = 'name' and @placeholder = 'Nama'])]'. Please recheck the objects properties to make sure the desired element is located. 

19-01-2024T11:44:10 - [MESSAGE][WARNING] - [SELF-HEALING] Failed to find element with id 'Object Repository/Page_Create Account/Name Field'. Try using Self-healing.

19-01-2024T11:44:10 - [MESSAGE][WARNING] - [SELF-HEALING] The current locator of test object 'Object Repository/Page_Create Account/Name Field' was broken. Propose an alternative one: '//input[@id='name']'.

19-01-2024T11:44:10 - [MESSAGE][PASSED] - Text of object 'Object Repository/Page_Create Account/Name Field' is cleared

19-01-2024T11:44:10 - [TEST_STEP][PASSED] - clearText(findTestObject("Page_Create Account/Email Field")): Text of object 'Object Repository/Page_Create Account/Email Field' is cleared

19-01-2024T11:44:13 - [MESSAGE][INFO] - Unable to find the element located by 'By.xpath: id("email")[count(. | //input[@type = 'email' and @class = 'form-control ' and @id = 'email' and @name = 'email' and @placeholder = 'Email']) = count(//input[@type = 'email' and @class = 'form-control ' and @id = 'email' and @name = 'email' and @placeholder = 'Email'])]'. Please recheck the objects properties to make sure the desired element is located. 

19-01-2024T11:44:13 - [MESSAGE][WARNING] - [SELF-HEALING] Failed to find element with id 'Object Repository/Page_Create Account/Email Field'. Try using Self-healing.

19-01-2024T11:44:13 - [MESSAGE][WARNING] - [SELF-HEALING] The current locator of test object 'Object Repository/Page_Create Account/Email Field' was broken. Propose an alternative one: '//input[@id='email']'.

19-01-2024T11:44:13 - [MESSAGE][PASSED] - Text of object 'Object Repository/Page_Create Account/Email Field' is cleared

19-01-2024T11:44:13 - [TEST_STEP][FAILED] - clearText(findTestObject("Page_Create Account/Password Field")): Unable to clear text of object 'Object Repository/Page_Create Account/Password Field' (Root cause: com.kms.katalon.core.exception.StepFailedException: Unable to clear text of object 'Object Repository/Page_Create Account/Password Field'
	at com.kms.katalon.core.webui.keyword.internal.WebUIKeywordMain.stepFailed(WebUIKeywordMain.groovy:64)
	at com.kms.katalon.core.webui.keyword.internal.WebUIKeywordMain.runKeyword(WebUIKeywordMain.groovy:42)
	at com.kms.katalon.core.webui.keyword.builtin.ClearTextKeyword.clearText(ClearTextKeyword.groovy:61)
	at com.kms.katalon.core.webui.keyword.builtin.ClearTextKeyword.execute(ClearTextKeyword.groovy:34)
	at com.kms.katalon.core.keyword.internal.KeywordExecutor.executeKeywordForPlatform(KeywordExecutor.groovy:74)
	at com.kms.katalon.core.webui.keyword.WebUiBuiltInKeywords.clearText(WebUiBuiltInKeywords.groovy:4989)
	at PSSIEditAccountValidData.run(PSSIEditAccountValidData:35)
	at com.kms.katalon.core.main.ScriptEngine.run(ScriptEngine.java:194)
	at com.kms.katalon.core.main.ScriptEngine.runScriptAsRawText(ScriptEngine.java:119)
	at com.kms.katalon.core.main.TestCaseExecutor.runScript(TestCaseExecutor.java:448)
	at com.kms.katalon.core.main.TestCaseExecutor.doExecute(TestCaseExecutor.java:439)
	at com.kms.katalon.core.main.TestCaseExecutor.processExecutionPhase(TestCaseExecutor.java:418)
	at com.kms.katalon.core.main.TestCaseExecutor.accessMainPhase(TestCaseExecutor.java:410)
	at com.kms.katalon.core.main.TestCaseExecutor.execute(TestCaseExecutor.java:285)
	at com.kms.katalon.core.main.TestCaseExecutor.execute(TestCaseExecutor.java:369)
	at com.kms.katalon.core.main.TestCaseExecutor.execute(TestCaseExecutor.java:369)
	at com.kms.katalon.core.main.TestCaseExecutor.execute(TestCaseExecutor.java:369)
	at com.kms.katalon.core.common.CommonExecutor.accessTestCaseMainPhase(CommonExecutor.java:65)
	at com.kms.katalon.core.main.TestSuiteExecutor.accessTestSuiteMainPhase(TestSuiteExecutor.java:148)
	at com.kms.katalon.core.main.TestSuiteExecutor.execute(TestSuiteExecutor.java:106)
	at com.kms.katalon.core.main.TestCaseMain.startTestSuite(TestCaseMain.java:180)
	at TempTestSuite1705637915236.run(TempTestSuite1705637915236.groovy:36)
	at java.base/jdk.internal.reflect.NativeMethodAccessorImpl.invoke0(Native Method)
	at java.base/jdk.internal.reflect.NativeMethodAccessorImpl.invoke(NativeMethodAccessorImpl.java:77)
	at java.base/jdk.internal.reflect.DelegatingMethodAccessorImpl.invoke(DelegatingMethodAccessorImpl.java:43)
Caused by: com.kms.katalon.core.webui.exception.WebElementNotFoundException: Web element with id: 'Object Repository/Page_Create Account/Password Field' located by 'id("password")[count(. | //input[@type = 'text' and @class = 'form-control ' and @id = 'password' and @name = 'password' and @placeholder = 'Password']) = count(//input[@type = 'text' and @class = 'form-control ' and @id = 'password' and @name = 'password' and @placeholder = 'Password'])]' not found
	at com.kms.katalon.core.webui.common.WebUiCommonHelper.findWebElement(WebUiCommonHelper.java:1379)
	at com.kms.katalon.core.webui.keyword.internal.WebUIAbstractKeyword.findWebElement(WebUIAbstractKeyword.groovy:27)
	at com.kms.katalon.core.webui.keyword.internal.WebUIAbstractKeyword.findWebElement(WebUIAbstractKeyword.groovy:26)
	at com.kms.katalon.core.webui.keyword.builtin.ClearTextKeyword$_clearText_closure1.doCall(ClearTextKeyword.groovy:44)
	at com.kms.katalon.core.webui.keyword.builtin.ClearTextKeyword$_clearText_closure1.call(ClearTextKeyword.groovy)
	at com.kms.katalon.core.webui.keyword.internal.WebUIKeywordMain.runKeyword(WebUIKeywordMain.groovy:33)
	at com.kms.katalon.core.webui.keyword.builtin.ClearTextKeyword.clearText(ClearTextKeyword.groovy:61)
	at com.kms.katalon.core.webui.keyword.builtin.ClearTextKeyword.execute(ClearTextKeyword.groovy:34)
	at com.kms.katalon.core.keyword.internal.KeywordExecutor.executeKeywordForPlatform(KeywordExecutor.groovy:74)
	at com.kms.katalon.core.webui.keyword.WebUiBuiltInKeywords.clearText(WebUiBuiltInKeywords.groovy:4989)
	at Script1705568024681.run(Script1705568024681.groovy:35)
	... 18 more
)

19-01-2024T11:44:15 - [MESSAGE][INFO] - Unable to find the element located by 'By.xpath: id("password")[count(. | //input[@type = 'text' and @class = 'form-control ' and @id = 'password' and @name = 'password' and @placeholder = 'Password']) = count(//input[@type = 'text' and @class = 'form-control ' and @id = 'password' and @name = 'password' and @placeholder = 'Password'])]'. Please recheck the objects properties to make sure the desired element is located. 

19-01-2024T11:44:15 - [MESSAGE][WARNING] - [SELF-HEALING] Failed to find element with id 'Object Repository/Page_Create Account/Password Field'. Try using Self-healing.

19-01-2024T11:44:16 - [MESSAGE][INFO] - Unable to find the element located by 'By.xpath: //input[@id='password']'. Please recheck the objects properties to make sure the desired element is located. 

19-01-2024T11:44:17 - [MESSAGE][INFO] - [SELF-HEALING] Failed Locator: '//input[@id='password']'.

19-01-2024T11:44:17 - [MESSAGE][INFO] - [SELF-HEALING] Failed Locator: '//div[3]/input'.

19-01-2024T11:44:17 - [MESSAGE][INFO] - [SELF-HEALING] Failed Locator: '//input[@type = 'text' and @id = 'password' and @name = 'password' and @placeholder = 'Password']'.

19-01-2024T11:44:17 - [MESSAGE][INFO] - [SELF-HEALING] Failed Locator: '//input[@id='password']'.

19-01-2024T11:44:18 - [MESSAGE][INFO] - [SELF-HEALING] Failed Locator: '//div[3]/input'.

19-01-2024T11:44:18 - [MESSAGE][INFO] - [SELF-HEALING] Failed Locator: '//input[@type = 'text' and @id = 'password' and @name = 'password' and @placeholder = 'Password']'.

19-01-2024T11:44:19 - [MESSAGE][INFO] - Unable to find the element located by 'By.cssSelector: #password'. Please recheck the objects properties to make sure the desired element is located. 

19-01-2024T11:44:19 - [MESSAGE][FAILED] - Unable to clear text of object 'Object Repository/Page_Create Account/Password Field' (Root cause: com.kms.katalon.core.exception.StepFailedException: Unable to clear text of object 'Object Repository/Page_Create Account/Password Field'
	at com.kms.katalon.core.webui.keyword.internal.WebUIKeywordMain.stepFailed(WebUIKeywordMain.groovy:64)
	at com.kms.katalon.core.webui.keyword.internal.WebUIKeywordMain.runKeyword(WebUIKeywordMain.groovy:42)
	at com.kms.katalon.core.webui.keyword.builtin.ClearTextKeyword.clearText(ClearTextKeyword.groovy:61)
	at com.kms.katalon.core.webui.keyword.builtin.ClearTextKeyword.execute(ClearTextKeyword.groovy:34)
	at com.kms.katalon.core.keyword.internal.KeywordExecutor.executeKeywordForPlatform(KeywordExecutor.groovy:74)
	at com.kms.katalon.core.webui.keyword.WebUiBuiltInKeywords.clearText(WebUiBuiltInKeywords.groovy:4989)
	at PSSIEditAccountValidData.run(PSSIEditAccountValidData:35)
	at com.kms.katalon.core.main.ScriptEngine.run(ScriptEngine.java:194)
	at com.kms.katalon.core.main.ScriptEngine.runScriptAsRawText(ScriptEngine.java:119)
	at com.kms.katalon.core.main.TestCaseExecutor.runScript(TestCaseExecutor.java:448)
	at com.kms.katalon.core.main.TestCaseExecutor.doExecute(TestCaseExecutor.java:439)
	at com.kms.katalon.core.main.TestCaseExecutor.processExecutionPhase(TestCaseExecutor.java:418)
	at com.kms.katalon.core.main.TestCaseExecutor.accessMainPhase(TestCaseExecutor.java:410)
	at com.kms.katalon.core.main.TestCaseExecutor.execute(TestCaseExecutor.java:285)
	at com.kms.katalon.core.main.TestCaseExecutor.execute(TestCaseExecutor.java:369)
	at com.kms.katalon.core.main.TestCaseExecutor.execute(TestCaseExecutor.java:369)
	at com.kms.katalon.core.main.TestCaseExecutor.execute(TestCaseExecutor.java:369)
	at com.kms.katalon.core.common.CommonExecutor.accessTestCaseMainPhase(CommonExecutor.java:65)
	at com.kms.katalon.core.main.TestSuiteExecutor.accessTestSuiteMainPhase(TestSuiteExecutor.java:148)
	at com.kms.katalon.core.main.TestSuiteExecutor.execute(TestSuiteExecutor.java:106)
	at com.kms.katalon.core.main.TestCaseMain.startTestSuite(TestCaseMain.java:180)
	at TempTestSuite1705637915236.run(TempTestSuite1705637915236.groovy:36)
	at java.base/jdk.internal.reflect.NativeMethodAccessorImpl.invoke0(Native Method)
	at java.base/jdk.internal.reflect.NativeMethodAccessorImpl.invoke(NativeMethodAccessorImpl.java:77)
	at java.base/jdk.internal.reflect.DelegatingMethodAccessorImpl.invoke(DelegatingMethodAccessorImpl.java:43)
Caused by: com.kms.katalon.core.webui.exception.WebElementNotFoundException: Web element with id: 'Object Repository/Page_Create Account/Password Field' located by 'id("password")[count(. | //input[@type = 'text' and @class = 'form-control ' and @id = 'password' and @name = 'password' and @placeholder = 'Password']) = count(//input[@type = 'text' and @class = 'form-control ' and @id = 'password' and @name = 'password' and @placeholder = 'Password'])]' not found
	at com.kms.katalon.core.webui.common.WebUiCommonHelper.findWebElement(WebUiCommonHelper.java:1379)
	at com.kms.katalon.core.webui.keyword.internal.WebUIAbstractKeyword.findWebElement(WebUIAbstractKeyword.groovy:27)
	at com.kms.katalon.core.webui.keyword.internal.WebUIAbstractKeyword.findWebElement(WebUIAbstractKeyword.groovy:26)
	at com.kms.katalon.core.webui.keyword.builtin.ClearTextKeyword$_clearText_closure1.doCall(ClearTextKeyword.groovy:44)
	at com.kms.katalon.core.webui.keyword.builtin.ClearTextKeyword$_clearText_closure1.call(ClearTextKeyword.groovy)
	at com.kms.katalon.core.webui.keyword.internal.WebUIKeywordMain.runKeyword(WebUIKeywordMain.groovy:33)
	at com.kms.katalon.core.webui.keyword.builtin.ClearTextKeyword.clearText(ClearTextKeyword.groovy:61)
	at com.kms.katalon.core.webui.keyword.builtin.ClearTextKeyword.execute(ClearTextKeyword.groovy:34)
	at com.kms.katalon.core.keyword.internal.KeywordExecutor.executeKeywordForPlatform(KeywordExecutor.groovy:74)
	at com.kms.katalon.core.webui.keyword.WebUiBuiltInKeywords.clearText(WebUiBuiltInKeywords.groovy:4989)
	at Script1705568024681.run(Script1705568024681.groovy:35)
	... 18 more
)
[[ATTACHMENT|C:\\Users\\USER\\git\\Kecilin-Automation-Test\\Reports\\20240119_111826\\Create BE Account Management\\Edit Account Test Suite\\20240119_111835\\1705639459562.png]]]]></system-out>
         <system-err><![CDATA[19-01-2024T11:43:30 - [TEST_CASE][FAILED] - Test Cases/Offline PSSI Dashboard Function/Create BE Account Management/Edit Account/Positive Test Case/PSSIEditAccountValidData: Test Cases/Offline PSSI Dashboard Function/Create BE Account Management/Edit Account/Positive Test Case/PSSIEditAccountValidData FAILED.
Reason:
com.kms.katalon.core.exception.StepFailedException: Unable to clear text of object 'Object Repository/Page_Create Account/Password Field'
	at com.kms.katalon.core.webui.keyword.internal.WebUIKeywordMain.stepFailed(WebUIKeywordMain.groovy:64)
	at com.kms.katalon.core.webui.keyword.internal.WebUIKeywordMain.runKeyword(WebUIKeywordMain.groovy:42)
	at com.kms.katalon.core.webui.keyword.builtin.ClearTextKeyword.clearText(ClearTextKeyword.groovy:61)
	at com.kms.katalon.core.webui.keyword.builtin.ClearTextKeyword.execute(ClearTextKeyword.groovy:34)
	at com.kms.katalon.core.keyword.internal.KeywordExecutor.executeKeywordForPlatform(KeywordExecutor.groovy:74)
	at com.kms.katalon.core.webui.keyword.WebUiBuiltInKeywords.clearText(WebUiBuiltInKeywords.groovy:4989)
	at PSSIEditAccountValidData.run(PSSIEditAccountValidData:35)
	at com.kms.katalon.core.main.ScriptEngine.run(ScriptEngine.java:194)
	at com.kms.katalon.core.main.ScriptEngine.runScriptAsRawText(ScriptEngine.java:119)
	at com.kms.katalon.core.main.TestCaseExecutor.runScript(TestCaseExecutor.java:448)
	at com.kms.katalon.core.main.TestCaseExecutor.doExecute(TestCaseExecutor.java:439)
	at com.kms.katalon.core.main.TestCaseExecutor.processExecutionPhase(TestCaseExecutor.java:418)
	at com.kms.katalon.core.main.TestCaseExecutor.accessMainPhase(TestCaseExecutor.java:410)
	at com.kms.katalon.core.main.TestCaseExecutor.execute(TestCaseExecutor.java:285)
	at com.kms.katalon.core.main.TestCaseExecutor.execute(TestCaseExecutor.java:369)
	at com.kms.katalon.core.main.TestCaseExecutor.execute(TestCaseExecutor.java:369)
	at com.kms.katalon.core.main.TestCaseExecutor.execute(TestCaseExecutor.java:369)
	at com.kms.katalon.core.common.CommonExecutor.accessTestCaseMainPhase(CommonExecutor.java:65)
	at com.kms.katalon.core.main.TestSuiteExecutor.accessTestSuiteMainPhase(TestSuiteExecutor.java:148)
	at com.kms.katalon.core.main.TestSuiteExecutor.execute(TestSuiteExecutor.java:106)
	at com.kms.katalon.core.main.TestCaseMain.startTestSuite(TestCaseMain.java:180)
	at TempTestSuite1705637915236.run(TempTestSuite1705637915236.groovy:36)
	at java.base/jdk.internal.reflect.NativeMethodAccessorImpl.invoke0(Native Method)
	at java.base/jdk.internal.reflect.NativeMethodAccessorImpl.invoke(NativeMethodAccessorImpl.java:77)
	at java.base/jdk.internal.reflect.DelegatingMethodAccessorImpl.invoke(DelegatingMethodAccessorImpl.java:43)
Caused by: com.kms.katalon.core.webui.exception.WebElementNotFoundException: Web element with id: 'Object Repository/Page_Create Account/Password Field' located by 'id("password")[count(. | //input[@type = 'text' and @class = 'form-control ' and @id = 'password' and @name = 'password' and @placeholder = 'Password']) = count(//input[@type = 'text' and @class = 'form-control ' and @id = 'password' and @name = 'password' and @placeholder = 'Password'])]' not found
	at com.kms.katalon.core.webui.common.WebUiCommonHelper.findWebElement(WebUiCommonHelper.java:1379)
	at com.kms.katalon.core.webui.keyword.internal.WebUIAbstractKeyword.findWebElement(WebUIAbstractKeyword.groovy:27)
	at com.kms.katalon.core.webui.keyword.internal.WebUIAbstractKeyword.findWebElement(WebUIAbstractKeyword.groovy:26)
	at com.kms.katalon.core.webui.keyword.builtin.ClearTextKeyword$_clearText_closure1.doCall(ClearTextKeyword.groovy:44)
	at com.kms.katalon.core.webui.keyword.builtin.ClearTextKeyword$_clearText_closure1.call(ClearTextKeyword.groovy)
	at com.kms.katalon.core.webui.keyword.internal.WebUIKeywordMain.runKeyword(WebUIKeywordMain.groovy:33)
	... 23 more]]></system-err>
      </testcase>
      <system-out><![CDATA[19-01-2024T11:32:58 - [TEST_SUITE][FAILED] - Edit Account Test Suite: Test Cases/Offline PSSI Dashboard Function/Create BE Account Management/Edit Account/Negative Test Case/PSSIEditAccountDuplicateEmail FAILED.
Reason:
com.kms.katalon.core.exception.StepFailedException: Unable to verify object 'Object Repository/Page_Create Account/Password Field' to be clickable
	at com.kms.katalon.core.webui.keyword.internal.WebUIKeywordMain.stepFailed(WebUIKeywordMain.groovy:64)
	at com.kms.katalon.core.webui.keyword.internal.WebUIKeywordMain.runKeyword(WebUIKeywordMain.groovy:26)
	at com.kms.katalon.core.webui.keyword.builtin.VerifyElementClickableKeyword.verifyElementClickable(VerifyElementClickableKeyword.groovy:96)
	at com.kms.katalon.core.webui.keyword.builtin.VerifyElementClickableKeyword.execute(VerifyElementClickableKeyword.groovy:67)
	at com.kms.katalon.core.keyword.internal.KeywordExecutor.executeKeywordForPlatform(KeywordExecutor.groovy:74)
	at com.kms.katalon.core.webui.keyword.WebUiBuiltInKeywords.verifyElementClickable(WebUiBuiltInKeywords.groovy:605)
	at PSSIEditAccountDuplicateEmail.run(PSSIEditAccountDuplicateEmail:37)
	at com.kms.katalon.core.main.ScriptEngine.run(ScriptEngine.java:194)
	at com.kms.katalon.core.main.ScriptEngine.runScriptAsRawText(ScriptEngine.java:119)
	at com.kms.katalon.core.main.TestCaseExecutor.runScript(TestCaseExecutor.java:448)
	at com.kms.katalon.core.main.TestCaseExecutor.doExecute(TestCaseExecutor.java:439)
	at com.kms.katalon.core.main.TestCaseExecutor.processExecutionPhase(TestCaseExecutor.java:418)
	at com.kms.katalon.core.main.TestCaseExecutor.accessMainPhase(TestCaseExecutor.java:410)
	at com.kms.katalon.core.main.TestCaseExecutor.execute(TestCaseExecutor.java:285)
	at com.kms.katalon.core.common.CommonExecutor.accessTestCaseMainPhase(CommonExecutor.java:65)
	at com.kms.katalon.core.main.TestSuiteExecutor.accessTestSuiteMainPhase(TestSuiteExecutor.java:148)
	at com.kms.katalon.core.main.TestSuiteExecutor.execute(TestSuiteExecutor.java:106)
	at com.kms.katalon.core.main.TestCaseMain.startTestSuite(TestCaseMain.java:180)
	at TempTestSuite1705637915236.run(TempTestSuite1705637915236.groovy:36)
	at java.base/jdk.internal.reflect.NativeMethodAccessorImpl.invoke0(Native Method)
	at java.base/jdk.internal.reflect.NativeMethodAccessorImpl.invoke(NativeMethodAccessorImpl.java:77)
	at java.base/jdk.internal.reflect.DelegatingMethodAccessorImpl.invoke(DelegatingMethodAccessorImpl.java:43)
Caused by: com.kms.katalon.core.exception.StepFailedException: Web element with id: 'Object Repository/Page_Create Account/Password Field' located by 'id("password")[count(. | //input[@type = 'text' and @class = 'form-control ' and @id = 'password' and @name = 'password' and @placeholder = 'Password']) = count(//input[@type = 'text' and @class = 'form-control ' and @id = 'password' and @name = 'password' and @placeholder = 'Password'])]' not found
	at com.kms.katalon.core.webui.keyword.internal.WebUIKeywordMain.stepFailed(WebUIKeywordMain.groovy:64)
	at com.kms.katalon.core.webui.keyword.builtin.VerifyElementClickableKeyword$_verifyElementClickable_closure1.doCall(VerifyElementClickableKeyword.groovy:88)
	at com.kms.katalon.core.webui.keyword.builtin.VerifyElementClickableKeyword$_verifyElementClickable_closure1.call(VerifyElementClickableKeyword.groovy)
	at com.kms.katalon.core.webui.keyword.internal.WebUIKeywordMain.runKeyword(WebUIKeywordMain.groovy:20)
	... 20 more]]></system-out>
      <system-err><![CDATA[19-01-2024T11:32:58 - [TEST_SUITE][FAILED] - Edit Account Test Suite: Test Cases/Offline PSSI Dashboard Function/Create BE Account Management/Edit Account/Negative Test Case/PSSIEditAccountDuplicateEmail FAILED.
Reason:
com.kms.katalon.core.exception.StepFailedException: Unable to verify object 'Object Repository/Page_Create Account/Password Field' to be clickable
	at com.kms.katalon.core.webui.keyword.internal.WebUIKeywordMain.stepFailed(WebUIKeywordMain.groovy:64)
	at com.kms.katalon.core.webui.keyword.internal.WebUIKeywordMain.runKeyword(WebUIKeywordMain.groovy:26)
	at com.kms.katalon.core.webui.keyword.builtin.VerifyElementClickableKeyword.verifyElementClickable(VerifyElementClickableKeyword.groovy:96)
	at com.kms.katalon.core.webui.keyword.builtin.VerifyElementClickableKeyword.execute(VerifyElementClickableKeyword.groovy:67)
	at com.kms.katalon.core.keyword.internal.KeywordExecutor.executeKeywordForPlatform(KeywordExecutor.groovy:74)
	at com.kms.katalon.core.webui.keyword.WebUiBuiltInKeywords.verifyElementClickable(WebUiBuiltInKeywords.groovy:605)
	at PSSIEditAccountDuplicateEmail.run(PSSIEditAccountDuplicateEmail:37)
	at com.kms.katalon.core.main.ScriptEngine.run(ScriptEngine.java:194)
	at com.kms.katalon.core.main.ScriptEngine.runScriptAsRawText(ScriptEngine.java:119)
	at com.kms.katalon.core.main.TestCaseExecutor.runScript(TestCaseExecutor.java:448)
	at com.kms.katalon.core.main.TestCaseExecutor.doExecute(TestCaseExecutor.java:439)
	at com.kms.katalon.core.main.TestCaseExecutor.processExecutionPhase(TestCaseExecutor.java:418)
	at com.kms.katalon.core.main.TestCaseExecutor.accessMainPhase(TestCaseExecutor.java:410)
	at com.kms.katalon.core.main.TestCaseExecutor.execute(TestCaseExecutor.java:285)
	at com.kms.katalon.core.common.CommonExecutor.accessTestCaseMainPhase(CommonExecutor.java:65)
	at com.kms.katalon.core.main.TestSuiteExecutor.accessTestSuiteMainPhase(TestSuiteExecutor.java:148)
	at com.kms.katalon.core.main.TestSuiteExecutor.execute(TestSuiteExecutor.java:106)
	at com.kms.katalon.core.main.TestCaseMain.startTestSuite(TestCaseMain.java:180)
	at TempTestSuite1705637915236.run(TempTestSuite1705637915236.groovy:36)
	at java.base/jdk.internal.reflect.NativeMethodAccessorImpl.invoke0(Native Method)
	at java.base/jdk.internal.reflect.NativeMethodAccessorImpl.invoke(NativeMethodAccessorImpl.java:77)
	at java.base/jdk.internal.reflect.DelegatingMethodAccessorImpl.invoke(DelegatingMethodAccessorImpl.java:43)
Caused by: com.kms.katalon.core.exception.StepFailedException: Web element with id: 'Object Repository/Page_Create Account/Password Field' located by 'id("password")[count(. | //input[@type = 'text' and @class = 'form-control ' and @id = 'password' and @name = 'password' and @placeholder = 'Password']) = count(//input[@type = 'text' and @class = 'form-control ' and @id = 'password' and @name = 'password' and @placeholder = 'Password'])]' not found
	at com.kms.katalon.core.webui.keyword.internal.WebUIKeywordMain.stepFailed(WebUIKeywordMain.groovy:64)
	at com.kms.katalon.core.webui.keyword.builtin.VerifyElementClickableKeyword$_verifyElementClickable_closure1.doCall(VerifyElementClickableKeyword.groovy:88)
	at com.kms.katalon.core.webui.keyword.builtin.VerifyElementClickableKeyword$_verifyElementClickable_closure1.call(VerifyElementClickableKeyword.groovy)
	at com.kms.katalon.core.webui.keyword.internal.WebUIKeywordMain.runKeyword(WebUIKeywordMain.groovy:20)
	... 20 more]]></system-err>
   </testsuite>
</testsuites>
