<?xml version="1.0" encoding="UTF-8"?>
<testsuites name="View CCTV Table Test Suite" time="64.91" tests="3" failures="1" errors="0">
   <testsuite name="View CCTV Table Test Suite" tests="3" failures="1" errors="0" time="64.91" skipped="0" timestamp="29-12-2023T11:29:56" hostname="USER - DESKTOP-HLRVE9S" id="Test Suites/Create BE CCTV Data/View CCTV Table Test Suite">
      <properties>
         <property name="deviceName" value=""/>
         <property name="devicePlatform" value=""/>
         <property name="logFolder" value="C:\\Users\\USER\\git\\Kecilin-Automation-Test\\Reports\\20231229_111847\\Create BE CCTV Data\\View CCTV Table Test Suite\\20231229_111903"/>
         <property name="logFiles" value="C:\\Users\\USER\\git\\Kecilin-Automation-Test\\Reports\\20231229_111847\\Create BE CCTV Data\\View CCTV Table Test Suite\\20231229_111903\\execution0.log"/>
         <property name="attachments" value="C:\\Users\\USER\\git\\Kecilin-Automation-Test\\Reports\\20231229_111847\\Create BE CCTV Data\\View CCTV Table Test Suite\\20231229_111903\\1703824261306.png"/>
         <property name="hostName" value="USER - DESKTOP-HLRVE9S"/>
         <property name="os" value="Windows 10 64bit"/>
         <property name="katalonVersion" value="9.2.0.212"/>
         <property name="browser" value="Chrome 120.0.0.0"/>
         <property name="hostAddress" value="192.168.100.183"/>
         <property name="sessionId" value="4ed80ab4e72ebb6ca87c855b395bb555"/>
         <property name="seleniumVersion" value="3.141.59"/>
         <property name="proxyInformation" value="ProxyInformation { proxyOption=NO_PROXY, proxyServerType=HTTP, username=, password=********, proxyServerAddress=, proxyServerPort=0, executionList=&quot;&quot;, isApplyToDesiredCapabilities=true }"/>
         <property name="platform" value="Windows 10"/>
      </properties>
      <testcase name="Test Cases/Offline PSSI Dashboard Function/Create BE CCTV Data/View CCTV Table/PSSIValidateViewCCTVData" time="49.652" classname="Test Cases/Offline PSSI Dashboard Function/Create BE CCTV Data/View CCTV Table/PSSIValidateViewCCTVData" status="PASSED">
         <system-out><![CDATA[29-12-2023T11:29:56 - [TEST_CASE][PASSED] - Test Cases/Offline PSSI Dashboard Function/Create BE CCTV Data/View CCTV Table/PSSIValidateViewCCTVData: Test Cases/Offline PSSI Dashboard Function/Create BE CCTV Data/View CCTV Table/PSSIValidateViewCCTVData

29-12-2023T11:29:57 - [TEST_STEP][PASSED] - failureHandling = STOP_ON_FAILURE: null

29-12-2023T11:29:57 - [TEST_STEP][PASSED] - baseUrl = offline_pssi_dashboard_url + "/cctv/detail/": null

29-12-2023T11:29:57 - [TEST_STEP][PASSED] - callTestCase(findTestCase("Offline PSSI Dashboard Function/Create BE CCTV Data/View Stadium/PSSIViewStadiumData"), [:], failureHandling): Call Test Case 'Test Cases/Offline PSSI Dashboard Function/Create BE CCTV Data/View Stadium/PSSIViewStadiumData' successfully

29-12-2023T11:29:57 - [TEST_CASE][PASSED] - Test Cases/Offline PSSI Dashboard Function/Create BE CCTV Data/View Stadium/PSSIViewStadiumData: Test Cases/Offline PSSI Dashboard Function/Create BE CCTV Data/View Stadium/PSSIViewStadiumData

29-12-2023T11:29:58 - [TEST_STEP][PASSED] - failureHandling = STOP_ON_FAILURE: null

29-12-2023T11:29:58 - [TEST_STEP][PASSED] - baseUrl = offline_pssi_dashboard_url: null

29-12-2023T11:29:58 - [TEST_STEP][PASSED] - callTestCase(findTestCase("Offline PSSI Dashboard Function/Create BE CCTV Data/Sign In/PSSISignInValidData"), [:], failureHandling): Call Test Case 'Test Cases/Offline PSSI Dashboard Function/Create BE CCTV Data/Sign In/PSSISignInValidData' successfully

29-12-2023T11:29:58 - [TEST_CASE][PASSED] - Test Cases/Offline PSSI Dashboard Function/Create BE CCTV Data/Sign In/PSSISignInValidData: Test Cases/Offline PSSI Dashboard Function/Create BE CCTV Data/Sign In/PSSISignInValidData

29-12-2023T11:29:58 - [TEST_STEP][PASSED] - failureHandling = STOP_ON_FAILURE: null

29-12-2023T11:29:58 - [TEST_STEP][PASSED] - baseUrl = offline_pssi_dashboard_url: null

29-12-2023T11:29:58 - [TEST_STEP][PASSED] - openBrowser(""): Browser is opened with url: ''

29-12-2023T11:29:58 - [MESSAGE][INFO] - Starting 'Chrome' driver

29-12-2023T11:29:58 - [MESSAGE][INFO] - Action delay is set to 0 milliseconds

29-12-2023T11:30:00 - [MESSAGE][PASSED] - Browser is opened with url: ''

29-12-2023T11:30:00 - [TEST_STEP][PASSED] - navigateToUrl(baseUrl): Navigate to 'https://monitoring.pssi-dev.kecilin.id' successfully

29-12-2023T11:30:01 - [MESSAGE][PASSED] - Navigate to 'https://monitoring.pssi-dev.kecilin.id' successfully

29-12-2023T11:30:01 - [TEST_STEP][PASSED] - maximizeWindow(): Current window maximized

29-12-2023T11:30:01 - [MESSAGE][PASSED] - Current window maximized

29-12-2023T11:30:01 - [TEST_STEP][PASSED] - setText(findTestObject("Object Repository/Page_Login/input_email"), "superadmin@app.com"): Text 'superadmin@app.com' is set on object 'Object Repository/Page_Login/input_email'

29-12-2023T11:30:02 - [MESSAGE][PASSED] - Text 'superadmin@app.com' is set on object 'Object Repository/Page_Login/input_email'

29-12-2023T11:30:02 - [TEST_STEP][PASSED] - setEncryptedText(findTestObject("Object Repository/Page_Login/input_password"), "8SQVv/p9jVScEs4/2CZsLw=="): Text ****** has been set on object 'Object Repository/Page_Login/input_password'

29-12-2023T11:30:03 - [MESSAGE][PASSED] - Text ****** has been set on object 'Object Repository/Page_Login/input_password'

29-12-2023T11:30:03 - [TEST_STEP][PASSED] - click(findTestObject("Object Repository/Page_Login/button_Sign In")): Object: 'Object Repository/Page_Login/button_Sign In' is clicked on

29-12-2023T11:30:05 - [MESSAGE][PASSED] - Object: 'Object Repository/Page_Login/button_Sign In' is clicked on

29-12-2023T11:30:05 - [MESSAGE][PASSED] - Call Test Case 'Test Cases/Offline PSSI Dashboard Function/Create BE CCTV Data/Sign In/PSSISignInValidData' successfully

29-12-2023T11:30:05 - [TEST_STEP][PASSED] - navigateToUrl(baseUrl + "/cctv/stadion", failureHandling): Navigate to 'https://monitoring.pssi-dev.kecilin.id/cctv/stadion' successfully

29-12-2023T11:30:05 - [MESSAGE][PASSED] - Navigate to 'https://monitoring.pssi-dev.kecilin.id/cctv/stadion' successfully

29-12-2023T11:30:05 - [MESSAGE][PASSED] - Call Test Case 'Test Cases/Offline PSSI Dashboard Function/Create BE CCTV Data/View Stadium/PSSIViewStadiumData' successfully

29-12-2023T11:30:05 - [TEST_STEP][PASSED] - verifyElementClickable(findTestObject("Object Repository/Page_CCTV/Data Entries Option")): Object 'Object Repository/Page_CCTV/Data Entries Option' is clickable

29-12-2023T11:30:06 - [MESSAGE][PASSED] - Object 'Object Repository/Page_CCTV/Data Entries Option' is clickable

29-12-2023T11:30:06 - [TEST_STEP][PASSED] - selectOptionByValue(findTestObject("Object Repository/Page_CCTV/Data Entries Option"), "100", true): All options with value '100' are selected in object 'Object Repository/Page_CCTV/Data Entries Option'  using regular expression

29-12-2023T11:30:07 - [MESSAGE][PASSED] - All options with value '100' are selected in object 'Object Repository/Page_CCTV/Data Entries Option'  using regular expression

29-12-2023T11:30:07 - [TEST_STEP][PASSED] - navigateToUrl(baseUrl + "64fea065acbef66fd5476494", failureHandling): Navigate to 'https://monitoring.pssi-dev.kecilin.id/cctv/detail/64fea065acbef66fd5476494' successfully

29-12-2023T11:30:08 - [MESSAGE][PASSED] - Navigate to 'https://monitoring.pssi-dev.kecilin.id/cctv/detail/64fea065acbef66fd5476494' successfully

29-12-2023T11:30:08 - [TEST_STEP][PASSED] - if (verifyTextPresent("Stadion Gelora Bangkalan", false, failureHandling) && verifyTextPresent("Bangkalan, Jawa Timur", false, failureHandling)): null

29-12-2023T11:30:08 - [MESSAGE][PASSED] - Text 'Stadion Gelora Bangkalan' is present on page 

29-12-2023T11:30:09 - [MESSAGE][PASSED] - Text 'Bangkalan, Jawa Timur' is present on page 

29-12-2023T11:30:09 - [TEST_STEP][PASSED] - markPassed("Test passed because user successfully displayed CCTV Data from selected stadium"): Test passed because user successfully displayed CCTV Data from selected stadium

29-12-2023T11:30:09 - [MESSAGE][PASSED] - Test passed because user successfully displayed CCTV Data from selected stadium

29-12-2023T11:30:09 - [TEST_STEP][PASSED] - breadcrumbClick(): null

29-12-2023T11:30:09 - [TEST_STEP][PASSED] - verifyElementClickable(findTestObject("Page_CCTV/Stadium Breadcrumb")): Object 'Object Repository/Page_CCTV/Stadium Breadcrumb' is clickable

29-12-2023T11:30:09 - [MESSAGE][PASSED] - Object 'Object Repository/Page_CCTV/Stadium Breadcrumb' is clickable

29-12-2023T11:30:09 - [TEST_STEP][PASSED] - click(findTestObject("Page_CCTV/Stadium Breadcrumb")): Object: 'Object Repository/Page_CCTV/Stadium Breadcrumb' is clicked on

29-12-2023T11:30:10 - [MESSAGE][PASSED] - Object: 'Object Repository/Page_CCTV/Stadium Breadcrumb' is clicked on

29-12-2023T11:30:10 - [TEST_STEP][PASSED] - navigateToUrl(baseUrl + "64fea04aacbef66fd547646c", failureHandling): Navigate to 'https://monitoring.pssi-dev.kecilin.id/cctv/detail/64fea04aacbef66fd547646c' successfully

29-12-2023T11:30:10 - [MESSAGE][PASSED] - Navigate to 'https://monitoring.pssi-dev.kecilin.id/cctv/detail/64fea04aacbef66fd547646c' successfully

29-12-2023T11:30:10 - [TEST_STEP][PASSED] - if (verifyTextPresent("Stadion Gelora Bung Tomo", false, failureHandling) && verifyTextPresent("Jawa timur", false, failureHandling)): null

29-12-2023T11:30:11 - [MESSAGE][PASSED] - Text 'Stadion Gelora Bung Tomo' is present on page 

29-12-2023T11:30:11 - [MESSAGE][PASSED] - Text 'Jawa timur' is present on page 

29-12-2023T11:30:11 - [TEST_STEP][PASSED] - markPassed("Test passed because user successfully displayed CCTV Data from selected stadium"): Test passed because user successfully displayed CCTV Data from selected stadium

29-12-2023T11:30:11 - [MESSAGE][PASSED] - Test passed because user successfully displayed CCTV Data from selected stadium

29-12-2023T11:30:11 - [TEST_STEP][PASSED] - breadcrumbClick(): null

29-12-2023T11:30:11 - [TEST_STEP][PASSED] - verifyElementClickable(findTestObject("Page_CCTV/Stadium Breadcrumb")): Object 'Object Repository/Page_CCTV/Stadium Breadcrumb' is clickable

29-12-2023T11:30:12 - [MESSAGE][PASSED] - Object 'Object Repository/Page_CCTV/Stadium Breadcrumb' is clickable

29-12-2023T11:30:12 - [TEST_STEP][PASSED] - click(findTestObject("Page_CCTV/Stadium Breadcrumb")): Object: 'Object Repository/Page_CCTV/Stadium Breadcrumb' is clicked on

29-12-2023T11:30:12 - [MESSAGE][PASSED] - Object: 'Object Repository/Page_CCTV/Stadium Breadcrumb' is clicked on

29-12-2023T11:30:12 - [TEST_STEP][PASSED] - navigateToUrl(baseUrl + "651fc74ee8351d2a27c0b013", failureHandling): Navigate to 'https://monitoring.pssi-dev.kecilin.id/cctv/detail/651fc74ee8351d2a27c0b013' successfully

29-12-2023T11:30:13 - [MESSAGE][PASSED] - Navigate to 'https://monitoring.pssi-dev.kecilin.id/cctv/detail/651fc74ee8351d2a27c0b013' successfully

29-12-2023T11:30:13 - [TEST_STEP][PASSED] - if (verifyTextPresent("Stadium Teladan", false, failureHandling) && verifyTextPresent("Jalan Utara", false, failureHandling)): null

29-12-2023T11:30:14 - [MESSAGE][PASSED] - Text 'Stadium Teladan' is present on page 

29-12-2023T11:30:14 - [MESSAGE][PASSED] - Text 'Jalan Utara' is present on page 

29-12-2023T11:30:14 - [TEST_STEP][PASSED] - markPassed("Test passed because user successfully displayed CCTV Data from selected stadium"): Test passed because user successfully displayed CCTV Data from selected stadium

29-12-2023T11:30:14 - [MESSAGE][PASSED] - Test passed because user successfully displayed CCTV Data from selected stadium

29-12-2023T11:30:14 - [TEST_STEP][PASSED] - breadcrumbClick(): null

29-12-2023T11:30:14 - [TEST_STEP][PASSED] - verifyElementClickable(findTestObject("Page_CCTV/Stadium Breadcrumb")): Object 'Object Repository/Page_CCTV/Stadium Breadcrumb' is clickable

29-12-2023T11:30:14 - [MESSAGE][PASSED] - Object 'Object Repository/Page_CCTV/Stadium Breadcrumb' is clickable

29-12-2023T11:30:14 - [TEST_STEP][PASSED] - click(findTestObject("Page_CCTV/Stadium Breadcrumb")): Object: 'Object Repository/Page_CCTV/Stadium Breadcrumb' is clicked on

29-12-2023T11:30:16 - [MESSAGE][PASSED] - Object: 'Object Repository/Page_CCTV/Stadium Breadcrumb' is clicked on

29-12-2023T11:30:16 - [TEST_STEP][PASSED] - navigateToUrl(baseUrl + "6503d9fc8b2999b8c86abf13", failureHandling): Navigate to 'https://monitoring.pssi-dev.kecilin.id/cctv/detail/6503d9fc8b2999b8c86abf13' successfully

29-12-2023T11:30:16 - [MESSAGE][PASSED] - Navigate to 'https://monitoring.pssi-dev.kecilin.id/cctv/detail/6503d9fc8b2999b8c86abf13' successfully

29-12-2023T11:30:16 - [TEST_STEP][PASSED] - if (verifyTextPresent("Stadion Surajaya", false, failureHandling) && verifyTextPresent("Jl. Raya Gresik - Babat, Deket Kulon", false, failureHandling)): null

29-12-2023T11:30:17 - [MESSAGE][PASSED] - Text 'Stadion Surajaya' is present on page 

29-12-2023T11:30:17 - [MESSAGE][PASSED] - Text 'Jl. Raya Gresik - Babat, Deket Kulon' is present on page 

29-12-2023T11:30:17 - [TEST_STEP][PASSED] - markPassed("Test passed because user successfully displayed CCTV Data from selected stadium"): Test passed because user successfully displayed CCTV Data from selected stadium

29-12-2023T11:30:17 - [MESSAGE][PASSED] - Test passed because user successfully displayed CCTV Data from selected stadium

29-12-2023T11:30:17 - [TEST_STEP][PASSED] - breadcrumbClick(): null

29-12-2023T11:30:17 - [TEST_STEP][PASSED] - verifyElementClickable(findTestObject("Page_CCTV/Stadium Breadcrumb")): Object 'Object Repository/Page_CCTV/Stadium Breadcrumb' is clickable

29-12-2023T11:30:18 - [MESSAGE][PASSED] - Object 'Object Repository/Page_CCTV/Stadium Breadcrumb' is clickable

29-12-2023T11:30:18 - [TEST_STEP][PASSED] - click(findTestObject("Page_CCTV/Stadium Breadcrumb")): Object: 'Object Repository/Page_CCTV/Stadium Breadcrumb' is clicked on

29-12-2023T11:30:18 - [MESSAGE][PASSED] - Object: 'Object Repository/Page_CCTV/Stadium Breadcrumb' is clicked on

29-12-2023T11:30:18 - [TEST_STEP][PASSED] - navigateToUrl(baseUrl + "65015f469914027913bf9aed", failureHandling): Navigate to 'https://monitoring.pssi-dev.kecilin.id/cctv/detail/65015f469914027913bf9aed' successfully

29-12-2023T11:30:19 - [MESSAGE][PASSED] - Navigate to 'https://monitoring.pssi-dev.kecilin.id/cctv/detail/65015f469914027913bf9aed' successfully

29-12-2023T11:30:19 - [TEST_STEP][PASSED] - if (verifyTextPresent("Stadion Gajayana Malang", false, failureHandling) && verifyTextPresent("Malang, Jawa Timur", false, failureHandling)): null

29-12-2023T11:30:19 - [MESSAGE][PASSED] - Text 'Stadion Gajayana Malang' is present on page 

29-12-2023T11:30:20 - [MESSAGE][PASSED] - Text 'Malang, Jawa Timur' is present on page 

29-12-2023T11:30:20 - [TEST_STEP][PASSED] - markPassed("Test passed because user successfully displayed CCTV Data from selected stadium"): Test passed because user successfully displayed CCTV Data from selected stadium

29-12-2023T11:30:20 - [MESSAGE][PASSED] - Test passed because user successfully displayed CCTV Data from selected stadium

29-12-2023T11:30:20 - [TEST_STEP][PASSED] - breadcrumbClick(): null

29-12-2023T11:30:20 - [TEST_STEP][PASSED] - verifyElementClickable(findTestObject("Page_CCTV/Stadium Breadcrumb")): Object 'Object Repository/Page_CCTV/Stadium Breadcrumb' is clickable

29-12-2023T11:30:20 - [MESSAGE][PASSED] - Object 'Object Repository/Page_CCTV/Stadium Breadcrumb' is clickable

29-12-2023T11:30:20 - [TEST_STEP][PASSED] - click(findTestObject("Page_CCTV/Stadium Breadcrumb")): Object: 'Object Repository/Page_CCTV/Stadium Breadcrumb' is clicked on

29-12-2023T11:30:21 - [MESSAGE][PASSED] - Object: 'Object Repository/Page_CCTV/Stadium Breadcrumb' is clicked on

29-12-2023T11:30:21 - [TEST_STEP][PASSED] - navigateToUrl(baseUrl + "650140a5acbef66fd5476771", failureHandling): Navigate to 'https://monitoring.pssi-dev.kecilin.id/cctv/detail/650140a5acbef66fd5476771' successfully

29-12-2023T11:30:21 - [MESSAGE][PASSED] - Navigate to 'https://monitoring.pssi-dev.kecilin.id/cctv/detail/650140a5acbef66fd5476771' successfully

29-12-2023T11:30:21 - [TEST_STEP][PASSED] - if (verifyTextPresent("Stadion Brawijaya Kediri", false, failureHandling) && verifyTextPresent("Kediri, Jawa Timur", false, failureHandling)): null

29-12-2023T11:30:22 - [MESSAGE][PASSED] - Text 'Stadion Brawijaya Kediri' is present on page 

29-12-2023T11:30:22 - [MESSAGE][PASSED] - Text 'Kediri, Jawa Timur' is present on page 

29-12-2023T11:30:22 - [TEST_STEP][PASSED] - markPassed("Test passed because user successfully displayed CCTV Data from selected stadium"): Test passed because user successfully displayed CCTV Data from selected stadium

29-12-2023T11:30:22 - [MESSAGE][PASSED] - Test passed because user successfully displayed CCTV Data from selected stadium

29-12-2023T11:30:22 - [TEST_STEP][PASSED] - breadcrumbClick(): null

29-12-2023T11:30:22 - [TEST_STEP][PASSED] - verifyElementClickable(findTestObject("Page_CCTV/Stadium Breadcrumb")): Object 'Object Repository/Page_CCTV/Stadium Breadcrumb' is clickable

29-12-2023T11:30:23 - [MESSAGE][PASSED] - Object 'Object Repository/Page_CCTV/Stadium Breadcrumb' is clickable

29-12-2023T11:30:23 - [TEST_STEP][PASSED] - click(findTestObject("Page_CCTV/Stadium Breadcrumb")): Object: 'Object Repository/Page_CCTV/Stadium Breadcrumb' is clicked on

29-12-2023T11:30:23 - [MESSAGE][PASSED] - Object: 'Object Repository/Page_CCTV/Stadium Breadcrumb' is clicked on

29-12-2023T11:30:23 - [TEST_STEP][PASSED] - navigateToUrl(baseUrl + "65013f34c3de4ca4d18e0361", failureHandling): Navigate to 'https://monitoring.pssi-dev.kecilin.id/cctv/detail/65013f34c3de4ca4d18e0361' successfully

29-12-2023T11:30:24 - [MESSAGE][PASSED] - Navigate to 'https://monitoring.pssi-dev.kecilin.id/cctv/detail/65013f34c3de4ca4d18e0361' successfully

29-12-2023T11:30:24 - [TEST_STEP][PASSED] - if (verifyTextPresent("Stadion Gelora Delta", false, failureHandling) && verifyTextPresent("Sidoarjo, Jawa Timur", false, failureHandling)): null

29-12-2023T11:30:24 - [MESSAGE][PASSED] - Text 'Stadion Gelora Delta' is present on page 

29-12-2023T11:30:25 - [MESSAGE][PASSED] - Text 'Sidoarjo, Jawa Timur' is present on page 

29-12-2023T11:30:25 - [TEST_STEP][PASSED] - markPassed("Test passed because user successfully displayed CCTV Data from selected stadium"): Test passed because user successfully displayed CCTV Data from selected stadium

29-12-2023T11:30:25 - [MESSAGE][PASSED] - Test passed because user successfully displayed CCTV Data from selected stadium

29-12-2023T11:30:25 - [TEST_STEP][PASSED] - breadcrumbClick(): null

29-12-2023T11:30:25 - [TEST_STEP][PASSED] - verifyElementClickable(findTestObject("Page_CCTV/Stadium Breadcrumb")): Object 'Object Repository/Page_CCTV/Stadium Breadcrumb' is clickable

29-12-2023T11:30:25 - [MESSAGE][PASSED] - Object 'Object Repository/Page_CCTV/Stadium Breadcrumb' is clickable

29-12-2023T11:30:25 - [TEST_STEP][PASSED] - click(findTestObject("Page_CCTV/Stadium Breadcrumb")): Object: 'Object Repository/Page_CCTV/Stadium Breadcrumb' is clicked on

29-12-2023T11:30:26 - [MESSAGE][PASSED] - Object: 'Object Repository/Page_CCTV/Stadium Breadcrumb' is clicked on

29-12-2023T11:30:26 - [TEST_STEP][PASSED] - navigateToUrl(baseUrl + "64fe9fe4acbef66fd5476434", failureHandling): Navigate to 'https://monitoring.pssi-dev.kecilin.id/cctv/detail/64fe9fe4acbef66fd5476434' successfully

29-12-2023T11:30:26 - [MESSAGE][PASSED] - Navigate to 'https://monitoring.pssi-dev.kecilin.id/cctv/detail/64fe9fe4acbef66fd5476434' successfully

29-12-2023T11:30:26 - [TEST_STEP][PASSED] - if (verifyTextPresent("Stadion Maguwoharjo Sleman", false, failureHandling) && verifyTextPresent("Sleman, Daerah Istimewa Yogyakarta", false, failureHandling)): null

29-12-2023T11:30:27 - [MESSAGE][PASSED] - Text 'Stadion Maguwoharjo Sleman' is present on page 

29-12-2023T11:30:27 - [MESSAGE][PASSED] - Text 'Sleman, Daerah Istimewa Yogyakarta' is present on page 

29-12-2023T11:30:27 - [TEST_STEP][PASSED] - markPassed("Test passed because user successfully displayed CCTV Data from selected stadium"): Test passed because user successfully displayed CCTV Data from selected stadium

29-12-2023T11:30:27 - [MESSAGE][PASSED] - Test passed because user successfully displayed CCTV Data from selected stadium

29-12-2023T11:30:27 - [TEST_STEP][PASSED] - breadcrumbClick(): null

29-12-2023T11:30:27 - [TEST_STEP][PASSED] - verifyElementClickable(findTestObject("Page_CCTV/Stadium Breadcrumb")): Object 'Object Repository/Page_CCTV/Stadium Breadcrumb' is clickable

29-12-2023T11:30:27 - [MESSAGE][PASSED] - Object 'Object Repository/Page_CCTV/Stadium Breadcrumb' is clickable

29-12-2023T11:30:27 - [TEST_STEP][PASSED] - click(findTestObject("Page_CCTV/Stadium Breadcrumb")): Object: 'Object Repository/Page_CCTV/Stadium Breadcrumb' is clicked on

29-12-2023T11:30:28 - [MESSAGE][PASSED] - Object: 'Object Repository/Page_CCTV/Stadium Breadcrumb' is clicked on

29-12-2023T11:30:28 - [TEST_STEP][PASSED] - navigateToUrl(baseUrl + "64fe9fd0acbef66fd547641b", failureHandling): Navigate to 'https://monitoring.pssi-dev.kecilin.id/cctv/detail/64fe9fd0acbef66fd547641b' successfully

29-12-2023T11:30:29 - [MESSAGE][PASSED] - Navigate to 'https://monitoring.pssi-dev.kecilin.id/cctv/detail/64fe9fd0acbef66fd547641b' successfully

29-12-2023T11:30:29 - [TEST_STEP][PASSED] - if (verifyTextPresent("Stadion Manahan", false, failureHandling) && verifyTextPresent("Surakarta, Jawa Tengah", false, failureHandling)): null

29-12-2023T11:30:29 - [MESSAGE][PASSED] - Text 'Stadion Manahan' is present on page 

29-12-2023T11:30:30 - [MESSAGE][PASSED] - Text 'Surakarta, Jawa Tengah' is present on page 

29-12-2023T11:30:30 - [TEST_STEP][PASSED] - markPassed("Test passed because user successfully displayed CCTV Data from selected stadium"): Test passed because user successfully displayed CCTV Data from selected stadium

29-12-2023T11:30:30 - [MESSAGE][PASSED] - Test passed because user successfully displayed CCTV Data from selected stadium

29-12-2023T11:30:30 - [TEST_STEP][PASSED] - breadcrumbClick(): null

29-12-2023T11:30:30 - [TEST_STEP][PASSED] - verifyElementClickable(findTestObject("Page_CCTV/Stadium Breadcrumb")): Object 'Object Repository/Page_CCTV/Stadium Breadcrumb' is clickable

29-12-2023T11:30:30 - [MESSAGE][PASSED] - Object 'Object Repository/Page_CCTV/Stadium Breadcrumb' is clickable

29-12-2023T11:30:30 - [TEST_STEP][PASSED] - click(findTestObject("Page_CCTV/Stadium Breadcrumb")): Object: 'Object Repository/Page_CCTV/Stadium Breadcrumb' is clicked on

29-12-2023T11:30:31 - [MESSAGE][PASSED] - Object: 'Object Repository/Page_CCTV/Stadium Breadcrumb' is clicked on

29-12-2023T11:30:31 - [TEST_STEP][PASSED] - navigateToUrl(baseUrl + "64fe98eeacbef66fd54761ca", failureHandling): Navigate to 'https://monitoring.pssi-dev.kecilin.id/cctv/detail/64fe98eeacbef66fd54761ca' successfully

29-12-2023T11:30:31 - [MESSAGE][PASSED] - Navigate to 'https://monitoring.pssi-dev.kecilin.id/cctv/detail/64fe98eeacbef66fd54761ca' successfully

29-12-2023T11:30:31 - [TEST_STEP][PASSED] - if (verifyTextPresent("Stadion Gelora Bandung Lautan Api", false, failureHandling) && verifyTextPresent("Gedebage, Kota Bandung", false, failureHandling)): null

29-12-2023T11:30:32 - [MESSAGE][PASSED] - Text 'Stadion Gelora Bandung Lautan Api' is present on page 

29-12-2023T11:30:32 - [MESSAGE][PASSED] - Text 'Gedebage, Kota Bandung' is present on page 

29-12-2023T11:30:32 - [TEST_STEP][PASSED] - markPassed("Test passed because user successfully displayed CCTV Data from selected stadium"): Test passed because user successfully displayed CCTV Data from selected stadium

29-12-2023T11:30:32 - [MESSAGE][PASSED] - Test passed because user successfully displayed CCTV Data from selected stadium

29-12-2023T11:30:32 - [TEST_STEP][PASSED] - breadcrumbClick(): null

29-12-2023T11:30:32 - [TEST_STEP][PASSED] - verifyElementClickable(findTestObject("Page_CCTV/Stadium Breadcrumb")): Object 'Object Repository/Page_CCTV/Stadium Breadcrumb' is clickable

29-12-2023T11:30:32 - [MESSAGE][PASSED] - Object 'Object Repository/Page_CCTV/Stadium Breadcrumb' is clickable

29-12-2023T11:30:32 - [TEST_STEP][PASSED] - click(findTestObject("Page_CCTV/Stadium Breadcrumb")): Object: 'Object Repository/Page_CCTV/Stadium Breadcrumb' is clicked on

29-12-2023T11:30:33 - [MESSAGE][PASSED] - Object: 'Object Repository/Page_CCTV/Stadium Breadcrumb' is clicked on

29-12-2023T11:30:33 - [TEST_STEP][PASSED] - navigateToUrl(baseUrl + "64fe9700acbef66fd5476193", failureHandling): Navigate to 'https://monitoring.pssi-dev.kecilin.id/cctv/detail/64fe9700acbef66fd5476193' successfully

29-12-2023T11:30:33 - [MESSAGE][PASSED] - Navigate to 'https://monitoring.pssi-dev.kecilin.id/cctv/detail/64fe9700acbef66fd5476193' successfully

29-12-2023T11:30:34 - [TEST_STEP][PASSED] - if (verifyTextPresent("Stadion Si Jalak Harupat", false, failureHandling) && verifyTextPresent("Bandung, Jawa Barat 40911", false, failureHandling)): null

29-12-2023T11:30:34 - [MESSAGE][PASSED] - Text 'Stadion Si Jalak Harupat' is present on page 

29-12-2023T11:30:35 - [MESSAGE][PASSED] - Text 'Bandung, Jawa Barat 40911' is present on page 

29-12-2023T11:30:35 - [TEST_STEP][PASSED] - markPassed("Test passed because user successfully displayed CCTV Data from selected stadium"): Test passed because user successfully displayed CCTV Data from selected stadium

29-12-2023T11:30:35 - [MESSAGE][PASSED] - Test passed because user successfully displayed CCTV Data from selected stadium

29-12-2023T11:30:35 - [TEST_STEP][PASSED] - breadcrumbClick(): null

29-12-2023T11:30:35 - [TEST_STEP][PASSED] - verifyElementClickable(findTestObject("Page_CCTV/Stadium Breadcrumb")): Object 'Object Repository/Page_CCTV/Stadium Breadcrumb' is clickable

29-12-2023T11:30:35 - [MESSAGE][PASSED] - Object 'Object Repository/Page_CCTV/Stadium Breadcrumb' is clickable

29-12-2023T11:30:35 - [TEST_STEP][PASSED] - click(findTestObject("Page_CCTV/Stadium Breadcrumb")): Object: 'Object Repository/Page_CCTV/Stadium Breadcrumb' is clicked on

29-12-2023T11:30:36 - [MESSAGE][PASSED] - Object: 'Object Repository/Page_CCTV/Stadium Breadcrumb' is clicked on

29-12-2023T11:30:36 - [TEST_STEP][PASSED] - navigateToUrl(baseUrl + "64fe92a6acbef66fd547616a", failureHandling): Navigate to 'https://monitoring.pssi-dev.kecilin.id/cctv/detail/64fe92a6acbef66fd547616a' successfully

29-12-2023T11:30:36 - [MESSAGE][PASSED] - Navigate to 'https://monitoring.pssi-dev.kecilin.id/cctv/detail/64fe92a6acbef66fd547616a' successfully

29-12-2023T11:30:36 - [TEST_STEP][PASSED] - if (verifyTextPresent("Stadion Patriot", false, failureHandling) && verifyTextPresent("Bekasi", false, failureHandling)): null

29-12-2023T11:30:37 - [MESSAGE][PASSED] - Text 'Stadion Patriot' is present on page 

29-12-2023T11:30:37 - [MESSAGE][PASSED] - Text 'Bekasi' is present on page 

29-12-2023T11:30:37 - [TEST_STEP][PASSED] - markPassed("Test passed because user successfully displayed CCTV Data from selected stadium"): Test passed because user successfully displayed CCTV Data from selected stadium

29-12-2023T11:30:37 - [MESSAGE][PASSED] - Test passed because user successfully displayed CCTV Data from selected stadium

29-12-2023T11:30:37 - [TEST_STEP][PASSED] - breadcrumbClick(): null

29-12-2023T11:30:37 - [TEST_STEP][PASSED] - verifyElementClickable(findTestObject("Page_CCTV/Stadium Breadcrumb")): Object 'Object Repository/Page_CCTV/Stadium Breadcrumb' is clickable

29-12-2023T11:30:37 - [MESSAGE][PASSED] - Object 'Object Repository/Page_CCTV/Stadium Breadcrumb' is clickable

29-12-2023T11:30:37 - [TEST_STEP][PASSED] - click(findTestObject("Page_CCTV/Stadium Breadcrumb")): Object: 'Object Repository/Page_CCTV/Stadium Breadcrumb' is clicked on

29-12-2023T11:30:38 - [MESSAGE][PASSED] - Object: 'Object Repository/Page_CCTV/Stadium Breadcrumb' is clicked on

29-12-2023T11:30:38 - [TEST_STEP][PASSED] - navigateToUrl(baseUrl + "64fe9101acbef66fd5476111", failureHandling): Navigate to 'https://monitoring.pssi-dev.kecilin.id/cctv/detail/64fe9101acbef66fd5476111' successfully

29-12-2023T11:30:38 - [MESSAGE][PASSED] - Navigate to 'https://monitoring.pssi-dev.kecilin.id/cctv/detail/64fe9101acbef66fd5476111' successfully

29-12-2023T11:30:38 - [TEST_STEP][PASSED] - if (verifyTextPresent("Indomilk Arena Stadium", false, failureHandling) && verifyTextPresent("Kabupaten Tangerang, Banten", false, failureHandling)): null

29-12-2023T11:30:39 - [MESSAGE][PASSED] - Text 'Indomilk Arena Stadium' is present on page 

29-12-2023T11:30:40 - [MESSAGE][PASSED] - Text 'Kabupaten Tangerang, Banten' is present on page 

29-12-2023T11:30:40 - [TEST_STEP][PASSED] - markPassed("Test passed because user successfully displayed CCTV Data from selected stadium"): Test passed because user successfully displayed CCTV Data from selected stadium

29-12-2023T11:30:40 - [MESSAGE][PASSED] - Test passed because user successfully displayed CCTV Data from selected stadium

29-12-2023T11:30:40 - [TEST_STEP][PASSED] - breadcrumbClick(): null

29-12-2023T11:30:40 - [TEST_STEP][PASSED] - verifyElementClickable(findTestObject("Page_CCTV/Stadium Breadcrumb")): Object 'Object Repository/Page_CCTV/Stadium Breadcrumb' is clickable

29-12-2023T11:30:40 - [MESSAGE][PASSED] - Object 'Object Repository/Page_CCTV/Stadium Breadcrumb' is clickable

29-12-2023T11:30:40 - [TEST_STEP][PASSED] - click(findTestObject("Page_CCTV/Stadium Breadcrumb")): Object: 'Object Repository/Page_CCTV/Stadium Breadcrumb' is clicked on

29-12-2023T11:30:41 - [MESSAGE][PASSED] - Object: 'Object Repository/Page_CCTV/Stadium Breadcrumb' is clicked on

29-12-2023T11:30:41 - [TEST_STEP][PASSED] - navigateToUrl(baseUrl + "64f19cd1cd8a9e11041e3929", failureHandling): Navigate to 'https://monitoring.pssi-dev.kecilin.id/cctv/detail/64f19cd1cd8a9e11041e3929' successfully

29-12-2023T11:30:41 - [MESSAGE][PASSED] - Navigate to 'https://monitoring.pssi-dev.kecilin.id/cctv/detail/64f19cd1cd8a9e11041e3929' successfully

29-12-2023T11:30:41 - [TEST_STEP][PASSED] - if (verifyTextPresent("Stadion Madya Gelora Bung Karno", false, failureHandling) && verifyTextPresent("Daerah Khusus Ibukota Jakarta", false, failureHandling)): null

29-12-2023T11:30:42 - [MESSAGE][PASSED] - Text 'Stadion Madya Gelora Bung Karno' is present on page 

29-12-2023T11:30:42 - [MESSAGE][PASSED] - Text 'Daerah Khusus Ibukota Jakarta' is present on page 

29-12-2023T11:30:42 - [TEST_STEP][PASSED] - markPassed("Test passed because user successfully displayed CCTV Data from selected stadium"): Test passed because user successfully displayed CCTV Data from selected stadium

29-12-2023T11:30:42 - [MESSAGE][PASSED] - Test passed because user successfully displayed CCTV Data from selected stadium

29-12-2023T11:30:42 - [TEST_STEP][PASSED] - breadcrumbClick(): null

29-12-2023T11:30:42 - [TEST_STEP][PASSED] - verifyElementClickable(findTestObject("Page_CCTV/Stadium Breadcrumb")): Object 'Object Repository/Page_CCTV/Stadium Breadcrumb' is clickable

29-12-2023T11:30:43 - [MESSAGE][PASSED] - Object 'Object Repository/Page_CCTV/Stadium Breadcrumb' is clickable

29-12-2023T11:30:43 - [TEST_STEP][PASSED] - click(findTestObject("Page_CCTV/Stadium Breadcrumb")): Object: 'Object Repository/Page_CCTV/Stadium Breadcrumb' is clicked on

29-12-2023T11:30:43 - [MESSAGE][PASSED] - Object: 'Object Repository/Page_CCTV/Stadium Breadcrumb' is clicked on

29-12-2023T11:30:43 - [TEST_STEP][PASSED] - navigateToUrl(baseUrl + "64e781017d48807cc246b18f", failureHandling): Navigate to 'https://monitoring.pssi-dev.kecilin.id/cctv/detail/64e781017d48807cc246b18f' successfully

29-12-2023T11:30:44 - [MESSAGE][PASSED] - Navigate to 'https://monitoring.pssi-dev.kecilin.id/cctv/detail/64e781017d48807cc246b18f' successfully

29-12-2023T11:30:44 - [TEST_STEP][PASSED] - if (verifyTextPresent("Stadion Utama Gelora Bung Karno", false, failureHandling) && verifyTextPresent("Daerah Khusus Ibukota Jakarta", false, failureHandling)): null

29-12-2023T11:30:44 - [MESSAGE][PASSED] - Text 'Stadion Utama Gelora Bung Karno' is present on page 

29-12-2023T11:30:45 - [MESSAGE][PASSED] - Text 'Daerah Khusus Ibukota Jakarta' is present on page 

29-12-2023T11:30:45 - [TEST_STEP][PASSED] - markPassed("Test passed because user successfully displayed CCTV Data from selected stadium"): Test passed because user successfully displayed CCTV Data from selected stadium

29-12-2023T11:30:45 - [MESSAGE][PASSED] - Test passed because user successfully displayed CCTV Data from selected stadium

29-12-2023T11:30:45 - [TEST_STEP][PASSED] - breadcrumbClick(): null

29-12-2023T11:30:45 - [TEST_STEP][PASSED] - verifyElementClickable(findTestObject("Page_CCTV/Stadium Breadcrumb")): Object 'Object Repository/Page_CCTV/Stadium Breadcrumb' is clickable

29-12-2023T11:30:45 - [MESSAGE][PASSED] - Object 'Object Repository/Page_CCTV/Stadium Breadcrumb' is clickable

29-12-2023T11:30:45 - [TEST_STEP][PASSED] - click(findTestObject("Page_CCTV/Stadium Breadcrumb")): Object: 'Object Repository/Page_CCTV/Stadium Breadcrumb' is clicked on

29-12-2023T11:30:46 - [MESSAGE][PASSED] - Object: 'Object Repository/Page_CCTV/Stadium Breadcrumb' is clicked on

29-12-2023T11:30:46 - [TEST_STEP][PASSED] - closeBrowser(): Browser is closed

29-12-2023T11:30:46 - [MESSAGE][PASSED] - Browser is closed]]></system-out>
         <system-err><![CDATA[]]></system-err>
      </testcase>
      <testcase name="Test Cases/Offline PSSI Dashboard Function/Create BE CCTV Data/View CCTV Table/PSSIViewCCTVData" time="6.817" classname="Test Cases/Offline PSSI Dashboard Function/Create BE CCTV Data/View CCTV Table/PSSIViewCCTVData" status="PASSED">
         <system-out><![CDATA[29-12-2023T11:30:46 - [TEST_CASE][PASSED] - Test Cases/Offline PSSI Dashboard Function/Create BE CCTV Data/View CCTV Table/PSSIViewCCTVData: Test Cases/Offline PSSI Dashboard Function/Create BE CCTV Data/View CCTV Table/PSSIViewCCTVData

29-12-2023T11:30:46 - [TEST_STEP][PASSED] - failureHandling = STOP_ON_FAILURE: null

29-12-2023T11:30:46 - [TEST_STEP][PASSED] - baseUrl = offline_pssi_dashboard_url: null

29-12-2023T11:30:46 - [TEST_STEP][PASSED] - callTestCase(findTestCase("Offline PSSI Dashboard Function/Create BE CCTV Data/View Stadium/PSSIViewStadiumData"), [:], failureHandling): Call Test Case 'Test Cases/Offline PSSI Dashboard Function/Create BE CCTV Data/View Stadium/PSSIViewStadiumData' successfully

29-12-2023T11:30:46 - [TEST_CASE][PASSED] - Test Cases/Offline PSSI Dashboard Function/Create BE CCTV Data/View Stadium/PSSIViewStadiumData: Test Cases/Offline PSSI Dashboard Function/Create BE CCTV Data/View Stadium/PSSIViewStadiumData

29-12-2023T11:30:46 - [TEST_STEP][PASSED] - failureHandling = STOP_ON_FAILURE: null

29-12-2023T11:30:46 - [TEST_STEP][PASSED] - baseUrl = offline_pssi_dashboard_url: null

29-12-2023T11:30:46 - [TEST_STEP][PASSED] - callTestCase(findTestCase("Offline PSSI Dashboard Function/Create BE CCTV Data/Sign In/PSSISignInValidData"), [:], failureHandling): Call Test Case 'Test Cases/Offline PSSI Dashboard Function/Create BE CCTV Data/Sign In/PSSISignInValidData' successfully

29-12-2023T11:30:46 - [TEST_CASE][PASSED] - Test Cases/Offline PSSI Dashboard Function/Create BE CCTV Data/Sign In/PSSISignInValidData: Test Cases/Offline PSSI Dashboard Function/Create BE CCTV Data/Sign In/PSSISignInValidData

29-12-2023T11:30:46 - [TEST_STEP][PASSED] - failureHandling = STOP_ON_FAILURE: null

29-12-2023T11:30:46 - [TEST_STEP][PASSED] - baseUrl = offline_pssi_dashboard_url: null

29-12-2023T11:30:46 - [TEST_STEP][PASSED] - openBrowser(""): Browser is opened with url: ''

29-12-2023T11:30:46 - [MESSAGE][INFO] - Starting 'Chrome' driver

29-12-2023T11:30:46 - [MESSAGE][INFO] - Action delay is set to 0 milliseconds

29-12-2023T11:30:47 - [MESSAGE][PASSED] - Browser is opened with url: ''

29-12-2023T11:30:47 - [TEST_STEP][PASSED] - navigateToUrl(baseUrl): Navigate to 'https://monitoring.pssi-dev.kecilin.id' successfully

29-12-2023T11:30:48 - [MESSAGE][PASSED] - Navigate to 'https://monitoring.pssi-dev.kecilin.id' successfully

29-12-2023T11:30:48 - [TEST_STEP][PASSED] - maximizeWindow(): Current window maximized

29-12-2023T11:30:49 - [MESSAGE][PASSED] - Current window maximized

29-12-2023T11:30:49 - [TEST_STEP][PASSED] - setText(findTestObject("Object Repository/Page_Login/input_email"), "superadmin@app.com"): Text 'superadmin@app.com' is set on object 'Object Repository/Page_Login/input_email'

29-12-2023T11:30:50 - [MESSAGE][PASSED] - Text 'superadmin@app.com' is set on object 'Object Repository/Page_Login/input_email'

29-12-2023T11:30:50 - [TEST_STEP][PASSED] - setEncryptedText(findTestObject("Object Repository/Page_Login/input_password"), "8SQVv/p9jVScEs4/2CZsLw=="): Text ****** has been set on object 'Object Repository/Page_Login/input_password'

29-12-2023T11:30:50 - [MESSAGE][PASSED] - Text ****** has been set on object 'Object Repository/Page_Login/input_password'

29-12-2023T11:30:50 - [TEST_STEP][PASSED] - click(findTestObject("Object Repository/Page_Login/button_Sign In")): Object: 'Object Repository/Page_Login/button_Sign In' is clicked on

29-12-2023T11:30:52 - [MESSAGE][PASSED] - Object: 'Object Repository/Page_Login/button_Sign In' is clicked on

29-12-2023T11:30:52 - [MESSAGE][PASSED] - Call Test Case 'Test Cases/Offline PSSI Dashboard Function/Create BE CCTV Data/Sign In/PSSISignInValidData' successfully

29-12-2023T11:30:52 - [TEST_STEP][PASSED] - navigateToUrl(baseUrl + "/cctv/stadion", failureHandling): Navigate to 'https://monitoring.pssi-dev.kecilin.id/cctv/stadion' successfully

29-12-2023T11:30:52 - [MESSAGE][PASSED] - Navigate to 'https://monitoring.pssi-dev.kecilin.id/cctv/stadion' successfully

29-12-2023T11:30:52 - [MESSAGE][PASSED] - Call Test Case 'Test Cases/Offline PSSI Dashboard Function/Create BE CCTV Data/View Stadium/PSSIViewStadiumData' successfully

29-12-2023T11:30:52 - [TEST_STEP][PASSED] - navigateToUrl(baseUrl + "/cctv/detail/64fea065acbef66fd5476494", failureHandling): Navigate to 'https://monitoring.pssi-dev.kecilin.id/cctv/detail/64fea065acbef66fd5476494' successfully

29-12-2023T11:30:53 - [MESSAGE][PASSED] - Navigate to 'https://monitoring.pssi-dev.kecilin.id/cctv/detail/64fea065acbef66fd5476494' successfully]]></system-out>
         <system-err><![CDATA[]]></system-err>
      </testcase>
      <testcase name="Test Cases/Offline PSSI Dashboard Function/Create BE CCTV Data/View CCTV Table/PSSIViewEmptyCCTVData" time="8.126" classname="Test Cases/Offline PSSI Dashboard Function/Create BE CCTV Data/View CCTV Table/PSSIViewEmptyCCTVData" status="FAILED">
         <failure type="FAILED" message="Test Cases/Offline PSSI Dashboard Function/Create BE CCTV Data/View CCTV Table/PSSIViewEmptyCCTVData FAILED.&#xa;Reason:&#xa;com.kms.katalon.core.exception.StepFailedException: Unable to verify text 'Showing 0 to 0 of 0 entries' is present &#xa;	at com.kms.katalon.core.webui.keyword.internal.WebUIKeywordMain.stepFailed(WebUIKeywordMain.groovy:64)&#xa;	at com.kms.katalon.core.webui.keyword.internal.WebUIKeywordMain.runKeyword(WebUIKeywordMain.groovy:26)&#xa;	at com.kms.katalon.core.webui.keyword.builtin.VerifyTextPresentKeyword.verifyTextPresent(VerifyTextPresentKeyword.groovy:83)&#xa;	at com.kms.katalon.core.webui.keyword.builtin.VerifyTextPresentKeyword.execute(VerifyTextPresentKeyword.groovy:68)&#xa;	at com.kms.katalon.core.keyword.internal.KeywordExecutor.executeKeywordForPlatform(KeywordExecutor.groovy:74)&#xa;	at com.kms.katalon.core.webui.keyword.WebUiBuiltInKeywords.verifyTextPresent(WebUiBuiltInKeywords.groovy:1762)&#xa;	at PSSIViewEmptyCCTVData.run(PSSIViewEmptyCCTVData:33)&#xa;	at com.kms.katalon.core.main.ScriptEngine.run(ScriptEngine.java:194)&#xa;	at com.kms.katalon.core.main.ScriptEngine.runScriptAsRawText(ScriptEngine.java:119)&#xa;	at com.kms.katalon.core.main.TestCaseExecutor.runScript(TestCaseExecutor.java:448)&#xa;	at com.kms.katalon.core.main.TestCaseExecutor.doExecute(TestCaseExecutor.java:439)&#xa;	at com.kms.katalon.core.main.TestCaseExecutor.processExecutionPhase(TestCaseExecutor.java:418)&#xa;	at com.kms.katalon.core.main.TestCaseExecutor.accessMainPhase(TestCaseExecutor.java:410)&#xa;	at com.kms.katalon.core.main.TestCaseExecutor.execute(TestCaseExecutor.java:285)&#xa;	at com.kms.katalon.core.common.CommonExecutor.accessTestCaseMainPhase(CommonExecutor.java:65)&#xa;	at com.kms.katalon.core.main.TestSuiteExecutor.accessTestSuiteMainPhase(TestSuiteExecutor.java:148)&#xa;	at com.kms.katalon.core.main.TestSuiteExecutor.execute(TestSuiteExecutor.java:106)&#xa;	at com.kms.katalon.core.main.TestCaseMain.startTestSuite(TestCaseMain.java:180)&#xa;	at TempTestSuite1703823543503.run(TempTestSuite1703823543503.groovy:36)&#xa;	at java.base/jdk.internal.reflect.NativeMethodAccessorImpl.invoke0(Native Method)&#xa;	at java.base/jdk.internal.reflect.NativeMethodAccessorImpl.invoke(NativeMethodAccessorImpl.java:77)&#xa;	at java.base/jdk.internal.reflect.DelegatingMethodAccessorImpl.invoke(DelegatingMethodAccessorImpl.java:43)&#xa;Caused by: com.kms.katalon.core.exception.StepFailedException: Text 'Showing 0 to 0 of 0 entries' is not present on page &#xa;	at com.kms.katalon.core.webui.keyword.internal.WebUIKeywordMain.stepFailed(WebUIKeywordMain.groovy:64)&#xa;	at com.kms.katalon.core.webui.keyword.builtin.VerifyTextPresentKeyword$_verifyTextPresent_closure1.doCall(VerifyTextPresentKeyword.groovy:79)&#xa;	at com.kms.katalon.core.webui.keyword.builtin.VerifyTextPresentKeyword$_verifyTextPresent_closure1.call(VerifyTextPresentKeyword.groovy)&#xa;	at com.kms.katalon.core.webui.keyword.internal.WebUIKeywordMain.runKeyword(WebUIKeywordMain.groovy:20)&#xa;	... 20 more&#xa;"/>
         <system-out><![CDATA[29-12-2023T11:30:53 - [TEST_CASE][FAILED] - Test Cases/Offline PSSI Dashboard Function/Create BE CCTV Data/View CCTV Table/PSSIViewEmptyCCTVData: Test Cases/Offline PSSI Dashboard Function/Create BE CCTV Data/View CCTV Table/PSSIViewEmptyCCTVData FAILED.
Reason:
com.kms.katalon.core.exception.StepFailedException: Unable to verify text 'Showing 0 to 0 of 0 entries' is present 
	at com.kms.katalon.core.webui.keyword.internal.WebUIKeywordMain.stepFailed(WebUIKeywordMain.groovy:64)
	at com.kms.katalon.core.webui.keyword.internal.WebUIKeywordMain.runKeyword(WebUIKeywordMain.groovy:26)
	at com.kms.katalon.core.webui.keyword.builtin.VerifyTextPresentKeyword.verifyTextPresent(VerifyTextPresentKeyword.groovy:83)
	at com.kms.katalon.core.webui.keyword.builtin.VerifyTextPresentKeyword.execute(VerifyTextPresentKeyword.groovy:68)
	at com.kms.katalon.core.keyword.internal.KeywordExecutor.executeKeywordForPlatform(KeywordExecutor.groovy:74)
	at com.kms.katalon.core.webui.keyword.WebUiBuiltInKeywords.verifyTextPresent(WebUiBuiltInKeywords.groovy:1762)
	at PSSIViewEmptyCCTVData.run(PSSIViewEmptyCCTVData:33)
	at com.kms.katalon.core.main.ScriptEngine.run(ScriptEngine.java:194)
	at com.kms.katalon.core.main.ScriptEngine.runScriptAsRawText(ScriptEngine.java:119)
	at com.kms.katalon.core.main.TestCaseExecutor.runScript(TestCaseExecutor.java:448)
	at com.kms.katalon.core.main.TestCaseExecutor.doExecute(TestCaseExecutor.java:439)
	at com.kms.katalon.core.main.TestCaseExecutor.processExecutionPhase(TestCaseExecutor.java:418)
	at com.kms.katalon.core.main.TestCaseExecutor.accessMainPhase(TestCaseExecutor.java:410)
	at com.kms.katalon.core.main.TestCaseExecutor.execute(TestCaseExecutor.java:285)
	at com.kms.katalon.core.common.CommonExecutor.accessTestCaseMainPhase(CommonExecutor.java:65)
	at com.kms.katalon.core.main.TestSuiteExecutor.accessTestSuiteMainPhase(TestSuiteExecutor.java:148)
	at com.kms.katalon.core.main.TestSuiteExecutor.execute(TestSuiteExecutor.java:106)
	at com.kms.katalon.core.main.TestCaseMain.startTestSuite(TestCaseMain.java:180)
	at TempTestSuite1703823543503.run(TempTestSuite1703823543503.groovy:36)
	at java.base/jdk.internal.reflect.NativeMethodAccessorImpl.invoke0(Native Method)
	at java.base/jdk.internal.reflect.NativeMethodAccessorImpl.invoke(NativeMethodAccessorImpl.java:77)
	at java.base/jdk.internal.reflect.DelegatingMethodAccessorImpl.invoke(DelegatingMethodAccessorImpl.java:43)
Caused by: com.kms.katalon.core.exception.StepFailedException: Text 'Showing 0 to 0 of 0 entries' is not present on page 
	at com.kms.katalon.core.webui.keyword.internal.WebUIKeywordMain.stepFailed(WebUIKeywordMain.groovy:64)
	at com.kms.katalon.core.webui.keyword.builtin.VerifyTextPresentKeyword$_verifyTextPresent_closure1.doCall(VerifyTextPresentKeyword.groovy:79)
	at com.kms.katalon.core.webui.keyword.builtin.VerifyTextPresentKeyword$_verifyTextPresent_closure1.call(VerifyTextPresentKeyword.groovy)
	at com.kms.katalon.core.webui.keyword.internal.WebUIKeywordMain.runKeyword(WebUIKeywordMain.groovy:20)
	... 20 more


29-12-2023T11:30:53 - [TEST_STEP][PASSED] - failureHandling = STOP_ON_FAILURE: null

29-12-2023T11:30:53 - [TEST_STEP][PASSED] - baseUrl = offline_pssi_dashboard_url: null

29-12-2023T11:30:53 - [TEST_STEP][PASSED] - callTestCase(findTestCase("Offline PSSI Dashboard Function/Create BE CCTV Data/View Stadium/PSSIViewStadiumData"), [:], failureHandling): Call Test Case 'Test Cases/Offline PSSI Dashboard Function/Create BE CCTV Data/View Stadium/PSSIViewStadiumData' successfully

29-12-2023T11:30:53 - [TEST_CASE][PASSED] - Test Cases/Offline PSSI Dashboard Function/Create BE CCTV Data/View Stadium/PSSIViewStadiumData: Test Cases/Offline PSSI Dashboard Function/Create BE CCTV Data/View Stadium/PSSIViewStadiumData

29-12-2023T11:30:53 - [TEST_STEP][PASSED] - failureHandling = STOP_ON_FAILURE: null

29-12-2023T11:30:53 - [TEST_STEP][PASSED] - baseUrl = offline_pssi_dashboard_url: null

29-12-2023T11:30:53 - [TEST_STEP][PASSED] - callTestCase(findTestCase("Offline PSSI Dashboard Function/Create BE CCTV Data/Sign In/PSSISignInValidData"), [:], failureHandling): Call Test Case 'Test Cases/Offline PSSI Dashboard Function/Create BE CCTV Data/Sign In/PSSISignInValidData' successfully

29-12-2023T11:30:53 - [TEST_CASE][PASSED] - Test Cases/Offline PSSI Dashboard Function/Create BE CCTV Data/Sign In/PSSISignInValidData: Test Cases/Offline PSSI Dashboard Function/Create BE CCTV Data/Sign In/PSSISignInValidData

29-12-2023T11:30:53 - [TEST_STEP][PASSED] - failureHandling = STOP_ON_FAILURE: null

29-12-2023T11:30:53 - [TEST_STEP][PASSED] - baseUrl = offline_pssi_dashboard_url: null

29-12-2023T11:30:53 - [TEST_STEP][PASSED] - openBrowser(""): Browser is opened with url: ''

29-12-2023T11:30:53 - [MESSAGE][WARNING] - A browser is already opened. Closing browser and opening a new one

29-12-2023T11:30:54 - [MESSAGE][INFO] - Starting 'Chrome' driver

29-12-2023T11:30:54 - [MESSAGE][INFO] - Action delay is set to 0 milliseconds

29-12-2023T11:30:55 - [MESSAGE][PASSED] - Browser is opened with url: ''

29-12-2023T11:30:55 - [TEST_STEP][PASSED] - navigateToUrl(baseUrl): Navigate to 'https://monitoring.pssi-dev.kecilin.id' successfully

29-12-2023T11:30:55 - [MESSAGE][PASSED] - Navigate to 'https://monitoring.pssi-dev.kecilin.id' successfully

29-12-2023T11:30:55 - [TEST_STEP][PASSED] - maximizeWindow(): Current window maximized

29-12-2023T11:30:56 - [MESSAGE][PASSED] - Current window maximized

29-12-2023T11:30:56 - [TEST_STEP][PASSED] - setText(findTestObject("Object Repository/Page_Login/input_email"), "superadmin@app.com"): Text 'superadmin@app.com' is set on object 'Object Repository/Page_Login/input_email'

29-12-2023T11:30:57 - [MESSAGE][PASSED] - Text 'superadmin@app.com' is set on object 'Object Repository/Page_Login/input_email'

29-12-2023T11:30:57 - [TEST_STEP][PASSED] - setEncryptedText(findTestObject("Object Repository/Page_Login/input_password"), "8SQVv/p9jVScEs4/2CZsLw=="): Text ****** has been set on object 'Object Repository/Page_Login/input_password'

29-12-2023T11:30:57 - [MESSAGE][PASSED] - Text ****** has been set on object 'Object Repository/Page_Login/input_password'

29-12-2023T11:30:57 - [TEST_STEP][PASSED] - click(findTestObject("Object Repository/Page_Login/button_Sign In")): Object: 'Object Repository/Page_Login/button_Sign In' is clicked on

29-12-2023T11:30:59 - [MESSAGE][PASSED] - Object: 'Object Repository/Page_Login/button_Sign In' is clicked on

29-12-2023T11:30:59 - [MESSAGE][PASSED] - Call Test Case 'Test Cases/Offline PSSI Dashboard Function/Create BE CCTV Data/Sign In/PSSISignInValidData' successfully

29-12-2023T11:30:59 - [TEST_STEP][PASSED] - navigateToUrl(baseUrl + "/cctv/stadion", failureHandling): Navigate to 'https://monitoring.pssi-dev.kecilin.id/cctv/stadion' successfully

29-12-2023T11:30:59 - [MESSAGE][PASSED] - Navigate to 'https://monitoring.pssi-dev.kecilin.id/cctv/stadion' successfully

29-12-2023T11:30:59 - [MESSAGE][PASSED] - Call Test Case 'Test Cases/Offline PSSI Dashboard Function/Create BE CCTV Data/View Stadium/PSSIViewStadiumData' successfully

29-12-2023T11:30:59 - [TEST_STEP][PASSED] - navigateToUrl(baseUrl + "/cctv/detail/64fea04aacbef66fd547646c", failureHandling): Navigate to 'https://monitoring.pssi-dev.kecilin.id/cctv/detail/64fea04aacbef66fd547646c' successfully

29-12-2023T11:31:00 - [MESSAGE][PASSED] - Navigate to 'https://monitoring.pssi-dev.kecilin.id/cctv/detail/64fea04aacbef66fd547646c' successfully

29-12-2023T11:31:00 - [TEST_STEP][PASSED] - if (verifyTextPresent("CCTV Data", false, failureHandling)): null

29-12-2023T11:31:00 - [MESSAGE][PASSED] - Text 'CCTV Data' is present on page 

29-12-2023T11:31:00 - [TEST_STEP][FAILED] - if (verifyTextPresent("Showing 0 to 0 of 0 entries", false) && verifyTextPresent("No matching records found", false)): Unable to verify text 'Showing 0 to 0 of 0 entries' is present  (Root cause: com.kms.katalon.core.exception.StepFailedException: Unable to verify text 'Showing 0 to 0 of 0 entries' is present 
	at com.kms.katalon.core.webui.keyword.internal.WebUIKeywordMain.stepFailed(WebUIKeywordMain.groovy:64)
	at com.kms.katalon.core.webui.keyword.internal.WebUIKeywordMain.runKeyword(WebUIKeywordMain.groovy:26)
	at com.kms.katalon.core.webui.keyword.builtin.VerifyTextPresentKeyword.verifyTextPresent(VerifyTextPresentKeyword.groovy:83)
	at com.kms.katalon.core.webui.keyword.builtin.VerifyTextPresentKeyword.execute(VerifyTextPresentKeyword.groovy:68)
	at com.kms.katalon.core.keyword.internal.KeywordExecutor.executeKeywordForPlatform(KeywordExecutor.groovy:74)
	at com.kms.katalon.core.webui.keyword.WebUiBuiltInKeywords.verifyTextPresent(WebUiBuiltInKeywords.groovy:1762)
	at PSSIViewEmptyCCTVData.run(PSSIViewEmptyCCTVData:33)
	at com.kms.katalon.core.main.ScriptEngine.run(ScriptEngine.java:194)
	at com.kms.katalon.core.main.ScriptEngine.runScriptAsRawText(ScriptEngine.java:119)
	at com.kms.katalon.core.main.TestCaseExecutor.runScript(TestCaseExecutor.java:448)
	at com.kms.katalon.core.main.TestCaseExecutor.doExecute(TestCaseExecutor.java:439)
	at com.kms.katalon.core.main.TestCaseExecutor.processExecutionPhase(TestCaseExecutor.java:418)
	at com.kms.katalon.core.main.TestCaseExecutor.accessMainPhase(TestCaseExecutor.java:410)
	at com.kms.katalon.core.main.TestCaseExecutor.execute(TestCaseExecutor.java:285)
	at com.kms.katalon.core.common.CommonExecutor.accessTestCaseMainPhase(CommonExecutor.java:65)
	at com.kms.katalon.core.main.TestSuiteExecutor.accessTestSuiteMainPhase(TestSuiteExecutor.java:148)
	at com.kms.katalon.core.main.TestSuiteExecutor.execute(TestSuiteExecutor.java:106)
	at com.kms.katalon.core.main.TestCaseMain.startTestSuite(TestCaseMain.java:180)
	at TempTestSuite1703823543503.run(TempTestSuite1703823543503.groovy:36)
	at java.base/jdk.internal.reflect.NativeMethodAccessorImpl.invoke0(Native Method)
	at java.base/jdk.internal.reflect.NativeMethodAccessorImpl.invoke(NativeMethodAccessorImpl.java:77)
	at java.base/jdk.internal.reflect.DelegatingMethodAccessorImpl.invoke(DelegatingMethodAccessorImpl.java:43)
Caused by: com.kms.katalon.core.exception.StepFailedException: Text 'Showing 0 to 0 of 0 entries' is not present on page 
	at com.kms.katalon.core.webui.keyword.internal.WebUIKeywordMain.stepFailed(WebUIKeywordMain.groovy:64)
	at com.kms.katalon.core.webui.keyword.builtin.VerifyTextPresentKeyword$_verifyTextPresent_closure1.doCall(VerifyTextPresentKeyword.groovy:79)
	at com.kms.katalon.core.webui.keyword.builtin.VerifyTextPresentKeyword$_verifyTextPresent_closure1.call(VerifyTextPresentKeyword.groovy)
	at com.kms.katalon.core.webui.keyword.internal.WebUIKeywordMain.runKeyword(WebUIKeywordMain.groovy:20)
	... 20 more
)

29-12-2023T11:31:01 - [MESSAGE][FAILED] - Text 'Showing 0 to 0 of 0 entries' is not present on page  (Root cause: com.kms.katalon.core.exception.StepFailedException: Text 'Showing 0 to 0 of 0 entries' is not present on page 
	at com.kms.katalon.core.webui.keyword.internal.WebUIKeywordMain.stepFailed(WebUIKeywordMain.groovy:64)
	at com.kms.katalon.core.webui.keyword.builtin.VerifyTextPresentKeyword$_verifyTextPresent_closure1.doCall(VerifyTextPresentKeyword.groovy:79)
	at com.kms.katalon.core.webui.keyword.builtin.VerifyTextPresentKeyword$_verifyTextPresent_closure1.call(VerifyTextPresentKeyword.groovy)
	at com.kms.katalon.core.webui.keyword.internal.WebUIKeywordMain.runKeyword(WebUIKeywordMain.groovy:20)
	at com.kms.katalon.core.webui.keyword.builtin.VerifyTextPresentKeyword.verifyTextPresent(VerifyTextPresentKeyword.groovy:83)
	at com.kms.katalon.core.webui.keyword.builtin.VerifyTextPresentKeyword.execute(VerifyTextPresentKeyword.groovy:68)
	at com.kms.katalon.core.keyword.internal.KeywordExecutor.executeKeywordForPlatform(KeywordExecutor.groovy:74)
	at com.kms.katalon.core.webui.keyword.WebUiBuiltInKeywords.verifyTextPresent(WebUiBuiltInKeywords.groovy:1762)
	at PSSIViewEmptyCCTVData.run(PSSIViewEmptyCCTVData:33)
	at com.kms.katalon.core.main.ScriptEngine.run(ScriptEngine.java:194)
	at com.kms.katalon.core.main.ScriptEngine.runScriptAsRawText(ScriptEngine.java:119)
	at com.kms.katalon.core.main.TestCaseExecutor.runScript(TestCaseExecutor.java:448)
	at com.kms.katalon.core.main.TestCaseExecutor.doExecute(TestCaseExecutor.java:439)
	at com.kms.katalon.core.main.TestCaseExecutor.processExecutionPhase(TestCaseExecutor.java:418)
	at com.kms.katalon.core.main.TestCaseExecutor.accessMainPhase(TestCaseExecutor.java:410)
	at com.kms.katalon.core.main.TestCaseExecutor.execute(TestCaseExecutor.java:285)
	at com.kms.katalon.core.common.CommonExecutor.accessTestCaseMainPhase(CommonExecutor.java:65)
	at com.kms.katalon.core.main.TestSuiteExecutor.accessTestSuiteMainPhase(TestSuiteExecutor.java:148)
	at com.kms.katalon.core.main.TestSuiteExecutor.execute(TestSuiteExecutor.java:106)
	at com.kms.katalon.core.main.TestCaseMain.startTestSuite(TestCaseMain.java:180)
	at TempTestSuite1703823543503.run(TempTestSuite1703823543503.groovy:36)
	at java.base/jdk.internal.reflect.NativeMethodAccessorImpl.invoke0(Native Method)
	at java.base/jdk.internal.reflect.NativeMethodAccessorImpl.invoke(NativeMethodAccessorImpl.java:77)
	at java.base/jdk.internal.reflect.DelegatingMethodAccessorImpl.invoke(DelegatingMethodAccessorImpl.java:43)
)

29-12-2023T11:31:01 - [MESSAGE][FAILED] - Unable to verify text 'Showing 0 to 0 of 0 entries' is present  (Root cause: com.kms.katalon.core.exception.StepFailedException: Unable to verify text 'Showing 0 to 0 of 0 entries' is present 
	at com.kms.katalon.core.webui.keyword.internal.WebUIKeywordMain.stepFailed(WebUIKeywordMain.groovy:64)
	at com.kms.katalon.core.webui.keyword.internal.WebUIKeywordMain.runKeyword(WebUIKeywordMain.groovy:26)
	at com.kms.katalon.core.webui.keyword.builtin.VerifyTextPresentKeyword.verifyTextPresent(VerifyTextPresentKeyword.groovy:83)
	at com.kms.katalon.core.webui.keyword.builtin.VerifyTextPresentKeyword.execute(VerifyTextPresentKeyword.groovy:68)
	at com.kms.katalon.core.keyword.internal.KeywordExecutor.executeKeywordForPlatform(KeywordExecutor.groovy:74)
	at com.kms.katalon.core.webui.keyword.WebUiBuiltInKeywords.verifyTextPresent(WebUiBuiltInKeywords.groovy:1762)
	at PSSIViewEmptyCCTVData.run(PSSIViewEmptyCCTVData:33)
	at com.kms.katalon.core.main.ScriptEngine.run(ScriptEngine.java:194)
	at com.kms.katalon.core.main.ScriptEngine.runScriptAsRawText(ScriptEngine.java:119)
	at com.kms.katalon.core.main.TestCaseExecutor.runScript(TestCaseExecutor.java:448)
	at com.kms.katalon.core.main.TestCaseExecutor.doExecute(TestCaseExecutor.java:439)
	at com.kms.katalon.core.main.TestCaseExecutor.processExecutionPhase(TestCaseExecutor.java:418)
	at com.kms.katalon.core.main.TestCaseExecutor.accessMainPhase(TestCaseExecutor.java:410)
	at com.kms.katalon.core.main.TestCaseExecutor.execute(TestCaseExecutor.java:285)
	at com.kms.katalon.core.common.CommonExecutor.accessTestCaseMainPhase(CommonExecutor.java:65)
	at com.kms.katalon.core.main.TestSuiteExecutor.accessTestSuiteMainPhase(TestSuiteExecutor.java:148)
	at com.kms.katalon.core.main.TestSuiteExecutor.execute(TestSuiteExecutor.java:106)
	at com.kms.katalon.core.main.TestCaseMain.startTestSuite(TestCaseMain.java:180)
	at TempTestSuite1703823543503.run(TempTestSuite1703823543503.groovy:36)
	at java.base/jdk.internal.reflect.NativeMethodAccessorImpl.invoke0(Native Method)
	at java.base/jdk.internal.reflect.NativeMethodAccessorImpl.invoke(NativeMethodAccessorImpl.java:77)
	at java.base/jdk.internal.reflect.DelegatingMethodAccessorImpl.invoke(DelegatingMethodAccessorImpl.java:43)
Caused by: com.kms.katalon.core.exception.StepFailedException: Text 'Showing 0 to 0 of 0 entries' is not present on page 
	at com.kms.katalon.core.webui.keyword.internal.WebUIKeywordMain.stepFailed(WebUIKeywordMain.groovy:64)
	at com.kms.katalon.core.webui.keyword.builtin.VerifyTextPresentKeyword$_verifyTextPresent_closure1.doCall(VerifyTextPresentKeyword.groovy:79)
	at com.kms.katalon.core.webui.keyword.builtin.VerifyTextPresentKeyword$_verifyTextPresent_closure1.call(VerifyTextPresentKeyword.groovy)
	at com.kms.katalon.core.webui.keyword.internal.WebUIKeywordMain.runKeyword(WebUIKeywordMain.groovy:20)
	... 20 more
)
[[ATTACHMENT|C:\\Users\\USER\\git\\Kecilin-Automation-Test\\Reports\\20231229_111847\\Create BE CCTV Data\\View CCTV Table Test Suite\\20231229_111903\\1703824261306.png]]]]></system-out>
         <system-err><![CDATA[29-12-2023T11:30:53 - [TEST_CASE][FAILED] - Test Cases/Offline PSSI Dashboard Function/Create BE CCTV Data/View CCTV Table/PSSIViewEmptyCCTVData: Test Cases/Offline PSSI Dashboard Function/Create BE CCTV Data/View CCTV Table/PSSIViewEmptyCCTVData FAILED.
Reason:
com.kms.katalon.core.exception.StepFailedException: Unable to verify text 'Showing 0 to 0 of 0 entries' is present 
	at com.kms.katalon.core.webui.keyword.internal.WebUIKeywordMain.stepFailed(WebUIKeywordMain.groovy:64)
	at com.kms.katalon.core.webui.keyword.internal.WebUIKeywordMain.runKeyword(WebUIKeywordMain.groovy:26)
	at com.kms.katalon.core.webui.keyword.builtin.VerifyTextPresentKeyword.verifyTextPresent(VerifyTextPresentKeyword.groovy:83)
	at com.kms.katalon.core.webui.keyword.builtin.VerifyTextPresentKeyword.execute(VerifyTextPresentKeyword.groovy:68)
	at com.kms.katalon.core.keyword.internal.KeywordExecutor.executeKeywordForPlatform(KeywordExecutor.groovy:74)
	at com.kms.katalon.core.webui.keyword.WebUiBuiltInKeywords.verifyTextPresent(WebUiBuiltInKeywords.groovy:1762)
	at PSSIViewEmptyCCTVData.run(PSSIViewEmptyCCTVData:33)
	at com.kms.katalon.core.main.ScriptEngine.run(ScriptEngine.java:194)
	at com.kms.katalon.core.main.ScriptEngine.runScriptAsRawText(ScriptEngine.java:119)
	at com.kms.katalon.core.main.TestCaseExecutor.runScript(TestCaseExecutor.java:448)
	at com.kms.katalon.core.main.TestCaseExecutor.doExecute(TestCaseExecutor.java:439)
	at com.kms.katalon.core.main.TestCaseExecutor.processExecutionPhase(TestCaseExecutor.java:418)
	at com.kms.katalon.core.main.TestCaseExecutor.accessMainPhase(TestCaseExecutor.java:410)
	at com.kms.katalon.core.main.TestCaseExecutor.execute(TestCaseExecutor.java:285)
	at com.kms.katalon.core.common.CommonExecutor.accessTestCaseMainPhase(CommonExecutor.java:65)
	at com.kms.katalon.core.main.TestSuiteExecutor.accessTestSuiteMainPhase(TestSuiteExecutor.java:148)
	at com.kms.katalon.core.main.TestSuiteExecutor.execute(TestSuiteExecutor.java:106)
	at com.kms.katalon.core.main.TestCaseMain.startTestSuite(TestCaseMain.java:180)
	at TempTestSuite1703823543503.run(TempTestSuite1703823543503.groovy:36)
	at java.base/jdk.internal.reflect.NativeMethodAccessorImpl.invoke0(Native Method)
	at java.base/jdk.internal.reflect.NativeMethodAccessorImpl.invoke(NativeMethodAccessorImpl.java:77)
	at java.base/jdk.internal.reflect.DelegatingMethodAccessorImpl.invoke(DelegatingMethodAccessorImpl.java:43)
Caused by: com.kms.katalon.core.exception.StepFailedException: Text 'Showing 0 to 0 of 0 entries' is not present on page 
	at com.kms.katalon.core.webui.keyword.internal.WebUIKeywordMain.stepFailed(WebUIKeywordMain.groovy:64)
	at com.kms.katalon.core.webui.keyword.builtin.VerifyTextPresentKeyword$_verifyTextPresent_closure1.doCall(VerifyTextPresentKeyword.groovy:79)
	at com.kms.katalon.core.webui.keyword.builtin.VerifyTextPresentKeyword$_verifyTextPresent_closure1.call(VerifyTextPresentKeyword.groovy)
	at com.kms.katalon.core.webui.keyword.internal.WebUIKeywordMain.runKeyword(WebUIKeywordMain.groovy:20)
	... 20 more]]></system-err>
      </testcase>
      <system-out><![CDATA[29-12-2023T11:29:56 - [TEST_SUITE][FAILED] - View CCTV Table Test Suite: Test Cases/Offline PSSI Dashboard Function/Create BE CCTV Data/View CCTV Table/PSSIViewEmptyCCTVData FAILED.
Reason:
com.kms.katalon.core.exception.StepFailedException: Unable to verify text 'Showing 0 to 0 of 0 entries' is present 
	at com.kms.katalon.core.webui.keyword.internal.WebUIKeywordMain.stepFailed(WebUIKeywordMain.groovy:64)
	at com.kms.katalon.core.webui.keyword.internal.WebUIKeywordMain.runKeyword(WebUIKeywordMain.groovy:26)
	at com.kms.katalon.core.webui.keyword.builtin.VerifyTextPresentKeyword.verifyTextPresent(VerifyTextPresentKeyword.groovy:83)
	at com.kms.katalon.core.webui.keyword.builtin.VerifyTextPresentKeyword.execute(VerifyTextPresentKeyword.groovy:68)
	at com.kms.katalon.core.keyword.internal.KeywordExecutor.executeKeywordForPlatform(KeywordExecutor.groovy:74)
	at com.kms.katalon.core.webui.keyword.WebUiBuiltInKeywords.verifyTextPresent(WebUiBuiltInKeywords.groovy:1762)
	at PSSIViewEmptyCCTVData.run(PSSIViewEmptyCCTVData:33)
	at com.kms.katalon.core.main.ScriptEngine.run(ScriptEngine.java:194)
	at com.kms.katalon.core.main.ScriptEngine.runScriptAsRawText(ScriptEngine.java:119)
	at com.kms.katalon.core.main.TestCaseExecutor.runScript(TestCaseExecutor.java:448)
	at com.kms.katalon.core.main.TestCaseExecutor.doExecute(TestCaseExecutor.java:439)
	at com.kms.katalon.core.main.TestCaseExecutor.processExecutionPhase(TestCaseExecutor.java:418)
	at com.kms.katalon.core.main.TestCaseExecutor.accessMainPhase(TestCaseExecutor.java:410)
	at com.kms.katalon.core.main.TestCaseExecutor.execute(TestCaseExecutor.java:285)
	at com.kms.katalon.core.common.CommonExecutor.accessTestCaseMainPhase(CommonExecutor.java:65)
	at com.kms.katalon.core.main.TestSuiteExecutor.accessTestSuiteMainPhase(TestSuiteExecutor.java:148)
	at com.kms.katalon.core.main.TestSuiteExecutor.execute(TestSuiteExecutor.java:106)
	at com.kms.katalon.core.main.TestCaseMain.startTestSuite(TestCaseMain.java:180)
	at TempTestSuite1703823543503.run(TempTestSuite1703823543503.groovy:36)
	at java.base/jdk.internal.reflect.NativeMethodAccessorImpl.invoke0(Native Method)
	at java.base/jdk.internal.reflect.NativeMethodAccessorImpl.invoke(NativeMethodAccessorImpl.java:77)
	at java.base/jdk.internal.reflect.DelegatingMethodAccessorImpl.invoke(DelegatingMethodAccessorImpl.java:43)
Caused by: com.kms.katalon.core.exception.StepFailedException: Text 'Showing 0 to 0 of 0 entries' is not present on page 
	at com.kms.katalon.core.webui.keyword.internal.WebUIKeywordMain.stepFailed(WebUIKeywordMain.groovy:64)
	at com.kms.katalon.core.webui.keyword.builtin.VerifyTextPresentKeyword$_verifyTextPresent_closure1.doCall(VerifyTextPresentKeyword.groovy:79)
	at com.kms.katalon.core.webui.keyword.builtin.VerifyTextPresentKeyword$_verifyTextPresent_closure1.call(VerifyTextPresentKeyword.groovy)
	at com.kms.katalon.core.webui.keyword.internal.WebUIKeywordMain.runKeyword(WebUIKeywordMain.groovy:20)
	... 20 more]]></system-out>
      <system-err><![CDATA[29-12-2023T11:29:56 - [TEST_SUITE][FAILED] - View CCTV Table Test Suite: Test Cases/Offline PSSI Dashboard Function/Create BE CCTV Data/View CCTV Table/PSSIViewEmptyCCTVData FAILED.
Reason:
com.kms.katalon.core.exception.StepFailedException: Unable to verify text 'Showing 0 to 0 of 0 entries' is present 
	at com.kms.katalon.core.webui.keyword.internal.WebUIKeywordMain.stepFailed(WebUIKeywordMain.groovy:64)
	at com.kms.katalon.core.webui.keyword.internal.WebUIKeywordMain.runKeyword(WebUIKeywordMain.groovy:26)
	at com.kms.katalon.core.webui.keyword.builtin.VerifyTextPresentKeyword.verifyTextPresent(VerifyTextPresentKeyword.groovy:83)
	at com.kms.katalon.core.webui.keyword.builtin.VerifyTextPresentKeyword.execute(VerifyTextPresentKeyword.groovy:68)
	at com.kms.katalon.core.keyword.internal.KeywordExecutor.executeKeywordForPlatform(KeywordExecutor.groovy:74)
	at com.kms.katalon.core.webui.keyword.WebUiBuiltInKeywords.verifyTextPresent(WebUiBuiltInKeywords.groovy:1762)
	at PSSIViewEmptyCCTVData.run(PSSIViewEmptyCCTVData:33)
	at com.kms.katalon.core.main.ScriptEngine.run(ScriptEngine.java:194)
	at com.kms.katalon.core.main.ScriptEngine.runScriptAsRawText(ScriptEngine.java:119)
	at com.kms.katalon.core.main.TestCaseExecutor.runScript(TestCaseExecutor.java:448)
	at com.kms.katalon.core.main.TestCaseExecutor.doExecute(TestCaseExecutor.java:439)
	at com.kms.katalon.core.main.TestCaseExecutor.processExecutionPhase(TestCaseExecutor.java:418)
	at com.kms.katalon.core.main.TestCaseExecutor.accessMainPhase(TestCaseExecutor.java:410)
	at com.kms.katalon.core.main.TestCaseExecutor.execute(TestCaseExecutor.java:285)
	at com.kms.katalon.core.common.CommonExecutor.accessTestCaseMainPhase(CommonExecutor.java:65)
	at com.kms.katalon.core.main.TestSuiteExecutor.accessTestSuiteMainPhase(TestSuiteExecutor.java:148)
	at com.kms.katalon.core.main.TestSuiteExecutor.execute(TestSuiteExecutor.java:106)
	at com.kms.katalon.core.main.TestCaseMain.startTestSuite(TestCaseMain.java:180)
	at TempTestSuite1703823543503.run(TempTestSuite1703823543503.groovy:36)
	at java.base/jdk.internal.reflect.NativeMethodAccessorImpl.invoke0(Native Method)
	at java.base/jdk.internal.reflect.NativeMethodAccessorImpl.invoke(NativeMethodAccessorImpl.java:77)
	at java.base/jdk.internal.reflect.DelegatingMethodAccessorImpl.invoke(DelegatingMethodAccessorImpl.java:43)
Caused by: com.kms.katalon.core.exception.StepFailedException: Text 'Showing 0 to 0 of 0 entries' is not present on page 
	at com.kms.katalon.core.webui.keyword.internal.WebUIKeywordMain.stepFailed(WebUIKeywordMain.groovy:64)
	at com.kms.katalon.core.webui.keyword.builtin.VerifyTextPresentKeyword$_verifyTextPresent_closure1.doCall(VerifyTextPresentKeyword.groovy:79)
	at com.kms.katalon.core.webui.keyword.builtin.VerifyTextPresentKeyword$_verifyTextPresent_closure1.call(VerifyTextPresentKeyword.groovy)
	at com.kms.katalon.core.webui.keyword.internal.WebUIKeywordMain.runKeyword(WebUIKeywordMain.groovy:20)
	... 20 more]]></system-err>
   </testsuite>
</testsuites>
