<?xml version="1.0" encoding="UTF-8"?>
<testsuites name="Delete Account Test Suite" time="318.593" tests="3" failures="1" errors="0">
   <testsuite name="Delete Account Test Suite" tests="3" failures="1" errors="0" time="318.593" skipped="0" timestamp="19-01-2024T12:08:29" hostname="USER - DESKTOP-HLRVE9S" id="Test Suites/Create BE Account Management/Delete Account Test Suite">
      <properties>
         <property name="deviceName" value=""/>
         <property name="devicePlatform" value=""/>
         <property name="logFolder" value="C:\\Users\\USER\\git\\Kecilin-Automation-Test\\Reports\\20240119_120819\\Create BE Account Management\\Delete Account Test Suite\\20240119_120819"/>
         <property name="logFiles" value="C:\\Users\\USER\\git\\Kecilin-Automation-Test\\Reports\\20240119_120819\\Create BE Account Management\\Delete Account Test Suite\\20240119_120819\\execution0.log"/>
         <property name="attachments" value="C:\\Users\\USER\\git\\Kecilin-Automation-Test\\Reports\\20240119_120819\\Create BE Account Management\\Delete Account Test Suite\\20240119_120819\\1705640948926.png, C:\\Users\\USER\\git\\Kecilin-Automation-Test\\Reports\\20240119_120819\\Create BE Account Management\\Delete Account Test Suite\\20240119_120819\\1705640965963.png, C:\\Users\\USER\\git\\Kecilin-Automation-Test\\Reports\\20240119_120819\\Create BE Account Management\\Delete Account Test Suite\\20240119_120819\\1705641074043.png, C:\\Users\\USER\\git\\Kecilin-Automation-Test\\Reports\\20240119_120819\\Create BE Account Management\\Delete Account Test Suite\\20240119_120819\\1705641144963.png, C:\\Users\\USER\\git\\Kecilin-Automation-Test\\Reports\\20240119_120819\\Create BE Account Management\\Delete Account Test Suite\\20240119_120819\\1705641200320.png"/>
         <property name="hostName" value="USER - DESKTOP-HLRVE9S"/>
         <property name="os" value="Windows 10 64bit"/>
         <property name="katalonVersion" value="9.2.0.212"/>
         <property name="browser" value="Chrome 120.0.0.0"/>
         <property name="hostAddress" value="192.168.100.189"/>
         <property name="sessionId" value="81aabadced3f71873e72a1efabff9115"/>
         <property name="seleniumVersion" value="3.141.59"/>
         <property name="proxyInformation" value="ProxyInformation { proxyOption=NO_PROXY, proxyServerType=HTTP, username=, password=********, proxyServerAddress=, proxyServerPort=0, executionList=&quot;&quot;, isApplyToDesiredCapabilities=true }"/>
         <property name="platform" value="Windows 10"/>
      </properties>
      <testcase name="Test Cases/Offline PSSI Dashboard Function/Create BE Account Management/Delete Account/Negative Test Case/PSSICancelDeleteAccount" time="21.558" classname="Test Cases/Offline PSSI Dashboard Function/Create BE Account Management/Delete Account/Negative Test Case/PSSICancelDeleteAccount" status="PASSED">
         <system-out><![CDATA[19-01-2024T12:08:29 - [TEST_CASE][PASSED] - Test Cases/Offline PSSI Dashboard Function/Create BE Account Management/Delete Account/Negative Test Case/PSSICancelDeleteAccount: Test Cases/Offline PSSI Dashboard Function/Create BE Account Management/Delete Account/Negative Test Case/PSSICancelDeleteAccount

19-01-2024T12:08:30 - [TEST_STEP][PASSED] - failureHandling = STOP_ON_FAILURE: null

19-01-2024T12:08:30 - [TEST_STEP][PASSED] - baseUrl = offline_pssi_dashboard_url: null

19-01-2024T12:08:31 - [TEST_STEP][PASSED] - callTestCase(findTestCase("Offline PSSI Dashboard Function/Create BE Account Management/View Account Management/PSSIViewAccountManagement"), [:], failureHandling): Call Test Case 'Test Cases/Offline PSSI Dashboard Function/Create BE Account Management/View Account Management/PSSIViewAccountManagement' successfully

19-01-2024T12:08:31 - [TEST_CASE][PASSED] - Test Cases/Offline PSSI Dashboard Function/Create BE Account Management/View Account Management/PSSIViewAccountManagement: Test Cases/Offline PSSI Dashboard Function/Create BE Account Management/View Account Management/PSSIViewAccountManagement

19-01-2024T12:08:31 - [TEST_STEP][PASSED] - failureHandling = STOP_ON_FAILURE: null

19-01-2024T12:08:31 - [TEST_STEP][PASSED] - baseUrl = offline_pssi_dashboard_url: null

19-01-2024T12:08:31 - [TEST_STEP][PASSED] - callTestCase(findTestCase("Offline PSSI Dashboard Function/Sign In/PSSISignInValidData"), [:], failureHandling): Call Test Case 'Test Cases/Offline PSSI Dashboard Function/Sign In/PSSISignInValidData' successfully

19-01-2024T12:08:31 - [TEST_CASE][PASSED] - Test Cases/Offline PSSI Dashboard Function/Sign In/PSSISignInValidData: Test Cases/Offline PSSI Dashboard Function/Sign In/PSSISignInValidData

19-01-2024T12:08:31 - [TEST_STEP][PASSED] - failureHandling = STOP_ON_FAILURE: null

19-01-2024T12:08:31 - [TEST_STEP][PASSED] - baseUrl = offline_pssi_dashboard_url: null

19-01-2024T12:08:31 - [TEST_STEP][PASSED] - openBrowser(""): Browser is opened with url: ''

19-01-2024T12:08:32 - [MESSAGE][INFO] - Starting 'Chrome' driver

19-01-2024T12:08:32 - [MESSAGE][INFO] - User set preference: ['unhandledPromptBehaviour', 'ignore']

19-01-2024T12:08:32 - [MESSAGE][INFO] - User set preference: ['unexpectedAlertBehaviour', 'ignore']

19-01-2024T12:08:32 - [MESSAGE][INFO] - Action delay is set to 0 milliseconds

19-01-2024T12:08:34 - [MESSAGE][PASSED] - Browser is opened with url: ''

19-01-2024T12:08:34 - [TEST_STEP][PASSED] - navigateToUrl(baseUrl): Navigate to 'https://monitoring.pssi-dev.kecilin.id' successfully

19-01-2024T12:08:35 - [MESSAGE][PASSED] - Navigate to 'https://monitoring.pssi-dev.kecilin.id' successfully

19-01-2024T12:08:35 - [TEST_STEP][PASSED] - maximizeWindow(): Current window maximized

19-01-2024T12:08:36 - [MESSAGE][PASSED] - Current window maximized

19-01-2024T12:08:36 - [TEST_STEP][PASSED] - setText(findTestObject("Object Repository/Page_Login/input_email"), "superadmin@app.com"): Text 'superadmin@app.com' is set on object 'Object Repository/Page_Login/input_email'

19-01-2024T12:08:37 - [MESSAGE][PASSED] - Text 'superadmin@app.com' is set on object 'Object Repository/Page_Login/input_email'

19-01-2024T12:08:37 - [TEST_STEP][PASSED] - setEncryptedText(findTestObject("Object Repository/Page_Login/input_password"), "8SQVv/p9jVScEs4/2CZsLw=="): Text ****** has been set on object 'Object Repository/Page_Login/input_password'

19-01-2024T12:08:37 - [MESSAGE][PASSED] - Text ****** has been set on object 'Object Repository/Page_Login/input_password'

19-01-2024T12:08:37 - [TEST_STEP][PASSED] - click(findTestObject("Object Repository/Page_Login/button_Sign In")): Object: 'Object Repository/Page_Login/button_Sign In' is clicked on

19-01-2024T12:08:42 - [MESSAGE][PASSED] - Object: 'Object Repository/Page_Login/button_Sign In' is clicked on

19-01-2024T12:08:42 - [MESSAGE][PASSED] - Call Test Case 'Test Cases/Offline PSSI Dashboard Function/Sign In/PSSISignInValidData' successfully

19-01-2024T12:08:42 - [TEST_STEP][PASSED] - scrollToElement(findTestObject("Page_Dashboard/Account Management Sidebar"), 0): Scroll to object 'Object Repository/Page_Dashboard/Account Management Sidebar' successfully

19-01-2024T12:08:42 - [MESSAGE][WARNING] - Timeout '0' is invalid. Using default page load timeout: '1'

19-01-2024T12:08:44 - [MESSAGE][INFO] - Unable to find the element located by 'By.xpath: id("sidenav-collapse-main")/ul[@class="navbar-nav"]/li[@class="nav-item"]/a[@class="nav-link"][count(. | //a[@class = 'nav-link  ' and @href = '/accounts' and (text() = '
            
              
                
              
            
            Account Management
          ' or . = '
            
              
                
              
            
            Account Management
          ')]) = count(//a[@class = 'nav-link  ' and @href = '/accounts' and (text() = '
            
              
                
              
            
            Account Management
          ' or . = '
            
              
                
              
            
            Account Management
          ')])]'. Please recheck the objects properties to make sure the desired element is located. 

19-01-2024T12:08:44 - [MESSAGE][WARNING] - [SELF-HEALING] Failed to find element with id 'Object Repository/Page_Dashboard/Account Management Sidebar'. Try using Self-healing.

19-01-2024T12:08:45 - [MESSAGE][WARNING] - [SELF-HEALING] The current locator of test object 'Object Repository/Page_Dashboard/Account Management Sidebar' was broken. Propose an alternative one: '//div[@id='sidenav-collapse-main']/ul/li[12]/a'.

19-01-2024T12:08:45 - [MESSAGE][PASSED] - Scroll to object 'Object Repository/Page_Dashboard/Account Management Sidebar' successfully

19-01-2024T12:08:45 - [TEST_STEP][PASSED] - navigateToUrl(baseUrl + "/accounts", failureHandling): Navigate to 'https://monitoring.pssi-dev.kecilin.id/accounts' successfully

19-01-2024T12:08:45 - [MESSAGE][PASSED] - Navigate to 'https://monitoring.pssi-dev.kecilin.id/accounts' successfully

19-01-2024T12:08:45 - [MESSAGE][INFO] - 

19-01-2024T12:08:45 - [MESSAGE][INFO] - ===================== Self-healing Report ====================

19-01-2024T12:08:45 - [MESSAGE][INFO] - One of the failed test object locators has been recovered by Self-healing. Please refer to the Self-healing Insights tab for more details.

19-01-2024T12:08:45 - [MESSAGE][INFO] - To learn more about Self-healing, please read https://docs.katalon.com/katalon-studio/docs/self-healing.html

19-01-2024T12:08:45 - [MESSAGE][INFO] - ==============================================================

19-01-2024T12:08:45 - [MESSAGE][PASSED] - Call Test Case 'Test Cases/Offline PSSI Dashboard Function/Create BE Account Management/View Account Management/PSSIViewAccountManagement' successfully

19-01-2024T12:08:45 - [TEST_STEP][PASSED] - click(findTestObject("Page_Account Management/button delete viewer8")): Object: 'Object Repository/Page_Account Management/button delete viewer8' is clicked on

19-01-2024T12:08:46 - [MESSAGE][PASSED] - Object: 'Object Repository/Page_Account Management/button delete viewer8' is clicked on

19-01-2024T12:08:46 - [TEST_STEP][PASSED] - verifyElementClickable(findTestObject("Page_Account Management/Cancel Button pop up")): Object 'Object Repository/Page_Account Management/Cancel Button pop up' is clickable

19-01-2024T12:08:47 - [MESSAGE][PASSED] - Object 'Object Repository/Page_Account Management/Cancel Button pop up' is clickable

19-01-2024T12:08:47 - [TEST_STEP][PASSED] - click(findTestObject("Page_Account Management/Cancel Button pop up")): Object: 'Object Repository/Page_Account Management/Cancel Button pop up' is clicked on

19-01-2024T12:08:47 - [MESSAGE][PASSED] - Object: 'Object Repository/Page_Account Management/Cancel Button pop up' is clicked on

19-01-2024T12:08:47 - [TEST_STEP][PASSED] - verifyTextPresent("Add New", false): Text 'Add New' is present on page 

19-01-2024T12:08:48 - [MESSAGE][PASSED] - Text 'Add New' is present on page 

19-01-2024T12:08:48 - [TEST_STEP][PASSED] - verifyTextPresent("Status", false): Text 'Status' is present on page 

19-01-2024T12:08:49 - [MESSAGE][PASSED] - Text 'Status' is present on page 

19-01-2024T12:08:49 - [TEST_STEP][PASSED] - verifyTextPresent("Action", false): Text 'Action' is present on page 

19-01-2024T12:08:49 - [MESSAGE][PASSED] - Text 'Action' is present on page 

19-01-2024T12:08:49 - [TEST_STEP][PASSED] - verifyTextPresent("entries", false): Text 'entries' is present on page 

19-01-2024T12:08:50 - [MESSAGE][PASSED] - Text 'entries' is present on page 

19-01-2024T12:08:50 - [TEST_STEP][PASSED] - scrollToElement(findTestObject("Page_Account Management/button delete viewer8"), 0): Scroll to object 'Object Repository/Page_Account Management/button delete viewer8' successfully

19-01-2024T12:08:50 - [MESSAGE][WARNING] - Timeout '0' is invalid. Using default page load timeout: '1'

19-01-2024T12:08:50 - [MESSAGE][PASSED] - Scroll to object 'Object Repository/Page_Account Management/button delete viewer8' successfully

19-01-2024T12:08:50 - [TEST_STEP][PASSED] - verifyTextPresent("viewer8", false): Text 'viewer8' is present on page 

19-01-2024T12:08:50 - [MESSAGE][PASSED] - Text 'viewer8' is present on page 

19-01-2024T12:08:50 - [TEST_STEP][PASSED] - closeBrowser(): Browser is closed

19-01-2024T12:08:51 - [MESSAGE][PASSED] - Browser is closed]]></system-out>
         <system-err><![CDATA[]]></system-err>
      </testcase>
      <testcase name="Test Cases/Offline PSSI Dashboard Function/Create BE Account Management/Delete Account/Negative Test Case/PSSICloseDeleteBox" time="70.898" classname="Test Cases/Offline PSSI Dashboard Function/Create BE Account Management/Delete Account/Negative Test Case/PSSICloseDeleteBox" status="FAILED">
         <failure type="FAILED" message="Test Cases/Offline PSSI Dashboard Function/Create BE Account Management/Delete Account/Negative Test Case/PSSICloseDeleteBox FAILED.&#xa;Reason:&#xa;com.kms.katalon.core.exception.StepFailedException: Unable to verify text 'Add New' is present &#xa;	at com.kms.katalon.core.webui.keyword.internal.WebUIKeywordMain.stepFailed(WebUIKeywordMain.groovy:64)&#xa;	at com.kms.katalon.core.webui.keyword.internal.WebUIKeywordMain.runKeyword(WebUIKeywordMain.groovy:26)&#xa;	at com.kms.katalon.core.webui.keyword.builtin.VerifyTextPresentKeyword.verifyTextPresent(VerifyTextPresentKeyword.groovy:83)&#xa;	at com.kms.katalon.core.webui.keyword.builtin.VerifyTextPresentKeyword.execute(VerifyTextPresentKeyword.groovy:68)&#xa;	at com.kms.katalon.core.keyword.internal.KeywordExecutor.executeKeywordForPlatform(KeywordExecutor.groovy:74)&#xa;	at com.kms.katalon.core.webui.keyword.WebUiBuiltInKeywords.verifyTextPresent(WebUiBuiltInKeywords.groovy:1762)&#xa;	at PSSICloseDeleteBox.verifyStillOnPage(PSSICloseDeleteBox:56)&#xa;	at PSSICloseDeleteBox.run(PSSICloseDeleteBox:45)&#xa;	at com.kms.katalon.core.main.ScriptEngine.run(ScriptEngine.java:194)&#xa;	at com.kms.katalon.core.main.ScriptEngine.runScriptAsRawText(ScriptEngine.java:119)&#xa;	at com.kms.katalon.core.main.TestCaseExecutor.runScript(TestCaseExecutor.java:448)&#xa;	at com.kms.katalon.core.main.TestCaseExecutor.doExecute(TestCaseExecutor.java:439)&#xa;	at com.kms.katalon.core.main.TestCaseExecutor.processExecutionPhase(TestCaseExecutor.java:418)&#xa;	at com.kms.katalon.core.main.TestCaseExecutor.accessMainPhase(TestCaseExecutor.java:410)&#xa;	at com.kms.katalon.core.main.TestCaseExecutor.execute(TestCaseExecutor.java:285)&#xa;	at com.kms.katalon.core.main.TestCaseExecutor.execute(TestCaseExecutor.java:369)&#xa;	at com.kms.katalon.core.main.TestCaseExecutor.execute(TestCaseExecutor.java:369)&#xa;	at com.kms.katalon.core.main.TestCaseExecutor.execute(TestCaseExecutor.java:369)&#xa;	at com.kms.katalon.core.common.CommonExecutor.accessTestCaseMainPhase(CommonExecutor.java:65)&#xa;	at com.kms.katalon.core.main.TestSuiteExecutor.accessTestSuiteMainPhase(TestSuiteExecutor.java:148)&#xa;	at com.kms.katalon.core.main.TestSuiteExecutor.execute(TestSuiteExecutor.java:106)&#xa;	at com.kms.katalon.core.main.TestCaseMain.startTestSuite(TestCaseMain.java:180)&#xa;	at TempTestSuite1705640899346.run(TempTestSuite1705640899346.groovy:36)&#xa;	at java.base/jdk.internal.reflect.NativeMethodAccessorImpl.invoke0(Native Method)&#xa;	at java.base/jdk.internal.reflect.NativeMethodAccessorImpl.invoke(NativeMethodAccessorImpl.java:77)&#xa;	at java.base/jdk.internal.reflect.DelegatingMethodAccessorImpl.invoke(DelegatingMethodAccessorImpl.java:43)&#xa;Caused by: com.kms.katalon.core.exception.StepFailedException: Text 'Add New' is not present on page &#xa;	at com.kms.katalon.core.webui.keyword.internal.WebUIKeywordMain.stepFailed(WebUIKeywordMain.groovy:64)&#xa;	at com.kms.katalon.core.webui.keyword.builtin.VerifyTextPresentKeyword$_verifyTextPresent_closure1.doCall(VerifyTextPresentKeyword.groovy:79)&#xa;	at com.kms.katalon.core.webui.keyword.builtin.VerifyTextPresentKeyword$_verifyTextPresent_closure1.call(VerifyTextPresentKeyword.groovy)&#xa;	at com.kms.katalon.core.webui.keyword.internal.WebUIKeywordMain.runKeyword(WebUIKeywordMain.groovy:20)&#xa;	... 24 more&#xa;"/>
         <system-out><![CDATA[19-01-2024T12:11:14 - [TEST_CASE][FAILED] - Test Cases/Offline PSSI Dashboard Function/Create BE Account Management/Delete Account/Negative Test Case/PSSICloseDeleteBox: Test Cases/Offline PSSI Dashboard Function/Create BE Account Management/Delete Account/Negative Test Case/PSSICloseDeleteBox FAILED.
Reason:
com.kms.katalon.core.exception.StepFailedException: Unable to verify text 'Add New' is present 
	at com.kms.katalon.core.webui.keyword.internal.WebUIKeywordMain.stepFailed(WebUIKeywordMain.groovy:64)
	at com.kms.katalon.core.webui.keyword.internal.WebUIKeywordMain.runKeyword(WebUIKeywordMain.groovy:26)
	at com.kms.katalon.core.webui.keyword.builtin.VerifyTextPresentKeyword.verifyTextPresent(VerifyTextPresentKeyword.groovy:83)
	at com.kms.katalon.core.webui.keyword.builtin.VerifyTextPresentKeyword.execute(VerifyTextPresentKeyword.groovy:68)
	at com.kms.katalon.core.keyword.internal.KeywordExecutor.executeKeywordForPlatform(KeywordExecutor.groovy:74)
	at com.kms.katalon.core.webui.keyword.WebUiBuiltInKeywords.verifyTextPresent(WebUiBuiltInKeywords.groovy:1762)
	at PSSICloseDeleteBox.verifyStillOnPage(PSSICloseDeleteBox:56)
	at PSSICloseDeleteBox.run(PSSICloseDeleteBox:45)
	at com.kms.katalon.core.main.ScriptEngine.run(ScriptEngine.java:194)
	at com.kms.katalon.core.main.ScriptEngine.runScriptAsRawText(ScriptEngine.java:119)
	at com.kms.katalon.core.main.TestCaseExecutor.runScript(TestCaseExecutor.java:448)
	at com.kms.katalon.core.main.TestCaseExecutor.doExecute(TestCaseExecutor.java:439)
	at com.kms.katalon.core.main.TestCaseExecutor.processExecutionPhase(TestCaseExecutor.java:418)
	at com.kms.katalon.core.main.TestCaseExecutor.accessMainPhase(TestCaseExecutor.java:410)
	at com.kms.katalon.core.main.TestCaseExecutor.execute(TestCaseExecutor.java:285)
	at com.kms.katalon.core.main.TestCaseExecutor.execute(TestCaseExecutor.java:369)
	at com.kms.katalon.core.main.TestCaseExecutor.execute(TestCaseExecutor.java:369)
	at com.kms.katalon.core.main.TestCaseExecutor.execute(TestCaseExecutor.java:369)
	at com.kms.katalon.core.common.CommonExecutor.accessTestCaseMainPhase(CommonExecutor.java:65)
	at com.kms.katalon.core.main.TestSuiteExecutor.accessTestSuiteMainPhase(TestSuiteExecutor.java:148)
	at com.kms.katalon.core.main.TestSuiteExecutor.execute(TestSuiteExecutor.java:106)
	at com.kms.katalon.core.main.TestCaseMain.startTestSuite(TestCaseMain.java:180)
	at TempTestSuite1705640899346.run(TempTestSuite1705640899346.groovy:36)
	at java.base/jdk.internal.reflect.NativeMethodAccessorImpl.invoke0(Native Method)
	at java.base/jdk.internal.reflect.NativeMethodAccessorImpl.invoke(NativeMethodAccessorImpl.java:77)
	at java.base/jdk.internal.reflect.DelegatingMethodAccessorImpl.invoke(DelegatingMethodAccessorImpl.java:43)
Caused by: com.kms.katalon.core.exception.StepFailedException: Text 'Add New' is not present on page 
	at com.kms.katalon.core.webui.keyword.internal.WebUIKeywordMain.stepFailed(WebUIKeywordMain.groovy:64)
	at com.kms.katalon.core.webui.keyword.builtin.VerifyTextPresentKeyword$_verifyTextPresent_closure1.doCall(VerifyTextPresentKeyword.groovy:79)
	at com.kms.katalon.core.webui.keyword.builtin.VerifyTextPresentKeyword$_verifyTextPresent_closure1.call(VerifyTextPresentKeyword.groovy)
	at com.kms.katalon.core.webui.keyword.internal.WebUIKeywordMain.runKeyword(WebUIKeywordMain.groovy:20)
	... 24 more


19-01-2024T12:11:14 - [TEST_STEP][PASSED] - failureHandling = STOP_ON_FAILURE: null

19-01-2024T12:11:14 - [TEST_STEP][PASSED] - baseUrl = offline_pssi_dashboard_url: null

19-01-2024T12:11:14 - [TEST_STEP][PASSED] - callTestCase(findTestCase("Offline PSSI Dashboard Function/Create BE Account Management/View Account Management/PSSIViewAccountManagement"), [:], failureHandling): Call Test Case 'Test Cases/Offline PSSI Dashboard Function/Create BE Account Management/View Account Management/PSSIViewAccountManagement' successfully

19-01-2024T12:11:14 - [TEST_CASE][PASSED] - Test Cases/Offline PSSI Dashboard Function/Create BE Account Management/View Account Management/PSSIViewAccountManagement: Test Cases/Offline PSSI Dashboard Function/Create BE Account Management/View Account Management/PSSIViewAccountManagement

19-01-2024T12:11:14 - [TEST_STEP][PASSED] - failureHandling = STOP_ON_FAILURE: null

19-01-2024T12:11:14 - [TEST_STEP][PASSED] - baseUrl = offline_pssi_dashboard_url: null

19-01-2024T12:11:14 - [TEST_STEP][PASSED] - callTestCase(findTestCase("Offline PSSI Dashboard Function/Sign In/PSSISignInValidData"), [:], failureHandling): Call Test Case 'Test Cases/Offline PSSI Dashboard Function/Sign In/PSSISignInValidData' successfully

19-01-2024T12:11:14 - [TEST_CASE][PASSED] - Test Cases/Offline PSSI Dashboard Function/Sign In/PSSISignInValidData: Test Cases/Offline PSSI Dashboard Function/Sign In/PSSISignInValidData

19-01-2024T12:11:14 - [TEST_STEP][PASSED] - failureHandling = STOP_ON_FAILURE: null

19-01-2024T12:11:14 - [TEST_STEP][PASSED] - baseUrl = offline_pssi_dashboard_url: null

19-01-2024T12:11:14 - [TEST_STEP][PASSED] - openBrowser(""): Browser is opened with url: ''

19-01-2024T12:11:14 - [MESSAGE][WARNING] - A browser is already opened. Closing browser and opening a new one

19-01-2024T12:11:14 - [MESSAGE][INFO] - Starting 'Chrome' driver

19-01-2024T12:11:14 - [MESSAGE][INFO] - User set preference: ['unhandledPromptBehaviour', 'ignore']

19-01-2024T12:11:14 - [MESSAGE][INFO] - User set preference: ['unexpectedAlertBehaviour', 'ignore']

19-01-2024T12:11:14 - [MESSAGE][INFO] - Action delay is set to 0 milliseconds

19-01-2024T12:11:15 - [MESSAGE][PASSED] - Browser is opened with url: ''

19-01-2024T12:11:15 - [TEST_STEP][PASSED] - navigateToUrl(baseUrl): Navigate to 'https://monitoring.pssi-dev.kecilin.id' successfully

19-01-2024T12:11:47 - [MESSAGE][PASSED] - Navigate to 'https://monitoring.pssi-dev.kecilin.id' successfully

19-01-2024T12:11:47 - [TEST_STEP][PASSED] - maximizeWindow(): Current window maximized

19-01-2024T12:11:47 - [MESSAGE][PASSED] - Current window maximized

19-01-2024T12:11:47 - [TEST_STEP][PASSED] - setText(findTestObject("Object Repository/Page_Login/input_email"), "superadmin@app.com"): Text 'superadmin@app.com' is set on object 'Object Repository/Page_Login/input_email'

19-01-2024T12:11:48 - [MESSAGE][PASSED] - Text 'superadmin@app.com' is set on object 'Object Repository/Page_Login/input_email'

19-01-2024T12:11:48 - [TEST_STEP][PASSED] - setEncryptedText(findTestObject("Object Repository/Page_Login/input_password"), "8SQVv/p9jVScEs4/2CZsLw=="): Text ****** has been set on object 'Object Repository/Page_Login/input_password'

19-01-2024T12:11:48 - [MESSAGE][PASSED] - Text ****** has been set on object 'Object Repository/Page_Login/input_password'

19-01-2024T12:11:48 - [TEST_STEP][PASSED] - click(findTestObject("Object Repository/Page_Login/button_Sign In")): Object: 'Object Repository/Page_Login/button_Sign In' is clicked on

19-01-2024T12:12:13 - [MESSAGE][PASSED] - Object: 'Object Repository/Page_Login/button_Sign In' is clicked on

19-01-2024T12:12:13 - [MESSAGE][PASSED] - Call Test Case 'Test Cases/Offline PSSI Dashboard Function/Sign In/PSSISignInValidData' successfully

19-01-2024T12:12:13 - [TEST_STEP][PASSED] - scrollToElement(findTestObject("Page_Dashboard/Account Management Sidebar"), 0): Scroll to object 'Object Repository/Page_Dashboard/Account Management Sidebar' successfully

19-01-2024T12:12:13 - [MESSAGE][WARNING] - Timeout '0' is invalid. Using default page load timeout: '1'

19-01-2024T12:12:15 - [MESSAGE][INFO] - Unable to find the element located by 'By.xpath: id("sidenav-collapse-main")/ul[@class="navbar-nav"]/li[@class="nav-item"]/a[@class="nav-link"][count(. | //a[@class = 'nav-link  ' and @href = '/accounts' and (text() = '
            
              
                
              
            
            Account Management
          ' or . = '
            
              
                
              
            
            Account Management
          ')]) = count(//a[@class = 'nav-link  ' and @href = '/accounts' and (text() = '
            
              
                
              
            
            Account Management
          ' or . = '
            
              
                
              
            
            Account Management
          ')])]'. Please recheck the objects properties to make sure the desired element is located. 

19-01-2024T12:12:15 - [MESSAGE][WARNING] - [SELF-HEALING] Failed to find element with id 'Object Repository/Page_Dashboard/Account Management Sidebar'. Try using Self-healing.

19-01-2024T12:12:16 - [MESSAGE][WARNING] - [SELF-HEALING] The current locator of test object 'Object Repository/Page_Dashboard/Account Management Sidebar' was broken. Propose an alternative one: '//div[@id='sidenav-collapse-main']/ul/li[12]/a'.

19-01-2024T12:12:16 - [MESSAGE][PASSED] - Scroll to object 'Object Repository/Page_Dashboard/Account Management Sidebar' successfully

19-01-2024T12:12:16 - [TEST_STEP][PASSED] - navigateToUrl(baseUrl + "/accounts", failureHandling): Navigate to 'https://monitoring.pssi-dev.kecilin.id/accounts' successfully

19-01-2024T12:12:17 - [MESSAGE][PASSED] - Navigate to 'https://monitoring.pssi-dev.kecilin.id/accounts' successfully

19-01-2024T12:12:17 - [MESSAGE][INFO] - 

19-01-2024T12:12:17 - [MESSAGE][INFO] - ===================== Self-healing Report ====================

19-01-2024T12:12:17 - [MESSAGE][INFO] - One of the failed test object locators has been recovered by Self-healing. Please refer to the Self-healing Insights tab for more details.

19-01-2024T12:12:17 - [MESSAGE][INFO] - To learn more about Self-healing, please read https://docs.katalon.com/katalon-studio/docs/self-healing.html

19-01-2024T12:12:17 - [MESSAGE][INFO] - ==============================================================

19-01-2024T12:12:17 - [MESSAGE][PASSED] - Call Test Case 'Test Cases/Offline PSSI Dashboard Function/Create BE Account Management/View Account Management/PSSIViewAccountManagement' successfully

19-01-2024T12:12:17 - [TEST_STEP][PASSED] - click(findTestObject("Page_Account Management/button delete viewer8")): Object: 'Object Repository/Page_Account Management/button delete viewer8' is clicked on

19-01-2024T12:12:18 - [MESSAGE][PASSED] - Object: 'Object Repository/Page_Account Management/button delete viewer8' is clicked on

19-01-2024T12:12:18 - [TEST_STEP][PASSED] - clickOffset(findTestObject("Page_Account Management/Cancel Button pop up"), 100, 100): Object: 'Object Repository/Page_Account Management/Cancel Button pop up' is clicked on using offset x=100 and y=100

19-01-2024T12:12:19 - [MESSAGE][PASSED] - Object: 'Object Repository/Page_Account Management/Cancel Button pop up' is clicked on using offset x=100 and y=100

19-01-2024T12:12:19 - [TEST_STEP][PASSED] - verifyStillOnPage(): null

19-01-2024T12:12:19 - [TEST_STEP][PASSED] - verifyTextPresent("Add New", false): Text 'Add New' is present on page 

19-01-2024T12:12:20 - [MESSAGE][PASSED] - Text 'Add New' is present on page 

19-01-2024T12:12:20 - [TEST_STEP][PASSED] - verifyTextPresent("Status", false): Text 'Status' is present on page 

19-01-2024T12:12:21 - [MESSAGE][PASSED] - Text 'Status' is present on page 

19-01-2024T12:12:21 - [TEST_STEP][PASSED] - verifyTextPresent("Action", false): Text 'Action' is present on page 

19-01-2024T12:12:21 - [MESSAGE][PASSED] - Text 'Action' is present on page 

19-01-2024T12:12:21 - [TEST_STEP][PASSED] - verifyTextPresent("entries", false): Text 'entries' is present on page 

19-01-2024T12:12:21 - [MESSAGE][PASSED] - Text 'entries' is present on page 

19-01-2024T12:12:21 - [TEST_STEP][PASSED] - scrollToElement(findTestObject("Page_Account Management/button delete viewer8"), 0): Scroll to object 'Object Repository/Page_Account Management/button delete viewer8' successfully

19-01-2024T12:12:21 - [MESSAGE][WARNING] - Timeout '0' is invalid. Using default page load timeout: '1'

19-01-2024T12:12:22 - [MESSAGE][PASSED] - Scroll to object 'Object Repository/Page_Account Management/button delete viewer8' successfully

19-01-2024T12:12:22 - [TEST_STEP][PASSED] - verifyTextPresent("viewer8", false): Text 'viewer8' is present on page 

19-01-2024T12:12:22 - [MESSAGE][PASSED] - Text 'viewer8' is present on page 

19-01-2024T12:12:22 - [TEST_STEP][PASSED] - click(findTestObject("Page_Account Management/button delete viewer8")): Object: 'Object Repository/Page_Account Management/button delete viewer8' is clicked on

19-01-2024T12:12:23 - [MESSAGE][PASSED] - Object: 'Object Repository/Page_Account Management/button delete viewer8' is clicked on

19-01-2024T12:12:23 - [TEST_STEP][PASSED] - click(findTestObject("Page_Account Management/Close Button pop up")): Object: 'Object Repository/Page_Account Management/Close Button pop up' is clicked on

19-01-2024T12:12:23 - [MESSAGE][PASSED] - Object: 'Object Repository/Page_Account Management/Close Button pop up' is clicked on

19-01-2024T12:12:23 - [TEST_STEP][PASSED] - verifyStillOnPage(): null

19-01-2024T12:12:23 - [TEST_STEP][FAILED] - verifyTextPresent("Add New", false): Unable to verify text 'Add New' is present  (Root cause: com.kms.katalon.core.exception.StepFailedException: Unable to verify text 'Add New' is present 
	at com.kms.katalon.core.webui.keyword.internal.WebUIKeywordMain.stepFailed(WebUIKeywordMain.groovy:64)
	at com.kms.katalon.core.webui.keyword.internal.WebUIKeywordMain.runKeyword(WebUIKeywordMain.groovy:26)
	at com.kms.katalon.core.webui.keyword.builtin.VerifyTextPresentKeyword.verifyTextPresent(VerifyTextPresentKeyword.groovy:83)
	at com.kms.katalon.core.webui.keyword.builtin.VerifyTextPresentKeyword.execute(VerifyTextPresentKeyword.groovy:68)
	at com.kms.katalon.core.keyword.internal.KeywordExecutor.executeKeywordForPlatform(KeywordExecutor.groovy:74)
	at com.kms.katalon.core.webui.keyword.WebUiBuiltInKeywords.verifyTextPresent(WebUiBuiltInKeywords.groovy:1762)
	at PSSICloseDeleteBox.verifyStillOnPage(PSSICloseDeleteBox:56)
	at PSSICloseDeleteBox.run(PSSICloseDeleteBox:45)
	at com.kms.katalon.core.main.ScriptEngine.run(ScriptEngine.java:194)
	at com.kms.katalon.core.main.ScriptEngine.runScriptAsRawText(ScriptEngine.java:119)
	at com.kms.katalon.core.main.TestCaseExecutor.runScript(TestCaseExecutor.java:448)
	at com.kms.katalon.core.main.TestCaseExecutor.doExecute(TestCaseExecutor.java:439)
	at com.kms.katalon.core.main.TestCaseExecutor.processExecutionPhase(TestCaseExecutor.java:418)
	at com.kms.katalon.core.main.TestCaseExecutor.accessMainPhase(TestCaseExecutor.java:410)
	at com.kms.katalon.core.main.TestCaseExecutor.execute(TestCaseExecutor.java:285)
	at com.kms.katalon.core.main.TestCaseExecutor.execute(TestCaseExecutor.java:369)
	at com.kms.katalon.core.main.TestCaseExecutor.execute(TestCaseExecutor.java:369)
	at com.kms.katalon.core.main.TestCaseExecutor.execute(TestCaseExecutor.java:369)
	at com.kms.katalon.core.common.CommonExecutor.accessTestCaseMainPhase(CommonExecutor.java:65)
	at com.kms.katalon.core.main.TestSuiteExecutor.accessTestSuiteMainPhase(TestSuiteExecutor.java:148)
	at com.kms.katalon.core.main.TestSuiteExecutor.execute(TestSuiteExecutor.java:106)
	at com.kms.katalon.core.main.TestCaseMain.startTestSuite(TestCaseMain.java:180)
	at TempTestSuite1705640899346.run(TempTestSuite1705640899346.groovy:36)
	at java.base/jdk.internal.reflect.NativeMethodAccessorImpl.invoke0(Native Method)
	at java.base/jdk.internal.reflect.NativeMethodAccessorImpl.invoke(NativeMethodAccessorImpl.java:77)
	at java.base/jdk.internal.reflect.DelegatingMethodAccessorImpl.invoke(DelegatingMethodAccessorImpl.java:43)
Caused by: com.kms.katalon.core.exception.StepFailedException: Text 'Add New' is not present on page 
	at com.kms.katalon.core.webui.keyword.internal.WebUIKeywordMain.stepFailed(WebUIKeywordMain.groovy:64)
	at com.kms.katalon.core.webui.keyword.builtin.VerifyTextPresentKeyword$_verifyTextPresent_closure1.doCall(VerifyTextPresentKeyword.groovy:79)
	at com.kms.katalon.core.webui.keyword.builtin.VerifyTextPresentKeyword$_verifyTextPresent_closure1.call(VerifyTextPresentKeyword.groovy)
	at com.kms.katalon.core.webui.keyword.internal.WebUIKeywordMain.runKeyword(WebUIKeywordMain.groovy:20)
	... 24 more
)

19-01-2024T12:12:24 - [MESSAGE][FAILED] - Text 'Add New' is not present on page  (Root cause: com.kms.katalon.core.exception.StepFailedException: Text 'Add New' is not present on page 
	at com.kms.katalon.core.webui.keyword.internal.WebUIKeywordMain.stepFailed(WebUIKeywordMain.groovy:64)
	at com.kms.katalon.core.webui.keyword.builtin.VerifyTextPresentKeyword$_verifyTextPresent_closure1.doCall(VerifyTextPresentKeyword.groovy:79)
	at com.kms.katalon.core.webui.keyword.builtin.VerifyTextPresentKeyword$_verifyTextPresent_closure1.call(VerifyTextPresentKeyword.groovy)
	at com.kms.katalon.core.webui.keyword.internal.WebUIKeywordMain.runKeyword(WebUIKeywordMain.groovy:20)
	at com.kms.katalon.core.webui.keyword.builtin.VerifyTextPresentKeyword.verifyTextPresent(VerifyTextPresentKeyword.groovy:83)
	at com.kms.katalon.core.webui.keyword.builtin.VerifyTextPresentKeyword.execute(VerifyTextPresentKeyword.groovy:68)
	at com.kms.katalon.core.keyword.internal.KeywordExecutor.executeKeywordForPlatform(KeywordExecutor.groovy:74)
	at com.kms.katalon.core.webui.keyword.WebUiBuiltInKeywords.verifyTextPresent(WebUiBuiltInKeywords.groovy:1762)
	at PSSICloseDeleteBox.verifyStillOnPage(PSSICloseDeleteBox:56)
	at PSSICloseDeleteBox.run(PSSICloseDeleteBox:45)
	at com.kms.katalon.core.main.ScriptEngine.run(ScriptEngine.java:194)
	at com.kms.katalon.core.main.ScriptEngine.runScriptAsRawText(ScriptEngine.java:119)
	at com.kms.katalon.core.main.TestCaseExecutor.runScript(TestCaseExecutor.java:448)
	at com.kms.katalon.core.main.TestCaseExecutor.doExecute(TestCaseExecutor.java:439)
	at com.kms.katalon.core.main.TestCaseExecutor.processExecutionPhase(TestCaseExecutor.java:418)
	at com.kms.katalon.core.main.TestCaseExecutor.accessMainPhase(TestCaseExecutor.java:410)
	at com.kms.katalon.core.main.TestCaseExecutor.execute(TestCaseExecutor.java:285)
	at com.kms.katalon.core.main.TestCaseExecutor.execute(TestCaseExecutor.java:369)
	at com.kms.katalon.core.main.TestCaseExecutor.execute(TestCaseExecutor.java:369)
	at com.kms.katalon.core.main.TestCaseExecutor.execute(TestCaseExecutor.java:369)
	at com.kms.katalon.core.common.CommonExecutor.accessTestCaseMainPhase(CommonExecutor.java:65)
	at com.kms.katalon.core.main.TestSuiteExecutor.accessTestSuiteMainPhase(TestSuiteExecutor.java:148)
	at com.kms.katalon.core.main.TestSuiteExecutor.execute(TestSuiteExecutor.java:106)
	at com.kms.katalon.core.main.TestCaseMain.startTestSuite(TestCaseMain.java:180)
	at TempTestSuite1705640899346.run(TempTestSuite1705640899346.groovy:36)
	at java.base/jdk.internal.reflect.NativeMethodAccessorImpl.invoke0(Native Method)
	at java.base/jdk.internal.reflect.NativeMethodAccessorImpl.invoke(NativeMethodAccessorImpl.java:77)
	at java.base/jdk.internal.reflect.DelegatingMethodAccessorImpl.invoke(DelegatingMethodAccessorImpl.java:43)
)

19-01-2024T12:12:25 - [MESSAGE][FAILED] - Unable to verify text 'Add New' is present  (Root cause: com.kms.katalon.core.exception.StepFailedException: Unable to verify text 'Add New' is present 
	at com.kms.katalon.core.webui.keyword.internal.WebUIKeywordMain.stepFailed(WebUIKeywordMain.groovy:64)
	at com.kms.katalon.core.webui.keyword.internal.WebUIKeywordMain.runKeyword(WebUIKeywordMain.groovy:26)
	at com.kms.katalon.core.webui.keyword.builtin.VerifyTextPresentKeyword.verifyTextPresent(VerifyTextPresentKeyword.groovy:83)
	at com.kms.katalon.core.webui.keyword.builtin.VerifyTextPresentKeyword.execute(VerifyTextPresentKeyword.groovy:68)
	at com.kms.katalon.core.keyword.internal.KeywordExecutor.executeKeywordForPlatform(KeywordExecutor.groovy:74)
	at com.kms.katalon.core.webui.keyword.WebUiBuiltInKeywords.verifyTextPresent(WebUiBuiltInKeywords.groovy:1762)
	at PSSICloseDeleteBox.verifyStillOnPage(PSSICloseDeleteBox:56)
	at PSSICloseDeleteBox.run(PSSICloseDeleteBox:45)
	at com.kms.katalon.core.main.ScriptEngine.run(ScriptEngine.java:194)
	at com.kms.katalon.core.main.ScriptEngine.runScriptAsRawText(ScriptEngine.java:119)
	at com.kms.katalon.core.main.TestCaseExecutor.runScript(TestCaseExecutor.java:448)
	at com.kms.katalon.core.main.TestCaseExecutor.doExecute(TestCaseExecutor.java:439)
	at com.kms.katalon.core.main.TestCaseExecutor.processExecutionPhase(TestCaseExecutor.java:418)
	at com.kms.katalon.core.main.TestCaseExecutor.accessMainPhase(TestCaseExecutor.java:410)
	at com.kms.katalon.core.main.TestCaseExecutor.execute(TestCaseExecutor.java:285)
	at com.kms.katalon.core.main.TestCaseExecutor.execute(TestCaseExecutor.java:369)
	at com.kms.katalon.core.main.TestCaseExecutor.execute(TestCaseExecutor.java:369)
	at com.kms.katalon.core.main.TestCaseExecutor.execute(TestCaseExecutor.java:369)
	at com.kms.katalon.core.common.CommonExecutor.accessTestCaseMainPhase(CommonExecutor.java:65)
	at com.kms.katalon.core.main.TestSuiteExecutor.accessTestSuiteMainPhase(TestSuiteExecutor.java:148)
	at com.kms.katalon.core.main.TestSuiteExecutor.execute(TestSuiteExecutor.java:106)
	at com.kms.katalon.core.main.TestCaseMain.startTestSuite(TestCaseMain.java:180)
	at TempTestSuite1705640899346.run(TempTestSuite1705640899346.groovy:36)
	at java.base/jdk.internal.reflect.NativeMethodAccessorImpl.invoke0(Native Method)
	at java.base/jdk.internal.reflect.NativeMethodAccessorImpl.invoke(NativeMethodAccessorImpl.java:77)
	at java.base/jdk.internal.reflect.DelegatingMethodAccessorImpl.invoke(DelegatingMethodAccessorImpl.java:43)
Caused by: com.kms.katalon.core.exception.StepFailedException: Text 'Add New' is not present on page 
	at com.kms.katalon.core.webui.keyword.internal.WebUIKeywordMain.stepFailed(WebUIKeywordMain.groovy:64)
	at com.kms.katalon.core.webui.keyword.builtin.VerifyTextPresentKeyword$_verifyTextPresent_closure1.doCall(VerifyTextPresentKeyword.groovy:79)
	at com.kms.katalon.core.webui.keyword.builtin.VerifyTextPresentKeyword$_verifyTextPresent_closure1.call(VerifyTextPresentKeyword.groovy)
	at com.kms.katalon.core.webui.keyword.internal.WebUIKeywordMain.runKeyword(WebUIKeywordMain.groovy:20)
	... 24 more
)
[[ATTACHMENT|C:\\Users\\USER\\git\\Kecilin-Automation-Test\\Reports\\20240119_120819\\Create BE Account Management\\Delete Account Test Suite\\20240119_120819\\1705641144963.png]]]]></system-out>
         <system-err><![CDATA[19-01-2024T12:11:14 - [TEST_CASE][FAILED] - Test Cases/Offline PSSI Dashboard Function/Create BE Account Management/Delete Account/Negative Test Case/PSSICloseDeleteBox: Test Cases/Offline PSSI Dashboard Function/Create BE Account Management/Delete Account/Negative Test Case/PSSICloseDeleteBox FAILED.
Reason:
com.kms.katalon.core.exception.StepFailedException: Unable to verify text 'Add New' is present 
	at com.kms.katalon.core.webui.keyword.internal.WebUIKeywordMain.stepFailed(WebUIKeywordMain.groovy:64)
	at com.kms.katalon.core.webui.keyword.internal.WebUIKeywordMain.runKeyword(WebUIKeywordMain.groovy:26)
	at com.kms.katalon.core.webui.keyword.builtin.VerifyTextPresentKeyword.verifyTextPresent(VerifyTextPresentKeyword.groovy:83)
	at com.kms.katalon.core.webui.keyword.builtin.VerifyTextPresentKeyword.execute(VerifyTextPresentKeyword.groovy:68)
	at com.kms.katalon.core.keyword.internal.KeywordExecutor.executeKeywordForPlatform(KeywordExecutor.groovy:74)
	at com.kms.katalon.core.webui.keyword.WebUiBuiltInKeywords.verifyTextPresent(WebUiBuiltInKeywords.groovy:1762)
	at PSSICloseDeleteBox.verifyStillOnPage(PSSICloseDeleteBox:56)
	at PSSICloseDeleteBox.run(PSSICloseDeleteBox:45)
	at com.kms.katalon.core.main.ScriptEngine.run(ScriptEngine.java:194)
	at com.kms.katalon.core.main.ScriptEngine.runScriptAsRawText(ScriptEngine.java:119)
	at com.kms.katalon.core.main.TestCaseExecutor.runScript(TestCaseExecutor.java:448)
	at com.kms.katalon.core.main.TestCaseExecutor.doExecute(TestCaseExecutor.java:439)
	at com.kms.katalon.core.main.TestCaseExecutor.processExecutionPhase(TestCaseExecutor.java:418)
	at com.kms.katalon.core.main.TestCaseExecutor.accessMainPhase(TestCaseExecutor.java:410)
	at com.kms.katalon.core.main.TestCaseExecutor.execute(TestCaseExecutor.java:285)
	at com.kms.katalon.core.main.TestCaseExecutor.execute(TestCaseExecutor.java:369)
	at com.kms.katalon.core.main.TestCaseExecutor.execute(TestCaseExecutor.java:369)
	at com.kms.katalon.core.main.TestCaseExecutor.execute(TestCaseExecutor.java:369)
	at com.kms.katalon.core.common.CommonExecutor.accessTestCaseMainPhase(CommonExecutor.java:65)
	at com.kms.katalon.core.main.TestSuiteExecutor.accessTestSuiteMainPhase(TestSuiteExecutor.java:148)
	at com.kms.katalon.core.main.TestSuiteExecutor.execute(TestSuiteExecutor.java:106)
	at com.kms.katalon.core.main.TestCaseMain.startTestSuite(TestCaseMain.java:180)
	at TempTestSuite1705640899346.run(TempTestSuite1705640899346.groovy:36)
	at java.base/jdk.internal.reflect.NativeMethodAccessorImpl.invoke0(Native Method)
	at java.base/jdk.internal.reflect.NativeMethodAccessorImpl.invoke(NativeMethodAccessorImpl.java:77)
	at java.base/jdk.internal.reflect.DelegatingMethodAccessorImpl.invoke(DelegatingMethodAccessorImpl.java:43)
Caused by: com.kms.katalon.core.exception.StepFailedException: Text 'Add New' is not present on page 
	at com.kms.katalon.core.webui.keyword.internal.WebUIKeywordMain.stepFailed(WebUIKeywordMain.groovy:64)
	at com.kms.katalon.core.webui.keyword.builtin.VerifyTextPresentKeyword$_verifyTextPresent_closure1.doCall(VerifyTextPresentKeyword.groovy:79)
	at com.kms.katalon.core.webui.keyword.builtin.VerifyTextPresentKeyword$_verifyTextPresent_closure1.call(VerifyTextPresentKeyword.groovy)
	at com.kms.katalon.core.webui.keyword.internal.WebUIKeywordMain.runKeyword(WebUIKeywordMain.groovy:20)
	... 24 more]]></system-err>
      </testcase>
      <testcase name="Test Cases/Offline PSSI Dashboard Function/Create BE Account Management/Delete Account/Positive Test Case/PSSIDeleteAccount" time="27.445" classname="Test Cases/Offline PSSI Dashboard Function/Create BE Account Management/Delete Account/Positive Test Case/PSSIDeleteAccount" status="PASSED">
         <system-out><![CDATA[19-01-2024T12:13:20 - [TEST_CASE][PASSED] - Test Cases/Offline PSSI Dashboard Function/Create BE Account Management/Delete Account/Positive Test Case/PSSIDeleteAccount: Test Cases/Offline PSSI Dashboard Function/Create BE Account Management/Delete Account/Positive Test Case/PSSIDeleteAccount

19-01-2024T12:13:20 - [TEST_STEP][PASSED] - failureHandling = STOP_ON_FAILURE: null

19-01-2024T12:13:20 - [TEST_STEP][PASSED] - baseUrl = offline_pssi_dashboard_url: null

19-01-2024T12:13:20 - [TEST_STEP][PASSED] - callTestCase(findTestCase("Offline PSSI Dashboard Function/Create BE Account Management/View Account Management/PSSIViewAccountManagement"), [:], failureHandling): Call Test Case 'Test Cases/Offline PSSI Dashboard Function/Create BE Account Management/View Account Management/PSSIViewAccountManagement' successfully

19-01-2024T12:13:20 - [TEST_CASE][PASSED] - Test Cases/Offline PSSI Dashboard Function/Create BE Account Management/View Account Management/PSSIViewAccountManagement: Test Cases/Offline PSSI Dashboard Function/Create BE Account Management/View Account Management/PSSIViewAccountManagement

19-01-2024T12:13:20 - [TEST_STEP][PASSED] - failureHandling = STOP_ON_FAILURE: null

19-01-2024T12:13:20 - [TEST_STEP][PASSED] - baseUrl = offline_pssi_dashboard_url: null

19-01-2024T12:13:20 - [TEST_STEP][PASSED] - callTestCase(findTestCase("Offline PSSI Dashboard Function/Sign In/PSSISignInValidData"), [:], failureHandling): Call Test Case 'Test Cases/Offline PSSI Dashboard Function/Sign In/PSSISignInValidData' successfully

19-01-2024T12:13:20 - [TEST_CASE][PASSED] - Test Cases/Offline PSSI Dashboard Function/Sign In/PSSISignInValidData: Test Cases/Offline PSSI Dashboard Function/Sign In/PSSISignInValidData

19-01-2024T12:13:20 - [TEST_STEP][PASSED] - failureHandling = STOP_ON_FAILURE: null

19-01-2024T12:13:20 - [TEST_STEP][PASSED] - baseUrl = offline_pssi_dashboard_url: null

19-01-2024T12:13:20 - [TEST_STEP][PASSED] - openBrowser(""): Browser is opened with url: ''

19-01-2024T12:13:20 - [MESSAGE][WARNING] - A browser is already opened. Closing browser and opening a new one

19-01-2024T12:13:21 - [MESSAGE][INFO] - Starting 'Chrome' driver

19-01-2024T12:13:21 - [MESSAGE][INFO] - User set preference: ['unhandledPromptBehaviour', 'ignore']

19-01-2024T12:13:21 - [MESSAGE][INFO] - User set preference: ['unexpectedAlertBehaviour', 'ignore']

19-01-2024T12:13:21 - [MESSAGE][INFO] - Action delay is set to 0 milliseconds

19-01-2024T12:13:22 - [MESSAGE][PASSED] - Browser is opened with url: ''

19-01-2024T12:13:22 - [TEST_STEP][PASSED] - navigateToUrl(baseUrl): Navigate to 'https://monitoring.pssi-dev.kecilin.id' successfully

19-01-2024T12:13:24 - [MESSAGE][PASSED] - Navigate to 'https://monitoring.pssi-dev.kecilin.id' successfully

19-01-2024T12:13:24 - [TEST_STEP][PASSED] - maximizeWindow(): Current window maximized

19-01-2024T12:13:24 - [MESSAGE][PASSED] - Current window maximized

19-01-2024T12:13:24 - [TEST_STEP][PASSED] - setText(findTestObject("Object Repository/Page_Login/input_email"), "superadmin@app.com"): Text 'superadmin@app.com' is set on object 'Object Repository/Page_Login/input_email'

19-01-2024T12:13:25 - [MESSAGE][PASSED] - Text 'superadmin@app.com' is set on object 'Object Repository/Page_Login/input_email'

19-01-2024T12:13:25 - [TEST_STEP][PASSED] - setEncryptedText(findTestObject("Object Repository/Page_Login/input_password"), "8SQVv/p9jVScEs4/2CZsLw=="): Text ****** has been set on object 'Object Repository/Page_Login/input_password'

19-01-2024T12:13:26 - [MESSAGE][PASSED] - Text ****** has been set on object 'Object Repository/Page_Login/input_password'

19-01-2024T12:13:26 - [TEST_STEP][PASSED] - click(findTestObject("Object Repository/Page_Login/button_Sign In")): Object: 'Object Repository/Page_Login/button_Sign In' is clicked on

19-01-2024T12:13:28 - [MESSAGE][PASSED] - Object: 'Object Repository/Page_Login/button_Sign In' is clicked on

19-01-2024T12:13:28 - [MESSAGE][PASSED] - Call Test Case 'Test Cases/Offline PSSI Dashboard Function/Sign In/PSSISignInValidData' successfully

19-01-2024T12:13:28 - [TEST_STEP][PASSED] - scrollToElement(findTestObject("Page_Dashboard/Account Management Sidebar"), 0): Scroll to object 'Object Repository/Page_Dashboard/Account Management Sidebar' successfully

19-01-2024T12:13:28 - [MESSAGE][WARNING] - Timeout '0' is invalid. Using default page load timeout: '1'

19-01-2024T12:13:30 - [MESSAGE][INFO] - Unable to find the element located by 'By.xpath: id("sidenav-collapse-main")/ul[@class="navbar-nav"]/li[@class="nav-item"]/a[@class="nav-link"][count(. | //a[@class = 'nav-link  ' and @href = '/accounts' and (text() = '
            
              
                
              
            
            Account Management
          ' or . = '
            
              
                
              
            
            Account Management
          ')]) = count(//a[@class = 'nav-link  ' and @href = '/accounts' and (text() = '
            
              
                
              
            
            Account Management
          ' or . = '
            
              
                
              
            
            Account Management
          ')])]'. Please recheck the objects properties to make sure the desired element is located. 

19-01-2024T12:13:30 - [MESSAGE][WARNING] - [SELF-HEALING] Failed to find element with id 'Object Repository/Page_Dashboard/Account Management Sidebar'. Try using Self-healing.

19-01-2024T12:13:31 - [MESSAGE][WARNING] - [SELF-HEALING] The current locator of test object 'Object Repository/Page_Dashboard/Account Management Sidebar' was broken. Propose an alternative one: '//div[@id='sidenav-collapse-main']/ul/li[12]/a'.

19-01-2024T12:13:31 - [MESSAGE][PASSED] - Scroll to object 'Object Repository/Page_Dashboard/Account Management Sidebar' successfully

19-01-2024T12:13:31 - [TEST_STEP][PASSED] - navigateToUrl(baseUrl + "/accounts", failureHandling): Navigate to 'https://monitoring.pssi-dev.kecilin.id/accounts' successfully

19-01-2024T12:13:41 - [MESSAGE][PASSED] - Navigate to 'https://monitoring.pssi-dev.kecilin.id/accounts' successfully

19-01-2024T12:13:41 - [MESSAGE][INFO] - 

19-01-2024T12:13:41 - [MESSAGE][INFO] - ===================== Self-healing Report ====================

19-01-2024T12:13:41 - [MESSAGE][INFO] - One of the failed test object locators has been recovered by Self-healing. Please refer to the Self-healing Insights tab for more details.

19-01-2024T12:13:41 - [MESSAGE][INFO] - To learn more about Self-healing, please read https://docs.katalon.com/katalon-studio/docs/self-healing.html

19-01-2024T12:13:41 - [MESSAGE][INFO] - ==============================================================

19-01-2024T12:13:41 - [MESSAGE][PASSED] - Call Test Case 'Test Cases/Offline PSSI Dashboard Function/Create BE Account Management/View Account Management/PSSIViewAccountManagement' successfully

19-01-2024T12:13:41 - [TEST_STEP][PASSED] - click(findTestObject("Page_Account Management/button delete viewer8")): Object: 'Object Repository/Page_Account Management/button delete viewer8' is clicked on

19-01-2024T12:13:42 - [MESSAGE][PASSED] - Object: 'Object Repository/Page_Account Management/button delete viewer8' is clicked on

19-01-2024T12:13:42 - [TEST_STEP][PASSED] - verifyElementClickable(findTestObject("Page_Account Management/Delete Button pop up")): Object 'Object Repository/Page_Account Management/Delete Button pop up' is clickable

19-01-2024T12:13:43 - [MESSAGE][PASSED] - Object 'Object Repository/Page_Account Management/Delete Button pop up' is clickable

19-01-2024T12:13:43 - [TEST_STEP][PASSED] - click(findTestObject("Page_Account Management/Delete Button pop up")): Object: 'Object Repository/Page_Account Management/Delete Button pop up' is clicked on

19-01-2024T12:13:44 - [MESSAGE][PASSED] - Object: 'Object Repository/Page_Account Management/Delete Button pop up' is clicked on

19-01-2024T12:13:44 - [TEST_STEP][PASSED] - verifyTextPresent("Add New", false): Text 'Add New' is present on page 

19-01-2024T12:13:45 - [MESSAGE][PASSED] - Text 'Add New' is present on page 

19-01-2024T12:13:45 - [TEST_STEP][PASSED] - verifyTextPresent("Status", false): Text 'Status' is present on page 

19-01-2024T12:13:46 - [MESSAGE][PASSED] - Text 'Status' is present on page 

19-01-2024T12:13:46 - [TEST_STEP][PASSED] - verifyTextPresent("Action", false): Text 'Action' is present on page 

19-01-2024T12:13:46 - [MESSAGE][PASSED] - Text 'Action' is present on page 

19-01-2024T12:13:46 - [TEST_STEP][PASSED] - verifyTextPresent("entries", false): Text 'entries' is present on page 

19-01-2024T12:13:47 - [MESSAGE][PASSED] - Text 'entries' is present on page 

19-01-2024T12:13:47 - [TEST_STEP][PASSED] - verifyTextNotPresent("viewer8", false): Text 'viewer8' is not present on page

19-01-2024T12:13:47 - [MESSAGE][PASSED] - Text 'viewer8' is not present on page

19-01-2024T12:13:47 - [TEST_STEP][PASSED] - closeBrowser(): Browser is closed

19-01-2024T12:13:48 - [MESSAGE][PASSED] - Browser is closed]]></system-out>
         <system-err><![CDATA[]]></system-err>
      </testcase>
      <system-out><![CDATA[19-01-2024T12:08:29 - [TEST_SUITE][FAILED] - Delete Account Test Suite: Test Cases/Offline PSSI Dashboard Function/Create BE Account Management/Delete Account/Negative Test Case/PSSICloseDeleteBox FAILED.
Reason:
com.kms.katalon.core.exception.StepFailedException: Unable to verify text 'Add New' is present 
	at com.kms.katalon.core.webui.keyword.internal.WebUIKeywordMain.stepFailed(WebUIKeywordMain.groovy:64)
	at com.kms.katalon.core.webui.keyword.internal.WebUIKeywordMain.runKeyword(WebUIKeywordMain.groovy:26)
	at com.kms.katalon.core.webui.keyword.builtin.VerifyTextPresentKeyword.verifyTextPresent(VerifyTextPresentKeyword.groovy:83)
	at com.kms.katalon.core.webui.keyword.builtin.VerifyTextPresentKeyword.execute(VerifyTextPresentKeyword.groovy:68)
	at com.kms.katalon.core.keyword.internal.KeywordExecutor.executeKeywordForPlatform(KeywordExecutor.groovy:74)
	at com.kms.katalon.core.webui.keyword.WebUiBuiltInKeywords.verifyTextPresent(WebUiBuiltInKeywords.groovy:1762)
	at PSSICloseDeleteBox.verifyStillOnPage(PSSICloseDeleteBox:56)
	at PSSICloseDeleteBox.run(PSSICloseDeleteBox:45)
	at com.kms.katalon.core.main.ScriptEngine.run(ScriptEngine.java:194)
	at com.kms.katalon.core.main.ScriptEngine.runScriptAsRawText(ScriptEngine.java:119)
	at com.kms.katalon.core.main.TestCaseExecutor.runScript(TestCaseExecutor.java:448)
	at com.kms.katalon.core.main.TestCaseExecutor.doExecute(TestCaseExecutor.java:439)
	at com.kms.katalon.core.main.TestCaseExecutor.processExecutionPhase(TestCaseExecutor.java:418)
	at com.kms.katalon.core.main.TestCaseExecutor.accessMainPhase(TestCaseExecutor.java:410)
	at com.kms.katalon.core.main.TestCaseExecutor.execute(TestCaseExecutor.java:285)
	at com.kms.katalon.core.common.CommonExecutor.accessTestCaseMainPhase(CommonExecutor.java:65)
	at com.kms.katalon.core.main.TestSuiteExecutor.accessTestSuiteMainPhase(TestSuiteExecutor.java:148)
	at com.kms.katalon.core.main.TestSuiteExecutor.execute(TestSuiteExecutor.java:106)
	at com.kms.katalon.core.main.TestCaseMain.startTestSuite(TestCaseMain.java:180)
	at TempTestSuite1705640899346.run(TempTestSuite1705640899346.groovy:36)
	at java.base/jdk.internal.reflect.NativeMethodAccessorImpl.invoke0(Native Method)
	at java.base/jdk.internal.reflect.NativeMethodAccessorImpl.invoke(NativeMethodAccessorImpl.java:77)
	at java.base/jdk.internal.reflect.DelegatingMethodAccessorImpl.invoke(DelegatingMethodAccessorImpl.java:43)
Caused by: com.kms.katalon.core.exception.StepFailedException: Text 'Add New' is not present on page 
	at com.kms.katalon.core.webui.keyword.internal.WebUIKeywordMain.stepFailed(WebUIKeywordMain.groovy:64)
	at com.kms.katalon.core.webui.keyword.builtin.VerifyTextPresentKeyword$_verifyTextPresent_closure1.doCall(VerifyTextPresentKeyword.groovy:79)
	at com.kms.katalon.core.webui.keyword.builtin.VerifyTextPresentKeyword$_verifyTextPresent_closure1.call(VerifyTextPresentKeyword.groovy)
	at com.kms.katalon.core.webui.keyword.internal.WebUIKeywordMain.runKeyword(WebUIKeywordMain.groovy:20)
	... 21 more]]></system-out>
      <system-err><![CDATA[19-01-2024T12:08:29 - [TEST_SUITE][FAILED] - Delete Account Test Suite: Test Cases/Offline PSSI Dashboard Function/Create BE Account Management/Delete Account/Negative Test Case/PSSICloseDeleteBox FAILED.
Reason:
com.kms.katalon.core.exception.StepFailedException: Unable to verify text 'Add New' is present 
	at com.kms.katalon.core.webui.keyword.internal.WebUIKeywordMain.stepFailed(WebUIKeywordMain.groovy:64)
	at com.kms.katalon.core.webui.keyword.internal.WebUIKeywordMain.runKeyword(WebUIKeywordMain.groovy:26)
	at com.kms.katalon.core.webui.keyword.builtin.VerifyTextPresentKeyword.verifyTextPresent(VerifyTextPresentKeyword.groovy:83)
	at com.kms.katalon.core.webui.keyword.builtin.VerifyTextPresentKeyword.execute(VerifyTextPresentKeyword.groovy:68)
	at com.kms.katalon.core.keyword.internal.KeywordExecutor.executeKeywordForPlatform(KeywordExecutor.groovy:74)
	at com.kms.katalon.core.webui.keyword.WebUiBuiltInKeywords.verifyTextPresent(WebUiBuiltInKeywords.groovy:1762)
	at PSSICloseDeleteBox.verifyStillOnPage(PSSICloseDeleteBox:56)
	at PSSICloseDeleteBox.run(PSSICloseDeleteBox:45)
	at com.kms.katalon.core.main.ScriptEngine.run(ScriptEngine.java:194)
	at com.kms.katalon.core.main.ScriptEngine.runScriptAsRawText(ScriptEngine.java:119)
	at com.kms.katalon.core.main.TestCaseExecutor.runScript(TestCaseExecutor.java:448)
	at com.kms.katalon.core.main.TestCaseExecutor.doExecute(TestCaseExecutor.java:439)
	at com.kms.katalon.core.main.TestCaseExecutor.processExecutionPhase(TestCaseExecutor.java:418)
	at com.kms.katalon.core.main.TestCaseExecutor.accessMainPhase(TestCaseExecutor.java:410)
	at com.kms.katalon.core.main.TestCaseExecutor.execute(TestCaseExecutor.java:285)
	at com.kms.katalon.core.common.CommonExecutor.accessTestCaseMainPhase(CommonExecutor.java:65)
	at com.kms.katalon.core.main.TestSuiteExecutor.accessTestSuiteMainPhase(TestSuiteExecutor.java:148)
	at com.kms.katalon.core.main.TestSuiteExecutor.execute(TestSuiteExecutor.java:106)
	at com.kms.katalon.core.main.TestCaseMain.startTestSuite(TestCaseMain.java:180)
	at TempTestSuite1705640899346.run(TempTestSuite1705640899346.groovy:36)
	at java.base/jdk.internal.reflect.NativeMethodAccessorImpl.invoke0(Native Method)
	at java.base/jdk.internal.reflect.NativeMethodAccessorImpl.invoke(NativeMethodAccessorImpl.java:77)
	at java.base/jdk.internal.reflect.DelegatingMethodAccessorImpl.invoke(DelegatingMethodAccessorImpl.java:43)
Caused by: com.kms.katalon.core.exception.StepFailedException: Text 'Add New' is not present on page 
	at com.kms.katalon.core.webui.keyword.internal.WebUIKeywordMain.stepFailed(WebUIKeywordMain.groovy:64)
	at com.kms.katalon.core.webui.keyword.builtin.VerifyTextPresentKeyword$_verifyTextPresent_closure1.doCall(VerifyTextPresentKeyword.groovy:79)
	at com.kms.katalon.core.webui.keyword.builtin.VerifyTextPresentKeyword$_verifyTextPresent_closure1.call(VerifyTextPresentKeyword.groovy)
	at com.kms.katalon.core.webui.keyword.internal.WebUIKeywordMain.runKeyword(WebUIKeywordMain.groovy:20)
	... 21 more]]></system-err>
   </testsuite>
</testsuites>
